<?xml version="1.0" encoding="UTF-8"?>
<testsuite name="com.paascloud.provider.UacUserServiceTest" time="0.002" tests="3" errors="3" skipped="0" failures="0">
  <properties>
    <property name="java.runtime.name" value="Java(TM) SE Runtime Environment"/>
    <property name="sun.boot.library.path" value="C:\Program Files\Java\jdk1.8.0_66\jre\bin"/>
    <property name="java.vm.version" value="25.66-b18"/>
    <property name="java.vm.vendor" value="Oracle Corporation"/>
    <property name="maven.multiModuleProjectDirectory" value="G:\paascloud-master\paascloud-provider\paascloud-provider-uac"/>
    <property name="java.vendor.url" value="http://java.oracle.com/"/>
    <property name="path.separator" value=";"/>
    <property name="guice.disable.misplaced.annotation.check" value="true"/>
    <property name="java.vm.name" value="Java HotSpot(TM) 64-Bit Server VM"/>
    <property name="file.encoding.pkg" value="sun.io"/>
    <property name="user.script" value=""/>
    <property name="user.country" value="CN"/>
    <property name="sun.java.launcher" value="SUN_STANDARD"/>
    <property name="sun.os.patch.level" value=""/>
    <property name="java.vm.specification.name" value="Java Virtual Machine Specification"/>
    <property name="user.dir" value="G:\paascloud-master\paascloud-provider\paascloud-provider-uac"/>
    <property name="java.runtime.version" value="1.8.0_66-b18"/>
    <property name="java.awt.graphicsenv" value="sun.awt.Win32GraphicsEnvironment"/>
    <property name="java.endorsed.dirs" value="C:\Program Files\Java\jdk1.8.0_66\jre\lib\endorsed"/>
    <property name="os.arch" value="amd64"/>
    <property name="java.io.tmpdir" value="C:\Users\ADMINI~1\AppData\Local\Temp\"/>
    <property name="line.separator" value="&#10;"/>
    <property name="java.vm.specification.vendor" value="Oracle Corporation"/>
    <property name="user.variant" value=""/>
    <property name="os.name" value="Windows 10"/>
    <property name="classworlds.conf" value="G:\SpringCloud\eclipsePro\.metadata\.plugins\org.eclipse.m2e.launching\launches\m2conf6589916014359190596.tmp"/>
    <property name="sun.jnu.encoding" value="GBK"/>
    <property name="java.library.path" value="C:\Program Files\Java\jdk1.8.0_66\bin;C:\WINDOWS\Sun\Java\bin;C:\WINDOWS\system32;C:\WINDOWS;C:/Program Files/Java/jre1.8.0_66/bin/server;C:/Program Files/Java/jre1.8.0_66/bin;C:/Program Files/Java/jre1.8.0_66/lib/amd64;C:\tools\Anaconda2;C:\tools\Anaconda2\Library\mingw-w64\bin;C:\tools\Anaconda2\Library\usr\bin;C:\tools\Anaconda2\Library\bin;C:\tools\Anaconda2\Scripts;C:\ProgramData\Oracle\Java\javapath;C:\Program Files\Java\jdk1.8.0_66\bin;C:\Program Files\Java\jdk1.8.0_66\jre\bin;E:\soft\apache-maven-3.5.2\bin;C:\Program Files\MySQL\MySQL Server 5.7\bin;C:\WINDOWS\system32;C:\WINDOWS;C:\WINDOWS\System32\Wbem;C:\WINDOWS\System32\WindowsPowerShell\v1.0\;C:\Program Files\TortoiseGit\bin;C:\Program Files\Python27;C:\Program Files\Python27\Scripts;E:\Program Files\nodejs\;C:\OpenSSL-Win64\bin;E:\soft\apache-tomcat-8.5.29\lib;E:\soft\apache-tomcat-8.5.29\bin;C:\ProgramData\chocolatey\bin;C:\Program Files\Git\cmd;C:\Program Files\Anaconda2\;C:\Program Files\Anaconda2\Scripts\;C:\ProgramData\Oracle\Java\javapath;C:\Program Files\Java\jdk1.8.0_66\bin;C:\Program Files\Java\jdk1.8.0_66\jre\bin;E:\soft\apache-maven-3.5.2\bin;C:\Program Files\MySQL\MySQL Server 5.7\bin;C:\WINDOWS\system32;C:\WINDOWS;C:\WINDOWS\System32\Wbem;C:\WINDOWS\System32\WindowsPowerShell\v1.0\;C:\Program Files\TortoiseGit\bin;E:\Program Files\nodejs\;C:\OpenSSL-Win64\bin;E:\soft\apache-tomcat-8.5.29\lib;E:\soft\apache-tomcat-8.5.29\bin;C:\Users\Administrator\AppData\Local\Microsoft\WindowsApps;C:\Users\Administrator\AppData\Roaming\npm;C:\Program Files\Anaconda2\;;F:\eclipse;;."/>
    <property name="java.specification.name" value="Java Platform API Specification"/>
    <property name="java.class.version" value="52.0"/>
    <property name="sun.management.compiler" value="HotSpot 64-Bit Tiered Compilers"/>
    <property name="os.version" value="10.0"/>
    <property name="user.home" value="C:\Users\Administrator"/>
    <property name="user.timezone" value="Asia/Shanghai"/>
    <property name="java.awt.printerjob" value="sun.awt.windows.WPrinterJob"/>
    <property name="java.specification.version" value="1.8"/>
    <property name="file.encoding" value="GBK"/>
    <property name="user.name" value="Administrator"/>
    <property name="java.class.path" value="/F:/eclipse/plugins/org.eclipse.m2e.maven.runtime_1.6.2.20150902-0001/jars/plexus-classworlds-2.5.2.jar"/>
    <property name="java.vm.specification.version" value="1.8"/>
    <property name="sun.arch.data.model" value="64"/>
    <property name="java.home" value="C:\Program Files\Java\jdk1.8.0_66\jre"/>
    <property name="sun.java.command" value="org.codehaus.plexus.classworlds.launcher.Launcher -B install"/>
    <property name="java.specification.vendor" value="Oracle Corporation"/>
    <property name="user.language" value="zh"/>
    <property name="awt.toolkit" value="sun.awt.windows.WToolkit"/>
    <property name="java.vm.info" value="mixed mode"/>
    <property name="java.version" value="1.8.0_66"/>
    <property name="java.ext.dirs" value="C:\Program Files\Java\jdk1.8.0_66\jre\lib\ext;C:\WINDOWS\Sun\Java\lib\ext"/>
    <property name="sun.boot.class.path" value="C:\Program Files\Java\jdk1.8.0_66\jre\lib\resources.jar;C:\Program Files\Java\jdk1.8.0_66\jre\lib\rt.jar;C:\Program Files\Java\jdk1.8.0_66\jre\lib\sunrsasign.jar;C:\Program Files\Java\jdk1.8.0_66\jre\lib\jsse.jar;C:\Program Files\Java\jdk1.8.0_66\jre\lib\jce.jar;C:\Program Files\Java\jdk1.8.0_66\jre\lib\charsets.jar;C:\Program Files\Java\jdk1.8.0_66\jre\lib\jfr.jar;C:\Program Files\Java\jdk1.8.0_66\jre\classes"/>
    <property name="java.vendor" value="Oracle Corporation"/>
    <property name="maven.home" value="G:\paascloud-master\paascloud-provider\paascloud-provider-uac\EMBEDDED"/>
    <property name="file.separator" value="\"/>
    <property name="java.vendor.url.bug" value="http://bugreport.sun.com/bugreport/"/>
    <property name="sun.cpu.endian" value="little"/>
    <property name="sun.io.unicode.encoding" value="UnicodeLittle"/>
    <property name="sun.desktop" value="windows"/>
    <property name="sun.cpu.isalist" value="amd64"/>
  </properties>
  <testcase name="queryUserListWithPageTest" classname="com.paascloud.provider.UacUserServiceTest" time="0">
    <error message="Failed to load ApplicationContext" type="java.lang.IllegalStateException">java.lang.IllegalStateException: Failed to load ApplicationContext
	at org.springframework.test.context.cache.DefaultCacheAwareContextLoaderDelegate.loadContext(DefaultCacheAwareContextLoaderDelegate.java:124)
	at org.springframework.test.context.support.DefaultTestContext.getApplicationContext(DefaultTestContext.java:83)
	at org.springframework.test.context.web.ServletTestExecutionListener.setUpRequestContextIfNecessary(ServletTestExecutionListener.java:189)
	at org.springframework.test.context.web.ServletTestExecutionListener.prepareTestInstance(ServletTestExecutionListener.java:131)
	at org.springframework.test.context.TestContextManager.prepareTestInstance(TestContextManager.java:230)
	at org.springframework.test.context.junit4.SpringJUnit4ClassRunner.createTest(SpringJUnit4ClassRunner.java:228)
	at org.springframework.test.context.junit4.SpringJUnit4ClassRunner$1.runReflectiveCall(SpringJUnit4ClassRunner.java:287)
	at org.junit.internal.runners.model.ReflectiveCallable.run(ReflectiveCallable.java:12)
	at org.springframework.test.context.junit4.SpringJUnit4ClassRunner.methodBlock(SpringJUnit4ClassRunner.java:289)
	at org.springframework.test.context.junit4.SpringJUnit4ClassRunner.runChild(SpringJUnit4ClassRunner.java:247)
	at org.springframework.test.context.junit4.SpringJUnit4ClassRunner.runChild(SpringJUnit4ClassRunner.java:94)
	at org.junit.runners.ParentRunner$3.run(ParentRunner.java:290)
	at org.junit.runners.ParentRunner$1.schedule(ParentRunner.java:71)
	at org.junit.runners.ParentRunner.runChildren(ParentRunner.java:288)
	at org.junit.runners.ParentRunner.access$000(ParentRunner.java:58)
	at org.junit.runners.ParentRunner$2.evaluate(ParentRunner.java:268)
	at org.springframework.test.context.junit4.statements.RunBeforeTestClassCallbacks.evaluate(RunBeforeTestClassCallbacks.java:61)
	at org.springframework.test.context.junit4.statements.RunAfterTestClassCallbacks.evaluate(RunAfterTestClassCallbacks.java:70)
	at org.junit.runners.ParentRunner.run(ParentRunner.java:363)
	at org.springframework.test.context.junit4.SpringJUnit4ClassRunner.run(SpringJUnit4ClassRunner.java:191)
	at org.apache.maven.surefire.junit4.JUnit4Provider.execute(JUnit4Provider.java:283)
	at org.apache.maven.surefire.junit4.JUnit4Provider.executeWithRerun(JUnit4Provider.java:173)
	at org.apache.maven.surefire.junit4.JUnit4Provider.executeTestSet(JUnit4Provider.java:153)
	at org.apache.maven.surefire.junit4.JUnit4Provider.invoke(JUnit4Provider.java:128)
	at org.apache.maven.surefire.booter.ForkedBooter.invokeProviderInSameClassLoader(ForkedBooter.java:203)
	at org.apache.maven.surefire.booter.ForkedBooter.runSuitesInProcess(ForkedBooter.java:155)
	at org.apache.maven.surefire.booter.ForkedBooter.main(ForkedBooter.java:103)
Caused by: java.lang.IllegalStateException: Failed to execute CommandLineRunner
	at org.springframework.boot.SpringApplication.callRunner(SpringApplication.java:735)
	at org.springframework.boot.SpringApplication.callRunners(SpringApplication.java:716)
	at org.springframework.boot.SpringApplication.afterRefresh(SpringApplication.java:703)
	at org.springframework.boot.SpringApplication.run(SpringApplication.java:304)
	at org.springframework.boot.test.context.SpringBootContextLoader.loadContext(SpringBootContextLoader.java:121)
	at org.springframework.test.context.cache.DefaultCacheAwareContextLoaderDelegate.loadContextInternal(DefaultCacheAwareContextLoaderDelegate.java:98)
	at org.springframework.test.context.cache.DefaultCacheAwareContextLoaderDelegate.loadContext(DefaultCacheAwareContextLoaderDelegate.java:116)
	at org.springframework.test.context.support.DefaultTestContext.getApplicationContext(DefaultTestContext.java:83)
	at org.springframework.test.context.web.ServletTestExecutionListener.setUpRequestContextIfNecessary(ServletTestExecutionListener.java:189)
	at org.springframework.test.context.web.ServletTestExecutionListener.prepareTestInstance(ServletTestExecutionListener.java:131)
	at org.springframework.test.context.TestContextManager.prepareTestInstance(TestContextManager.java:230)
	at org.springframework.test.context.junit4.SpringJUnit4ClassRunner.createTest(SpringJUnit4ClassRunner.java:228)
	at org.springframework.test.context.junit4.SpringJUnit4ClassRunner$1.runReflectiveCall(SpringJUnit4ClassRunner.java:287)
	at org.junit.internal.runners.model.ReflectiveCallable.run(ReflectiveCallable.java:12)
	at org.springframework.test.context.junit4.SpringJUnit4ClassRunner.methodBlock(SpringJUnit4ClassRunner.java:289)
	at org.springframework.test.context.junit4.SpringJUnit4ClassRunner.runChild(SpringJUnit4ClassRunner.java:247)
	at org.springframework.test.context.junit4.SpringJUnit4ClassRunner.runChild(SpringJUnit4ClassRunner.java:94)
	at org.junit.runners.ParentRunner$3.run(ParentRunner.java:290)
	at org.junit.runners.ParentRunner$1.schedule(ParentRunner.java:71)
	at org.junit.runners.ParentRunner.runChildren(ParentRunner.java:288)
	at org.junit.runners.ParentRunner.access$000(ParentRunner.java:58)
	at org.junit.runners.ParentRunner$2.evaluate(ParentRunner.java:268)
	at org.springframework.test.context.junit4.statements.RunBeforeTestClassCallbacks.evaluate(RunBeforeTestClassCallbacks.java:61)
	at org.springframework.test.context.junit4.statements.RunAfterTestClassCallbacks.evaluate(RunAfterTestClassCallbacks.java:70)
	at org.junit.runners.ParentRunner.run(ParentRunner.java:363)
	at org.springframework.test.context.junit4.SpringJUnit4ClassRunner.run(SpringJUnit4ClassRunner.java:191)
	at org.apache.maven.surefire.junit4.JUnit4Provider.execute(JUnit4Provider.java:283)
	at org.apache.maven.surefire.junit4.JUnit4Provider.executeWithRerun(JUnit4Provider.java:173)
	at org.apache.maven.surefire.junit4.JUnit4Provider.executeTestSet(JUnit4Provider.java:153)
	at org.apache.maven.surefire.junit4.JUnit4Provider.invoke(JUnit4Provider.java:128)
	at org.apache.maven.surefire.booter.ForkedBooter.invokeProviderInSameClassLoader(ForkedBooter.java:203)
	at org.apache.maven.surefire.booter.ForkedBooter.runSuitesInProcess(ForkedBooter.java:155)
	at org.apache.maven.surefire.booter.ForkedBooter.main(ForkedBooter.java:103)
Caused by: com.paascloud.core.registry.exception.RegException: org.apache.zookeeper.KeeperException$OperationTimeoutException: KeeperErrorCode = OperationTimeout
	at com.paascloud.core.registry.exception.RegExceptionHandler.handleException(RegExceptionHandler.java:35)
	at com.paascloud.core.registry.zookeeper.ZookeeperRegistryCenter.init(ZookeeperRegistryCenter.java:105)
	at com.paascloud.core.registry.RegistryCenterFactory.createCoordinatorRegistryCenter(RegistryCenterFactory.java:44)
	at com.paascloud.core.registry.RegistryCenterFactory.startup(RegistryCenterFactory.java:57)
	at com.paascloud.core.config.ZookeeperInitRunner.run(ZookeeperInitRunner.java:50)
	at org.springframework.boot.SpringApplication.callRunner(SpringApplication.java:732)
	at org.springframework.boot.SpringApplication.callRunners(SpringApplication.java:716)
	at org.springframework.boot.SpringApplication.afterRefresh(SpringApplication.java:703)
	at org.springframework.boot.SpringApplication.run(SpringApplication.java:304)
	at org.springframework.boot.test.context.SpringBootContextLoader.loadContext(SpringBootContextLoader.java:121)
	at org.springframework.test.context.cache.DefaultCacheAwareContextLoaderDelegate.loadContextInternal(DefaultCacheAwareContextLoaderDelegate.java:98)
	at org.springframework.test.context.cache.DefaultCacheAwareContextLoaderDelegate.loadContext(DefaultCacheAwareContextLoaderDelegate.java:116)
	at org.springframework.test.context.support.DefaultTestContext.getApplicationContext(DefaultTestContext.java:83)
	at org.springframework.test.context.web.ServletTestExecutionListener.setUpRequestContextIfNecessary(ServletTestExecutionListener.java:189)
	at org.springframework.test.context.web.ServletTestExecutionListener.prepareTestInstance(ServletTestExecutionListener.java:131)
	at org.springframework.test.context.TestContextManager.prepareTestInstance(TestContextManager.java:230)
	at org.springframework.test.context.junit4.SpringJUnit4ClassRunner.createTest(SpringJUnit4ClassRunner.java:228)
	at org.springframework.test.context.junit4.SpringJUnit4ClassRunner$1.runReflectiveCall(SpringJUnit4ClassRunner.java:287)
	at org.junit.internal.runners.model.ReflectiveCallable.run(ReflectiveCallable.java:12)
	at org.springframework.test.context.junit4.SpringJUnit4ClassRunner.methodBlock(SpringJUnit4ClassRunner.java:289)
	at org.springframework.test.context.junit4.SpringJUnit4ClassRunner.runChild(SpringJUnit4ClassRunner.java:247)
	at org.springframework.test.context.junit4.SpringJUnit4ClassRunner.runChild(SpringJUnit4ClassRunner.java:94)
	at org.junit.runners.ParentRunner$3.run(ParentRunner.java:290)
	at org.junit.runners.ParentRunner$1.schedule(ParentRunner.java:71)
	at org.junit.runners.ParentRunner.runChildren(ParentRunner.java:288)
	at org.junit.runners.ParentRunner.access$000(ParentRunner.java:58)
	at org.junit.runners.ParentRunner$2.evaluate(ParentRunner.java:268)
	at org.springframework.test.context.junit4.statements.RunBeforeTestClassCallbacks.evaluate(RunBeforeTestClassCallbacks.java:61)
	at org.springframework.test.context.junit4.statements.RunAfterTestClassCallbacks.evaluate(RunAfterTestClassCallbacks.java:70)
	at org.junit.runners.ParentRunner.run(ParentRunner.java:363)
	at org.springframework.test.context.junit4.SpringJUnit4ClassRunner.run(SpringJUnit4ClassRunner.java:191)
	at org.apache.maven.surefire.junit4.JUnit4Provider.execute(JUnit4Provider.java:283)
	at org.apache.maven.surefire.junit4.JUnit4Provider.executeWithRerun(JUnit4Provider.java:173)
	at org.apache.maven.surefire.junit4.JUnit4Provider.executeTestSet(JUnit4Provider.java:153)
	at org.apache.maven.surefire.junit4.JUnit4Provider.invoke(JUnit4Provider.java:128)
	at org.apache.maven.surefire.booter.ForkedBooter.invokeProviderInSameClassLoader(ForkedBooter.java:203)
	at org.apache.maven.surefire.booter.ForkedBooter.runSuitesInProcess(ForkedBooter.java:155)
	at org.apache.maven.surefire.booter.ForkedBooter.main(ForkedBooter.java:103)
Caused by: org.apache.zookeeper.KeeperException$OperationTimeoutException: KeeperErrorCode = OperationTimeout
	at com.paascloud.core.registry.zookeeper.ZookeeperRegistryCenter.init(ZookeeperRegistryCenter.java:99)
	at com.paascloud.core.registry.RegistryCenterFactory.createCoordinatorRegistryCenter(RegistryCenterFactory.java:44)
	at com.paascloud.core.registry.RegistryCenterFactory.startup(RegistryCenterFactory.java:57)
	at com.paascloud.core.config.ZookeeperInitRunner.run(ZookeeperInitRunner.java:50)
	at org.springframework.boot.SpringApplication.callRunner(SpringApplication.java:732)
	at org.springframework.boot.SpringApplication.callRunners(SpringApplication.java:716)
	at org.springframework.boot.SpringApplication.afterRefresh(SpringApplication.java:703)
	at org.springframework.boot.SpringApplication.run(SpringApplication.java:304)
	at org.springframework.boot.test.context.SpringBootContextLoader.loadContext(SpringBootContextLoader.java:121)
	at org.springframework.test.context.cache.DefaultCacheAwareContextLoaderDelegate.loadContextInternal(DefaultCacheAwareContextLoaderDelegate.java:98)
	at org.springframework.test.context.cache.DefaultCacheAwareContextLoaderDelegate.loadContext(DefaultCacheAwareContextLoaderDelegate.java:116)
	at org.springframework.test.context.support.DefaultTestContext.getApplicationContext(DefaultTestContext.java:83)
	at org.springframework.test.context.web.ServletTestExecutionListener.setUpRequestContextIfNecessary(ServletTestExecutionListener.java:189)
	at org.springframework.test.context.web.ServletTestExecutionListener.prepareTestInstance(ServletTestExecutionListener.java:131)
	at org.springframework.test.context.TestContextManager.prepareTestInstance(TestContextManager.java:230)
	at org.springframework.test.context.junit4.SpringJUnit4ClassRunner.createTest(SpringJUnit4ClassRunner.java:228)
	at org.springframework.test.context.junit4.SpringJUnit4ClassRunner$1.runReflectiveCall(SpringJUnit4ClassRunner.java:287)
	at org.junit.internal.runners.model.ReflectiveCallable.run(ReflectiveCallable.java:12)
	at org.springframework.test.context.junit4.SpringJUnit4ClassRunner.methodBlock(SpringJUnit4ClassRunner.java:289)
	at org.springframework.test.context.junit4.SpringJUnit4ClassRunner.runChild(SpringJUnit4ClassRunner.java:247)
	at org.springframework.test.context.junit4.SpringJUnit4ClassRunner.runChild(SpringJUnit4ClassRunner.java:94)
	at org.junit.runners.ParentRunner$3.run(ParentRunner.java:290)
	at org.junit.runners.ParentRunner$1.schedule(ParentRunner.java:71)
	at org.junit.runners.ParentRunner.runChildren(ParentRunner.java:288)
	at org.junit.runners.ParentRunner.access$000(ParentRunner.java:58)
	at org.junit.runners.ParentRunner$2.evaluate(ParentRunner.java:268)
	at org.springframework.test.context.junit4.statements.RunBeforeTestClassCallbacks.evaluate(RunBeforeTestClassCallbacks.java:61)
	at org.springframework.test.context.junit4.statements.RunAfterTestClassCallbacks.evaluate(RunAfterTestClassCallbacks.java:70)
	at org.junit.runners.ParentRunner.run(ParentRunner.java:363)
	at org.springframework.test.context.junit4.SpringJUnit4ClassRunner.run(SpringJUnit4ClassRunner.java:191)
	at org.apache.maven.surefire.junit4.JUnit4Provider.execute(JUnit4Provider.java:283)
	at org.apache.maven.surefire.junit4.JUnit4Provider.executeWithRerun(JUnit4Provider.java:173)
	at org.apache.maven.surefire.junit4.JUnit4Provider.executeTestSet(JUnit4Provider.java:153)
	at org.apache.maven.surefire.junit4.JUnit4Provider.invoke(JUnit4Provider.java:128)
	at org.apache.maven.surefire.booter.ForkedBooter.invokeProviderInSameClassLoader(ForkedBooter.java:203)
	at org.apache.maven.surefire.booter.ForkedBooter.runSuitesInProcess(ForkedBooter.java:155)
	at org.apache.maven.surefire.booter.ForkedBooter.main(ForkedBooter.java:103)
</error>
    <system-out><![CDATA[2019-02-27 22:51:31.274  INFO [bootstrap,,,] [paascloud-provider-uac,,,,] 12788 --- [           main] .b.t.c.SpringBootTestContextBootstrapper : Neither @ContextConfiguration nor @ContextHierarchy found for test class [com.paascloud.provider.UacUserServiceTest], using SpringBootContextLoader
2019-02-27 22:51:31.275  INFO [bootstrap,,,] [paascloud-provider-uac,,,,] 12788 --- [           main] o.s.t.c.support.AbstractContextLoader    : Could not detect default resource locations for test class [com.paascloud.provider.UacUserServiceTest]: no resource found for suffixes {-context.xml, Context.groovy}.
2019-02-27 22:51:31.275  INFO [bootstrap,,,] [paascloud-provider-uac,,,,] 12788 --- [           main] t.c.s.AnnotationConfigContextLoaderUtils : Could not detect default configuration classes for test class [com.paascloud.provider.UacUserServiceTest]: UacUserServiceTest does not declare any static, non-private, non-final, nested classes annotated with @Configuration.
2019-02-27 22:51:31.279  INFO [bootstrap,,,] [paascloud-provider-uac,,,,] 12788 --- [           main] .b.t.c.SpringBootTestContextBootstrapper : Found @SpringBootConfiguration com.paascloud.PaasCloudUacApplication for test class com.paascloud.provider.UacUserServiceTest
2019-02-27 22:51:31.283  INFO [bootstrap,,,] [paascloud-provider-uac,,,,] 12788 --- [           main] .b.t.c.SpringBootTestContextBootstrapper : Loaded default TestExecutionListener class names from location [META-INF/spring.factories]: [org.springframework.boot.test.mock.mockito.MockitoTestExecutionListener, org.springframework.boot.test.mock.mockito.ResetMocksTestExecutionListener, org.springframework.boot.test.autoconfigure.restdocs.RestDocsTestExecutionListener, org.springframework.boot.test.autoconfigure.web.client.MockRestServiceServerResetTestExecutionListener, org.springframework.boot.test.autoconfigure.web.servlet.MockMvcPrintOnlyOnFailureTestExecutionListener, org.springframework.boot.test.autoconfigure.web.servlet.WebDriverTestExecutionListener, org.springframework.test.context.web.ServletTestExecutionListener, org.springframework.test.context.support.DirtiesContextBeforeModesTestExecutionListener, org.springframework.test.context.support.DependencyInjectionTestExecutionListener, org.springframework.test.context.support.DirtiesContextTestExecutionListener, org.springframework.test.context.transaction.TransactionalTestExecutionListener, org.springframework.test.context.jdbc.SqlScriptsTestExecutionListener]
2019-02-27 22:51:31.287  INFO [bootstrap,,,] [paascloud-provider-uac,,,,] 12788 --- [           main] .b.t.c.SpringBootTestContextBootstrapper : Using TestExecutionListeners: [org.springframework.test.context.web.ServletTestExecutionListener@770eb86a, org.springframework.test.context.support.DirtiesContextBeforeModesTestExecutionListener@2b2efd5a, org.springframework.boot.test.mock.mockito.MockitoTestExecutionListener@57dc82ea, org.springframework.boot.test.autoconfigure.SpringBootDependencyInjectionTestExecutionListener@2b1b92f9, org.springframework.test.context.support.DirtiesContextTestExecutionListener@2954b218, org.springframework.test.context.transaction.TransactionalTestExecutionListener@75cc4e45, org.springframework.test.context.jdbc.SqlScriptsTestExecutionListener@463449c4, org.springframework.boot.test.mock.mockito.ResetMocksTestExecutionListener@314f87a1, org.springframework.boot.test.autoconfigure.restdocs.RestDocsTestExecutionListener@3d8737e2, org.springframework.boot.test.autoconfigure.web.client.MockRestServiceServerResetTestExecutionListener@2aaee871, org.springframework.boot.test.autoconfigure.web.servlet.MockMvcPrintOnlyOnFailureTestExecutionListener@4eb0ee89, org.springframework.boot.test.autoconfigure.web.servlet.WebDriverTestExecutionListener@38f0a71]
2019-02-27 22:51:33.096  INFO [bootstrap,,,] [bootstrap,,,,] 12788 --- [           main] s.c.a.AnnotationConfigApplicationContext : Refreshing org.springframework.context.annotation.AnnotationConfigApplicationContext@a469f79: startup date [Wed Feb 27 22:51:33 CST 2019]; root of context hierarchy
2019-02-27 22:51:33.142  INFO [bootstrap,,,] [bootstrap,,,,] 12788 --- [           main] f.a.AutowiredAnnotationBeanPostProcessor : JSR-330 'javax.inject.Inject' annotation found and supported for autowiring
2019-02-27 22:51:33.164  INFO [bootstrap,,,] [bootstrap,,,,] 12788 --- [           main] trationDelegate$BeanPostProcessorChecker : Bean 'org.springframework.retry.annotation.RetryConfiguration' of type [org.springframework.retry.annotation.RetryConfiguration$$EnhancerBySpringCGLIB$$f5bbee5f] is not eligible for getting processed by all BeanPostProcessors (for example: not eligible for auto-proxying)
2019-02-27 22:51:33.166  INFO [bootstrap,,,] [bootstrap,,,,] 12788 --- [           main] trationDelegate$BeanPostProcessorChecker : Bean 'configurationPropertiesRebinderAutoConfiguration' of type [org.springframework.cloud.autoconfigure.ConfigurationPropertiesRebinderAutoConfiguration$$EnhancerBySpringCGLIB$$1c125937] is not eligible for getting processed by all BeanPostProcessors (for example: not eligible for auto-proxying)
2019-02-27 22:51:34.526  INFO [bootstrap,,,] [bootstrap,,,,] 12788 --- [           main] o.s.cloud.commons.util.InetUtils         : Cannot determine local hostname
2019-02-27 22:51:34.541  INFO [bootstrap,,,] [bootstrap,,,,] 12788 --- [           main] o.s.c.n.eureka.InstanceInfoFactory       : Setting initial instance status as: STARTING
2019-02-27 22:51:34.558  INFO [bootstrap,,,] [bootstrap,,,,] 12788 --- [           main] com.netflix.discovery.DiscoveryClient    : Initializing Eureka in region us-east-1
2019-02-27 22:51:34.560  INFO [bootstrap,,,] [bootstrap,,,,] 12788 --- [           main] c.n.d.provider.DiscoveryJerseyProvider   : Using JSON encoding codec LegacyJacksonJson
2019-02-27 22:51:34.560  INFO [bootstrap,,,] [bootstrap,,,,] 12788 --- [           main] c.n.d.provider.DiscoveryJerseyProvider   : Using JSON decoding codec LegacyJacksonJson
2019-02-27 22:51:34.560  INFO [bootstrap,,,] [bootstrap,,,,] 12788 --- [           main] c.n.d.provider.DiscoveryJerseyProvider   : Using XML encoding codec XStreamXml
2019-02-27 22:51:34.560  INFO [bootstrap,,,] [bootstrap,,,,] 12788 --- [           main] c.n.d.provider.DiscoveryJerseyProvider   : Using XML decoding codec XStreamXml
2019-02-27 22:51:34.614  INFO [bootstrap,,,] [bootstrap,,,,] 12788 --- [           main] c.n.d.s.r.aws.ConfigClusterResolver      : Resolving eureka endpoints via configuration
2019-02-27 22:51:34.615  INFO [bootstrap,,,] [bootstrap,,,,] 12788 --- [           main] com.netflix.discovery.DiscoveryClient    : Disable delta property : false
2019-02-27 22:51:34.615  INFO [bootstrap,,,] [bootstrap,,,,] 12788 --- [           main] com.netflix.discovery.DiscoveryClient    : Single vip registry refresh property : null
2019-02-27 22:51:34.615  INFO [bootstrap,,,] [bootstrap,,,,] 12788 --- [           main] com.netflix.discovery.DiscoveryClient    : Force full registry fetch : false
2019-02-27 22:51:34.615  INFO [bootstrap,,,] [bootstrap,,,,] 12788 --- [           main] com.netflix.discovery.DiscoveryClient    : Application is null : false
2019-02-27 22:51:34.615  INFO [bootstrap,,,] [bootstrap,,,,] 12788 --- [           main] com.netflix.discovery.DiscoveryClient    : Registered Applications size is zero : true
2019-02-27 22:51:34.615  INFO [bootstrap,,,] [bootstrap,,,,] 12788 --- [           main] com.netflix.discovery.DiscoveryClient    : Application version is -1: true
2019-02-27 22:51:34.615  INFO [bootstrap,,,] [bootstrap,,,,] 12788 --- [           main] com.netflix.discovery.DiscoveryClient    : Getting all instance registry info from the eureka server
2019-02-27 22:51:34.673  INFO [bootstrap,,,] [bootstrap,,,,] 12788 --- [           main] com.netflix.discovery.DiscoveryClient    : The response status is 200
2019-02-27 22:51:34.674  INFO [bootstrap,,,] [bootstrap,,,,] 12788 --- [           main] com.netflix.discovery.DiscoveryClient    : Not registering with Eureka server per configuration
2019-02-27 22:51:34.674  INFO [bootstrap,,,] [bootstrap,,,,] 12788 --- [           main] com.netflix.discovery.DiscoveryClient    : Discovery Client initialized at timestamp 1551279094674 with initial instances count: 1

                                  .__                   .___                  __
___________  _____    ______ ____ |  |   ____  __ __  __| _/     ____   _____/  |_
\____ \__  \ \__  \  /  ___// ___\|  |  /  _ \|  |  \/ __ |     /    \_/ __ \   __\
|  |_> > __ \_/ __ \_\___ \\  \___|  |_(  <_> )  |  / /_/ |    |   |  \  ___/|  |
|   __(____  (____  /____  >\___  >____/\____/|____/\____ | /\ |___|  /\___  >__|
|__|       \/     \/     \/     \/ Powered by liuzhaoming\/ \/      \/     \/
2019-02-27 22:51:36.015  INFO [bootstrap,,,] [paascloud-provider-uac,,,,] 12788 --- [           main] c.c.c.ConfigServicePropertySourceLocator : Fetching config from server at: http://localhost:8080/
2019-02-27 22:51:42.584  INFO [bootstrap,,,] [paascloud-provider-uac,,,,] 12788 --- [           main] c.c.c.ConfigServicePropertySourceLocator : Located environment: name=paascloud-provider-uac, profiles=[dev], label=dev, version=fa6a348e2e1c8d5c2ff460509f7fa4deade889cf, state=null
2019-02-27 22:51:42.584  INFO [bootstrap,,,] [paascloud-provider-uac,,,,] 12788 --- [           main] b.c.PropertySourceBootstrapConfiguration : Located property source: CompositePropertySource [name='configService', propertySources=[MapPropertySource {name='configClient'}, MapPropertySource {name='https://github.com/l00251692/paascloud-config-repo.git/paascloud-provider-uac-dev.yml'}, MapPropertySource {name='https://github.com/l00251692/paascloud-config-repo.git/application-dev.yml'}]]
2019-02-27 22:51:42.605  INFO [bootstrap,,,] [paascloud-provider-uac,,,,] 12788 --- [           main] c.paascloud.provider.UacUserServiceTest  : The following profiles are active: dev
2019-02-27 22:51:42.608  INFO [bootstrap,,,] [paascloud-provider-uac,,,,] 12788 --- [           main] o.s.w.c.s.GenericWebApplicationContext   : Refreshing org.springframework.web.context.support.GenericWebApplicationContext@3b80c4c7: startup date [Wed Feb 27 22:51:42 CST 2019]; parent: org.springframework.context.annotation.AnnotationConfigApplicationContext@a469f79
2019-02-27 22:51:44.032  INFO [bootstrap,,,] [paascloud-provider-uac,,,,] 12788 --- [           main] o.s.b.f.s.DefaultListableBeanFactory     : Overriding bean definition for bean 'smsCodeSender' with a different definition: replacing [Root bean: class [null]; scope=; abstract=false; lazyInit=false; autowireMode=3; dependencyCheck=0; autowireCandidate=true; primary=false; factoryBeanName=validateCodeBeanConfig; factoryMethodName=smsCodeSender; initMethodName=null; destroyMethodName=(inferred); defined in class path resource [com/paascloud/security/core/validate/code/ValidateCodeBeanConfig.class]] with [Root bean: class [null]; scope=; abstract=false; lazyInit=false; autowireMode=3; dependencyCheck=0; autowireCandidate=true; primary=false; factoryBeanName=paasCloudUacApplication; factoryMethodName=smsCodeSender; initMethodName=null; destroyMethodName=(inferred); defined in com.paascloud.PaasCloudUacApplication]
2019-02-27 22:51:44.398  INFO [bootstrap,,,] [paascloud-provider-uac,,,,] 12788 --- [           main] .s.d.r.c.RepositoryConfigurationDelegate : Multiple Spring Data modules found, entering strict repository configuration mode!
2019-02-27 22:51:44.752  INFO [bootstrap,,,] [paascloud-provider-uac,,,,] 12788 --- [           main] o.s.cloud.context.scope.GenericScope     : BeanFactory id=665041e3-b049-3f59-bb02-1c8381782c07
2019-02-27 22:51:44.803  INFO [bootstrap,,,] [paascloud-provider-uac,,,,] 12788 --- [           main] f.a.AutowiredAnnotationBeanPostProcessor : JSR-330 'javax.inject.Inject' annotation found and supported for autowiring
2019-02-27 22:51:44.838  INFO [bootstrap,,,] [paascloud-provider-uac,,,,] 12788 --- [           main] trationDelegate$BeanPostProcessorChecker : Bean 'paascloud-com.paascloud.config.properties.PaascloudProperties' of type [com.paascloud.config.properties.PaascloudProperties] is not eligible for getting processed by all BeanPostProcessors (for example: not eligible for auto-proxying)
2019-02-27 22:51:44.838  INFO [bootstrap,,,] [paascloud-provider-uac,,,,] 12788 --- [           main] trationDelegate$BeanPostProcessorChecker : Bean 'asyncTaskExecutorConfiguration' of type [com.paascloud.core.config.AsyncTaskExecutorConfiguration$$EnhancerBySpringCGLIB$$3ace86a7] is not eligible for getting processed by all BeanPostProcessors (for example: not eligible for auto-proxying)
2019-02-27 22:51:44.840  INFO [bootstrap,,,] [paascloud-provider-uac,,,,] 12788 --- [           main] o.s.s.concurrent.ThreadPoolTaskExecutor  : Initializing ExecutorService 
2019-02-27 22:51:44.841  INFO [bootstrap,,,] [paascloud-provider-uac,,,,] 12788 --- [           main] trationDelegate$BeanPostProcessorChecker : Bean 'taskExecutor' of type [com.paascloud.core.config.ExceptionHandlingAsyncTaskExecutor] is not eligible for getting processed by all BeanPostProcessors (for example: not eligible for auto-proxying)
2019-02-27 22:51:44.866  INFO [bootstrap,,,] [paascloud-provider-uac,,,,] 12788 --- [           main] trationDelegate$BeanPostProcessorChecker : Bean 'org.springframework.amqp.rabbit.annotation.RabbitBootstrapConfiguration' of type [org.springframework.amqp.rabbit.annotation.RabbitBootstrapConfiguration$$EnhancerBySpringCGLIB$$c6641468] is not eligible for getting processed by all BeanPostProcessors (for example: not eligible for auto-proxying)
2019-02-27 22:51:44.899  INFO [bootstrap,,,] [paascloud-provider-uac,,,,] 12788 --- [           main] trationDelegate$BeanPostProcessorChecker : Bean 'org.springframework.cloud.sleuth.annotation.SleuthAnnotationAutoConfiguration' of type [org.springframework.cloud.sleuth.annotation.SleuthAnnotationAutoConfiguration$$EnhancerBySpringCGLIB$$25d9c6c] is not eligible for getting processed by all BeanPostProcessors (for example: not eligible for auto-proxying)
2019-02-27 22:51:44.931  INFO [bootstrap,,,] [paascloud-provider-uac,,,,] 12788 --- [           main] trationDelegate$BeanPostProcessorChecker : Bean 'sleuthAdvisorConfig' of type [org.springframework.cloud.sleuth.annotation.SleuthAdvisorConfig] is not eligible for getting processed by all BeanPostProcessors (for example: not eligible for auto-proxying)
2019-02-27 22:51:44.938  INFO [bootstrap,,,] [paascloud-provider-uac,,,,] 12788 --- [           main] trationDelegate$BeanPostProcessorChecker : Bean 'org.springframework.transaction.annotation.ProxyTransactionManagementConfiguration' of type [org.springframework.transaction.annotation.ProxyTransactionManagementConfiguration$$EnhancerBySpringCGLIB$$fff8563a] is not eligible for getting processed by all BeanPostProcessors (for example: not eligible for auto-proxying)
2019-02-27 22:51:44.967  INFO [bootstrap,,,] [paascloud-provider-uac,,,,] 12788 --- [           main] trationDelegate$BeanPostProcessorChecker : Bean 'org.springframework.cache.annotation.ProxyCachingConfiguration' of type [org.springframework.cache.annotation.ProxyCachingConfiguration$$EnhancerBySpringCGLIB$$490a8c58] is not eligible for getting processed by all BeanPostProcessors (for example: not eligible for auto-proxying)
2019-02-27 22:51:45.022  INFO [bootstrap,,,] [paascloud-provider-uac,,,,] 12788 --- [           main] trationDelegate$BeanPostProcessorChecker : Bean 'security.oauth2.client-org.springframework.boot.autoconfigure.security.oauth2.OAuth2ClientProperties' of type [org.springframework.boot.autoconfigure.security.oauth2.OAuth2ClientProperties] is not eligible for getting processed by all BeanPostProcessors (for example: not eligible for auto-proxying)
2019-02-27 22:51:45.026  INFO [bootstrap,,,] [paascloud-provider-uac,,,,] 12788 --- [           main] trationDelegate$BeanPostProcessorChecker : Bean 'org.springframework.boot.autoconfigure.security.oauth2.OAuth2AutoConfiguration' of type [org.springframework.boot.autoconfigure.security.oauth2.OAuth2AutoConfiguration$$EnhancerBySpringCGLIB$$b742123a] is not eligible for getting processed by all BeanPostProcessors (for example: not eligible for auto-proxying)
2019-02-27 22:51:45.051  INFO [bootstrap,,,] [paascloud-provider-uac,,,,] 12788 --- [           main] trationDelegate$BeanPostProcessorChecker : Bean 'resourceServerProperties' of type [org.springframework.boot.autoconfigure.security.oauth2.resource.ResourceServerProperties] is not eligible for getting processed by all BeanPostProcessors (for example: not eligible for auto-proxying)
2019-02-27 22:51:45.059  INFO [bootstrap,,,] [paascloud-provider-uac,,,,] 12788 --- [           main] trationDelegate$BeanPostProcessorChecker : Bean 'org.springframework.cloud.netflix.metrics.MetricsInterceptorConfiguration$MetricsRestTemplateConfiguration' of type [org.springframework.cloud.netflix.metrics.MetricsInterceptorConfiguration$MetricsRestTemplateConfiguration$$EnhancerBySpringCGLIB$$3224fc7b] is not eligible for getting processed by all BeanPostProcessors (for example: not eligible for auto-proxying)
2019-02-27 22:51:45.079  INFO [bootstrap,,,] [paascloud-provider-uac,,,,] 12788 --- [           main] trationDelegate$BeanPostProcessorChecker : Bean 'org.springframework.cloud.autoconfigure.ConfigurationPropertiesRebinderAutoConfiguration' of type [org.springframework.cloud.autoconfigure.ConfigurationPropertiesRebinderAutoConfiguration$$EnhancerBySpringCGLIB$$1c125937] is not eligible for getting processed by all BeanPostProcessors (for example: not eligible for auto-proxying)
2019-02-27 22:51:45.093  INFO [bootstrap,,,] [paascloud-provider-uac,,,,] 12788 --- [           main] trationDelegate$BeanPostProcessorChecker : Bean 'org.springframework.cloud.sleuth.instrument.web.client.feign.TraceFeignClientAutoConfiguration$FeignBeanPostProcessorConfiguration' of type [org.springframework.cloud.sleuth.instrument.web.client.feign.TraceFeignClientAutoConfiguration$FeignBeanPostProcessorConfiguration$$EnhancerBySpringCGLIB$$3f8a2f00] is not eligible for getting processed by all BeanPostProcessors (for example: not eligible for auto-proxying)
2019-02-27 22:51:45.123  INFO [bootstrap,,,] [paascloud-provider-uac,,,,] 12788 --- [           main] trationDelegate$BeanPostProcessorChecker : Bean 'org.springframework.cloud.sleuth.instrument.async.AsyncDefaultAutoConfiguration' of type [org.springframework.cloud.sleuth.instrument.async.AsyncDefaultAutoConfiguration$$EnhancerBySpringCGLIB$$e7dc0259] is not eligible for getting processed by all BeanPostProcessors (for example: not eligible for auto-proxying)
2019-02-27 22:51:45.138  INFO [bootstrap,,,] [paascloud-provider-uac,,,,] 12788 --- [           main] trationDelegate$BeanPostProcessorChecker : Bean 'org.springframework.cloud.sleuth.instrument.web.client.TraceWebClientAutoConfiguration$TraceOAuthConfiguration' of type [org.springframework.cloud.sleuth.instrument.web.client.TraceWebClientAutoConfiguration$TraceOAuthConfiguration$$EnhancerBySpringCGLIB$$44f4e899] is not eligible for getting processed by all BeanPostProcessors (for example: not eligible for auto-proxying)
2019-02-27 22:51:45.150  INFO [bootstrap,,,] [paascloud-provider-uac,,,,] 12788 --- [           main] trationDelegate$BeanPostProcessorChecker : Bean 'org.springframework.cloud.sleuth.instrument.web.client.TraceWebClientAutoConfiguration' of type [org.springframework.cloud.sleuth.instrument.web.client.TraceWebClientAutoConfiguration$$EnhancerBySpringCGLIB$$ac8b21b9] is not eligible for getting processed by all BeanPostProcessors (for example: not eligible for auto-proxying)
2019-02-27 22:51:45.165  INFO [bootstrap,,,] [paascloud-provider-uac,,,,] 12788 --- [           main] trationDelegate$BeanPostProcessorChecker : Bean 'spring.sleuth-org.springframework.cloud.sleuth.autoconfig.SleuthProperties' of type [org.springframework.cloud.sleuth.autoconfig.SleuthProperties] is not eligible for getting processed by all BeanPostProcessors (for example: not eligible for auto-proxying)
2019-02-27 22:51:45.167  INFO [bootstrap,,,] [paascloud-provider-uac,,,,] 12788 --- [           main] trationDelegate$BeanPostProcessorChecker : Bean 'org.springframework.cloud.sleuth.autoconfig.TraceAutoConfiguration' of type [org.springframework.cloud.sleuth.autoconfig.TraceAutoConfiguration$$EnhancerBySpringCGLIB$$38f5734d] is not eligible for getting processed by all BeanPostProcessors (for example: not eligible for auto-proxying)
2019-02-27 22:51:45.183  INFO [bootstrap,,,] [paascloud-provider-uac,,,,] 12788 --- [           main] trationDelegate$BeanPostProcessorChecker : Bean 'defaultTraceSampler' of type [org.springframework.cloud.context.scope.GenericScope$LockedScopedProxyFactoryBean] is not eligible for getting processed by all BeanPostProcessors (for example: not eligible for auto-proxying)
2019-02-27 22:51:45.183  INFO [bootstrap,,,] [paascloud-provider-uac,,,,] 12788 --- [           main] trationDelegate$BeanPostProcessorChecker : Bean 'defaultTraceSampler' of type [com.sun.proxy.$Proxy173] is not eligible for getting processed by all BeanPostProcessors (for example: not eligible for auto-proxying)
2019-02-27 22:51:45.186  INFO [bootstrap,,,] [paascloud-provider-uac,,,,] 12788 --- [           main] trationDelegate$BeanPostProcessorChecker : Bean 'randomForSpanIds' of type [java.util.Random] is not eligible for getting processed by all BeanPostProcessors (for example: not eligible for auto-proxying)
2019-02-27 22:51:45.194  INFO [bootstrap,,,] [paascloud-provider-uac,,,,] 12788 --- [           main] trationDelegate$BeanPostProcessorChecker : Bean 'spanNamer' of type [org.springframework.cloud.sleuth.DefaultSpanNamer] is not eligible for getting processed by all BeanPostProcessors (for example: not eligible for auto-proxying)
2019-02-27 22:51:45.203  INFO [bootstrap,,,] [paascloud-provider-uac,,,,] 12788 --- [           main] trationDelegate$BeanPostProcessorChecker : Bean 'org.springframework.cloud.sleuth.log.SleuthLogAutoConfiguration$Slf4jConfiguration' of type [org.springframework.cloud.sleuth.log.SleuthLogAutoConfiguration$Slf4jConfiguration$$EnhancerBySpringCGLIB$$86607d1b] is not eligible for getting processed by all BeanPostProcessors (for example: not eligible for auto-proxying)
2019-02-27 22:51:45.217  INFO [bootstrap,,,] [paascloud-provider-uac,,,,] 12788 --- [           main] trationDelegate$BeanPostProcessorChecker : Bean 'spring.sleuth.log.slf4j-org.springframework.cloud.sleuth.log.SleuthSlf4jProperties' of type [org.springframework.cloud.sleuth.log.SleuthSlf4jProperties] is not eligible for getting processed by all BeanPostProcessors (for example: not eligible for auto-proxying)
2019-02-27 22:51:45.221  INFO [bootstrap,,,] [paascloud-provider-uac,,,,] 12788 --- [           main] trationDelegate$BeanPostProcessorChecker : Bean 'slf4jSpanLogger' of type [org.springframework.cloud.sleuth.log.Slf4jSpanLogger] is not eligible for getting processed by all BeanPostProcessors (for example: not eligible for auto-proxying)
2019-02-27 22:51:45.236  INFO [bootstrap,,,] [paascloud-provider-uac,,,,] 12788 --- [           main] trationDelegate$BeanPostProcessorChecker : Bean 'defaultSpanAdjuster' of type [org.springframework.cloud.sleuth.NoOpSpanAdjuster] is not eligible for getting processed by all BeanPostProcessors (for example: not eligible for auto-proxying)
2019-02-27 22:51:45.238  INFO [bootstrap,,,] [paascloud-provider-uac,,,,] 12788 --- [           main] trationDelegate$BeanPostProcessorChecker : Bean 'org.springframework.cloud.sleuth.zipkin2.ZipkinAutoConfiguration' of type [org.springframework.cloud.sleuth.zipkin2.ZipkinAutoConfiguration$$EnhancerBySpringCGLIB$$730dc13b] is not eligible for getting processed by all BeanPostProcessors (for example: not eligible for auto-proxying)
2019-02-27 22:51:45.255  INFO [bootstrap,,,] [paascloud-provider-uac,,,,] 12788 --- [           main] trationDelegate$BeanPostProcessorChecker : Bean 'org.springframework.cloud.sleuth.metric.TraceMetricsAutoConfiguration$CounterServiceSpanReporterConfig' of type [org.springframework.cloud.sleuth.metric.TraceMetricsAutoConfiguration$CounterServiceSpanReporterConfig$$EnhancerBySpringCGLIB$$b2242e8d] is not eligible for getting processed by all BeanPostProcessors (for example: not eligible for auto-proxying)
2019-02-27 22:51:45.265  INFO [bootstrap,,,] [paascloud-provider-uac,,,,] 12788 --- [           main] trationDelegate$BeanPostProcessorChecker : Bean 'org.springframework.cloud.netflix.metrics.servo.ServoMetricsAutoConfiguration' of type [org.springframework.cloud.netflix.metrics.servo.ServoMetricsAutoConfiguration$$EnhancerBySpringCGLIB$$f67964e0] is not eligible for getting processed by all BeanPostProcessors (for example: not eligible for auto-proxying)
2019-02-27 22:51:45.279  INFO [bootstrap,,,] [paascloud-provider-uac,,,,] 12788 --- [           main] trationDelegate$BeanPostProcessorChecker : Bean 'servoMetricsConfig' of type [org.springframework.cloud.netflix.metrics.servo.ServoMetricsConfigBean] is not eligible for getting processed by all BeanPostProcessors (for example: not eligible for auto-proxying)
2019-02-27 22:51:45.283  INFO [bootstrap,,,] [paascloud-provider-uac,,,,] 12788 --- [           main] trationDelegate$BeanPostProcessorChecker : Bean 'monitorRegistry' of type [com.netflix.servo.DefaultMonitorRegistry] is not eligible for getting processed by all BeanPostProcessors (for example: not eligible for auto-proxying)
2019-02-27 22:51:45.289  INFO [bootstrap,,,] [paascloud-provider-uac,,,,] 12788 --- [           main] trationDelegate$BeanPostProcessorChecker : Bean 'servoMetricServices' of type [org.springframework.cloud.netflix.metrics.servo.ServoMetricServices] is not eligible for getting processed by all BeanPostProcessors (for example: not eligible for auto-proxying)
2019-02-27 22:51:45.298  INFO [bootstrap,,,] [paascloud-provider-uac,,,,] 12788 --- [           main] trationDelegate$BeanPostProcessorChecker : Bean 'org.springframework.cloud.sleuth.metric.TraceMetricsAutoConfiguration' of type [org.springframework.cloud.sleuth.metric.TraceMetricsAutoConfiguration$$EnhancerBySpringCGLIB$$2682621b] is not eligible for getting processed by all BeanPostProcessors (for example: not eligible for auto-proxying)
2019-02-27 22:51:45.304  INFO [bootstrap,,,] [paascloud-provider-uac,,,,] 12788 --- [           main] trationDelegate$BeanPostProcessorChecker : Bean 'sleuthMetricProperties' of type [org.springframework.cloud.sleuth.metric.SleuthMetricProperties] is not eligible for getting processed by all BeanPostProcessors (for example: not eligible for auto-proxying)
2019-02-27 22:51:45.307  INFO [bootstrap,,,] [paascloud-provider-uac,,,,] 12788 --- [           main] trationDelegate$BeanPostProcessorChecker : Bean 'spanReporterCounterService' of type [org.springframework.cloud.sleuth.metric.CounterServiceBasedSpanMetricReporter] is not eligible for getting processed by all BeanPostProcessors (for example: not eligible for auto-proxying)
2019-02-27 22:51:45.316  INFO [bootstrap,,,] [paascloud-provider-uac,,,,] 12788 --- [           main] trationDelegate$BeanPostProcessorChecker : Bean 'spring.zipkin-org.springframework.cloud.sleuth.zipkin2.ZipkinProperties' of type [org.springframework.cloud.sleuth.zipkin2.ZipkinProperties] is not eligible for getting processed by all BeanPostProcessors (for example: not eligible for auto-proxying)
2019-02-27 22:51:45.325  INFO [bootstrap,,,] [paascloud-provider-uac,,,,] 12788 --- [           main] trationDelegate$BeanPostProcessorChecker : Bean 'org.springframework.cloud.sleuth.zipkin2.sender.ZipkinRabbitSenderConfiguration' of type [org.springframework.cloud.sleuth.zipkin2.sender.ZipkinRabbitSenderConfiguration$$EnhancerBySpringCGLIB$$b4dd859a] is not eligible for getting processed by all BeanPostProcessors (for example: not eligible for auto-proxying)
2019-02-27 22:51:45.335  INFO [bootstrap,,,] [paascloud-provider-uac,,,,] 12788 --- [           main] trationDelegate$BeanPostProcessorChecker : Bean 'org.springframework.boot.autoconfigure.amqp.RabbitAutoConfiguration$RabbitConnectionFactoryCreator' of type [org.springframework.boot.autoconfigure.amqp.RabbitAutoConfiguration$RabbitConnectionFactoryCreator$$EnhancerBySpringCGLIB$$88e2cc47] is not eligible for getting processed by all BeanPostProcessors (for example: not eligible for auto-proxying)
2019-02-27 22:51:45.356  INFO [bootstrap,,,] [paascloud-provider-uac,,,,] 12788 --- [           main] trationDelegate$BeanPostProcessorChecker : Bean 'spring.rabbitmq-org.springframework.boot.autoconfigure.amqp.RabbitProperties' of type [org.springframework.boot.autoconfigure.amqp.RabbitProperties] is not eligible for getting processed by all BeanPostProcessors (for example: not eligible for auto-proxying)
2019-02-27 22:51:45.369  INFO [bootstrap,,,] [paascloud-provider-uac,,,,] 12788 --- [           main] trationDelegate$BeanPostProcessorChecker : Bean 'rabbitConnectionFactory' of type [org.springframework.amqp.rabbit.connection.CachingConnectionFactory] is not eligible for getting processed by all BeanPostProcessors (for example: not eligible for auto-proxying)
2019-02-27 22:51:45.390  INFO [bootstrap,,,] [paascloud-provider-uac,,,,] 12788 --- [           main] trationDelegate$BeanPostProcessorChecker : Bean 'rabbitSender' of type [zipkin2.reporter.amqp.AutoValue_RabbitMQSender] is not eligible for getting processed by all BeanPostProcessors (for example: not eligible for auto-proxying)
2019-02-27 22:51:45.400  INFO [bootstrap,,,] [paascloud-provider-uac,,,,] 12788 --- [           main] trationDelegate$BeanPostProcessorChecker : Bean 'reporter' of type [zipkin2.reporter.AsyncReporter$BoundedAsyncReporter] is not eligible for getting processed by all BeanPostProcessors (for example: not eligible for auto-proxying)
2019-02-27 22:51:45.412  INFO [bootstrap,,,] [paascloud-provider-uac,,,,] 12788 --- [           main] trationDelegate$BeanPostProcessorChecker : Bean 'org.springframework.boot.autoconfigure.web.ServerPropertiesAutoConfiguration' of type [org.springframework.boot.autoconfigure.web.ServerPropertiesAutoConfiguration$$EnhancerBySpringCGLIB$$b64dd20a] is not eligible for getting processed by all BeanPostProcessors (for example: not eligible for auto-proxying)
2019-02-27 22:51:45.424  INFO [bootstrap,,,] [paascloud-provider-uac,,,,] 12788 --- [           main] trationDelegate$BeanPostProcessorChecker : Bean 'serverProperties' of type [org.springframework.boot.autoconfigure.web.ServerProperties] is not eligible for getting processed by all BeanPostProcessors (for example: not eligible for auto-proxying)
2019-02-27 22:51:45.434  INFO [bootstrap,,,] [paascloud-provider-uac,,,,] 12788 --- [           main] trationDelegate$BeanPostProcessorChecker : Bean 'org.springframework.cloud.sleuth.zipkin2.ZipkinAutoConfiguration$DefaultEndpointLocatorConfiguration' of type [org.springframework.cloud.sleuth.zipkin2.ZipkinAutoConfiguration$DefaultEndpointLocatorConfiguration$$EnhancerBySpringCGLIB$$52b708cd] is not eligible for getting processed by all BeanPostProcessors (for example: not eligible for auto-proxying)
2019-02-27 22:51:45.690  INFO [bootstrap,,,] [paascloud-provider-uac,,,,] 12788 --- [           main] trationDelegate$BeanPostProcessorChecker : Bean 'zipkinEndpointLocator' of type [org.springframework.cloud.sleuth.zipkin2.DefaultEndpointLocator] is not eligible for getting processed by all BeanPostProcessors (for example: not eligible for auto-proxying)
2019-02-27 22:51:45.696  INFO [bootstrap,,,] [paascloud-provider-uac,,,,] 12788 --- [           main] trationDelegate$BeanPostProcessorChecker : Bean 'zipkinSpanListener' of type [org.springframework.cloud.sleuth.zipkin2.ZipkinSpanReporter] is not eligible for getting processed by all BeanPostProcessors (for example: not eligible for auto-proxying)
2019-02-27 22:51:45.703  INFO [bootstrap,,,] [paascloud-provider-uac,,,,] 12788 --- [           main] trationDelegate$BeanPostProcessorChecker : Bean 'spring.sleuth.keys-org.springframework.cloud.sleuth.TraceKeys' of type [org.springframework.cloud.sleuth.TraceKeys] is not eligible for getting processed by all BeanPostProcessors (for example: not eligible for auto-proxying)
2019-02-27 22:51:45.706  INFO [bootstrap,,,] [paascloud-provider-uac,,,,] 12788 --- [           main] trationDelegate$BeanPostProcessorChecker : Bean 'sleuthTracer' of type [org.springframework.cloud.sleuth.trace.DefaultTracer] is not eligible for getting processed by all BeanPostProcessors (for example: not eligible for auto-proxying)
2019-02-27 22:51:45.712  INFO [bootstrap,,,] [paascloud-provider-uac,,,,] 12788 --- [           main] trationDelegate$BeanPostProcessorChecker : Bean 'org.springframework.cloud.sleuth.instrument.web.TraceHttpAutoConfiguration' of type [org.springframework.cloud.sleuth.instrument.web.TraceHttpAutoConfiguration$$EnhancerBySpringCGLIB$$e6765f89] is not eligible for getting processed by all BeanPostProcessors (for example: not eligible for auto-proxying)
2019-02-27 22:51:45.717  INFO [bootstrap,,,] [paascloud-provider-uac,,,,] 12788 --- [           main] trationDelegate$BeanPostProcessorChecker : Bean 'httpSpanInjector' of type [org.springframework.cloud.sleuth.instrument.web.ZipkinHttpSpanInjector] is not eligible for getting processed by all BeanPostProcessors (for example: not eligible for auto-proxying)
2019-02-27 22:51:45.726  INFO [bootstrap,,,] [paascloud-provider-uac,,,,] 12788 --- [           main] trationDelegate$BeanPostProcessorChecker : Bean 'httpTraceKeysInjector' of type [org.springframework.cloud.sleuth.instrument.web.HttpTraceKeysInjector] is not eligible for getting processed by all BeanPostProcessors (for example: not eligible for auto-proxying)
2019-02-27 22:51:45.731  INFO [bootstrap,,,] [paascloud-provider-uac,,,,] 12788 --- [           main] trationDelegate$BeanPostProcessorChecker : Bean 'defaultErrorParser' of type [org.springframework.cloud.sleuth.ExceptionMessageErrorParser] is not eligible for getting processed by all BeanPostProcessors (for example: not eligible for auto-proxying)
2019-02-27 22:51:45.733  INFO [bootstrap,,,] [paascloud-provider-uac,,,,] 12788 --- [           main] trationDelegate$BeanPostProcessorChecker : Bean 'traceRestTemplateInterceptor' of type [org.springframework.cloud.sleuth.instrument.web.client.TraceRestTemplateInterceptor] is not eligible for getting processed by all BeanPostProcessors (for example: not eligible for auto-proxying)
2019-02-27 22:51:45.736  INFO [bootstrap,,,] [paascloud-provider-uac,,,,] 12788 --- [           main] trationDelegate$BeanPostProcessorChecker : Bean 'org.springframework.cloud.sleuth.instrument.web.client.TraceWebClientAutoConfiguration$TraceInterceptorConfiguration' of type [org.springframework.cloud.sleuth.instrument.web.client.TraceWebClientAutoConfiguration$TraceInterceptorConfiguration$$EnhancerBySpringCGLIB$$aa6867eb] is not eligible for getting processed by all BeanPostProcessors (for example: not eligible for auto-proxying)
2019-02-27 22:51:45.811  INFO [bootstrap,,,] [paascloud-provider-uac,,,,] 12788 --- [           main] c.p.core.interceptor.SqlLogInterceptor   : [鎵撳嵃SQL鎷︽埅鍣ㄥ垱寤篯noticeTime=5.0绉�
2019-02-27 22:51:46.271  INFO [bootstrap,,,] [paascloud-provider-uac,,,,] 12788 --- [           main] s.c.a.AnnotationConfigApplicationContext : Refreshing org.springframework.context.annotation.AnnotationConfigApplicationContext@23275d93: startup date [Wed Feb 27 22:51:46 CST 2019]; parent: org.springframework.web.context.support.GenericWebApplicationContext@3b80c4c7
2019-02-27 22:51:46.283  INFO [bootstrap,,,] [paascloud-provider-uac,,,,] 12788 --- [           main] f.a.AutowiredAnnotationBeanPostProcessor : JSR-330 'javax.inject.Inject' annotation found and supported for autowiring
2019-02-27 22:51:46.732  INFO [bootstrap,,,] [paascloud-provider-uac,,,,] 12788 --- [           main] o.s.b.t.m.w.SpringBootMockServletContext : jolokia: No access restrictor found, access to any MBean is allowed
2019-02-27 22:51:47.306  INFO [bootstrap,,,] [paascloud-provider-uac,,,,] 12788 --- [           main] o.s.w.s.v.f.FreeMarkerConfigurer         : ClassTemplateLoader for Spring macros added to FreeMarker configuration
2019-02-27 22:51:47.593  INFO [bootstrap,,,] [paascloud-provider-uac,,,,] 12788 --- [           main] s.c.a.AnnotationConfigApplicationContext : Refreshing org.springframework.context.annotation.AnnotationConfigApplicationContext@48383b4: startup date [Wed Feb 27 22:51:47 CST 2019]; parent: org.springframework.web.context.support.GenericWebApplicationContext@3b80c4c7
2019-02-27 22:51:47.604  INFO [bootstrap,,,] [paascloud-provider-uac,,,,] 12788 --- [           main] f.a.AutowiredAnnotationBeanPostProcessor : JSR-330 'javax.inject.Inject' annotation found and supported for autowiring
2019-02-27 22:51:47.824  WARN [bootstrap,,,] [paascloud-provider-uac,,,,] 12788 --- [           main] o.s.s.o.p.t.s.JwtAccessTokenConverter    : Unable to create an RSA verifier from verifierKey (ignoreable if using MAC)
2019-02-27 22:51:48.073  INFO [bootstrap,,,] [paascloud-provider-uac,,,,] 12788 --- [           main] s.c.a.AnnotationConfigApplicationContext : Refreshing org.springframework.context.annotation.AnnotationConfigApplicationContext@51db7b46: startup date [Wed Feb 27 22:51:48 CST 2019]; parent: org.springframework.web.context.support.GenericWebApplicationContext@3b80c4c7
2019-02-27 22:51:48.087  INFO [bootstrap,,,] [paascloud-provider-uac,,,,] 12788 --- [           main] f.a.AutowiredAnnotationBeanPostProcessor : JSR-330 'javax.inject.Inject' annotation found and supported for autowiring
2019-02-27 22:51:48.320  INFO [bootstrap,,,] [paascloud-provider-uac,,,,] 12788 --- [           main] s.c.a.AnnotationConfigApplicationContext : Refreshing org.springframework.context.annotation.AnnotationConfigApplicationContext@1fd4fb29: startup date [Wed Feb 27 22:51:48 CST 2019]; parent: org.springframework.web.context.support.GenericWebApplicationContext@3b80c4c7
2019-02-27 22:51:48.330  INFO [bootstrap,,,] [paascloud-provider-uac,,,,] 12788 --- [           main] f.a.AutowiredAnnotationBeanPostProcessor : JSR-330 'javax.inject.Inject' annotation found and supported for autowiring
2019-02-27 22:51:49.081  INFO [bootstrap,,,] [paascloud-provider-uac,,,,] 12788 --- [           main] s.w.s.m.m.a.RequestMappingHandlerMapping : Mapped "{[/auth/activeUser/{activeUserToken}],methods=[GET]}" onto public com.paascloud.wrapper.Wrapper com.paascloud.provider.web.admin.AuthRestController.activeUser(java.lang.String)
2019-02-27 22:51:49.081  INFO [bootstrap,,,] [paascloud-provider-uac,,,,] 12788 --- [           main] s.w.s.m.m.a.RequestMappingHandlerMapping : Mapped "{[/auth/submitResetPwdPhone],methods=[POST]}" onto public com.paascloud.wrapper.Wrapper<java.lang.String> com.paascloud.provider.web.admin.AuthRestController.submitResetPwdPhone(java.lang.String,javax.servlet.http.HttpServletResponse)
2019-02-27 22:51:49.081  INFO [bootstrap,,,] [paascloud-provider-uac,,,,] 12788 --- [           main] s.w.s.m.m.a.RequestMappingHandlerMapping : Mapped "{[/auth/submitResetPwdEmail],methods=[POST]}" onto public com.paascloud.wrapper.Wrapper<java.lang.String> com.paascloud.provider.web.admin.AuthRestController.submitResetPwdEmail(java.lang.String)
2019-02-27 22:51:49.081  INFO [bootstrap,,,] [paascloud-provider-uac,,,,] 12788 --- [           main] s.w.s.m.m.a.RequestMappingHandlerMapping : Mapped "{[/auth/resetLoginPwd],methods=[POST]}" onto public com.paascloud.wrapper.Wrapper<java.lang.Boolean> com.paascloud.provider.web.admin.AuthRestController.checkResetSmsCode(com.paascloud.provider.model.dto.user.ResetLoginPwdDto)
2019-02-27 22:51:49.082  INFO [bootstrap,,,] [paascloud-provider-uac,,,,] 12788 --- [           main] s.w.s.m.m.a.RequestMappingHandlerMapping : Mapped "{[/auth/saveLog],methods=[POST]}" onto public java.lang.Integer com.paascloud.provider.web.admin.AuthRestController.saveLog(com.paascloud.core.annotation.OperationLogDto)
2019-02-27 22:51:49.082  INFO [bootstrap,,,] [paascloud-provider-uac,,,,] 12788 --- [           main] s.w.s.m.m.a.RequestMappingHandlerMapping : Mapped "{[/auth/callback/qq],methods=[POST]}" onto public void com.paascloud.provider.web.admin.AuthRestController.callbackQQ(javax.servlet.http.HttpServletRequest)
2019-02-27 22:51:49.082  INFO [bootstrap,,,] [paascloud-provider-uac,,,,] 12788 --- [           main] s.w.s.m.m.a.RequestMappingHandlerMapping : Mapped "{[/auth/register],methods=[POST]}" onto public com.paascloud.wrapper.Wrapper com.paascloud.provider.web.admin.AuthRestController.registerUser(com.paascloud.provider.model.dto.user.UserRegisterDto)
2019-02-27 22:51:49.082  INFO [bootstrap,,,] [paascloud-provider-uac,,,,] 12788 --- [           main] s.w.s.m.m.a.RequestMappingHandlerMapping : Mapped "{[/auth/checkPhoneActive/{mobileNo}],methods=[POST]}" onto public com.paascloud.wrapper.Wrapper<java.lang.Boolean> com.paascloud.provider.web.admin.AuthRestController.checkPhoneActive(java.lang.String)
2019-02-27 22:51:49.082  INFO [bootstrap,,,] [paascloud-provider-uac,,,,] 12788 --- [           main] s.w.s.m.m.a.RequestMappingHandlerMapping : Mapped "{[/auth/checkValid],methods=[POST]}" onto public com.paascloud.wrapper.Wrapper com.paascloud.provider.web.admin.AuthRestController.checkValid(com.paascloud.base.dto.CheckValidDto)
2019-02-27 22:51:49.082  INFO [bootstrap,,,] [paascloud-provider-uac,,,,] 12788 --- [           main] s.w.s.m.m.a.RequestMappingHandlerMapping : Mapped "{[/auth/checkEmailActive/{email:.+}],methods=[POST]}" onto public com.paascloud.wrapper.Wrapper<java.lang.Boolean> com.paascloud.provider.web.admin.AuthRestController.checkEmailActive(java.lang.String)
2019-02-27 22:51:49.083  INFO [bootstrap,,,] [paascloud-provider-uac,,,,] 12788 --- [           main] s.w.s.m.m.a.RequestMappingHandlerMapping : Mapped "{[/action/checkActionCode],methods=[POST],produces=[application/json;charset=UTF-8]}" onto public com.paascloud.wrapper.Wrapper<java.lang.Boolean> com.paascloud.provider.web.admin.UacActionCommonController.checkActionCode(com.paascloud.provider.model.dto.action.UacActionCheckCodeDto)
2019-02-27 22:51:49.083  INFO [bootstrap,,,] [paascloud-provider-uac,,,,] 12788 --- [           main] s.w.s.m.m.a.RequestMappingHandlerMapping : Mapped "{[/action/checkUrl],methods=[POST],produces=[application/json;charset=UTF-8]}" onto public com.paascloud.wrapper.Wrapper<java.lang.Boolean> com.paascloud.provider.web.admin.UacActionCommonController.checkActionUrl(com.paascloud.provider.model.dto.action.UacActionCheckUrlDto)
2019-02-27 22:51:49.084  INFO [bootstrap,,,] [paascloud-provider-uac,,,,] 12788 --- [           main] s.w.s.m.m.a.RequestMappingHandlerMapping : Mapped "{[/action/save],methods=[POST],produces=[application/json;charset=UTF-8]}" onto public com.paascloud.wrapper.Wrapper com.paascloud.provider.web.admin.UacActionMainController.save(com.paascloud.provider.model.domain.UacAction)
2019-02-27 22:51:49.084  INFO [bootstrap,,,] [paascloud-provider-uac,,,,] 12788 --- [           main] s.w.s.m.m.a.RequestMappingHandlerMapping : Mapped "{[/action/batchDeleteByIdList],methods=[POST],produces=[application/json;charset=UTF-8]}" onto public com.paascloud.wrapper.Wrapper com.paascloud.provider.web.admin.UacActionMainController.batchDeleteByIdList(java.util.List<java.lang.Long>)
2019-02-27 22:51:49.084  INFO [bootstrap,,,] [paascloud-provider-uac,,,,] 12788 --- [           main] s.w.s.m.m.a.RequestMappingHandlerMapping : Mapped "{[/action/modifyStatus],methods=[POST],produces=[application/json;charset=UTF-8]}" onto public com.paascloud.wrapper.Wrapper com.paascloud.provider.web.admin.UacActionMainController.modifyActionStatus(com.paascloud.provider.model.dto.base.ModifyStatusDto)
2019-02-27 22:51:49.085  INFO [bootstrap,,,] [paascloud-provider-uac,,,,] 12788 --- [           main] s.w.s.m.m.a.RequestMappingHandlerMapping : Mapped "{[/action/queryListWithPage],methods=[POST],produces=[application/json;charset=UTF-8]}" onto public com.paascloud.wrapper.Wrapper com.paascloud.provider.web.admin.UacActionMainController.queryUacActionListWithPage(com.paascloud.provider.model.dto.action.ActionMainQueryDto)
2019-02-27 22:51:49.085  INFO [bootstrap,,,] [paascloud-provider-uac,,,,] 12788 --- [           main] s.w.s.m.m.a.RequestMappingHandlerMapping : Mapped "{[/action/deleteActionById/{id}],methods=[POST],produces=[application/json;charset=UTF-8]}" onto public com.paascloud.wrapper.Wrapper com.paascloud.provider.web.admin.UacActionMainController.deleteUacActionById(java.lang.Long)
2019-02-27 22:51:49.085  INFO [bootstrap,,,] [paascloud-provider-uac,,,,] 12788 --- [           main] s.w.s.m.m.a.RequestMappingHandlerMapping : Mapped "{[/role/bindMenu],methods=[POST],produces=[application/json;charset=UTF-8]}" onto public com.paascloud.wrapper.Wrapper com.paascloud.provider.web.admin.UacGrantAuth4RoleController.bindMenu(com.paascloud.provider.model.dto.role.RoleBindMenuDto)
2019-02-27 22:51:49.085  INFO [bootstrap,,,] [paascloud-provider-uac,,,,] 12788 --- [           main] s.w.s.m.m.a.RequestMappingHandlerMapping : Mapped "{[/role/bindAction],methods=[POST],produces=[application/json;charset=UTF-8]}" onto public com.paascloud.wrapper.Wrapper com.paascloud.provider.web.admin.UacGrantAuth4RoleController.bindAction(com.paascloud.provider.model.dto.role.RoleBindActionDto)
2019-02-27 22:51:49.086  INFO [bootstrap,,,] [paascloud-provider-uac,,,,] 12788 --- [           main] s.w.s.m.m.a.RequestMappingHandlerMapping : Mapped "{[/group/bindUser],methods=[POST],produces=[application/json;charset=UTF-8]}" onto public com.paascloud.wrapper.Wrapper com.paascloud.provider.web.admin.UacGroupBindUserController.bindUser4Role(com.paascloud.provider.model.dto.group.GroupBindUserReqDto)
2019-02-27 22:51:49.086  INFO [bootstrap,,,] [paascloud-provider-uac,,,,] 12788 --- [           main] s.w.s.m.m.a.RequestMappingHandlerMapping : Mapped "{[/group/getBindUser/{groupId}],methods=[POST],produces=[application/json;charset=UTF-8]}" onto public com.paascloud.wrapper.Wrapper<com.paascloud.provider.model.dto.group.GroupBindUserDto> com.paascloud.provider.web.admin.UacGroupBindUserController.getGroupBindUserPageInfo(java.lang.Long)
2019-02-27 22:51:49.087  INFO [bootstrap,,,] [paascloud-provider-uac,,,,] 12788 --- [           main] s.w.s.m.m.a.RequestMappingHandlerMapping : Mapped "{[/group/checkGroupName],methods=[POST],produces=[application/json;charset=UTF-8]}" onto public com.paascloud.wrapper.Wrapper<java.lang.Boolean> com.paascloud.provider.web.admin.UacGroupCommonController.checkGroupName(com.paascloud.provider.model.dto.group.CheckGroupNameDto)
2019-02-27 22:51:49.087  INFO [bootstrap,,,] [paascloud-provider-uac,,,,] 12788 --- [           main] s.w.s.m.m.a.RequestMappingHandlerMapping : Mapped "{[/group/checkGroupCode],methods=[POST],produces=[application/json;charset=UTF-8]}" onto public com.paascloud.wrapper.Wrapper<java.lang.Boolean> com.paascloud.provider.web.admin.UacGroupCommonController.checkGroupCode(com.paascloud.provider.model.dto.group.CheckGroupCodeDto)
2019-02-27 22:51:49.088  INFO [bootstrap,,,] [paascloud-provider-uac,,,,] 12788 --- [           main] s.w.s.m.m.a.RequestMappingHandlerMapping : Mapped "{[/group/queryGroupType],methods=[POST],produces=[application/json;charset=UTF-8]}" onto public com.paascloud.wrapper.Wrapper<java.util.List<java.util.Map<java.lang.String, java.lang.String>>> com.paascloud.provider.web.admin.UacGroupCommonController.queryGroupType()
2019-02-27 22:51:49.088  INFO [bootstrap,,,] [paascloud-provider-uac,,,,] 12788 --- [           main] s.w.s.m.m.a.RequestMappingHandlerMapping : Mapped "{[/group/getGroupTree],methods=[POST],produces=[application/json;charset=UTF-8]}" onto public com.paascloud.wrapper.Wrapper<java.util.List<com.paascloud.provider.model.vo.GroupZtreeVo>> com.paascloud.provider.web.admin.UacGroupCommonController.getGroupTreeById()
2019-02-27 22:51:49.088  INFO [bootstrap,,,] [paascloud-provider-uac,,,,] 12788 --- [           main] s.w.s.m.m.a.RequestMappingHandlerMapping : Mapped "{[/group/getGroupTree/{groupId}],methods=[POST],produces=[application/json;charset=UTF-8]}" onto public com.paascloud.wrapper.Wrapper<java.util.List<com.paascloud.provider.model.vo.GroupZtreeVo>> com.paascloud.provider.web.admin.UacGroupCommonController.getGroupTreeById(java.lang.Long)
2019-02-27 22:51:49.089  INFO [bootstrap,,,] [paascloud-provider-uac,,,,] 12788 --- [           main] s.w.s.m.m.a.RequestMappingHandlerMapping : Mapped "{[/group/getTree],methods=[POST],produces=[application/json;charset=UTF-8]}" onto public com.paascloud.wrapper.Wrapper<java.util.List<com.paascloud.provider.model.vo.MenuVo>> com.paascloud.provider.web.admin.UacGroupMainController.getTree()
2019-02-27 22:51:49.089  INFO [bootstrap,,,] [paascloud-provider-uac,,,,] 12788 --- [           main] s.w.s.m.m.a.RequestMappingHandlerMapping : Mapped "{[/group/queryById/{id}],methods=[POST],produces=[application/json;charset=UTF-8]}" onto public com.paascloud.wrapper.Wrapper<com.paascloud.provider.model.domain.UacGroup> com.paascloud.provider.web.admin.UacGroupMainController.getEditGroupPageInfo(java.lang.Long)
2019-02-27 22:51:49.089  INFO [bootstrap,,,] [paascloud-provider-uac,,,,] 12788 --- [           main] s.w.s.m.m.a.RequestMappingHandlerMapping : Mapped "{[/group/modifyStatus],methods=[POST],produces=[application/json;charset=UTF-8]}" onto public com.paascloud.wrapper.Wrapper com.paascloud.provider.web.admin.UacGroupMainController.modifyGroupStatus(com.paascloud.provider.model.dto.user.IdStatusDto)
2019-02-27 22:51:49.090  INFO [bootstrap,,,] [paascloud-provider-uac,,,,] 12788 --- [           main] s.w.s.m.m.a.RequestMappingHandlerMapping : Mapped "{[/group/save],methods=[POST],produces=[application/json;charset=UTF-8]}" onto public com.paascloud.wrapper.Wrapper com.paascloud.provider.web.admin.UacGroupMainController.editGroup(com.paascloud.provider.model.domain.UacGroup)
2019-02-27 22:51:49.090  INFO [bootstrap,,,] [paascloud-provider-uac,,,,] 12788 --- [           main] s.w.s.m.m.a.RequestMappingHandlerMapping : Mapped "{[/group/deleteById/{id}],methods=[POST],produces=[application/json;charset=UTF-8]}" onto public com.paascloud.wrapper.Wrapper com.paascloud.provider.web.admin.UacGroupMainController.deleteGroupById(java.lang.Long)
2019-02-27 22:51:49.090  INFO [bootstrap,,,] [paascloud-provider-uac,,,,] 12788 --- [           main] s.w.s.m.m.a.RequestMappingHandlerMapping : Mapped "{[/log/queryListWithPage],methods=[POST],produces=[application/json;charset=UTF-8]}" onto public com.paascloud.wrapper.Wrapper com.paascloud.provider.web.admin.UacLogMainController.queryLogListWithPage(com.paascloud.provider.model.dto.log.UacLogMainDto)
2019-02-27 22:51:49.091  INFO [bootstrap,,,] [paascloud-provider-uac,,,,] 12788 --- [           main] s.w.s.m.m.a.RequestMappingHandlerMapping : Mapped "{[/menu/checkMenuCode],methods=[POST],produces=[application/json;charset=UTF-8]}" onto public com.paascloud.wrapper.Wrapper<java.lang.Boolean> com.paascloud.provider.web.admin.UacMenuCommonController.checkUacMenuActionCode(com.paascloud.provider.model.dto.menu.UacMenuCheckCodeDto)
2019-02-27 22:51:49.091  INFO [bootstrap,,,] [paascloud-provider-uac,,,,] 12788 --- [           main] s.w.s.m.m.a.RequestMappingHandlerMapping : Mapped "{[/menu/checkMenuUrl],methods=[POST],produces=[application/json;charset=UTF-8]}" onto public com.paascloud.wrapper.Wrapper<java.lang.Boolean> com.paascloud.provider.web.admin.UacMenuCommonController.checkUacMenuUrl(com.paascloud.provider.model.dto.menu.UacMenuCheckUrlDto)
2019-02-27 22:51:49.091  INFO [bootstrap,,,] [paascloud-provider-uac,,,,] 12788 --- [           main] s.w.s.m.m.a.RequestMappingHandlerMapping : Mapped "{[/menu/checkMenuName],methods=[POST],produces=[application/json;charset=UTF-8]}" onto public com.paascloud.wrapper.Wrapper<java.lang.Boolean> com.paascloud.provider.web.admin.UacMenuCommonController.checkUacMenuName(com.paascloud.provider.model.dto.menu.UacMenuCheckNameDto)
2019-02-27 22:51:49.092  INFO [bootstrap,,,] [paascloud-provider-uac,,,,] 12788 --- [           main] s.w.s.m.m.a.RequestMappingHandlerMapping : Mapped "{[/menu/deleteById/{id}],methods=[POST],produces=[application/json;charset=UTF-8]}" onto public com.paascloud.wrapper.Wrapper<java.lang.Integer> com.paascloud.provider.web.admin.UacMenuMainController.deleteUacMenuById(java.lang.Long)
2019-02-27 22:51:49.092  INFO [bootstrap,,,] [paascloud-provider-uac,,,,] 12788 --- [           main] s.w.s.m.m.a.RequestMappingHandlerMapping : Mapped "{[/menu/modifyStatus],methods=[POST],produces=[application/json;charset=UTF-8]}" onto public com.paascloud.wrapper.Wrapper com.paascloud.provider.web.admin.UacMenuMainController.updateUacMenuStatusById(com.paascloud.provider.model.dto.menu.UacMenuStatusDto)
2019-02-27 22:51:49.092  INFO [bootstrap,,,] [paascloud-provider-uac,,,,] 12788 --- [           main] s.w.s.m.m.a.RequestMappingHandlerMapping : Mapped "{[/menu/getTree],methods=[POST],produces=[application/json;charset=UTF-8]}" onto public com.paascloud.wrapper.Wrapper<java.util.List<com.paascloud.provider.model.vo.MenuVo>> com.paascloud.provider.web.admin.UacMenuMainController.queryMenuTreeList()
2019-02-27 22:51:49.093  INFO [bootstrap,,,] [paascloud-provider-uac,,,,] 12788 --- [           main] s.w.s.m.m.a.RequestMappingHandlerMapping : Mapped "{[/menu/queryById/{id}],methods=[POST],produces=[application/json;charset=UTF-8]}" onto public com.paascloud.wrapper.Wrapper<com.paascloud.provider.model.vo.ViewMenuVo> com.paascloud.provider.web.admin.UacMenuMainController.queryMenuVoById(java.lang.Long)
2019-02-27 22:51:49.093  INFO [bootstrap,,,] [paascloud-provider-uac,,,,] 12788 --- [           main] s.w.s.m.m.a.RequestMappingHandlerMapping : Mapped "{[/menu/save],methods=[POST],produces=[application/json;charset=UTF-8]}" onto public com.paascloud.wrapper.Wrapper com.paascloud.provider.web.admin.UacMenuMainController.saveMenu(com.paascloud.provider.model.dto.menu.UacEditMenuDto)
2019-02-27 22:51:49.093  INFO [bootstrap,,,] [paascloud-provider-uac,,,,] 12788 --- [           main] s.w.s.m.m.a.RequestMappingHandlerMapping : Mapped "{[/role/bindUser],methods=[POST],produces=[application/json;charset=UTF-8]}" onto public com.paascloud.wrapper.Wrapper com.paascloud.provider.web.admin.UacRoleBindUserController.bindUser(com.paascloud.provider.model.dto.role.RoleBindUserReqDto)
2019-02-27 22:51:49.094  INFO [bootstrap,,,] [paascloud-provider-uac,,,,] 12788 --- [           main] s.w.s.m.m.a.RequestMappingHandlerMapping : Mapped "{[/role/getBindUser/{roleId}],methods=[POST],produces=[application/json;charset=UTF-8]}" onto public com.paascloud.wrapper.Wrapper<com.paascloud.provider.model.dto.role.RoleBindUserDto> com.paascloud.provider.web.admin.UacRoleBindUserController.getBindUser(java.lang.Long)
2019-02-27 22:51:49.094  INFO [bootstrap,,,] [paascloud-provider-uac,,,,] 12788 --- [           main] s.w.s.m.m.a.RequestMappingHandlerMapping : Mapped "{[/role/getMenuTreeByRoleId/{roleId}],methods=[POST],produces=[application/json;charset=UTF-8]}" onto public com.paascloud.wrapper.Wrapper<com.paascloud.provider.model.vo.BindAuthVo> com.paascloud.provider.web.admin.UacRoleCommonController.getMenuTreeByRoleId(java.lang.Long)
2019-02-27 22:51:49.095  INFO [bootstrap,,,] [paascloud-provider-uac,,,,] 12788 --- [           main] s.w.s.m.m.a.RequestMappingHandlerMapping : Mapped "{[/role/getActionTreeByRoleId/{roleId}],methods=[POST],produces=[application/json;charset=UTF-8]}" onto public com.paascloud.wrapper.Wrapper<com.paascloud.provider.model.vo.BindAuthVo> com.paascloud.provider.web.admin.UacRoleCommonController.getActionTreeByRoleId(java.lang.Long)
2019-02-27 22:51:49.095  INFO [bootstrap,,,] [paascloud-provider-uac,,,,] 12788 --- [           main] s.w.s.m.m.a.RequestMappingHandlerMapping : Mapped "{[/role/queryRoleInfoById/{id}],methods=[POST],produces=[application/json;charset=UTF-8]}" onto public com.paascloud.wrapper.Wrapper<com.paascloud.provider.model.domain.UacRole> com.paascloud.provider.web.admin.UacRoleCommonController.queryRoleInfo(java.lang.Long)
2019-02-27 22:51:49.095  INFO [bootstrap,,,] [paascloud-provider-uac,,,,] 12788 --- [           main] s.w.s.m.m.a.RequestMappingHandlerMapping : Mapped "{[/role/checkRoleCode],methods=[POST],produces=[application/json;charset=UTF-8]}" onto public com.paascloud.wrapper.Wrapper<java.lang.Boolean> com.paascloud.provider.web.admin.UacRoleCommonController.checkUacRoleCode(com.paascloud.provider.model.dto.role.CheckRoleCodeDto)
2019-02-27 22:51:49.096  INFO [bootstrap,,,] [paascloud-provider-uac,,,,] 12788 --- [           main] s.w.s.m.m.a.RequestMappingHandlerMapping : Mapped "{[/role/save],methods=[POST],produces=[application/json;charset=UTF-8]}" onto public com.paascloud.wrapper.Wrapper com.paascloud.provider.web.admin.UacRoleMainController.save(com.paascloud.provider.model.domain.UacRole)
2019-02-27 22:51:49.096  INFO [bootstrap,,,] [paascloud-provider-uac,,,,] 12788 --- [           main] s.w.s.m.m.a.RequestMappingHandlerMapping : Mapped "{[/role/batchDeleteByIdList],methods=[POST],produces=[application/json;charset=UTF-8]}" onto public com.paascloud.wrapper.Wrapper com.paascloud.provider.web.admin.UacRoleMainController.batchDeleteByIdList(java.util.List<java.lang.Long>)
2019-02-27 22:51:49.096  INFO [bootstrap,,,] [paascloud-provider-uac,,,,] 12788 --- [           main] s.w.s.m.m.a.RequestMappingHandlerMapping : Mapped "{[/role/deleteRoleById/{id}],methods=[POST],produces=[application/json;charset=UTF-8]}" onto public com.paascloud.wrapper.Wrapper com.paascloud.provider.web.admin.UacRoleMainController.deleteUacRoleById(java.lang.Long)
2019-02-27 22:51:49.097  INFO [bootstrap,,,] [paascloud-provider-uac,,,,] 12788 --- [           main] s.w.s.m.m.a.RequestMappingHandlerMapping : Mapped "{[/role/modifyRoleStatusById],methods=[POST],produces=[application/json;charset=UTF-8]}" onto public com.paascloud.wrapper.Wrapper com.paascloud.provider.web.admin.UacRoleMainController.modifyUacRoleStatusById(com.paascloud.provider.model.dto.base.ModifyStatusDto)
2019-02-27 22:51:49.097  INFO [bootstrap,,,] [paascloud-provider-uac,,,,] 12788 --- [           main] s.w.s.m.m.a.RequestMappingHandlerMapping : Mapped "{[/role/queryRoleListWithPage],methods=[POST],produces=[application/json;charset=UTF-8]}" onto public com.paascloud.wrapper.Wrapper<com.github.pagehelper.PageInfo<com.paascloud.provider.model.vo.RoleVo>> com.paascloud.provider.web.admin.UacRoleMainController.queryUacRoleListWithPage(com.paascloud.provider.model.domain.UacRole)
2019-02-27 22:51:49.097  INFO [bootstrap,,,] [paascloud-provider-uac,,,,] 12788 --- [           main] s.w.s.m.m.a.RequestMappingHandlerMapping : Mapped "{[/token/queryListWithPage],methods=[POST],produces=[application/json;charset=UTF-8]}" onto public com.paascloud.wrapper.Wrapper com.paascloud.provider.web.admin.UacTokenMainController.queryUacActionListWithPage(com.paascloud.provider.model.dto.token.TokenMainQueryDto)
2019-02-27 22:51:49.098  INFO [bootstrap,,,] [paascloud-provider-uac,,,,] 12788 --- [           main] s.w.s.m.m.a.RequestMappingHandlerMapping : Mapped "{[/user/modifyUserEmail/{email}/{emailCode}],methods=[POST],produces=[application/json;charset=UTF-8]}" onto public com.paascloud.wrapper.Wrapper<java.lang.Integer> com.paascloud.provider.web.admin.UacUserCommonController.modifyUserEmail(java.lang.String,java.lang.String)
2019-02-27 22:51:49.098  INFO [bootstrap,,,] [paascloud-provider-uac,,,,] 12788 --- [           main] s.w.s.m.m.a.RequestMappingHandlerMapping : Mapped "{[/user/checkEmail],methods=[POST],produces=[application/json;charset=UTF-8]}" onto public com.paascloud.wrapper.Wrapper<java.lang.Boolean> com.paascloud.provider.web.admin.UacUserCommonController.checkEmail(com.paascloud.provider.model.dto.user.CheckEmailDto)
2019-02-27 22:51:49.098  INFO [bootstrap,,,] [paascloud-provider-uac,,,,] 12788 --- [           main] s.w.s.m.m.a.RequestMappingHandlerMapping : Mapped "{[/user/getOwnAuthTree],methods=[POST],produces=[application/json;charset=UTF-8]}" onto public com.paascloud.wrapper.Wrapper<java.util.List<com.paascloud.provider.model.vo.MenuVo>> com.paascloud.provider.web.admin.UacUserCommonController.getOwnAuthTree()
2019-02-27 22:51:49.099  INFO [bootstrap,,,] [paascloud-provider-uac,,,,] 12788 --- [           main] s.w.s.m.m.a.RequestMappingHandlerMapping : Mapped "{[/user/checkLoginName],methods=[POST],produces=[application/json;charset=UTF-8]}" onto public com.paascloud.wrapper.Wrapper<java.lang.Boolean> com.paascloud.provider.web.admin.UacUserCommonController.checkLoginName(com.paascloud.provider.model.dto.user.CheckLoginNameDto)
2019-02-27 22:51:49.099  INFO [bootstrap,,,] [paascloud-provider-uac,,,,] 12788 --- [           main] s.w.s.m.m.a.RequestMappingHandlerMapping : Mapped "{[/user/checkNewPassword],methods=[POST],produces=[application/json;charset=UTF-8]}" onto public com.paascloud.wrapper.Wrapper<java.lang.Boolean> com.paascloud.provider.web.admin.UacUserCommonController.checkNewPassword(com.paascloud.provider.model.dto.user.CheckNewPasswordDto)
2019-02-27 22:51:49.099  INFO [bootstrap,,,] [paascloud-provider-uac,,,,] 12788 --- [           main] s.w.s.m.m.a.RequestMappingHandlerMapping : Mapped "{[/user/checkUserPhone],methods=[POST],produces=[application/json;charset=UTF-8]}" onto public com.paascloud.wrapper.Wrapper<java.lang.Boolean> com.paascloud.provider.web.admin.UacUserCommonController.checkUserPhone(com.paascloud.provider.model.dto.user.CheckUserPhoneDto)
2019-02-27 22:51:49.099  INFO [bootstrap,,,] [paascloud-provider-uac,,,,] 12788 --- [           main] s.w.s.m.m.a.RequestMappingHandlerMapping : Mapped "{[/user/checkUserName],methods=[POST],produces=[application/json;charset=UTF-8]}" onto public com.paascloud.wrapper.Wrapper<java.lang.Boolean> com.paascloud.provider.web.admin.UacUserCommonController.checkUserName(com.paascloud.provider.model.dto.user.CheckUserNameDto)
2019-02-27 22:51:49.099  INFO [bootstrap,,,] [paascloud-provider-uac,,,,] 12788 --- [           main] s.w.s.m.m.a.RequestMappingHandlerMapping : Mapped "{[/user/queryUserInfo/{loginName}],methods=[POST],produces=[application/json;charset=UTF-8]}" onto public com.paascloud.wrapper.Wrapper<com.paascloud.provider.model.vo.UserVo> com.paascloud.provider.web.admin.UacUserCommonController.queryUserInfo(java.lang.String)
2019-02-27 22:51:49.101  INFO [bootstrap,,,] [paascloud-provider-uac,,,,] 12788 --- [           main] s.w.s.m.m.a.RequestMappingHandlerMapping : Mapped "{[/user/loginAfter/{applicationId}],methods=[POST],produces=[application/json;charset=UTF-8]}" onto public com.paascloud.wrapper.Wrapper<com.paascloud.provider.model.dto.user.LoginRespDto> com.paascloud.provider.web.admin.UacUserLoginController.loginAfter(java.lang.Long)
2019-02-27 22:51:49.101  INFO [bootstrap,,,] [paascloud-provider-uac,,,,] 12788 --- [           main] s.w.s.m.m.a.RequestMappingHandlerMapping : Mapped "{[/user/logout],methods=[POST],produces=[application/json;charset=UTF-8]}" onto public com.paascloud.wrapper.Wrapper com.paascloud.provider.web.admin.UacUserLoginController.loginAfter(java.lang.String)
2019-02-27 22:51:49.101  INFO [bootstrap,,,] [paascloud-provider-uac,,,,] 12788 --- [           main] s.w.s.m.m.a.RequestMappingHandlerMapping : Mapped "{[/auth/user/refreshToken],methods=[GET],produces=[application/json;charset=UTF-8]}" onto public com.paascloud.wrapper.Wrapper<java.lang.String> com.paascloud.provider.web.admin.UacUserLoginController.refreshToken(javax.servlet.http.HttpServletRequest,java.lang.String,java.lang.String)
2019-02-27 22:51:49.103  INFO [bootstrap,,,] [paascloud-provider-uac,,,,] 12788 --- [           main] s.w.s.m.m.a.RequestMappingHandlerMapping : Mapped "{[/user/queryListWithPage],methods=[POST],produces=[application/json;charset=UTF-8]}" onto public com.paascloud.wrapper.Wrapper<com.github.pagehelper.PageInfo> com.paascloud.provider.web.admin.UacUserMainController.queryUserListWithPage(com.paascloud.provider.model.domain.UacUser)
2019-02-27 22:51:49.103  INFO [bootstrap,,,] [paascloud-provider-uac,,,,] 12788 --- [           main] s.w.s.m.m.a.RequestMappingHandlerMapping : Mapped "{[/user/resetLoginPwd/{userId}],methods=[POST],produces=[application/json;charset=UTF-8]}" onto public com.paascloud.wrapper.Wrapper<com.paascloud.provider.model.domain.UacUser> com.paascloud.provider.web.admin.UacUserMainController.resetLoginPwd(java.lang.Long)
2019-02-27 22:51:49.103  INFO [bootstrap,,,] [paascloud-provider-uac,,,,] 12788 --- [           main] s.w.s.m.m.a.RequestMappingHandlerMapping : Mapped "{[/user/bindRole],methods=[POST],produces=[application/json;charset=UTF-8]}" onto public com.paascloud.wrapper.Wrapper<java.lang.Integer> com.paascloud.provider.web.admin.UacUserMainController.bindUserRoles(com.paascloud.provider.model.dto.user.BindUserRolesDto)
2019-02-27 22:51:49.103  INFO [bootstrap,,,] [paascloud-provider-uac,,,,] 12788 --- [           main] s.w.s.m.m.a.RequestMappingHandlerMapping : Mapped "{[/user/bindUserMenus],methods=[POST],produces=[application/json;charset=UTF-8]}" onto public com.paascloud.wrapper.Wrapper<java.lang.Integer> com.paascloud.provider.web.admin.UacUserMainController.bindUserMenus(com.paascloud.provider.model.dto.user.BindUserMenusDto)
2019-02-27 22:51:49.103  INFO [bootstrap,,,] [paascloud-provider-uac,,,,] 12788 --- [           main] s.w.s.m.m.a.RequestMappingHandlerMapping : Mapped "{[/user/deleteUserById/{userId}],methods=[POST],produces=[application/json;charset=UTF-8]}" onto public com.paascloud.wrapper.Wrapper<java.lang.Integer> com.paascloud.provider.web.admin.UacUserMainController.deleteUserById(java.lang.Long)
2019-02-27 22:51:49.104  INFO [bootstrap,,,] [paascloud-provider-uac,,,,] 12788 --- [           main] s.w.s.m.m.a.RequestMappingHandlerMapping : Mapped "{[/user/modifyUserStatusById],methods=[POST],produces=[application/json;charset=UTF-8]}" onto public com.paascloud.wrapper.Wrapper<java.lang.Integer> com.paascloud.provider.web.admin.UacUserMainController.modifyUserStatusById(com.paascloud.provider.model.dto.user.ModifyUserStatusDto)
2019-02-27 22:51:49.104  INFO [bootstrap,,,] [paascloud-provider-uac,,,,] 12788 --- [           main] s.w.s.m.m.a.RequestMappingHandlerMapping : Mapped "{[/user/queryUserMenuDtoData],methods=[POST],produces=[application/json;charset=UTF-8]}" onto public com.paascloud.wrapper.Wrapper<java.util.List<com.paascloud.provider.model.dto.menu.UserMenuDto>> com.paascloud.provider.web.admin.UacUserMainController.queryUserMenuDtoData()
2019-02-27 22:51:49.104  INFO [bootstrap,,,] [paascloud-provider-uac,,,,] 12788 --- [           main] s.w.s.m.m.a.RequestMappingHandlerMapping : Mapped "{[/user/user],methods=[GET],produces=[application/json;charset=UTF-8]}" onto public com.paascloud.security.core.SecurityUser com.paascloud.provider.web.admin.UacUserMainController.user()
2019-02-27 22:51:49.104  INFO [bootstrap,,,] [paascloud-provider-uac,,,,] 12788 --- [           main] s.w.s.m.m.a.RequestMappingHandlerMapping : Mapped "{[/user/queryUserLogListWithPage],methods=[POST],produces=[application/json;charset=UTF-8]}" onto public com.paascloud.wrapper.Wrapper<com.github.pagehelper.PageInfo<com.paascloud.provider.model.domain.UacLog>> com.paascloud.provider.web.admin.UacUserMainController.queryUserLogListWithPage(com.paascloud.provider.model.domain.UacLog)
2019-02-27 22:51:49.104  INFO [bootstrap,,,] [paascloud-provider-uac,,,,] 12788 --- [           main] s.w.s.m.m.a.RequestMappingHandlerMapping : Mapped "{[/user/getUacUserById/{userId}],methods=[POST],produces=[application/json;charset=UTF-8]}" onto public com.paascloud.wrapper.Wrapper<com.paascloud.provider.model.domain.UacUser> com.paascloud.provider.web.admin.UacUserMainController.getUacUserById(java.lang.Long)
2019-02-27 22:51:49.104  INFO [bootstrap,,,] [paascloud-provider-uac,,,,] 12788 --- [           main] s.w.s.m.m.a.RequestMappingHandlerMapping : Mapped "{[/user/save],methods=[POST],produces=[application/json;charset=UTF-8]}" onto public com.paascloud.wrapper.Wrapper<java.lang.Integer> com.paascloud.provider.web.admin.UacUserMainController.addUacUser(com.paascloud.provider.model.domain.UacUser)
2019-02-27 22:51:49.104  INFO [bootstrap,,,] [paascloud-provider-uac,,,,] 12788 --- [           main] s.w.s.m.m.a.RequestMappingHandlerMapping : Mapped "{[/user/getBindRole/{userId}],methods=[POST],produces=[application/json;charset=UTF-8]}" onto public com.paascloud.wrapper.Wrapper<com.paascloud.provider.model.vo.UserBindRoleVo> com.paascloud.provider.web.admin.UacUserMainController.getBindRole(java.lang.Long)
2019-02-27 22:51:49.105  INFO [bootstrap,,,] [paascloud-provider-uac,,,,] 12788 --- [           main] s.w.s.m.m.a.RequestMappingHandlerMapping : Mapped "{[/user/modifyUserPwd],methods=[POST],produces=[application/json;charset=UTF-8]}" onto public com.paascloud.wrapper.Wrapper<java.lang.Integer> com.paascloud.provider.web.admin.UacUserPasswordController.modifyUserPwd(com.paascloud.provider.model.dto.user.UserModifyPwdDto)
2019-02-27 22:51:49.105  INFO [bootstrap,,,] [paascloud-provider-uac,,,,] 12788 --- [           main] s.w.s.m.m.a.RequestMappingHandlerMapping : Mapped "{[/user/registerUser],methods=[POST],produces=[application/json;charset=UTF-8]}" onto public com.paascloud.wrapper.Wrapper com.paascloud.provider.web.admin.UacUserPasswordController.registerUser(com.paascloud.provider.model.dto.user.UserRegisterDto)
2019-02-27 22:51:49.105  INFO [bootstrap,,,] [paascloud-provider-uac,,,,] 12788 --- [           main] s.w.s.m.m.a.RequestMappingHandlerMapping : Mapped "{[/email/checkRestEmailCode],methods=[POST],produces=[application/json;charset=UTF-8]}" onto public com.paascloud.wrapper.Wrapper com.paascloud.provider.web.mall.EmailController.checkRestEmailCode(com.paascloud.provider.model.dto.email.SendEmailMessage)
2019-02-27 22:51:49.105  INFO [bootstrap,,,] [paascloud-provider-uac,,,,] 12788 --- [           main] s.w.s.m.m.a.RequestMappingHandlerMapping : Mapped "{[/email/sendRestEmailCode],methods=[POST],produces=[application/json;charset=UTF-8]}" onto public com.paascloud.wrapper.Wrapper<java.lang.String> com.paascloud.provider.web.mall.EmailController.sendRestEmailCode(com.paascloud.provider.model.dto.email.SendEmailMessage)
2019-02-27 22:51:49.106  INFO [bootstrap,,,] [paascloud-provider-uac,,,,] 12788 --- [           main] s.w.s.m.m.a.RequestMappingHandlerMapping : Mapped "{[/auth/category/getProductCategoryDtoByPid/{pid}],methods=[GET],produces=[application/json;charset=UTF-8]}" onto public com.paascloud.wrapper.Wrapper<java.util.List<com.paascloud.provider.model.dto.ProductCategoryDto>> com.paascloud.provider.web.mall.MallAuthRestController.getProductCategoryDtoByPid(java.lang.Long)
2019-02-27 22:51:49.106  INFO [bootstrap,,,] [paascloud-provider-uac,,,,] 12788 --- [           main] s.w.s.m.m.a.RequestMappingHandlerMapping : Mapped "{[/auth/product/queryProductDetail/{productId}],methods=[GET],produces=[application/json;charset=UTF-8]}" onto public com.paascloud.wrapper.Wrapper<com.paascloud.provider.model.vo.ProductDetailVo> com.paascloud.provider.web.mall.MallAuthRestController.queryProductDetail(java.lang.Long)
2019-02-27 22:51:49.106  INFO [bootstrap,,,] [paascloud-provider-uac,,,,] 12788 --- [           main] s.w.s.m.m.a.RequestMappingHandlerMapping : Mapped "{[/auth/product/queryProductList],methods=[POST],produces=[application/json;charset=UTF-8]}" onto public com.paascloud.wrapper.Wrapper<com.github.pagehelper.PageInfo> com.paascloud.provider.web.mall.MallAuthRestController.queryProductList(com.paascloud.provider.model.dto.ProductReqDto)
2019-02-27 22:51:49.107  INFO [bootstrap,,,] [paascloud-provider-uac,,,,] 12788 --- [           main] s.w.s.m.m.a.RequestMappingHandlerMapping : Mapped "{[/cart/selectAllProduct],methods=[POST],produces=[application/json;charset=UTF-8]}" onto public com.paascloud.wrapper.Wrapper com.paascloud.provider.web.mall.MallCartController.selectAll()
2019-02-27 22:51:49.107  INFO [bootstrap,,,] [paascloud-provider-uac,,,,] 12788 --- [           main] s.w.s.m.m.a.RequestMappingHandlerMapping : Mapped "{[/cart/selectProduct/{productId}],methods=[POST],produces=[application/json;charset=UTF-8]}" onto public com.paascloud.wrapper.Wrapper com.paascloud.provider.web.mall.MallCartController.select(java.lang.Long)
2019-02-27 22:51:49.107  INFO [bootstrap,,,] [paascloud-provider-uac,,,,] 12788 --- [           main] s.w.s.m.m.a.RequestMappingHandlerMapping : Mapped "{[/cart/deleteProduct/{productIds}],methods=[POST],produces=[application/json;charset=UTF-8]}" onto public com.paascloud.wrapper.Wrapper com.paascloud.provider.web.mall.MallCartController.deleteProduct(java.lang.String)
2019-02-27 22:51:49.107  INFO [bootstrap,,,] [paascloud-provider-uac,,,,] 12788 --- [           main] s.w.s.m.m.a.RequestMappingHandlerMapping : Mapped "{[/cart/unSelectProduct/{productId}],methods=[POST],produces=[application/json;charset=UTF-8]}" onto public com.paascloud.wrapper.Wrapper com.paascloud.provider.web.mall.MallCartController.unSelect(java.lang.Long)
2019-02-27 22:51:49.107  INFO [bootstrap,,,] [paascloud-provider-uac,,,,] 12788 --- [           main] s.w.s.m.m.a.RequestMappingHandlerMapping : Mapped "{[/cart/mergeUserCart],methods=[POST],produces=[application/json;charset=UTF-8]}" onto public com.paascloud.wrapper.Wrapper<com.paascloud.provider.model.vo.CartVo> com.paascloud.provider.web.mall.MallCartController.mergeUserCart(com.paascloud.provider.model.dto.omc.CartListQuery)
2019-02-27 22:51:49.107  INFO [bootstrap,,,] [paascloud-provider-uac,,,,] 12788 --- [           main] s.w.s.m.m.a.RequestMappingHandlerMapping : Mapped "{[/cart/unSelectAllProduct],methods=[POST],produces=[application/json;charset=UTF-8]}" onto public com.paascloud.wrapper.Wrapper com.paascloud.provider.web.mall.MallCartController.unSelectAll()
2019-02-27 22:51:49.108  INFO [bootstrap,,,] [paascloud-provider-uac,,,,] 12788 --- [           main] s.w.s.m.m.a.RequestMappingHandlerMapping : Mapped "{[/cart/addProduct/{productId}/{count}],methods=[POST],produces=[application/json;charset=UTF-8]}" onto public com.paascloud.wrapper.Wrapper com.paascloud.provider.web.mall.MallCartController.addProduct(java.lang.Long,java.lang.Integer)
2019-02-27 22:51:49.108  INFO [bootstrap,,,] [paascloud-provider-uac,,,,] 12788 --- [           main] s.w.s.m.m.a.RequestMappingHandlerMapping : Mapped "{[/cart/updateProduct/{productId}/{count}],methods=[POST],produces=[application/json;charset=UTF-8]}" onto public com.paascloud.wrapper.Wrapper com.paascloud.provider.web.mall.MallCartController.updateProduct(java.lang.Long,java.lang.Integer)
2019-02-27 22:51:49.108  INFO [bootstrap,,,] [paascloud-provider-uac,,,,] 12788 --- [           main] s.w.s.m.m.a.RequestMappingHandlerMapping : Mapped "{[/user/updateInformation],methods=[POST],produces=[application/json;charset=UTF-8]}" onto public com.paascloud.wrapper.Wrapper<com.paascloud.provider.model.dto.user.UserInfoDto> com.paascloud.provider.web.mall.MallUserController.updateInformation(com.paascloud.provider.model.dto.user.UserInfoDto)
2019-02-27 22:51:49.108  INFO [bootstrap,,,] [paascloud-provider-uac,,,,] 12788 --- [           main] s.w.s.m.m.a.RequestMappingHandlerMapping : Mapped "{[/user/getInformation],methods=[POST],produces=[application/json;charset=UTF-8]}" onto public com.paascloud.wrapper.Wrapper<com.paascloud.provider.model.dto.user.UserInfoDto> com.paascloud.provider.web.mall.MallUserController.getInformation()
2019-02-27 22:51:49.109  INFO [bootstrap,,,] [paascloud-provider-uac,,,,] 12788 --- [           main] s.w.s.m.m.a.RequestMappingHandlerMapping : Mapped "{[/api/uac/message/queryMessageListWithPage],methods=[POST]}" onto public com.paascloud.wrapper.Wrapper<com.github.pagehelper.PageInfo<com.paascloud.base.dto.MqMessageVo>> com.paascloud.provider.web.rpc.UacMqMessageFeignClient.queryMessageListWithPage(com.paascloud.base.dto.MessageQueryDto)
2019-02-27 22:51:49.109  INFO [bootstrap,,,] [paascloud-provider-uac,,,,] 12788 --- [           main] s.w.s.m.m.a.RequestMappingHandlerMapping : Mapped "{[/api/uac/message/queryMessageKeyList],methods=[POST]}" onto public com.paascloud.wrapper.Wrapper<java.util.List<java.lang.String>> com.paascloud.provider.web.rpc.UacMqMessageFeignClient.queryMessageKeyList(java.util.List<java.lang.String>)
2019-02-27 22:51:49.109  INFO [bootstrap,,,] [paascloud-provider-uac,,,,] 12788 --- [           main] s.w.s.m.m.a.RequestMappingHandlerMapping : Mapped "{[/api/uac/token/updateTokenOffLine],methods=[POST]}" onto public com.paascloud.wrapper.Wrapper<java.lang.Integer> com.paascloud.provider.web.rpc.UacUserTokenFeignClient.updateTokenOffLine()
2019-02-27 22:51:49.109  INFO [bootstrap,,,] [paascloud-provider-uac,,,,] 12788 --- [           main] s.w.s.m.m.a.RequestMappingHandlerMapping : Mapped "{[/social/user],methods=[GET]}" onto public com.paascloud.security.core.social.support.SocialUserInfo com.paascloud.security.app.AppSecurityController.getSocialUserInfo(javax.servlet.http.HttpServletRequest)
2019-02-27 22:51:49.110  INFO [bootstrap,,,] [paascloud-provider-uac,,,,] 12788 --- [           main] s.w.s.m.m.a.RequestMappingHandlerMapping : Mapped "{[/auth/code/{type}],methods=[POST]}" onto public void com.paascloud.security.core.validate.code.ValidateCodeController.createCode(javax.servlet.http.HttpServletRequest,javax.servlet.http.HttpServletResponse,java.lang.String) throws java.lang.Exception
2019-02-27 22:51:49.110  INFO [bootstrap,,,] [paascloud-provider-uac,,,,] 12788 --- [           main] s.w.s.m.m.a.RequestMappingHandlerMapping : Mapped "{[/auth/code/{type}],methods=[GET]}" onto public java.lang.Object com.paascloud.security.core.validate.code.ValidateCodeController.checkCode(javax.servlet.http.HttpServletRequest,javax.servlet.http.HttpServletResponse,java.lang.String)
2019-02-27 22:51:49.110  INFO [bootstrap,,,] [paascloud-provider-uac,,,,] 12788 --- [           main] s.w.s.m.m.a.RequestMappingHandlerMapping : Mapped "{[/v2/api-docs],methods=[GET],produces=[application/json || application/hal+json]}" onto public org.springframework.http.ResponseEntity<springfox.documentation.spring.web.json.Json> springfox.documentation.swagger2.web.Swagger2Controller.getDocumentation(java.lang.String,javax.servlet.http.HttpServletRequest)
2019-02-27 22:51:49.111  INFO [bootstrap,,,] [paascloud-provider-uac,,,,] 12788 --- [           main] s.w.s.m.m.a.RequestMappingHandlerMapping : Mapped "{[/swagger-resources]}" onto org.springframework.http.ResponseEntity<java.util.List<springfox.documentation.swagger.web.SwaggerResource>> springfox.documentation.swagger.web.ApiResourceController.swaggerResources()
2019-02-27 22:51:49.111  INFO [bootstrap,,,] [paascloud-provider-uac,,,,] 12788 --- [           main] s.w.s.m.m.a.RequestMappingHandlerMapping : Mapped "{[/swagger-resources/configuration/ui]}" onto org.springframework.http.ResponseEntity<springfox.documentation.swagger.web.UiConfiguration> springfox.documentation.swagger.web.ApiResourceController.uiConfiguration()
2019-02-27 22:51:49.111  INFO [bootstrap,,,] [paascloud-provider-uac,,,,] 12788 --- [           main] s.w.s.m.m.a.RequestMappingHandlerMapping : Mapped "{[/swagger-resources/configuration/security]}" onto org.springframework.http.ResponseEntity<springfox.documentation.swagger.web.SecurityConfiguration> springfox.documentation.swagger.web.ApiResourceController.securityConfiguration()
2019-02-27 22:51:49.112  INFO [bootstrap,,,] [paascloud-provider-uac,,,,] 12788 --- [           main] s.w.s.m.m.a.RequestMappingHandlerMapping : Mapped "{[/error]}" onto public org.springframework.http.ResponseEntity<java.util.Map<java.lang.String, java.lang.Object>> org.springframework.boot.autoconfigure.web.BasicErrorController.error(javax.servlet.http.HttpServletRequest)
2019-02-27 22:51:49.113  INFO [bootstrap,,,] [paascloud-provider-uac,,,,] 12788 --- [           main] s.w.s.m.m.a.RequestMappingHandlerMapping : Mapped "{[/error],produces=[text/html]}" onto public org.springframework.web.servlet.ModelAndView org.springframework.boot.autoconfigure.web.BasicErrorController.errorHtml(javax.servlet.http.HttpServletRequest,javax.servlet.http.HttpServletResponse)
2019-02-27 22:51:49.115  INFO [bootstrap,,,] [paascloud-provider-uac,,,,] 12788 --- [           main] s.w.s.m.m.a.RequestMappingHandlerMapping : Mapped "{[/connect/{providerId}],methods=[POST]}" onto public org.springframework.web.servlet.view.RedirectView org.springframework.social.connect.web.ConnectController.connect(java.lang.String,org.springframework.web.context.request.NativeWebRequest)
2019-02-27 22:51:49.115  INFO [bootstrap,,,] [paascloud-provider-uac,,,,] 12788 --- [           main] s.w.s.m.m.a.RequestMappingHandlerMapping : Mapped "{[/connect],methods=[GET]}" onto public java.lang.String org.springframework.social.connect.web.ConnectController.connectionStatus(org.springframework.web.context.request.NativeWebRequest,org.springframework.ui.Model)
2019-02-27 22:51:49.115  INFO [bootstrap,,,] [paascloud-provider-uac,,,,] 12788 --- [           main] s.w.s.m.m.a.RequestMappingHandlerMapping : Mapped "{[/connect/{providerId}],methods=[GET]}" onto public java.lang.String org.springframework.social.connect.web.ConnectController.connectionStatus(java.lang.String,org.springframework.web.context.request.NativeWebRequest,org.springframework.ui.Model)
2019-02-27 22:51:49.115  INFO [bootstrap,,,] [paascloud-provider-uac,,,,] 12788 --- [           main] s.w.s.m.m.a.RequestMappingHandlerMapping : Mapped "{[/connect/{providerId}/{providerUserId}],methods=[DELETE]}" onto public org.springframework.web.servlet.view.RedirectView org.springframework.social.connect.web.ConnectController.removeConnection(java.lang.String,java.lang.String,org.springframework.web.context.request.NativeWebRequest)
2019-02-27 22:51:49.115  INFO [bootstrap,,,] [paascloud-provider-uac,,,,] 12788 --- [           main] s.w.s.m.m.a.RequestMappingHandlerMapping : Mapped "{[/connect/{providerId}],methods=[GET],params=[oauth_token]}" onto public org.springframework.web.servlet.view.RedirectView org.springframework.social.connect.web.ConnectController.oauth1Callback(java.lang.String,org.springframework.web.context.request.NativeWebRequest)
2019-02-27 22:51:49.115  INFO [bootstrap,,,] [paascloud-provider-uac,,,,] 12788 --- [           main] s.w.s.m.m.a.RequestMappingHandlerMapping : Mapped "{[/connect/{providerId}],methods=[GET],params=[code]}" onto public org.springframework.web.servlet.view.RedirectView org.springframework.social.connect.web.ConnectController.oauth2Callback(java.lang.String,org.springframework.web.context.request.NativeWebRequest)
2019-02-27 22:51:49.115  INFO [bootstrap,,,] [paascloud-provider-uac,,,,] 12788 --- [           main] s.w.s.m.m.a.RequestMappingHandlerMapping : Mapped "{[/connect/{providerId}],methods=[GET],params=[error]}" onto public org.springframework.web.servlet.view.RedirectView org.springframework.social.connect.web.ConnectController.oauth2ErrorCallback(java.lang.String,java.lang.String,java.lang.String,java.lang.String,org.springframework.web.context.request.NativeWebRequest)
2019-02-27 22:51:49.116  INFO [bootstrap,,,] [paascloud-provider-uac,,,,] 12788 --- [           main] s.w.s.m.m.a.RequestMappingHandlerMapping : Mapped "{[/connect/{providerId}],methods=[DELETE]}" onto public org.springframework.web.servlet.view.RedirectView org.springframework.social.connect.web.ConnectController.removeConnections(java.lang.String,org.springframework.web.context.request.NativeWebRequest)
2019-02-27 22:51:49.150  INFO [bootstrap,,,] [paascloud-provider-uac,,,,] 12788 --- [           main] .s.o.p.e.FrameworkEndpointHandlerMapping : Mapped "{[/oauth/authorize],methods=[POST],params=[user_oauth_approval]}" onto public org.springframework.web.servlet.View org.springframework.security.oauth2.provider.endpoint.AuthorizationEndpoint.approveOrDeny(java.util.Map<java.lang.String, java.lang.String>,java.util.Map<java.lang.String, ?>,org.springframework.web.bind.support.SessionStatus,java.security.Principal)
2019-02-27 22:51:49.150  INFO [bootstrap,,,] [paascloud-provider-uac,,,,] 12788 --- [           main] .s.o.p.e.FrameworkEndpointHandlerMapping : Mapped "{[/oauth/authorize]}" onto public org.springframework.web.servlet.ModelAndView org.springframework.security.oauth2.provider.endpoint.AuthorizationEndpoint.authorize(java.util.Map<java.lang.String, java.lang.Object>,java.util.Map<java.lang.String, java.lang.String>,org.springframework.web.bind.support.SessionStatus,java.security.Principal)
2019-02-27 22:51:49.151  INFO [bootstrap,,,] [paascloud-provider-uac,,,,] 12788 --- [           main] .s.o.p.e.FrameworkEndpointHandlerMapping : Mapped "{[/oauth/token],methods=[POST]}" onto public org.springframework.http.ResponseEntity<org.springframework.security.oauth2.common.OAuth2AccessToken> org.springframework.security.oauth2.provider.endpoint.TokenEndpoint.postAccessToken(java.security.Principal,java.util.Map<java.lang.String, java.lang.String>) throws org.springframework.web.HttpRequestMethodNotSupportedException
2019-02-27 22:51:49.151  INFO [bootstrap,,,] [paascloud-provider-uac,,,,] 12788 --- [           main] .s.o.p.e.FrameworkEndpointHandlerMapping : Mapped "{[/oauth/token],methods=[GET]}" onto public org.springframework.http.ResponseEntity<org.springframework.security.oauth2.common.OAuth2AccessToken> org.springframework.security.oauth2.provider.endpoint.TokenEndpoint.getAccessToken(java.security.Principal,java.util.Map<java.lang.String, java.lang.String>) throws org.springframework.web.HttpRequestMethodNotSupportedException
2019-02-27 22:51:49.151  INFO [bootstrap,,,] [paascloud-provider-uac,,,,] 12788 --- [           main] .s.o.p.e.FrameworkEndpointHandlerMapping : Mapped "{[/oauth/check_token]}" onto public java.util.Map<java.lang.String, ?> org.springframework.security.oauth2.provider.endpoint.CheckTokenEndpoint.checkToken(java.lang.String)
2019-02-27 22:51:49.151  INFO [bootstrap,,,] [paascloud-provider-uac,,,,] 12788 --- [           main] .s.o.p.e.FrameworkEndpointHandlerMapping : Mapped "{[/oauth/confirm_access]}" onto public org.springframework.web.servlet.ModelAndView org.springframework.security.oauth2.provider.endpoint.WhitelabelApprovalEndpoint.getAccessConfirmation(java.util.Map<java.lang.String, java.lang.Object>,javax.servlet.http.HttpServletRequest) throws java.lang.Exception
2019-02-27 22:51:49.151  INFO [bootstrap,,,] [paascloud-provider-uac,,,,] 12788 --- [           main] .s.o.p.e.FrameworkEndpointHandlerMapping : Mapped "{[/oauth/error]}" onto public org.springframework.web.servlet.ModelAndView org.springframework.security.oauth2.provider.endpoint.WhitelabelErrorEndpoint.handleError(javax.servlet.http.HttpServletRequest)
2019-02-27 22:51:49.154  INFO [bootstrap,,,] [paascloud-provider-uac,,,,] 12788 --- [           main] .s.o.p.e.FrameworkEndpointHandlerMapping : Mapped "{[/oauth/token_key],methods=[GET]}" onto public java.util.Map<java.lang.String, java.lang.String> org.springframework.security.oauth2.provider.endpoint.TokenKeyEndpoint.getKey(java.security.Principal)
2019-02-27 22:51:50.516  INFO [bootstrap,,,] [paascloud-provider-uac,,,,] 12788 --- [           main] o.s.cloud.commons.util.InetUtils         : Cannot determine local hostname
2019-02-27 22:51:51.826  INFO [bootstrap,,,] [paascloud-provider-uac,,,,] 12788 --- [           main] o.s.cloud.commons.util.InetUtils         : Cannot determine local hostname
2019-02-27 22:51:52.660  INFO [bootstrap,,,] [paascloud-provider-uac,,,,] 12788 --- [           main] com.alibaba.druid.pool.DruidDataSource   : {dataSource-6} inited
2019-02-27 22:51:52.751  INFO [bootstrap,,,] [paascloud-provider-uac,,,,] 12788 --- [           main] liquibase                                : Successfully acquired change log lock
2019-02-27 22:51:52.792  INFO [bootstrap,,,] [paascloud-provider-uac,,,,] 12788 --- [           main] liquibase                                : Reading from paascloud_uac.DATABASECHANGELOG
2019-02-27 22:51:52.850  INFO [bootstrap,,,] [paascloud-provider-uac,,,,] 12788 --- [           main] liquibase                                : Successfully released change log lock
2019-02-27 22:51:52.914  INFO [bootstrap,,,] [paascloud-provider-uac,,,,] 12788 --- [           main] o.s.b.a.e.mvc.EndpointHandlerMapping     : Mapped "{[/archaius || /archaius.json],methods=[GET],produces=[application/vnd.spring-boot.actuator.v1+json || application/json]}" onto public java.lang.Object org.springframework.boot.actuate.endpoint.mvc.EndpointMvcAdapter.invoke()
2019-02-27 22:51:52.914  INFO [bootstrap,,,] [paascloud-provider-uac,,,,] 12788 --- [           main] o.s.b.a.e.mvc.EndpointHandlerMapping     : Mapped "{[/beans || /beans.json],methods=[GET],produces=[application/vnd.spring-boot.actuator.v1+json || application/json]}" onto public java.lang.Object org.springframework.boot.actuate.endpoint.mvc.EndpointMvcAdapter.invoke()
2019-02-27 22:51:52.914  INFO [bootstrap,,,] [paascloud-provider-uac,,,,] 12788 --- [           main] o.s.b.a.e.mvc.EndpointHandlerMapping     : Mapped "{[/dump || /dump.json],methods=[GET],produces=[application/vnd.spring-boot.actuator.v1+json || application/json]}" onto public java.lang.Object org.springframework.boot.actuate.endpoint.mvc.EndpointMvcAdapter.invoke()
2019-02-27 22:51:52.915  INFO [bootstrap,,,] [paascloud-provider-uac,,,,] 12788 --- [           main] o.s.b.a.e.mvc.EndpointHandlerMapping     : Mapped "{[/health || /health.json],methods=[GET],produces=[application/vnd.spring-boot.actuator.v1+json || application/json]}" onto public java.lang.Object org.springframework.boot.actuate.endpoint.mvc.HealthMvcEndpoint.invoke(javax.servlet.http.HttpServletRequest,java.security.Principal)
2019-02-27 22:51:52.915  INFO [bootstrap,,,] [paascloud-provider-uac,,,,] 12788 --- [           main] o.s.b.a.e.mvc.EndpointHandlerMapping     : Mapped "{[/service-registry/instance-status],methods=[POST]}" onto public org.springframework.http.ResponseEntity<?> org.springframework.cloud.client.serviceregistry.endpoint.ServiceRegistryEndpoint.setStatus(java.lang.String)
2019-02-27 22:51:52.915  INFO [bootstrap,,,] [paascloud-provider-uac,,,,] 12788 --- [           main] o.s.b.a.e.mvc.EndpointHandlerMapping     : Mapped "{[/service-registry/instance-status],methods=[GET]}" onto public org.springframework.http.ResponseEntity org.springframework.cloud.client.serviceregistry.endpoint.ServiceRegistryEndpoint.getStatus()
2019-02-27 22:51:52.915  INFO [bootstrap,,,] [paascloud-provider-uac,,,,] 12788 --- [           main] o.s.b.a.e.mvc.EndpointHandlerMapping     : Mapped "{[/features || /features.json],methods=[GET],produces=[application/vnd.spring-boot.actuator.v1+json || application/json]}" onto public java.lang.Object org.springframework.boot.actuate.endpoint.mvc.EndpointMvcAdapter.invoke()
2019-02-27 22:51:52.915  INFO [bootstrap,,,] [paascloud-provider-uac,,,,] 12788 --- [           main] o.s.b.a.e.mvc.EndpointHandlerMapping     : Mapped "{[/mappings || /mappings.json],methods=[GET],produces=[application/vnd.spring-boot.actuator.v1+json || application/json]}" onto public java.lang.Object org.springframework.boot.actuate.endpoint.mvc.EndpointMvcAdapter.invoke()
2019-02-27 22:51:52.916  INFO [bootstrap,,,] [paascloud-provider-uac,,,,] 12788 --- [           main] o.s.b.a.e.mvc.EndpointHandlerMapping     : Mapped "{[/configprops || /configprops.json],methods=[GET],produces=[application/vnd.spring-boot.actuator.v1+json || application/json]}" onto public java.lang.Object org.springframework.boot.actuate.endpoint.mvc.EndpointMvcAdapter.invoke()
2019-02-27 22:51:52.916  INFO [bootstrap,,,] [paascloud-provider-uac,,,,] 12788 --- [           main] o.s.b.a.e.mvc.EndpointHandlerMapping     : Mapped "{[/hystrix.stream/**]}" onto public org.springframework.web.servlet.ModelAndView org.springframework.cloud.netflix.endpoint.ServletWrappingEndpoint.handle(javax.servlet.http.HttpServletRequest,javax.servlet.http.HttpServletResponse) throws java.lang.Exception
2019-02-27 22:51:52.916  INFO [bootstrap,,,] [paascloud-provider-uac,,,,] 12788 --- [           main] o.s.b.a.e.mvc.EndpointHandlerMapping     : Mapped "{[/metrics/{name:.*}],methods=[GET],produces=[application/vnd.spring-boot.actuator.v1+json || application/json]}" onto public java.lang.Object org.springframework.boot.actuate.endpoint.mvc.MetricsMvcEndpoint.value(java.lang.String)
2019-02-27 22:51:52.916  INFO [bootstrap,,,] [paascloud-provider-uac,,,,] 12788 --- [           main] o.s.b.a.e.mvc.EndpointHandlerMapping     : Mapped "{[/metrics || /metrics.json],methods=[GET],produces=[application/vnd.spring-boot.actuator.v1+json || application/json]}" onto public java.lang.Object org.springframework.boot.actuate.endpoint.mvc.EndpointMvcAdapter.invoke()
2019-02-27 22:51:52.917  INFO [bootstrap,,,] [paascloud-provider-uac,,,,] 12788 --- [           main] o.s.b.a.e.mvc.EndpointHandlerMapping     : Mapped "{[/info || /info.json],methods=[GET],produces=[application/vnd.spring-boot.actuator.v1+json || application/json]}" onto public java.lang.Object org.springframework.boot.actuate.endpoint.mvc.EndpointMvcAdapter.invoke()
2019-02-27 22:51:52.917  INFO [bootstrap,,,] [paascloud-provider-uac,,,,] 12788 --- [           main] o.s.b.a.e.mvc.EndpointHandlerMapping     : Mapped "{[/autoconfig || /autoconfig.json],methods=[GET],produces=[application/vnd.spring-boot.actuator.v1+json || application/json]}" onto public java.lang.Object org.springframework.boot.actuate.endpoint.mvc.EndpointMvcAdapter.invoke()
2019-02-27 22:51:52.917  INFO [bootstrap,,,] [paascloud-provider-uac,,,,] 12788 --- [           main] o.s.b.a.e.mvc.EndpointHandlerMapping     : Mapped "{[/loggers/{name:.*}],methods=[GET],produces=[application/vnd.spring-boot.actuator.v1+json || application/json]}" onto public java.lang.Object org.springframework.boot.actuate.endpoint.mvc.LoggersMvcEndpoint.get(java.lang.String)
2019-02-27 22:51:52.917  INFO [bootstrap,,,] [paascloud-provider-uac,,,,] 12788 --- [           main] o.s.b.a.e.mvc.EndpointHandlerMapping     : Mapped "{[/loggers/{name:.*}],methods=[POST],consumes=[application/vnd.spring-boot.actuator.v1+json || application/json],produces=[application/vnd.spring-boot.actuator.v1+json || application/json]}" onto public java.lang.Object org.springframework.boot.actuate.endpoint.mvc.LoggersMvcEndpoint.set(java.lang.String,java.util.Map<java.lang.String, java.lang.String>)
2019-02-27 22:51:52.917  INFO [bootstrap,,,] [paascloud-provider-uac,,,,] 12788 --- [           main] o.s.b.a.e.mvc.EndpointHandlerMapping     : Mapped "{[/loggers || /loggers.json],methods=[GET],produces=[application/vnd.spring-boot.actuator.v1+json || application/json]}" onto public java.lang.Object org.springframework.boot.actuate.endpoint.mvc.EndpointMvcAdapter.invoke()
2019-02-27 22:51:52.918  INFO [bootstrap,,,] [paascloud-provider-uac,,,,] 12788 --- [           main] o.s.b.a.e.mvc.EndpointHandlerMapping     : Mapped "{[/env],methods=[POST]}" onto public java.lang.Object org.springframework.cloud.context.environment.EnvironmentManagerMvcEndpoint.value(java.util.Map<java.lang.String, java.lang.String>)
2019-02-27 22:51:52.918  INFO [bootstrap,,,] [paascloud-provider-uac,,,,] 12788 --- [           main] o.s.b.a.e.mvc.EndpointHandlerMapping     : Mapped "{[/env/reset],methods=[POST]}" onto public java.util.Map<java.lang.String, java.lang.Object> org.springframework.cloud.context.environment.EnvironmentManagerMvcEndpoint.reset()
2019-02-27 22:51:52.918  INFO [bootstrap,,,] [paascloud-provider-uac,,,,] 12788 --- [           main] o.s.b.a.e.mvc.EndpointHandlerMapping     : Mapped "{[/jolokia/**]}" onto public org.springframework.web.servlet.ModelAndView org.springframework.boot.actuate.endpoint.mvc.JolokiaMvcEndpoint.handle(javax.servlet.http.HttpServletRequest,javax.servlet.http.HttpServletResponse) throws java.lang.Exception
2019-02-27 22:51:52.919  INFO [bootstrap,,,] [paascloud-provider-uac,,,,] 12788 --- [           main] o.s.b.a.e.mvc.EndpointHandlerMapping     : Mapped "{[/env/{name:.*}],methods=[GET],produces=[application/vnd.spring-boot.actuator.v1+json || application/json]}" onto public java.lang.Object org.springframework.boot.actuate.endpoint.mvc.EnvironmentMvcEndpoint.value(java.lang.String)
2019-02-27 22:51:52.919  INFO [bootstrap,,,] [paascloud-provider-uac,,,,] 12788 --- [           main] o.s.b.a.e.mvc.EndpointHandlerMapping     : Mapped "{[/env || /env.json],methods=[GET],produces=[application/vnd.spring-boot.actuator.v1+json || application/json]}" onto public java.lang.Object org.springframework.boot.actuate.endpoint.mvc.EndpointMvcAdapter.invoke()
2019-02-27 22:51:52.919  INFO [bootstrap,,,] [paascloud-provider-uac,,,,] 12788 --- [           main] o.s.b.a.e.mvc.EndpointHandlerMapping     : Mapped "{[/refresh || /refresh.json],methods=[POST]}" onto public java.lang.Object org.springframework.cloud.endpoint.GenericPostableMvcEndpoint.invoke()
2019-02-27 22:51:52.920  INFO [bootstrap,,,] [paascloud-provider-uac,,,,] 12788 --- [           main] o.s.b.a.e.mvc.EndpointHandlerMapping     : Mapped "{[/heapdump || /heapdump.json],methods=[GET],produces=[application/octet-stream]}" onto public void org.springframework.boot.actuate.endpoint.mvc.HeapdumpMvcEndpoint.invoke(boolean,javax.servlet.http.HttpServletRequest,javax.servlet.http.HttpServletResponse) throws java.io.IOException,javax.servlet.ServletException
2019-02-27 22:51:52.921  INFO [bootstrap,,,] [paascloud-provider-uac,,,,] 12788 --- [           main] o.s.b.a.e.mvc.EndpointHandlerMapping     : Mapped "{[/trace || /trace.json],methods=[GET],produces=[application/vnd.spring-boot.actuator.v1+json || application/json]}" onto public java.lang.Object org.springframework.boot.actuate.endpoint.mvc.EndpointMvcAdapter.invoke()
2019-02-27 22:51:52.921  INFO [bootstrap,,,] [paascloud-provider-uac,,,,] 12788 --- [           main] o.s.b.a.e.mvc.EndpointHandlerMapping     : Mapped "{[/auditevents || /auditevents.json],methods=[GET],produces=[application/vnd.spring-boot.actuator.v1+json || application/json]}" onto public org.springframework.http.ResponseEntity<?> org.springframework.boot.actuate.endpoint.mvc.AuditEventsMvcEndpoint.findByPrincipalAndAfterAndType(java.lang.String,java.util.Date,java.lang.String)
2019-02-27 22:51:52.921  INFO [bootstrap,,,] [paascloud-provider-uac,,,,] 12788 --- [           main] o.s.b.a.e.mvc.EndpointHandlerMapping     : Mapped "{[/liquibase || /liquibase.json],methods=[GET],produces=[application/vnd.spring-boot.actuator.v1+json || application/json]}" onto public java.lang.Object org.springframework.boot.actuate.endpoint.mvc.EndpointMvcAdapter.invoke()
2019-02-27 22:51:53.309  INFO [bootstrap,,,] [paascloud-provider-uac,,,,] 12788 --- [           main] c.p.p.config.AliyunMqConfiguration       : RocketMq UacPushConsumer topic = TPC_TOPIC, tags=DELETE_CONSUMER_MESSAGE||DELETE_PRODUCER_MESSAGE
2019-02-27 22:51:53.363  INFO [bootstrap,,,] [paascloud-provider-uac,,,,] 12788 --- [           main] o.s.w.s.handler.SimpleUrlHandlerMapping  : Mapped URL path [/**] onto handler of type [class org.springframework.web.servlet.resource.ResourceHttpRequestHandler]
2019-02-27 22:51:53.407  INFO [bootstrap,,,] [paascloud-provider-uac,,,,] 12788 --- [           main] s.w.s.m.m.a.RequestMappingHandlerAdapter : Looking for @ControllerAdvice: org.springframework.web.context.support.GenericWebApplicationContext@3b80c4c7: startup date [Wed Feb 27 22:51:42 CST 2019]; parent: org.springframework.context.annotation.AnnotationConfigApplicationContext@a469f79
2019-02-27 22:51:53.444  INFO [bootstrap,,,] [paascloud-provider-uac,,,,] 12788 --- [           main] .m.m.a.ExceptionHandlerExceptionResolver : Detected @ExceptionHandler methods in globalExceptionHandler
2019-02-27 22:51:53.794  WARN [bootstrap,,,] [paascloud-provider-uac,,,,] 12788 --- [           main] c.n.c.sources.URLConfigurationSource     : No URLs will be polled as dynamic configuration sources.
2019-02-27 22:51:53.794  INFO [bootstrap,,,] [paascloud-provider-uac,,,,] 12788 --- [           main] c.n.c.sources.URLConfigurationSource     : To enable URLs as dynamic configuration sources, define System property archaius.configurationSource.additionalUrls or make config.properties available on classpath.
2019-02-27 22:51:54.587  INFO [bootstrap,,,] [paascloud-provider-uac,,,,] 12788 --- [           main] o.s.s.web.DefaultSecurityFilterChain     : Creating filter chain: OrRequestMatcher [requestMatchers=[Ant [pattern='/css/**'], Ant [pattern='/js/**'], Ant [pattern='/images/**'], Ant [pattern='/webjars/**'], Ant [pattern='/**/favicon.ico'], Ant [pattern='/error']]], []
2019-02-27 22:51:54.588  INFO [bootstrap,,,] [paascloud-provider-uac,,,,] 12788 --- [           main] o.s.s.web.DefaultSecurityFilterChain     : Creating filter chain: org.springframework.boot.actuate.autoconfigure.ManagementWebSecurityAutoConfiguration$LazyEndpointPathRequestMatcher@6fb4c518, []
2019-02-27 22:51:54.708  INFO [bootstrap,,,] [paascloud-provider-uac,,,,] 12788 --- [           main] o.s.s.web.DefaultSecurityFilterChain     : Creating filter chain: OrRequestMatcher [requestMatchers=[Ant [pattern='/oauth/token'], Ant [pattern='/oauth/token_key'], Ant [pattern='/oauth/check_token']]], [org.springframework.security.web.context.request.async.WebAsyncManagerIntegrationFilter@26310290, org.springframework.security.web.context.SecurityContextPersistenceFilter@643e59e1, org.springframework.security.web.header.HeaderWriterFilter@551dd41c, org.springframework.security.web.authentication.logout.LogoutFilter@714335fd, org.springframework.security.oauth2.provider.client.ClientCredentialsTokenEndpointFilter@14f35864, org.springframework.security.web.authentication.www.BasicAuthenticationFilter@7d450ecc, org.springframework.security.web.savedrequest.RequestCacheAwareFilter@7e71f63a, org.springframework.security.web.servletapi.SecurityContextHolderAwareRequestFilter@6be99fd, org.springframework.security.web.authentication.AnonymousAuthenticationFilter@3006d393, org.springframework.security.web.session.SessionManagementFilter@41e7e3bf, org.springframework.security.web.access.ExceptionTranslationFilter@2141d8b7, org.springframework.security.web.access.intercept.FilterSecurityInterceptor@4ac8d001]
2019-02-27 22:51:54.760  INFO [bootstrap,,,] [paascloud-provider-uac,,,,] 12788 --- [           main] o.s.s.web.DefaultSecurityFilterChain     : Creating filter chain: org.springframework.security.oauth2.config.annotation.web.configuration.ResourceServerConfiguration$NotOAuthRequestMatcher@1aed5f9a, [org.springframework.security.web.context.request.async.WebAsyncManagerIntegrationFilter@6511bcdb, org.springframework.security.web.context.SecurityContextPersistenceFilter@2d3ea634, org.springframework.security.web.header.HeaderWriterFilter@6b5004d4, org.springframework.security.web.authentication.logout.LogoutFilter@7785123d, org.springframework.security.oauth2.provider.authentication.OAuth2AuthenticationProcessingFilter@39d6c9ab, com.paascloud.security.core.validate.code.ValidateCodeFilter@17c95b2a, org.springframework.social.security.SocialAuthenticationFilter@e0b4f6e, org.springframework.security.web.authentication.UsernamePasswordAuthenticationFilter@3169f171, com.paascloud.security.core.authentication.mobile.SmsCodeAuthenticationFilter@15cc2d4c, com.paascloud.security.app.authentication.openid.OpenIdAuthenticationFilter@706e8e63, org.springframework.security.web.savedrequest.RequestCacheAwareFilter@3d83e593, org.springframework.security.web.servletapi.SecurityContextHolderAwareRequestFilter@561e3053, org.springframework.security.web.authentication.AnonymousAuthenticationFilter@f0e7b, org.springframework.security.web.session.SessionManagementFilter@7e6bfa2f, org.springframework.security.web.access.ExceptionTranslationFilter@2536a37b, org.springframework.security.web.access.intercept.FilterSecurityInterceptor@46746670]
2019-02-27 22:51:54.772  INFO [bootstrap,,,] [paascloud-provider-uac,,,,] 12788 --- [           main] o.s.s.web.DefaultSecurityFilterChain     : Creating filter chain: OrRequestMatcher [requestMatchers=[Ant [pattern='/**']]], [org.springframework.security.web.context.request.async.WebAsyncManagerIntegrationFilter@4a273f5e, org.springframework.security.web.context.SecurityContextPersistenceFilter@4bf8ded7, org.springframework.security.web.header.HeaderWriterFilter@5eca83bd, org.springframework.security.web.authentication.logout.LogoutFilter@2189106, org.springframework.security.web.authentication.www.BasicAuthenticationFilter@f1bf9f4, org.springframework.security.web.savedrequest.RequestCacheAwareFilter@76ae52cf, org.springframework.security.web.servletapi.SecurityContextHolderAwareRequestFilter@7cf3f0cc, org.springframework.security.web.authentication.AnonymousAuthenticationFilter@2a002f0e, org.springframework.security.web.session.SessionManagementFilter@3a8883af, org.springframework.security.web.access.ExceptionTranslationFilter@44df3699, org.springframework.security.web.access.intercept.FilterSecurityInterceptor@7e63ba1a]
2019-02-27 22:51:55.296  INFO [bootstrap,,,] [paascloud-provider-uac,,,,] 12788 --- [           main] com.netflix.discovery.DiscoveryClient    : Shutting down DiscoveryClient ...
2019-02-27 22:51:55.301  INFO [bootstrap,,,] [paascloud-provider-uac,,,,] 12788 --- [           main] com.netflix.discovery.DiscoveryClient    : Completed shut down of DiscoveryClient
2019-02-27 22:51:55.467  INFO [bootstrap,,,] [paascloud-provider-uac,,,,] 12788 --- [           main] o.s.s.c.ThreadPoolTaskScheduler          : Initializing ExecutorService 
2019-02-27 22:51:55.657  INFO [bootstrap,,,] [paascloud-provider-uac,,,,] 12788 --- [           main] o.s.c.support.DefaultLifecycleProcessor  : Starting beans in phase 0
2019-02-27 22:51:55.657  INFO [bootstrap,,,] [paascloud-provider-uac,,,,] 12788 --- [           main] o.s.c.support.DefaultLifecycleProcessor  : Starting beans in phase 2147483647
2019-02-27 22:51:55.657  INFO [bootstrap,,,] [paascloud-provider-uac,,,,] 12788 --- [           main] d.s.w.p.DocumentationPluginsBootstrapper : Context refreshed
2019-02-27 22:51:55.659  INFO [bootstrap,,,] [paascloud-provider-uac,,,,] 12788 --- [           main] d.s.w.p.DocumentationPluginsBootstrapper : Found 1 custom documentation plugin(s)
2019-02-27 22:51:55.666  INFO [bootstrap,,,] [paascloud-provider-uac,,,,] 12788 --- [           main] s.d.s.w.s.ApiListingReferenceScanner     : Scanning for api listing references
2019-02-27 22:51:55.815  INFO [bootstrap,,,] [paascloud-provider-uac,,,,] 12788 --- [           main] .d.s.w.r.o.CachingOperationNameGenerator : Generating unique operation named: getGroupTreeByIdUsingPOST_1
2019-02-27 22:51:55.911  INFO [bootstrap,,,] [paascloud-provider-uac,,,,] 12788 --- [           main] .d.s.w.r.o.CachingOperationNameGenerator : Generating unique operation named: batchDeleteByIdListUsingPOST_1
2019-02-27 22:51:55.927  INFO [bootstrap,,,] [paascloud-provider-uac,,,,] 12788 --- [           main] .d.s.w.r.o.CachingOperationNameGenerator : Generating unique operation named: saveUsingPOST_1
2019-02-27 22:51:55.930  INFO [bootstrap,,,] [paascloud-provider-uac,,,,] 12788 --- [           main] .d.s.w.r.o.CachingOperationNameGenerator : Generating unique operation named: queryUacActionListWithPageUsingPOST_1
2019-02-27 22:51:55.972  INFO [bootstrap,,,] [paascloud-provider-uac,,,,] 12788 --- [           main] .d.s.w.r.o.CachingOperationNameGenerator : Generating unique operation named: loginAfterUsingPOST_1
2019-02-27 22:51:56.059  INFO [bootstrap,,,] [paascloud-provider-uac,,,,] 12788 --- [           main] .d.s.w.r.o.CachingOperationNameGenerator : Generating unique operation named: registerUserUsingPOST_1
2019-02-27 22:51:56.061  INFO [bootstrap,,,] [paascloud-provider-uac,,,,] 12788 --- [           main] ration$HystrixMetricsPollerConfiguration : Starting poller
2019-02-27 22:51:56.084  INFO [bootstrap,,,] [paascloud-provider-uac,,,,] 12788 --- [           main] c.p.provider.config.RedisInitRunner      : >>>>>>>>>>>>>>>鏈嶅姟鍚姩鎵ц锛屾墽琛屽姞杞芥暟鎹瓑鎿嶄綔 11111111 <<<<<<<<<<<<<
2019-02-27 22:51:56.085  INFO [bootstrap,,,] [paascloud-provider-uac,,,,] 12788 --- [           main] c.p.core.config.ZookeeperInitRunner      : ###ZookeeperInitRunner锛宨nit. HostAddress=192.168.144.1, applicationName=paascloud-provider-uac
2019-02-27 22:51:56.086  INFO [bootstrap,,,] [paascloud-provider-uac,,,,] 12788 --- [           main] o.a.c.f.imps.CuratorFrameworkImpl        : Starting
2019-02-27 22:51:56.086  INFO [bootstrap,,,] [paascloud-provider-uac,,,,] 12788 --- [           main] org.apache.zookeeper.ZooKeeper           : Initiating client connection, connectString=paascloud-provider-zk:2181 sessionTimeout=60000 watcher=org.apache.curator.ConnectionState@4a6b6f26
2019-02-27 22:51:56.091  INFO [bootstrap,,,] [paascloud-provider-uac,,,,] 12788 --- [cloud.net:2181)] org.apache.zookeeper.ClientCnxn          : Opening socket connection to server dev-login.paascloud.net/127.0.0.1:2181. Will not attempt to authenticate using SASL (unknown error)
2019-02-27 22:51:57.095  WARN [bootstrap,,,] [paascloud-provider-uac,,,,] 12788 --- [cloud.net:2181)] org.apache.zookeeper.ClientCnxn          : Session 0x0 for server null, unexpected error, closing socket connection and attempting reconnect

java.net.ConnectException: Connection refused: no further information
	at sun.nio.ch.SocketChannelImpl.checkConnect(Native Method)
	at sun.nio.ch.SocketChannelImpl.finishConnect(SocketChannelImpl.java:717)
	at org.apache.zookeeper.ClientCnxnSocketNIO.doTransport(ClientCnxnSocketNIO.java:361)
	at org.apache.zookeeper.ClientCnxn$SendThread.run(ClientCnxn.java:1081)

2019-02-27 22:51:58.196  INFO [bootstrap,,,] [paascloud-provider-uac,,,,] 12788 --- [cloud.net:2181)] org.apache.zookeeper.ClientCnxn          : Opening socket connection to server dev-login.paascloud.net/127.0.0.1:2181. Will not attempt to authenticate using SASL (unknown error)
2019-02-27 22:51:58.310  INFO [bootstrap,,,] [paascloud-provider-uac,,,,] 12788 --- [task-executor-1] RocketmqClient                           : the consumer [CID_UAC] start beginning. messageModel=CLUSTERING, isUnitMode=false
2019-02-27 22:51:58.478  INFO [bootstrap,,,] [paascloud-provider-uac,,,,] 12788 --- [task-executor-1] RocketmqRemoting                         : name server address updated. NEW : [paascloud-mq-rocket:9876] , OLD: null
2019-02-27 22:51:58.478  INFO [bootstrap,,,] [paascloud-provider-uac,,,,] 12788 --- [task-executor-1] RocketmqClient                           : user specified name server address: paascloud-mq-rocket:9876
2019-02-27 22:51:58.642  INFO [bootstrap,,,] [paascloud-provider-uac,,,,] 12788 --- [task-executor-1] RocketmqClient                           : created a new client Instance, FactoryIndex: 5 ClinetID: 192.168.124.11@12788 ClientConfig [namesrvAddr=paascloud-mq-rocket:9876, clientIP=192.168.124.11, instanceName=12788, clientCallbackExecutorThreads=4, pollNameServerInterval=30000, heartbeatBrokerInterval=30000, persistConsumerOffsetInterval=5000, unitMode=false, unitName=null, vipChannelEnabled=true] V4_1_0_SNAPSHOT, serializeType=JSON
2019-02-27 22:51:58.642  INFO [bootstrap,,,] [paascloud-provider-uac,,,,] 12788 --- [task-executor-1] RocketmqClient                           : Created new MQClientInstance for clientId:[192.168.124.11@12788]
2019-02-27 22:51:58.643  INFO [bootstrap,,,] [paascloud-provider-uac,,,,] 12788 --- [task-executor-1] RocketmqClient                           : the producer [CLIENT_INNER_PRODUCER] start OK. sendMessageWithVIPChannel=true
2019-02-27 22:51:58.643  INFO [bootstrap,,,] [paascloud-provider-uac,,,,] 12788 --- [ebalanceService] RocketmqClient                           : RebalanceService service started
2019-02-27 22:51:58.643  INFO [bootstrap,,,] [paascloud-provider-uac,,,,] 12788 --- [task-executor-1] RocketmqClient                           : the client factory [192.168.124.11@12788] start OK
2019-02-27 22:51:58.643  INFO [bootstrap,,,] [paascloud-provider-uac,,,,] 12788 --- [task-executor-1] RocketmqClient                           : the consumer [CID_UAC] start OK.
2019-02-27 22:51:58.643  INFO [bootstrap,,,] [paascloud-provider-uac,,,,] 12788 --- [task-executor-1] RocketmqRemoting                         : new name server is chosen. OLD: null , NEW: paascloud-mq-rocket:9876. namesrvIndex = 604
2019-02-27 22:51:58.643  INFO [bootstrap,,,] [paascloud-provider-uac,,,,] 12788 --- [lMessageService] RocketmqClient                           : PullMessageService service started
2019-02-27 22:51:58.645  INFO [bootstrap,,,] [paascloud-provider-uac,,,,] 12788 --- [task-executor-1] RocketmqRemoting                         : createChannel: begin to connect remote host[paascloud-mq-rocket:9876] asynchronously
2019-02-27 22:51:58.646  INFO [bootstrap,,,] [paascloud-provider-uac,,,,] 12788 --- [tWorkerThread_1] RocketmqRemoting                         : NETTY CLIENT PIPELINE: CONNECT  UNKNOWN => aascloud-mq-rocket/127.0.0.1:9876
2019-02-27 22:51:58.647  INFO [bootstrap,,,] [paascloud-provider-uac,,,,] 12788 --- [task-executor-1] RocketmqRemoting                         : createChannel: connect remote host[paascloud-mq-rocket:9876] success, DefaultChannelPromise@54bb49d3(success)
2019-02-27 22:51:58.650  WARN [bootstrap,,,] [paascloud-provider-uac,,,,] 12788 --- [task-executor-1] RocketmqClient                           : get Topic [TPC_TOPIC] RouteInfoFromNameServer is not exist value
2019-02-27 22:51:58.651  WARN [bootstrap,,,] [paascloud-provider-uac,,,,] 12788 --- [task-executor-1] RocketmqClient                           : updateTopicRouteInfoFromNameServer Exception

org.apache.rocketmq.client.exception.MQClientException: CODE: 17  DESC: No topic route info in name server for the topic: TPC_TOPIC
See http://rocketmq.apache.org/docs/faq/ for further details.
	at org.apache.rocketmq.client.impl.MQClientAPIImpl.getTopicRouteInfoFromNameServer(MQClientAPIImpl.java:1232)
	at org.apache.rocketmq.client.impl.factory.MQClientInstance.updateTopicRouteInfoFromNameServer(MQClientInstance.java:603)
	at org.apache.rocketmq.client.impl.factory.MQClientInstance.updateTopicRouteInfoFromNameServer(MQClientInstance.java:491)
	at org.apache.rocketmq.client.impl.consumer.DefaultMQPushConsumerImpl.updateTopicSubscribeInfoWhenSubscriptionChanged(DefaultMQPushConsumerImpl.java:803)
	at org.apache.rocketmq.client.impl.consumer.DefaultMQPushConsumerImpl.start(DefaultMQPushConsumerImpl.java:619)
	at org.apache.rocketmq.client.consumer.DefaultMQPushConsumer.start(DefaultMQPushConsumer.java:456)
	at com.paascloud.provider.config.AliyunMqConfiguration.lambda$defaultMQPushConsumer$0(AliyunMqConfiguration.java:78)
	at com.paascloud.core.config.ExceptionHandlingAsyncTaskExecutor.lambda$createWrappedRunnable$2(ExceptionHandlingAsyncTaskExecutor.java:76)
	at java.util.concurrent.ThreadPoolExecutor.runWorker(ThreadPoolExecutor.java:1142)
	at java.util.concurrent.ThreadPoolExecutor$Worker.run(ThreadPoolExecutor.java:617)
	at java.lang.Thread.run(Thread.java:745)

2019-02-27 22:51:58.658  INFO [bootstrap,,,] [paascloud-provider-uac,,,,] 12788 --- [task-executor-1] RocketmqClient                           : the topic[%RETRY%CID_UAC] route info changed, old[null] ,new[TopicRouteData [orderTopicConf=null, queueDatas=[QueueData [brokerName=SC-201706010027, readQueueNums=1, writeQueueNums=1, perm=6, topicSynFlag=0]], brokerDatas=[BrokerData [brokerName=SC-201706010027, brokerAddrs={0=192.168.124.11:10911}]], filterServerTable={}]]
2019-02-27 22:51:58.658  INFO [bootstrap,,,] [paascloud-provider-uac,,,,] 12788 --- [task-executor-1] RocketmqClient                           : topicRouteTable.put. Topic = %RETRY%CID_UAC, TopicRouteData[TopicRouteData [orderTopicConf=null, queueDatas=[QueueData [brokerName=SC-201706010027, readQueueNums=1, writeQueueNums=1, perm=6, topicSynFlag=0]], brokerDatas=[BrokerData [brokerName=SC-201706010027, brokerAddrs={0=192.168.124.11:10911}]], filterServerTable={}]]
2019-02-27 22:51:58.659  INFO [bootstrap,,,] [paascloud-provider-uac,,,,] 12788 --- [task-executor-1] RocketmqRemoting                         : createChannel: begin to connect remote host[192.168.124.11:10911] asynchronously
2019-02-27 22:51:58.662  WARN [bootstrap,,,] [paascloud-provider-uac,,,,] 12788 --- [ScheduledThread] RocketmqClient                           : get Topic [TPC_TOPIC] RouteInfoFromNameServer is not exist value
2019-02-27 22:51:58.662  WARN [bootstrap,,,] [paascloud-provider-uac,,,,] 12788 --- [ScheduledThread] RocketmqClient                           : updateTopicRouteInfoFromNameServer Exception

org.apache.rocketmq.client.exception.MQClientException: CODE: 17  DESC: No topic route info in name server for the topic: TPC_TOPIC
See http://rocketmq.apache.org/docs/faq/ for further details.
	at org.apache.rocketmq.client.impl.MQClientAPIImpl.getTopicRouteInfoFromNameServer(MQClientAPIImpl.java:1232)
	at org.apache.rocketmq.client.impl.factory.MQClientInstance.updateTopicRouteInfoFromNameServer(MQClientInstance.java:603)
	at org.apache.rocketmq.client.impl.factory.MQClientInstance.updateTopicRouteInfoFromNameServer(MQClientInstance.java:491)
	at org.apache.rocketmq.client.impl.factory.MQClientInstance.updateTopicRouteInfoFromNameServer(MQClientInstance.java:360)
	at org.apache.rocketmq.client.impl.factory.MQClientInstance$3.run(MQClientInstance.java:277)
	at java.util.concurrent.Executors$RunnableAdapter.call(Executors.java:511)
	at java.util.concurrent.FutureTask.runAndReset(FutureTask.java:308)
	at java.util.concurrent.ScheduledThreadPoolExecutor$ScheduledFutureTask.access$301(ScheduledThreadPoolExecutor.java:180)
	at java.util.concurrent.ScheduledThreadPoolExecutor$ScheduledFutureTask.run(ScheduledThreadPoolExecutor.java:294)
	at java.util.concurrent.ThreadPoolExecutor.runWorker(ThreadPoolExecutor.java:1142)
	at java.util.concurrent.ThreadPoolExecutor$Worker.run(ThreadPoolExecutor.java:617)
	at java.lang.Thread.run(Thread.java:745)

2019-02-27 22:51:58.663  INFO [bootstrap,,,] [paascloud-provider-uac,,,,] 12788 --- [tWorkerThread_2] RocketmqRemoting                         : NETTY CLIENT PIPELINE: CONNECT  UNKNOWN => 192.168.124.11:10911
2019-02-27 22:51:58.665  INFO [bootstrap,,,] [paascloud-provider-uac,,,,] 12788 --- [task-executor-1] RocketmqRemoting                         : createChannel: connect remote host[192.168.124.11:10911] success, DefaultChannelPromise@43fcb492(success)
2019-02-27 22:51:58.672  INFO [bootstrap,,,] [paascloud-provider-uac,,,,] 12788 --- [ScheduledThread] RocketmqClient                           : the topic[TBW102] route info changed, old[null] ,new[TopicRouteData [orderTopicConf=null, queueDatas=[QueueData [brokerName=SC-201706010027, readQueueNums=8, writeQueueNums=8, perm=7, topicSynFlag=0]], brokerDatas=[BrokerData [brokerName=SC-201706010027, brokerAddrs={0=192.168.124.11:10911}]], filterServerTable={}]]
2019-02-27 22:51:58.672  INFO [bootstrap,,,] [paascloud-provider-uac,,,,] 12788 --- [ScheduledThread] RocketmqClient                           : updateTopicPublishInfo prev is not null, TopicPublishInfo [orderTopic=false, messageQueueList=[], sendWhichQueue=ThreadLocalIndex{threadLocalIndex=null}, haveTopicRouterInfo=false]
2019-02-27 22:51:58.672  INFO [bootstrap,,,] [paascloud-provider-uac,,,,] 12788 --- [ScheduledThread] RocketmqClient                           : topicRouteTable.put. Topic = TBW102, TopicRouteData[TopicRouteData [orderTopicConf=null, queueDatas=[QueueData [brokerName=SC-201706010027, readQueueNums=8, writeQueueNums=8, perm=7, topicSynFlag=0]], brokerDatas=[BrokerData [brokerName=SC-201706010027, brokerAddrs={0=192.168.124.11:10911}]], filterServerTable={}]]
2019-02-27 22:51:58.672  INFO [bootstrap,,,] [paascloud-provider-uac,,,,] 12788 --- [ublicExecutor_1] RocketmqClient                           : receive broker's notification[192.168.124.11:10911], the consumer group: CID_UAC changed, rebalance immediately
2019-02-27 22:51:58.675  WARN [bootstrap,,,] [paascloud-provider-uac,,,,] 12788 --- [ebalanceService] RocketmqClient                           : get Topic [TPC_TOPIC] RouteInfoFromNameServer is not exist value
2019-02-27 22:51:58.675  WARN [bootstrap,,,] [paascloud-provider-uac,,,,] 12788 --- [ebalanceService] RocketmqClient                           : updateTopicRouteInfoFromNameServer Exception

org.apache.rocketmq.client.exception.MQClientException: CODE: 17  DESC: No topic route info in name server for the topic: TPC_TOPIC
See http://rocketmq.apache.org/docs/faq/ for further details.
	at org.apache.rocketmq.client.impl.MQClientAPIImpl.getTopicRouteInfoFromNameServer(MQClientAPIImpl.java:1232)
	at org.apache.rocketmq.client.impl.factory.MQClientInstance.updateTopicRouteInfoFromNameServer(MQClientInstance.java:603)
	at org.apache.rocketmq.client.impl.factory.MQClientInstance.updateTopicRouteInfoFromNameServer(MQClientInstance.java:491)
	at org.apache.rocketmq.client.impl.factory.MQClientInstance.findConsumerIdList(MQClientInstance.java:1051)
	at org.apache.rocketmq.client.impl.consumer.RebalanceImpl.rebalanceByTopic(RebalanceImpl.java:261)
	at org.apache.rocketmq.client.impl.consumer.RebalanceImpl.doRebalance(RebalanceImpl.java:224)
	at org.apache.rocketmq.client.impl.consumer.DefaultMQPushConsumerImpl.doRebalance(DefaultMQPushConsumerImpl.java:946)
	at org.apache.rocketmq.client.impl.factory.MQClientInstance.doRebalance(MQClientInstance.java:952)
	at org.apache.rocketmq.client.impl.consumer.RebalanceService.run(RebalanceService.java:44)
	at java.lang.Thread.run(Thread.java:745)

2019-02-27 22:51:58.676  WARN [bootstrap,,,] [paascloud-provider-uac,,,,] 12788 --- [ebalanceService] RocketmqClient                           : doRebalance, CID_UAC, but the topic[TPC_TOPIC] not exist.
2019-02-27 22:51:58.676  WARN [bootstrap,,,] [paascloud-provider-uac,,,,] 12788 --- [ebalanceService] RocketmqClient                           : doRebalance, CID_UAC TPC_TOPIC, get consumer id list failed
2019-02-27 22:51:58.677  INFO [bootstrap,,,] [paascloud-provider-uac,,,,] 12788 --- [ebalanceService] RocketmqRemoting                         : createChannel: begin to connect remote host[192.168.124.11:10909] asynchronously
2019-02-27 22:51:58.678  INFO [bootstrap,,,] [paascloud-provider-uac,,,,] 12788 --- [tWorkerThread_3] RocketmqRemoting                         : NETTY CLIENT PIPELINE: CONNECT  UNKNOWN => 192.168.124.11:10909
2019-02-27 22:51:58.680  INFO [bootstrap,,,] [paascloud-provider-uac,,,,] 12788 --- [ebalanceService] RocketmqRemoting                         : createChannel: connect remote host[192.168.124.11:10909] success, DefaultChannelPromise@71f04b6c(success)
2019-02-27 22:51:58.683  INFO [bootstrap,,,] [paascloud-provider-uac,,,,] 12788 --- [task-executor-1] RocketmqClient                           : send heart beat to broker[SC-201706010027 0 192.168.124.11:10911] success
2019-02-27 22:51:58.683  INFO [bootstrap,,,] [paascloud-provider-uac,,,,] 12788 --- [task-executor-1] RocketmqClient                           : HeartbeatData [clientID=192.168.124.11@12788, producerDataSet=[ProducerData [groupName=CLIENT_INNER_PRODUCER]], consumerDataSet=[ConsumerData [groupName=CID_UAC, consumeType=CONSUME_PASSIVELY, messageModel=CLUSTERING, consumeFromWhere=CONSUME_FROM_LAST_OFFSET, unitMode=false, subscriptionDataSet=[SubscriptionData [classFilterMode=false, topic=%RETRY%CID_UAC, subString=*, tagsSet=[], codeSet=[], subVersion=1551279118310, expressionType=null], SubscriptionData [classFilterMode=false, topic=TPC_TOPIC, subString=DELETE_CONSUMER_MESSAGE||DELETE_PRODUCER_MESSAGE, tagsSet=[DELETE_CONSUMER_MESSAGE, DELETE_PRODUCER_MESSAGE], codeSet=[272065714, -1452059570], subVersion=1551279113309, expressionType=null]]]]]
2019-02-27 22:51:58.684  INFO [bootstrap,,,] [paascloud-provider-uac,,,,] 12788 --- [task-executor-1] c.p.p.config.AliyunMqConfiguration       : RocketMq UacPushConsumer OK.
2019-02-27 22:51:58.694  INFO [bootstrap,,,] [paascloud-provider-uac,,,,] 12788 --- [ebalanceService] RocketmqClient                           : remove unnecessary messageQueue offset. group=CID_UAC, mq=MessageQueue [topic=%RETRY%CID_UAC, brokerName=SC-201706010027, queueId=0], offsetTableSize=0
2019-02-27 22:51:58.721  INFO [bootstrap,,,] [paascloud-provider-uac,,,,] 12788 --- [ebalanceService] RocketmqClient                           : doRebalance, CID_UAC, add a new mq, MessageQueue [topic=%RETRY%CID_UAC, brokerName=SC-201706010027, queueId=0]
2019-02-27 22:51:58.721  INFO [bootstrap,,,] [paascloud-provider-uac,,,,] 12788 --- [ebalanceService] RocketmqClient                           : doRebalance, CID_UAC, add a new pull request PullRequest [consumerGroup=CID_UAC, messageQueue=MessageQueue [topic=%RETRY%CID_UAC, brokerName=SC-201706010027, queueId=0], nextOffset=0]
2019-02-27 22:51:58.721  INFO [bootstrap,,,] [paascloud-provider-uac,,,,] 12788 --- [ebalanceService] RocketmqClient                           : rebalanced result changed. allocateMessageQueueStrategyName=AVG, group=CID_UAC, topic=%RETRY%CID_UAC, clientId=192.168.124.11@12788, mqAllSize=1, cidAllSize=1, rebalanceResultSize=1, rebalanceResultSet=[MessageQueue [topic=%RETRY%CID_UAC, brokerName=SC-201706010027, queueId=0]]
2019-02-27 22:51:58.721  INFO [bootstrap,,,] [paascloud-provider-uac,,,,] 12788 --- [ebalanceService] RocketmqClient                           : %RETRY%CID_UAC Rebalance changed, also update version: 1551279118310, 1551279118721
2019-02-27 22:51:58.725  WARN [bootstrap,,,] [paascloud-provider-uac,,,,] 12788 --- [ebalanceService] RocketmqClient                           : get Topic [TPC_TOPIC] RouteInfoFromNameServer is not exist value
2019-02-27 22:51:58.725  WARN [bootstrap,,,] [paascloud-provider-uac,,,,] 12788 --- [ebalanceService] RocketmqClient                           : updateTopicRouteInfoFromNameServer Exception

org.apache.rocketmq.client.exception.MQClientException: CODE: 17  DESC: No topic route info in name server for the topic: TPC_TOPIC
See http://rocketmq.apache.org/docs/faq/ for further details.
	at org.apache.rocketmq.client.impl.MQClientAPIImpl.getTopicRouteInfoFromNameServer(MQClientAPIImpl.java:1232)
	at org.apache.rocketmq.client.impl.factory.MQClientInstance.updateTopicRouteInfoFromNameServer(MQClientInstance.java:603)
	at org.apache.rocketmq.client.impl.factory.MQClientInstance.updateTopicRouteInfoFromNameServer(MQClientInstance.java:491)
	at org.apache.rocketmq.client.impl.factory.MQClientInstance.findConsumerIdList(MQClientInstance.java:1051)
	at org.apache.rocketmq.client.impl.consumer.RebalanceImpl.rebalanceByTopic(RebalanceImpl.java:261)
	at org.apache.rocketmq.client.impl.consumer.RebalanceImpl.doRebalance(RebalanceImpl.java:224)
	at org.apache.rocketmq.client.impl.consumer.DefaultMQPushConsumerImpl.doRebalance(DefaultMQPushConsumerImpl.java:946)
	at org.apache.rocketmq.client.impl.factory.MQClientInstance.doRebalance(MQClientInstance.java:952)
	at org.apache.rocketmq.client.impl.consumer.RebalanceService.run(RebalanceService.java:44)
	at java.lang.Thread.run(Thread.java:745)

2019-02-27 22:51:58.725  WARN [bootstrap,,,] [paascloud-provider-uac,,,,] 12788 --- [ebalanceService] RocketmqClient                           : doRebalance, CID_UAC, but the topic[TPC_TOPIC] not exist.
2019-02-27 22:51:58.725  WARN [bootstrap,,,] [paascloud-provider-uac,,,,] 12788 --- [ebalanceService] RocketmqClient                           : doRebalance, CID_UAC TPC_TOPIC, get consumer id list failed
2019-02-27 22:51:59.196  WARN [bootstrap,,,] [paascloud-provider-uac,,,,] 12788 --- [cloud.net:2181)] org.apache.zookeeper.ClientCnxn          : Session 0x0 for server null, unexpected error, closing socket connection and attempting reconnect

java.net.ConnectException: Connection refused: no further information
	at sun.nio.ch.SocketChannelImpl.checkConnect(Native Method)
	at sun.nio.ch.SocketChannelImpl.finishConnect(SocketChannelImpl.java:717)
	at org.apache.zookeeper.ClientCnxnSocketNIO.doTransport(ClientCnxnSocketNIO.java:361)
	at org.apache.zookeeper.ClientCnxn$SendThread.run(ClientCnxn.java:1081)

2019-02-27 22:52:00.297  INFO [bootstrap,,,] [paascloud-provider-uac,,,,] 12788 --- [cloud.net:2181)] org.apache.zookeeper.ClientCnxn          : Opening socket connection to server dev-login.paascloud.net/127.0.0.1:2181. Will not attempt to authenticate using SASL (unknown error)
2019-02-27 22:52:01.299  WARN [bootstrap,,,] [paascloud-provider-uac,,,,] 12788 --- [cloud.net:2181)] org.apache.zookeeper.ClientCnxn          : Session 0x0 for server null, unexpected error, closing socket connection and attempting reconnect

java.net.ConnectException: Connection refused: no further information
	at sun.nio.ch.SocketChannelImpl.checkConnect(Native Method)
	at sun.nio.ch.SocketChannelImpl.finishConnect(SocketChannelImpl.java:717)
	at org.apache.zookeeper.ClientCnxnSocketNIO.doTransport(ClientCnxnSocketNIO.java:361)
	at org.apache.zookeeper.ClientCnxn$SendThread.run(ClientCnxn.java:1081)

2019-02-27 22:52:02.400  INFO [bootstrap,,,] [paascloud-provider-uac,,,,] 12788 --- [cloud.net:2181)] org.apache.zookeeper.ClientCnxn          : Opening socket connection to server dev-login.paascloud.net/127.0.0.1:2181. Will not attempt to authenticate using SASL (unknown error)
2019-02-27 22:52:03.402  WARN [bootstrap,,,] [paascloud-provider-uac,,,,] 12788 --- [cloud.net:2181)] org.apache.zookeeper.ClientCnxn          : Session 0x0 for server null, unexpected error, closing socket connection and attempting reconnect

java.net.ConnectException: Connection refused: no further information
	at sun.nio.ch.SocketChannelImpl.checkConnect(Native Method)
	at sun.nio.ch.SocketChannelImpl.finishConnect(SocketChannelImpl.java:717)
	at org.apache.zookeeper.ClientCnxnSocketNIO.doTransport(ClientCnxnSocketNIO.java:361)
	at org.apache.zookeeper.ClientCnxn$SendThread.run(ClientCnxn.java:1081)

2019-02-27 22:52:04.502  INFO [bootstrap,,,] [paascloud-provider-uac,,,,] 12788 --- [cloud.net:2181)] org.apache.zookeeper.ClientCnxn          : Opening socket connection to server dev-login.paascloud.net/127.0.0.1:2181. Will not attempt to authenticate using SASL (unknown error)
2019-02-27 22:52:05.089  INFO [bootstrap,,,] [paascloud-provider-uac,,,,] 12788 --- [tor-Framework-0] o.a.c.f.imps.CuratorFrameworkImpl        : backgroundOperationsLoop exiting
2019-02-27 22:52:05.605  INFO [bootstrap,,,] [paascloud-provider-uac,,,,] 12788 --- [           main] org.apache.zookeeper.ZooKeeper           : Session: 0x0 closed
2019-02-27 22:52:05.605  INFO [bootstrap,,,] [paascloud-provider-uac,,,,] 12788 --- [ain-EventThread] org.apache.zookeeper.ClientCnxn          : EventThread shut down
2019-02-27 22:52:05.608  INFO [bootstrap,,,] [paascloud-provider-uac,,,,] 12788 --- [           main] utoConfigurationReportLoggingInitializer : 

Error starting ApplicationContext. To display the auto-configuration report re-run your application with 'debug' enabled.
2019-02-27 22:52:05.614 ERROR [bootstrap,,,] [paascloud-provider-uac,,,,] 12788 --- [           main] o.s.boot.SpringApplication               : Application startup failed

java.lang.IllegalStateException: Failed to execute CommandLineRunner
	at org.springframework.boot.SpringApplication.callRunner(SpringApplication.java:735)
	at org.springframework.boot.SpringApplication.callRunners(SpringApplication.java:716)
	at org.springframework.boot.SpringApplication.afterRefresh(SpringApplication.java:703)
	at org.springframework.boot.SpringApplication.run(SpringApplication.java:304)
	at org.springframework.boot.test.context.SpringBootContextLoader.loadContext(SpringBootContextLoader.java:121)
	at org.springframework.test.context.cache.DefaultCacheAwareContextLoaderDelegate.loadContextInternal(DefaultCacheAwareContextLoaderDelegate.java:98)
	at org.springframework.test.context.cache.DefaultCacheAwareContextLoaderDelegate.loadContext(DefaultCacheAwareContextLoaderDelegate.java:116)
	at org.springframework.test.context.support.DefaultTestContext.getApplicationContext(DefaultTestContext.java:83)
	at org.springframework.test.context.web.ServletTestExecutionListener.setUpRequestContextIfNecessary(ServletTestExecutionListener.java:189)
	at org.springframework.test.context.web.ServletTestExecutionListener.prepareTestInstance(ServletTestExecutionListener.java:131)
	at org.springframework.test.context.TestContextManager.prepareTestInstance(TestContextManager.java:230)
	at org.springframework.test.context.junit4.SpringJUnit4ClassRunner.createTest(SpringJUnit4ClassRunner.java:228)
	at org.springframework.test.context.junit4.SpringJUnit4ClassRunner$1.runReflectiveCall(SpringJUnit4ClassRunner.java:287)
	at org.junit.internal.runners.model.ReflectiveCallable.run(ReflectiveCallable.java:12)
	at org.springframework.test.context.junit4.SpringJUnit4ClassRunner.methodBlock(SpringJUnit4ClassRunner.java:289)
	at org.springframework.test.context.junit4.SpringJUnit4ClassRunner.runChild(SpringJUnit4ClassRunner.java:247)
	at org.springframework.test.context.junit4.SpringJUnit4ClassRunner.runChild(SpringJUnit4ClassRunner.java:94)
	at org.junit.runners.ParentRunner$3.run(ParentRunner.java:290)
	at org.junit.runners.ParentRunner$1.schedule(ParentRunner.java:71)
	at org.junit.runners.ParentRunner.runChildren(ParentRunner.java:288)
	at org.junit.runners.ParentRunner.access$000(ParentRunner.java:58)
	at org.junit.runners.ParentRunner$2.evaluate(ParentRunner.java:268)
	at org.springframework.test.context.junit4.statements.RunBeforeTestClassCallbacks.evaluate(RunBeforeTestClassCallbacks.java:61)
	at org.springframework.test.context.junit4.statements.RunAfterTestClassCallbacks.evaluate(RunAfterTestClassCallbacks.java:70)
	at org.junit.runners.ParentRunner.run(ParentRunner.java:363)
	at org.springframework.test.context.junit4.SpringJUnit4ClassRunner.run(SpringJUnit4ClassRunner.java:191)
	at org.apache.maven.surefire.junit4.JUnit4Provider.execute(JUnit4Provider.java:283)
	at org.apache.maven.surefire.junit4.JUnit4Provider.executeWithRerun(JUnit4Provider.java:173)
	at org.apache.maven.surefire.junit4.JUnit4Provider.executeTestSet(JUnit4Provider.java:153)
	at org.apache.maven.surefire.junit4.JUnit4Provider.invoke(JUnit4Provider.java:128)
	at org.apache.maven.surefire.booter.ForkedBooter.invokeProviderInSameClassLoader(ForkedBooter.java:203)
	at org.apache.maven.surefire.booter.ForkedBooter.runSuitesInProcess(ForkedBooter.java:155)
	at org.apache.maven.surefire.booter.ForkedBooter.main(ForkedBooter.java:103)
Caused by: com.paascloud.core.registry.exception.RegException: org.apache.zookeeper.KeeperException$OperationTimeoutException: KeeperErrorCode = OperationTimeout
	at com.paascloud.core.registry.exception.RegExceptionHandler.handleException(RegExceptionHandler.java:35)
	at com.paascloud.core.registry.zookeeper.ZookeeperRegistryCenter.init(ZookeeperRegistryCenter.java:105)
	at com.paascloud.core.registry.RegistryCenterFactory.createCoordinatorRegistryCenter(RegistryCenterFactory.java:44)
	at com.paascloud.core.registry.RegistryCenterFactory.startup(RegistryCenterFactory.java:57)
	at com.paascloud.core.config.ZookeeperInitRunner.run(ZookeeperInitRunner.java:50)
	at org.springframework.boot.SpringApplication.callRunner(SpringApplication.java:732)
	... 32 common frames omitted
Caused by: org.apache.zookeeper.KeeperException$OperationTimeoutException: KeeperErrorCode = OperationTimeout
	at com.paascloud.core.registry.zookeeper.ZookeeperRegistryCenter.init(ZookeeperRegistryCenter.java:99)
	... 36 common frames omitted

2019-02-27 22:52:05.614  INFO [bootstrap,,,] [paascloud-provider-uac,,,,] 12788 --- [           main] o.s.w.c.s.GenericWebApplicationContext   : Closing org.springframework.web.context.support.GenericWebApplicationContext@3b80c4c7: startup date [Wed Feb 27 22:51:42 CST 2019]; parent: org.springframework.context.annotation.AnnotationConfigApplicationContext@a469f79
2019-02-27 22:52:05.618  INFO [bootstrap,,,] [paascloud-provider-uac,,,,] 12788 --- [           main] o.s.c.n.eureka.InstanceInfoFactory       : Setting initial instance status as: STARTING
2019-02-27 22:52:05.622  INFO [bootstrap,,,] [paascloud-provider-uac,,,,] 12788 --- [           main] o.s.c.n.e.s.EurekaServiceRegistry        : Unregistering application paascloud-provider-uac with eureka with status DOWN
2019-02-27 22:52:05.625  INFO [bootstrap,,,] [paascloud-provider-uac,,,,] 12788 --- [           main] o.s.c.support.DefaultLifecycleProcessor  : Stopping beans in phase 2147483647
2019-02-27 22:52:05.625  INFO [bootstrap,,,] [paascloud-provider-uac,,,,] 12788 --- [           main] o.s.c.support.DefaultLifecycleProcessor  : Stopping beans in phase 0
2019-02-27 22:52:05.626  INFO [bootstrap,,,] [paascloud-provider-uac,,,,] 12788 --- [           main] RocketmqClient                           : [persistAll] Group: CID_UAC ClientId: 192.168.124.11@12788 updateConsumeOffsetToBroker MessageQueue [topic=%RETRY%CID_UAC, brokerName=SC-201706010027, queueId=0] 0
2019-02-27 22:52:05.628  INFO [bootstrap,,,] [paascloud-provider-uac,,,,] 12788 --- [           main] RocketmqClient                           : unregister client[Producer: null Consumer: CID_UAC] from broker[SC-201706010027 0 192.168.124.11:10911] success
2019-02-27 22:52:05.631  INFO [bootstrap,,,] [paascloud-provider-uac,,,,] 12788 --- [           main] RocketmqClient                           : unregister client[Producer: CLIENT_INNER_PRODUCER Consumer: null] from broker[SC-201706010027 0 192.168.124.11:10911] success
2019-02-27 22:52:05.631  INFO [bootstrap,,,] [paascloud-provider-uac,,,,] 12788 --- [           main] RocketmqClient                           : the producer [CLIENT_INNER_PRODUCER] shutdown OK
2019-02-27 22:52:05.631  INFO [bootstrap,,,] [paascloud-provider-uac,,,,] 12788 --- [           main] RocketmqCommon                           : shutdown thread PullMessageService interrupt true
2019-02-27 22:52:05.631  INFO [bootstrap,,,] [paascloud-provider-uac,,,,] 12788 --- [lMessageService] RocketmqClient                           : PullMessageService service end
2019-02-27 22:52:05.632  INFO [bootstrap,,,] [paascloud-provider-uac,,,,] 12788 --- [           main] RocketmqCommon                           : join thread PullMessageService eclipse time(ms) 1 90000
2019-02-27 22:52:05.632  INFO [bootstrap,,,] [paascloud-provider-uac,,,,] 12788 --- [           main] RocketmqRemoting                         : closeChannel: begin close the channel[192.168.124.11:10909] Found: true
2019-02-27 22:52:05.632  INFO [bootstrap,,,] [paascloud-provider-uac,,,,] 12788 --- [           main] RocketmqRemoting                         : closeChannel: the channel[192.168.124.11:10909] was removed from channel table
2019-02-27 22:52:05.632  INFO [bootstrap,,,] [paascloud-provider-uac,,,,] 12788 --- [           main] RocketmqRemoting                         : closeChannel: begin close the channel[192.168.124.11:10911] Found: true
2019-02-27 22:52:05.632  INFO [bootstrap,,,] [paascloud-provider-uac,,,,] 12788 --- [           main] RocketmqRemoting                         : closeChannel: the channel[192.168.124.11:10911] was removed from channel table
2019-02-27 22:52:05.632  INFO [bootstrap,,,] [paascloud-provider-uac,,,,] 12788 --- [           main] RocketmqRemoting                         : closeChannel: begin close the channel[127.0.0.1:9876] Found: false
2019-02-27 22:52:05.632  INFO [bootstrap,,,] [paascloud-provider-uac,,,,] 12788 --- [           main] RocketmqRemoting                         : closeChannel: the channel[127.0.0.1:9876] has been removed from the channel table before
2019-02-27 22:52:05.633  INFO [bootstrap,,,] [paascloud-provider-uac,,,,] 12788 --- [           main] RocketmqRemoting                         : shutdown thread NettyEventExecutor interrupt false
2019-02-27 22:52:05.633  INFO [bootstrap,,,] [paascloud-provider-uac,,,,] 12788 --- [           main] RocketmqRemoting                         : join thread NettyEventExecutor eclipse time(ms) 0 90000
2019-02-27 22:52:05.634  INFO [bootstrap,,,] [paascloud-provider-uac,,,,] 12788 --- [           main] RocketmqCommon                           : shutdown thread RebalanceService interrupt false
2019-02-27 22:52:05.636  INFO [bootstrap,,,] [paascloud-provider-uac,,,,] 12788 --- [ebalanceService] RocketmqClient                           : RebalanceService service end
2019-02-27 22:52:05.636  INFO [bootstrap,,,] [paascloud-provider-uac,,,,] 12788 --- [tWorkerThread_2] RocketmqRemoting                         : NETTY CLIENT PIPELINE: CLOSE 192.168.124.11:10911
2019-02-27 22:52:05.636  INFO [bootstrap,,,] [paascloud-provider-uac,,,,] 12788 --- [           main] RocketmqCommon                           : join thread RebalanceService eclipse time(ms) 2 90000
2019-02-27 22:52:05.636  INFO [bootstrap,,,] [paascloud-provider-uac,,,,] 12788 --- [           main] RocketmqClient                           : the client factory [192.168.124.11@12788] shutdown OK
2019-02-27 22:52:05.636  INFO [bootstrap,,,] [paascloud-provider-uac,,,,] 12788 --- [           main] RocketmqClient                           : the consumer [CID_UAC] shutdown OK
2019-02-27 22:52:05.636  INFO [bootstrap,,,] [paascloud-provider-uac,,,,] 12788 --- [tWorkerThread_1] RocketmqRemoting                         : NETTY CLIENT PIPELINE: CLOSE 127.0.0.1:9876
2019-02-27 22:52:05.637  INFO [bootstrap,,,] [paascloud-provider-uac,,,,] 12788 --- [tWorkerThread_1] RocketmqRemoting                         : eventCloseChannel: the channel[null] has been removed from the channel table before
2019-02-27 22:52:05.637  INFO [bootstrap,,,] [paascloud-provider-uac,,,,] 12788 --- [lientSelector_1] RocketmqRemoting                         : closeChannel: close the connection to remote address[127.0.0.1:9876] result: true
2019-02-27 22:52:05.638  INFO [bootstrap,,,] [paascloud-provider-uac,,,,] 12788 --- [tWorkerThread_2] RocketmqRemoting                         : eventCloseChannel: the channel[null] has been removed from the channel table before
2019-02-27 22:52:05.636  INFO [bootstrap,,,] [paascloud-provider-uac,,,,] 12788 --- [tWorkerThread_3] RocketmqRemoting                         : NETTY CLIENT PIPELINE: CLOSE 192.168.124.11:10909
2019-02-27 22:52:05.638  INFO [bootstrap,,,] [paascloud-provider-uac,,,,] 12788 --- [tWorkerThread_3] RocketmqRemoting                         : eventCloseChannel: the channel[null] has been removed from the channel table before
2019-02-27 22:52:05.646  INFO [bootstrap,,,] [paascloud-provider-uac,,,,] 12788 --- [           main] com.netflix.discovery.DiscoveryClient    : Initializing Eureka in region us-east-1
2019-02-27 22:52:05.649  INFO [bootstrap,,,] [paascloud-provider-uac,,,,] 12788 --- [           main] c.n.d.provider.DiscoveryJerseyProvider   : Using JSON encoding codec LegacyJacksonJson
2019-02-27 22:52:05.649  INFO [bootstrap,,,] [paascloud-provider-uac,,,,] 12788 --- [           main] c.n.d.provider.DiscoveryJerseyProvider   : Using JSON decoding codec LegacyJacksonJson
2019-02-27 22:52:05.649  INFO [bootstrap,,,] [paascloud-provider-uac,,,,] 12788 --- [           main] c.n.d.provider.DiscoveryJerseyProvider   : Using XML encoding codec XStreamXml
2019-02-27 22:52:05.649  INFO [bootstrap,,,] [paascloud-provider-uac,,,,] 12788 --- [           main] c.n.d.provider.DiscoveryJerseyProvider   : Using XML decoding codec XStreamXml
2019-02-27 22:52:05.695  INFO [bootstrap,,,] [paascloud-provider-uac,,,,] 12788 --- [           main] c.n.d.s.r.aws.ConfigClusterResolver      : Resolving eureka endpoints via configuration
2019-02-27 22:52:05.696  INFO [bootstrap,,,] [paascloud-provider-uac,,,,] 12788 --- [           main] com.netflix.discovery.DiscoveryClient    : Disable delta property : false
2019-02-27 22:52:05.696  INFO [bootstrap,,,] [paascloud-provider-uac,,,,] 12788 --- [           main] com.netflix.discovery.DiscoveryClient    : Single vip registry refresh property : null
2019-02-27 22:52:05.696  INFO [bootstrap,,,] [paascloud-provider-uac,,,,] 12788 --- [           main] com.netflix.discovery.DiscoveryClient    : Force full registry fetch : false
2019-02-27 22:52:05.696  INFO [bootstrap,,,] [paascloud-provider-uac,,,,] 12788 --- [           main] com.netflix.discovery.DiscoveryClient    : Application is null : false
2019-02-27 22:52:05.696  INFO [bootstrap,,,] [paascloud-provider-uac,,,,] 12788 --- [           main] com.netflix.discovery.DiscoveryClient    : Registered Applications size is zero : true
2019-02-27 22:52:05.696  INFO [bootstrap,,,] [paascloud-provider-uac,,,,] 12788 --- [           main] com.netflix.discovery.DiscoveryClient    : Application version is -1: true
2019-02-27 22:52:05.696  INFO [bootstrap,,,] [paascloud-provider-uac,,,,] 12788 --- [           main] com.netflix.discovery.DiscoveryClient    : Getting all instance registry info from the eureka server
2019-02-27 22:52:05.738  INFO [bootstrap,,,] [paascloud-provider-uac,,,,] 12788 --- [lientSelector_1] RocketmqRemoting                         : closeChannel: close the connection to remote address[192.168.124.11:10911] result: true
2019-02-27 22:52:05.738  INFO [bootstrap,,,] [paascloud-provider-uac,,,,] 12788 --- [lientSelector_1] RocketmqRemoting                         : closeChannel: close the connection to remote address[192.168.124.11:10909] result: true
2019-02-27 22:52:05.759  INFO [bootstrap,,,] [paascloud-provider-uac,,,,] 12788 --- [           main] com.netflix.discovery.DiscoveryClient    : The response status is 200
2019-02-27 22:52:05.760  INFO [bootstrap,,,] [paascloud-provider-uac,,,,] 12788 --- [           main] com.netflix.discovery.DiscoveryClient    : Starting heartbeat executor: renew interval is: 30
2019-02-27 22:52:05.760  INFO [bootstrap,,,] [paascloud-provider-uac,,,,] 12788 --- [           main] c.n.discovery.InstanceInfoReplicator     : InstanceInfoReplicator onDemand update allowed rate per min is 4
2019-02-27 22:52:05.761  INFO [bootstrap,,,] [paascloud-provider-uac,,,,] 12788 --- [           main] com.netflix.discovery.DiscoveryClient    : Discovery Client initialized at timestamp 1551279125761 with initial instances count: 1
2019-02-27 22:52:05.775  INFO [bootstrap,,,] [paascloud-provider-uac,,,,] 12788 --- [           main] com.netflix.discovery.DiscoveryClient    : Shutting down DiscoveryClient ...
2019-02-27 22:52:05.776  INFO [bootstrap,,,] [paascloud-provider-uac,,,,] 12788 --- [           main] com.netflix.discovery.DiscoveryClient    : Unregistering ...
2019-02-27 22:52:05.856  INFO [bootstrap,,,] [paascloud-provider-uac,,,,] 12788 --- [           main] com.netflix.discovery.DiscoveryClient    : DiscoveryClient_PAASCLOUD-PROVIDER-UAC/paascloud-provider-uac:192.168.144.1:-1 - deregister  status: 404
2019-02-27 22:52:05.862  INFO [bootstrap,,,] [paascloud-provider-uac,,,,] 12788 --- [           main] com.netflix.discovery.DiscoveryClient    : Completed shut down of DiscoveryClient
2019-02-27 22:52:05.865  INFO [bootstrap,,,] [paascloud-provider-uac,,,,] 12788 --- [           main] s.c.a.AnnotationConfigApplicationContext : Closing org.springframework.context.annotation.AnnotationConfigApplicationContext@51db7b46: startup date [Wed Feb 27 22:51:48 CST 2019]; parent: org.springframework.web.context.support.GenericWebApplicationContext@3b80c4c7
2019-02-27 22:52:05.866  WARN [bootstrap,,,] [paascloud-provider-uac,,,,] 12788 --- [           main] s.c.a.AnnotationConfigApplicationContext : Exception thrown from ApplicationListener handling ContextClosedEvent

org.springframework.beans.factory.BeanCreationNotAllowedException: Error creating bean with name 'eurekaAutoServiceRegistration': Singleton bean creation not allowed while singletons of this factory are in destruction (Do not request a bean from a BeanFactory in a destroy method implementation!)
	at org.springframework.beans.factory.support.DefaultSingletonBeanRegistry.getSingleton(DefaultSingletonBeanRegistry.java:216)
	at org.springframework.beans.factory.support.AbstractBeanFactory.doGetBean(AbstractBeanFactory.java:308)
	at org.springframework.beans.factory.support.AbstractBeanFactory.getBean(AbstractBeanFactory.java:197)
	at org.springframework.context.support.AbstractApplicationContext.getBean(AbstractApplicationContext.java:1081)
	at org.springframework.context.event.ApplicationListenerMethodAdapter.getTargetBean(ApplicationListenerMethodAdapter.java:280)
	at org.springframework.context.event.ApplicationListenerMethodAdapter.doInvoke(ApplicationListenerMethodAdapter.java:250)
	at org.springframework.context.event.ApplicationListenerMethodAdapter.processEvent(ApplicationListenerMethodAdapter.java:174)
	at org.springframework.context.event.ApplicationListenerMethodAdapter.onApplicationEvent(ApplicationListenerMethodAdapter.java:137)
	at org.springframework.context.event.SimpleApplicationEventMulticaster.invokeListener(SimpleApplicationEventMulticaster.java:167)
	at org.springframework.context.event.SimpleApplicationEventMulticaster.multicastEvent(SimpleApplicationEventMulticaster.java:139)
	at org.springframework.context.support.AbstractApplicationContext.publishEvent(AbstractApplicationContext.java:383)
	at org.springframework.context.support.AbstractApplicationContext.publishEvent(AbstractApplicationContext.java:389)
	at org.springframework.context.support.AbstractApplicationContext.publishEvent(AbstractApplicationContext.java:337)
	at org.springframework.context.support.AbstractApplicationContext.doClose(AbstractApplicationContext.java:994)
	at org.springframework.context.support.AbstractApplicationContext.close(AbstractApplicationContext.java:961)
	at org.springframework.cloud.context.named.NamedContextFactory.destroy(NamedContextFactory.java:76)
	at org.springframework.beans.factory.support.DisposableBeanAdapter.destroy(DisposableBeanAdapter.java:272)
	at org.springframework.beans.factory.support.DefaultSingletonBeanRegistry.destroyBean(DefaultSingletonBeanRegistry.java:583)
	at org.springframework.beans.factory.support.DefaultSingletonBeanRegistry.destroySingleton(DefaultSingletonBeanRegistry.java:555)
	at org.springframework.beans.factory.support.DefaultListableBeanFactory.destroySingleton(DefaultListableBeanFactory.java:961)
	at org.springframework.beans.factory.support.DefaultSingletonBeanRegistry.destroySingletons(DefaultSingletonBeanRegistry.java:516)
	at org.springframework.beans.factory.support.DefaultListableBeanFactory.destroySingletons(DefaultListableBeanFactory.java:968)
	at org.springframework.context.support.AbstractApplicationContext.destroyBeans(AbstractApplicationContext.java:1033)
	at org.springframework.context.support.AbstractApplicationContext.doClose(AbstractApplicationContext.java:1009)
	at org.springframework.context.support.AbstractApplicationContext.close(AbstractApplicationContext.java:961)
	at org.springframework.boot.SpringApplication.handleRunFailure(SpringApplication.java:750)
	at org.springframework.boot.SpringApplication.run(SpringApplication.java:314)
	at org.springframework.boot.test.context.SpringBootContextLoader.loadContext(SpringBootContextLoader.java:121)
	at org.springframework.test.context.cache.DefaultCacheAwareContextLoaderDelegate.loadContextInternal(DefaultCacheAwareContextLoaderDelegate.java:98)
	at org.springframework.test.context.cache.DefaultCacheAwareContextLoaderDelegate.loadContext(DefaultCacheAwareContextLoaderDelegate.java:116)
	at org.springframework.test.context.support.DefaultTestContext.getApplicationContext(DefaultTestContext.java:83)
	at org.springframework.test.context.web.ServletTestExecutionListener.setUpRequestContextIfNecessary(ServletTestExecutionListener.java:189)
	at org.springframework.test.context.web.ServletTestExecutionListener.prepareTestInstance(ServletTestExecutionListener.java:131)
	at org.springframework.test.context.TestContextManager.prepareTestInstance(TestContextManager.java:230)
	at org.springframework.test.context.junit4.SpringJUnit4ClassRunner.createTest(SpringJUnit4ClassRunner.java:228)
	at org.springframework.test.context.junit4.SpringJUnit4ClassRunner$1.runReflectiveCall(SpringJUnit4ClassRunner.java:287)
	at org.junit.internal.runners.model.ReflectiveCallable.run(ReflectiveCallable.java:12)
	at org.springframework.test.context.junit4.SpringJUnit4ClassRunner.methodBlock(SpringJUnit4ClassRunner.java:289)
	at org.springframework.test.context.junit4.SpringJUnit4ClassRunner.runChild(SpringJUnit4ClassRunner.java:247)
	at org.springframework.test.context.junit4.SpringJUnit4ClassRunner.runChild(SpringJUnit4ClassRunner.java:94)
	at org.junit.runners.ParentRunner$3.run(ParentRunner.java:290)
	at org.junit.runners.ParentRunner$1.schedule(ParentRunner.java:71)
	at org.junit.runners.ParentRunner.runChildren(ParentRunner.java:288)
	at org.junit.runners.ParentRunner.access$000(ParentRunner.java:58)
	at org.junit.runners.ParentRunner$2.evaluate(ParentRunner.java:268)
	at org.springframework.test.context.junit4.statements.RunBeforeTestClassCallbacks.evaluate(RunBeforeTestClassCallbacks.java:61)
	at org.springframework.test.context.junit4.statements.RunAfterTestClassCallbacks.evaluate(RunAfterTestClassCallbacks.java:70)
	at org.junit.runners.ParentRunner.run(ParentRunner.java:363)
	at org.springframework.test.context.junit4.SpringJUnit4ClassRunner.run(SpringJUnit4ClassRunner.java:191)
	at org.apache.maven.surefire.junit4.JUnit4Provider.execute(JUnit4Provider.java:283)
	at org.apache.maven.surefire.junit4.JUnit4Provider.executeWithRerun(JUnit4Provider.java:173)
	at org.apache.maven.surefire.junit4.JUnit4Provider.executeTestSet(JUnit4Provider.java:153)
	at org.apache.maven.surefire.junit4.JUnit4Provider.invoke(JUnit4Provider.java:128)
	at org.apache.maven.surefire.booter.ForkedBooter.invokeProviderInSameClassLoader(ForkedBooter.java:203)
	at org.apache.maven.surefire.booter.ForkedBooter.runSuitesInProcess(ForkedBooter.java:155)
	at org.apache.maven.surefire.booter.ForkedBooter.main(ForkedBooter.java:103)

2019-02-27 22:52:05.866  INFO [bootstrap,,,] [paascloud-provider-uac,,,,] 12788 --- [           main] s.c.a.AnnotationConfigApplicationContext : Closing org.springframework.context.annotation.AnnotationConfigApplicationContext@1fd4fb29: startup date [Wed Feb 27 22:51:48 CST 2019]; parent: org.springframework.web.context.support.GenericWebApplicationContext@3b80c4c7
2019-02-27 22:52:05.867  WARN [bootstrap,,,] [paascloud-provider-uac,,,,] 12788 --- [           main] s.c.a.AnnotationConfigApplicationContext : Exception thrown from ApplicationListener handling ContextClosedEvent

org.springframework.beans.factory.BeanCreationNotAllowedException: Error creating bean with name 'eurekaAutoServiceRegistration': Singleton bean creation not allowed while singletons of this factory are in destruction (Do not request a bean from a BeanFactory in a destroy method implementation!)
	at org.springframework.beans.factory.support.DefaultSingletonBeanRegistry.getSingleton(DefaultSingletonBeanRegistry.java:216)
	at org.springframework.beans.factory.support.AbstractBeanFactory.doGetBean(AbstractBeanFactory.java:308)
	at org.springframework.beans.factory.support.AbstractBeanFactory.getBean(AbstractBeanFactory.java:197)
	at org.springframework.context.support.AbstractApplicationContext.getBean(AbstractApplicationContext.java:1081)
	at org.springframework.context.event.ApplicationListenerMethodAdapter.getTargetBean(ApplicationListenerMethodAdapter.java:280)
	at org.springframework.context.event.ApplicationListenerMethodAdapter.doInvoke(ApplicationListenerMethodAdapter.java:250)
	at org.springframework.context.event.ApplicationListenerMethodAdapter.processEvent(ApplicationListenerMethodAdapter.java:174)
	at org.springframework.context.event.ApplicationListenerMethodAdapter.onApplicationEvent(ApplicationListenerMethodAdapter.java:137)
	at org.springframework.context.event.SimpleApplicationEventMulticaster.invokeListener(SimpleApplicationEventMulticaster.java:167)
	at org.springframework.context.event.SimpleApplicationEventMulticaster.multicastEvent(SimpleApplicationEventMulticaster.java:139)
	at org.springframework.context.support.AbstractApplicationContext.publishEvent(AbstractApplicationContext.java:383)
	at org.springframework.context.support.AbstractApplicationContext.publishEvent(AbstractApplicationContext.java:389)
	at org.springframework.context.support.AbstractApplicationContext.publishEvent(AbstractApplicationContext.java:337)
	at org.springframework.context.support.AbstractApplicationContext.doClose(AbstractApplicationContext.java:994)
	at org.springframework.context.support.AbstractApplicationContext.close(AbstractApplicationContext.java:961)
	at org.springframework.cloud.context.named.NamedContextFactory.destroy(NamedContextFactory.java:76)
	at org.springframework.beans.factory.support.DisposableBeanAdapter.destroy(DisposableBeanAdapter.java:272)
	at org.springframework.beans.factory.support.DefaultSingletonBeanRegistry.destroyBean(DefaultSingletonBeanRegistry.java:583)
	at org.springframework.beans.factory.support.DefaultSingletonBeanRegistry.destroySingleton(DefaultSingletonBeanRegistry.java:555)
	at org.springframework.beans.factory.support.DefaultListableBeanFactory.destroySingleton(DefaultListableBeanFactory.java:961)
	at org.springframework.beans.factory.support.DefaultSingletonBeanRegistry.destroySingletons(DefaultSingletonBeanRegistry.java:516)
	at org.springframework.beans.factory.support.DefaultListableBeanFactory.destroySingletons(DefaultListableBeanFactory.java:968)
	at org.springframework.context.support.AbstractApplicationContext.destroyBeans(AbstractApplicationContext.java:1033)
	at org.springframework.context.support.AbstractApplicationContext.doClose(AbstractApplicationContext.java:1009)
	at org.springframework.context.support.AbstractApplicationContext.close(AbstractApplicationContext.java:961)
	at org.springframework.boot.SpringApplication.handleRunFailure(SpringApplication.java:750)
	at org.springframework.boot.SpringApplication.run(SpringApplication.java:314)
	at org.springframework.boot.test.context.SpringBootContextLoader.loadContext(SpringBootContextLoader.java:121)
	at org.springframework.test.context.cache.DefaultCacheAwareContextLoaderDelegate.loadContextInternal(DefaultCacheAwareContextLoaderDelegate.java:98)
	at org.springframework.test.context.cache.DefaultCacheAwareContextLoaderDelegate.loadContext(DefaultCacheAwareContextLoaderDelegate.java:116)
	at org.springframework.test.context.support.DefaultTestContext.getApplicationContext(DefaultTestContext.java:83)
	at org.springframework.test.context.web.ServletTestExecutionListener.setUpRequestContextIfNecessary(ServletTestExecutionListener.java:189)
	at org.springframework.test.context.web.ServletTestExecutionListener.prepareTestInstance(ServletTestExecutionListener.java:131)
	at org.springframework.test.context.TestContextManager.prepareTestInstance(TestContextManager.java:230)
	at org.springframework.test.context.junit4.SpringJUnit4ClassRunner.createTest(SpringJUnit4ClassRunner.java:228)
	at org.springframework.test.context.junit4.SpringJUnit4ClassRunner$1.runReflectiveCall(SpringJUnit4ClassRunner.java:287)
	at org.junit.internal.runners.model.ReflectiveCallable.run(ReflectiveCallable.java:12)
	at org.springframework.test.context.junit4.SpringJUnit4ClassRunner.methodBlock(SpringJUnit4ClassRunner.java:289)
	at org.springframework.test.context.junit4.SpringJUnit4ClassRunner.runChild(SpringJUnit4ClassRunner.java:247)
	at org.springframework.test.context.junit4.SpringJUnit4ClassRunner.runChild(SpringJUnit4ClassRunner.java:94)
	at org.junit.runners.ParentRunner$3.run(ParentRunner.java:290)
	at org.junit.runners.ParentRunner$1.schedule(ParentRunner.java:71)
	at org.junit.runners.ParentRunner.runChildren(ParentRunner.java:288)
	at org.junit.runners.ParentRunner.access$000(ParentRunner.java:58)
	at org.junit.runners.ParentRunner$2.evaluate(ParentRunner.java:268)
	at org.springframework.test.context.junit4.statements.RunBeforeTestClassCallbacks.evaluate(RunBeforeTestClassCallbacks.java:61)
	at org.springframework.test.context.junit4.statements.RunAfterTestClassCallbacks.evaluate(RunAfterTestClassCallbacks.java:70)
	at org.junit.runners.ParentRunner.run(ParentRunner.java:363)
	at org.springframework.test.context.junit4.SpringJUnit4ClassRunner.run(SpringJUnit4ClassRunner.java:191)
	at org.apache.maven.surefire.junit4.JUnit4Provider.execute(JUnit4Provider.java:283)
	at org.apache.maven.surefire.junit4.JUnit4Provider.executeWithRerun(JUnit4Provider.java:173)
	at org.apache.maven.surefire.junit4.JUnit4Provider.executeTestSet(JUnit4Provider.java:153)
	at org.apache.maven.surefire.junit4.JUnit4Provider.invoke(JUnit4Provider.java:128)
	at org.apache.maven.surefire.booter.ForkedBooter.invokeProviderInSameClassLoader(ForkedBooter.java:203)
	at org.apache.maven.surefire.booter.ForkedBooter.runSuitesInProcess(ForkedBooter.java:155)
	at org.apache.maven.surefire.booter.ForkedBooter.main(ForkedBooter.java:103)

2019-02-27 22:52:05.867  INFO [bootstrap,,,] [paascloud-provider-uac,,,,] 12788 --- [           main] s.c.a.AnnotationConfigApplicationContext : Closing org.springframework.context.annotation.AnnotationConfigApplicationContext@23275d93: startup date [Wed Feb 27 22:51:46 CST 2019]; parent: org.springframework.web.context.support.GenericWebApplicationContext@3b80c4c7
2019-02-27 22:52:05.868  WARN [bootstrap,,,] [paascloud-provider-uac,,,,] 12788 --- [           main] s.c.a.AnnotationConfigApplicationContext : Exception thrown from ApplicationListener handling ContextClosedEvent

org.springframework.beans.factory.BeanCreationNotAllowedException: Error creating bean with name 'eurekaAutoServiceRegistration': Singleton bean creation not allowed while singletons of this factory are in destruction (Do not request a bean from a BeanFactory in a destroy method implementation!)
	at org.springframework.beans.factory.support.DefaultSingletonBeanRegistry.getSingleton(DefaultSingletonBeanRegistry.java:216)
	at org.springframework.beans.factory.support.AbstractBeanFactory.doGetBean(AbstractBeanFactory.java:308)
	at org.springframework.beans.factory.support.AbstractBeanFactory.getBean(AbstractBeanFactory.java:197)
	at org.springframework.context.support.AbstractApplicationContext.getBean(AbstractApplicationContext.java:1081)
	at org.springframework.context.event.ApplicationListenerMethodAdapter.getTargetBean(ApplicationListenerMethodAdapter.java:280)
	at org.springframework.context.event.ApplicationListenerMethodAdapter.doInvoke(ApplicationListenerMethodAdapter.java:250)
	at org.springframework.context.event.ApplicationListenerMethodAdapter.processEvent(ApplicationListenerMethodAdapter.java:174)
	at org.springframework.context.event.ApplicationListenerMethodAdapter.onApplicationEvent(ApplicationListenerMethodAdapter.java:137)
	at org.springframework.context.event.SimpleApplicationEventMulticaster.invokeListener(SimpleApplicationEventMulticaster.java:167)
	at org.springframework.context.event.SimpleApplicationEventMulticaster.multicastEvent(SimpleApplicationEventMulticaster.java:139)
	at org.springframework.context.support.AbstractApplicationContext.publishEvent(AbstractApplicationContext.java:383)
	at org.springframework.context.support.AbstractApplicationContext.publishEvent(AbstractApplicationContext.java:389)
	at org.springframework.context.support.AbstractApplicationContext.publishEvent(AbstractApplicationContext.java:337)
	at org.springframework.context.support.AbstractApplicationContext.doClose(AbstractApplicationContext.java:994)
	at org.springframework.context.support.AbstractApplicationContext.close(AbstractApplicationContext.java:961)
	at org.springframework.cloud.context.named.NamedContextFactory.destroy(NamedContextFactory.java:76)
	at org.springframework.beans.factory.support.DisposableBeanAdapter.destroy(DisposableBeanAdapter.java:272)
	at org.springframework.beans.factory.support.DefaultSingletonBeanRegistry.destroyBean(DefaultSingletonBeanRegistry.java:583)
	at org.springframework.beans.factory.support.DefaultSingletonBeanRegistry.destroySingleton(DefaultSingletonBeanRegistry.java:555)
	at org.springframework.beans.factory.support.DefaultListableBeanFactory.destroySingleton(DefaultListableBeanFactory.java:961)
	at org.springframework.beans.factory.support.DefaultSingletonBeanRegistry.destroySingletons(DefaultSingletonBeanRegistry.java:516)
	at org.springframework.beans.factory.support.DefaultListableBeanFactory.destroySingletons(DefaultListableBeanFactory.java:968)
	at org.springframework.context.support.AbstractApplicationContext.destroyBeans(AbstractApplicationContext.java:1033)
	at org.springframework.context.support.AbstractApplicationContext.doClose(AbstractApplicationContext.java:1009)
	at org.springframework.context.support.AbstractApplicationContext.close(AbstractApplicationContext.java:961)
	at org.springframework.boot.SpringApplication.handleRunFailure(SpringApplication.java:750)
	at org.springframework.boot.SpringApplication.run(SpringApplication.java:314)
	at org.springframework.boot.test.context.SpringBootContextLoader.loadContext(SpringBootContextLoader.java:121)
	at org.springframework.test.context.cache.DefaultCacheAwareContextLoaderDelegate.loadContextInternal(DefaultCacheAwareContextLoaderDelegate.java:98)
	at org.springframework.test.context.cache.DefaultCacheAwareContextLoaderDelegate.loadContext(DefaultCacheAwareContextLoaderDelegate.java:116)
	at org.springframework.test.context.support.DefaultTestContext.getApplicationContext(DefaultTestContext.java:83)
	at org.springframework.test.context.web.ServletTestExecutionListener.setUpRequestContextIfNecessary(ServletTestExecutionListener.java:189)
	at org.springframework.test.context.web.ServletTestExecutionListener.prepareTestInstance(ServletTestExecutionListener.java:131)
	at org.springframework.test.context.TestContextManager.prepareTestInstance(TestContextManager.java:230)
	at org.springframework.test.context.junit4.SpringJUnit4ClassRunner.createTest(SpringJUnit4ClassRunner.java:228)
	at org.springframework.test.context.junit4.SpringJUnit4ClassRunner$1.runReflectiveCall(SpringJUnit4ClassRunner.java:287)
	at org.junit.internal.runners.model.ReflectiveCallable.run(ReflectiveCallable.java:12)
	at org.springframework.test.context.junit4.SpringJUnit4ClassRunner.methodBlock(SpringJUnit4ClassRunner.java:289)
	at org.springframework.test.context.junit4.SpringJUnit4ClassRunner.runChild(SpringJUnit4ClassRunner.java:247)
	at org.springframework.test.context.junit4.SpringJUnit4ClassRunner.runChild(SpringJUnit4ClassRunner.java:94)
	at org.junit.runners.ParentRunner$3.run(ParentRunner.java:290)
	at org.junit.runners.ParentRunner$1.schedule(ParentRunner.java:71)
	at org.junit.runners.ParentRunner.runChildren(ParentRunner.java:288)
	at org.junit.runners.ParentRunner.access$000(ParentRunner.java:58)
	at org.junit.runners.ParentRunner$2.evaluate(ParentRunner.java:268)
	at org.springframework.test.context.junit4.statements.RunBeforeTestClassCallbacks.evaluate(RunBeforeTestClassCallbacks.java:61)
	at org.springframework.test.context.junit4.statements.RunAfterTestClassCallbacks.evaluate(RunAfterTestClassCallbacks.java:70)
	at org.junit.runners.ParentRunner.run(ParentRunner.java:363)
	at org.springframework.test.context.junit4.SpringJUnit4ClassRunner.run(SpringJUnit4ClassRunner.java:191)
	at org.apache.maven.surefire.junit4.JUnit4Provider.execute(JUnit4Provider.java:283)
	at org.apache.maven.surefire.junit4.JUnit4Provider.executeWithRerun(JUnit4Provider.java:173)
	at org.apache.maven.surefire.junit4.JUnit4Provider.executeTestSet(JUnit4Provider.java:153)
	at org.apache.maven.surefire.junit4.JUnit4Provider.invoke(JUnit4Provider.java:128)
	at org.apache.maven.surefire.booter.ForkedBooter.invokeProviderInSameClassLoader(ForkedBooter.java:203)
	at org.apache.maven.surefire.booter.ForkedBooter.runSuitesInProcess(ForkedBooter.java:155)
	at org.apache.maven.surefire.booter.ForkedBooter.main(ForkedBooter.java:103)

2019-02-27 22:52:05.869  INFO [bootstrap,,,] [paascloud-provider-uac,,,,] 12788 --- [           main] s.c.a.AnnotationConfigApplicationContext : Closing org.springframework.context.annotation.AnnotationConfigApplicationContext@48383b4: startup date [Wed Feb 27 22:51:47 CST 2019]; parent: org.springframework.web.context.support.GenericWebApplicationContext@3b80c4c7
2019-02-27 22:52:05.869  WARN [bootstrap,,,] [paascloud-provider-uac,,,,] 12788 --- [           main] s.c.a.AnnotationConfigApplicationContext : Exception thrown from ApplicationListener handling ContextClosedEvent

org.springframework.beans.factory.BeanCreationNotAllowedException: Error creating bean with name 'eurekaAutoServiceRegistration': Singleton bean creation not allowed while singletons of this factory are in destruction (Do not request a bean from a BeanFactory in a destroy method implementation!)
	at org.springframework.beans.factory.support.DefaultSingletonBeanRegistry.getSingleton(DefaultSingletonBeanRegistry.java:216)
	at org.springframework.beans.factory.support.AbstractBeanFactory.doGetBean(AbstractBeanFactory.java:308)
	at org.springframework.beans.factory.support.AbstractBeanFactory.getBean(AbstractBeanFactory.java:197)
	at org.springframework.context.support.AbstractApplicationContext.getBean(AbstractApplicationContext.java:1081)
	at org.springframework.context.event.ApplicationListenerMethodAdapter.getTargetBean(ApplicationListenerMethodAdapter.java:280)
	at org.springframework.context.event.ApplicationListenerMethodAdapter.doInvoke(ApplicationListenerMethodAdapter.java:250)
	at org.springframework.context.event.ApplicationListenerMethodAdapter.processEvent(ApplicationListenerMethodAdapter.java:174)
	at org.springframework.context.event.ApplicationListenerMethodAdapter.onApplicationEvent(ApplicationListenerMethodAdapter.java:137)
	at org.springframework.context.event.SimpleApplicationEventMulticaster.invokeListener(SimpleApplicationEventMulticaster.java:167)
	at org.springframework.context.event.SimpleApplicationEventMulticaster.multicastEvent(SimpleApplicationEventMulticaster.java:139)
	at org.springframework.context.support.AbstractApplicationContext.publishEvent(AbstractApplicationContext.java:383)
	at org.springframework.context.support.AbstractApplicationContext.publishEvent(AbstractApplicationContext.java:389)
	at org.springframework.context.support.AbstractApplicationContext.publishEvent(AbstractApplicationContext.java:337)
	at org.springframework.context.support.AbstractApplicationContext.doClose(AbstractApplicationContext.java:994)
	at org.springframework.context.support.AbstractApplicationContext.close(AbstractApplicationContext.java:961)
	at org.springframework.cloud.context.named.NamedContextFactory.destroy(NamedContextFactory.java:76)
	at org.springframework.beans.factory.support.DisposableBeanAdapter.destroy(DisposableBeanAdapter.java:272)
	at org.springframework.beans.factory.support.DefaultSingletonBeanRegistry.destroyBean(DefaultSingletonBeanRegistry.java:583)
	at org.springframework.beans.factory.support.DefaultSingletonBeanRegistry.destroySingleton(DefaultSingletonBeanRegistry.java:555)
	at org.springframework.beans.factory.support.DefaultListableBeanFactory.destroySingleton(DefaultListableBeanFactory.java:961)
	at org.springframework.beans.factory.support.DefaultSingletonBeanRegistry.destroySingletons(DefaultSingletonBeanRegistry.java:516)
	at org.springframework.beans.factory.support.DefaultListableBeanFactory.destroySingletons(DefaultListableBeanFactory.java:968)
	at org.springframework.context.support.AbstractApplicationContext.destroyBeans(AbstractApplicationContext.java:1033)
	at org.springframework.context.support.AbstractApplicationContext.doClose(AbstractApplicationContext.java:1009)
	at org.springframework.context.support.AbstractApplicationContext.close(AbstractApplicationContext.java:961)
	at org.springframework.boot.SpringApplication.handleRunFailure(SpringApplication.java:750)
	at org.springframework.boot.SpringApplication.run(SpringApplication.java:314)
	at org.springframework.boot.test.context.SpringBootContextLoader.loadContext(SpringBootContextLoader.java:121)
	at org.springframework.test.context.cache.DefaultCacheAwareContextLoaderDelegate.loadContextInternal(DefaultCacheAwareContextLoaderDelegate.java:98)
	at org.springframework.test.context.cache.DefaultCacheAwareContextLoaderDelegate.loadContext(DefaultCacheAwareContextLoaderDelegate.java:116)
	at org.springframework.test.context.support.DefaultTestContext.getApplicationContext(DefaultTestContext.java:83)
	at org.springframework.test.context.web.ServletTestExecutionListener.setUpRequestContextIfNecessary(ServletTestExecutionListener.java:189)
	at org.springframework.test.context.web.ServletTestExecutionListener.prepareTestInstance(ServletTestExecutionListener.java:131)
	at org.springframework.test.context.TestContextManager.prepareTestInstance(TestContextManager.java:230)
	at org.springframework.test.context.junit4.SpringJUnit4ClassRunner.createTest(SpringJUnit4ClassRunner.java:228)
	at org.springframework.test.context.junit4.SpringJUnit4ClassRunner$1.runReflectiveCall(SpringJUnit4ClassRunner.java:287)
	at org.junit.internal.runners.model.ReflectiveCallable.run(ReflectiveCallable.java:12)
	at org.springframework.test.context.junit4.SpringJUnit4ClassRunner.methodBlock(SpringJUnit4ClassRunner.java:289)
	at org.springframework.test.context.junit4.SpringJUnit4ClassRunner.runChild(SpringJUnit4ClassRunner.java:247)
	at org.springframework.test.context.junit4.SpringJUnit4ClassRunner.runChild(SpringJUnit4ClassRunner.java:94)
	at org.junit.runners.ParentRunner$3.run(ParentRunner.java:290)
	at org.junit.runners.ParentRunner$1.schedule(ParentRunner.java:71)
	at org.junit.runners.ParentRunner.runChildren(ParentRunner.java:288)
	at org.junit.runners.ParentRunner.access$000(ParentRunner.java:58)
	at org.junit.runners.ParentRunner$2.evaluate(ParentRunner.java:268)
	at org.springframework.test.context.junit4.statements.RunBeforeTestClassCallbacks.evaluate(RunBeforeTestClassCallbacks.java:61)
	at org.springframework.test.context.junit4.statements.RunAfterTestClassCallbacks.evaluate(RunAfterTestClassCallbacks.java:70)
	at org.junit.runners.ParentRunner.run(ParentRunner.java:363)
	at org.springframework.test.context.junit4.SpringJUnit4ClassRunner.run(SpringJUnit4ClassRunner.java:191)
	at org.apache.maven.surefire.junit4.JUnit4Provider.execute(JUnit4Provider.java:283)
	at org.apache.maven.surefire.junit4.JUnit4Provider.executeWithRerun(JUnit4Provider.java:173)
	at org.apache.maven.surefire.junit4.JUnit4Provider.executeTestSet(JUnit4Provider.java:153)
	at org.apache.maven.surefire.junit4.JUnit4Provider.invoke(JUnit4Provider.java:128)
	at org.apache.maven.surefire.booter.ForkedBooter.invokeProviderInSameClassLoader(ForkedBooter.java:203)
	at org.apache.maven.surefire.booter.ForkedBooter.runSuitesInProcess(ForkedBooter.java:155)
	at org.apache.maven.surefire.booter.ForkedBooter.main(ForkedBooter.java:103)

2019-02-27 22:52:05.881  INFO [bootstrap,,,] [paascloud-provider-uac,,,,] 12788 --- [           main] com.alibaba.druid.pool.DruidDataSource   : {dataSource-6} closed
2019-02-27 22:52:06.440  INFO [bootstrap,,,] [paascloud-provider-uac,,,,] 12788 --- [           main] o.s.s.concurrent.ThreadPoolTaskExecutor  : Shutting down ExecutorService
2019-02-27 22:52:06.441 ERROR [bootstrap,,,] [paascloud-provider-uac,,,,] 12788 --- [           main] o.s.test.context.TestContextManager      : Caught exception while allowing TestExecutionListener [org.springframework.test.context.web.ServletTestExecutionListener@770eb86a] to prepare test instance [com.paascloud.provider.UacUserServiceTest@1cae54e3]

java.lang.IllegalStateException: Failed to load ApplicationContext
	at org.springframework.test.context.cache.DefaultCacheAwareContextLoaderDelegate.loadContext(DefaultCacheAwareContextLoaderDelegate.java:124)
	at org.springframework.test.context.support.DefaultTestContext.getApplicationContext(DefaultTestContext.java:83)
	at org.springframework.test.context.web.ServletTestExecutionListener.setUpRequestContextIfNecessary(ServletTestExecutionListener.java:189)
	at org.springframework.test.context.web.ServletTestExecutionListener.prepareTestInstance(ServletTestExecutionListener.java:131)
	at org.springframework.test.context.TestContextManager.prepareTestInstance(TestContextManager.java:230)
	at org.springframework.test.context.junit4.SpringJUnit4ClassRunner.createTest(SpringJUnit4ClassRunner.java:228)
	at org.springframework.test.context.junit4.SpringJUnit4ClassRunner$1.runReflectiveCall(SpringJUnit4ClassRunner.java:287)
	at org.junit.internal.runners.model.ReflectiveCallable.run(ReflectiveCallable.java:12)
	at org.springframework.test.context.junit4.SpringJUnit4ClassRunner.methodBlock(SpringJUnit4ClassRunner.java:289)
	at org.springframework.test.context.junit4.SpringJUnit4ClassRunner.runChild(SpringJUnit4ClassRunner.java:247)
	at org.springframework.test.context.junit4.SpringJUnit4ClassRunner.runChild(SpringJUnit4ClassRunner.java:94)
	at org.junit.runners.ParentRunner$3.run(ParentRunner.java:290)
	at org.junit.runners.ParentRunner$1.schedule(ParentRunner.java:71)
	at org.junit.runners.ParentRunner.runChildren(ParentRunner.java:288)
	at org.junit.runners.ParentRunner.access$000(ParentRunner.java:58)
	at org.junit.runners.ParentRunner$2.evaluate(ParentRunner.java:268)
	at org.springframework.test.context.junit4.statements.RunBeforeTestClassCallbacks.evaluate(RunBeforeTestClassCallbacks.java:61)
	at org.springframework.test.context.junit4.statements.RunAfterTestClassCallbacks.evaluate(RunAfterTestClassCallbacks.java:70)
	at org.junit.runners.ParentRunner.run(ParentRunner.java:363)
	at org.springframework.test.context.junit4.SpringJUnit4ClassRunner.run(SpringJUnit4ClassRunner.java:191)
	at org.apache.maven.surefire.junit4.JUnit4Provider.execute(JUnit4Provider.java:283)
	at org.apache.maven.surefire.junit4.JUnit4Provider.executeWithRerun(JUnit4Provider.java:173)
	at org.apache.maven.surefire.junit4.JUnit4Provider.executeTestSet(JUnit4Provider.java:153)
	at org.apache.maven.surefire.junit4.JUnit4Provider.invoke(JUnit4Provider.java:128)
	at org.apache.maven.surefire.booter.ForkedBooter.invokeProviderInSameClassLoader(ForkedBooter.java:203)
	at org.apache.maven.surefire.booter.ForkedBooter.runSuitesInProcess(ForkedBooter.java:155)
	at org.apache.maven.surefire.booter.ForkedBooter.main(ForkedBooter.java:103)
Caused by: java.lang.IllegalStateException: Failed to execute CommandLineRunner
	at org.springframework.boot.SpringApplication.callRunner(SpringApplication.java:735)
	at org.springframework.boot.SpringApplication.callRunners(SpringApplication.java:716)
	at org.springframework.boot.SpringApplication.afterRefresh(SpringApplication.java:703)
	at org.springframework.boot.SpringApplication.run(SpringApplication.java:304)
	at org.springframework.boot.test.context.SpringBootContextLoader.loadContext(SpringBootContextLoader.java:121)
	at org.springframework.test.context.cache.DefaultCacheAwareContextLoaderDelegate.loadContextInternal(DefaultCacheAwareContextLoaderDelegate.java:98)
	at org.springframework.test.context.cache.DefaultCacheAwareContextLoaderDelegate.loadContext(DefaultCacheAwareContextLoaderDelegate.java:116)
	... 26 common frames omitted
Caused by: com.paascloud.core.registry.exception.RegException: org.apache.zookeeper.KeeperException$OperationTimeoutException: KeeperErrorCode = OperationTimeout
	at com.paascloud.core.registry.exception.RegExceptionHandler.handleException(RegExceptionHandler.java:35)
	at com.paascloud.core.registry.zookeeper.ZookeeperRegistryCenter.init(ZookeeperRegistryCenter.java:105)
	at com.paascloud.core.registry.RegistryCenterFactory.createCoordinatorRegistryCenter(RegistryCenterFactory.java:44)
	at com.paascloud.core.registry.RegistryCenterFactory.startup(RegistryCenterFactory.java:57)
	at com.paascloud.core.config.ZookeeperInitRunner.run(ZookeeperInitRunner.java:50)
	at org.springframework.boot.SpringApplication.callRunner(SpringApplication.java:732)
	... 32 common frames omitted
Caused by: org.apache.zookeeper.KeeperException$OperationTimeoutException: KeeperErrorCode = OperationTimeout
	at com.paascloud.core.registry.zookeeper.ZookeeperRegistryCenter.init(ZookeeperRegistryCenter.java:99)
	... 36 common frames omitted

]]></system-out>
  </testcase>
  <testcase name="findByLoginNameTest" classname="com.paascloud.provider.UacUserServiceTest" time="0.001">
    <error message="Failed to load ApplicationContext" type="java.lang.IllegalStateException">java.lang.IllegalStateException: Failed to load ApplicationContext
	at org.springframework.test.context.cache.DefaultCacheAwareContextLoaderDelegate.loadContext(DefaultCacheAwareContextLoaderDelegate.java:124)
	at org.springframework.test.context.support.DefaultTestContext.getApplicationContext(DefaultTestContext.java:83)
	at org.springframework.test.context.web.ServletTestExecutionListener.setUpRequestContextIfNecessary(ServletTestExecutionListener.java:189)
	at org.springframework.test.context.web.ServletTestExecutionListener.prepareTestInstance(ServletTestExecutionListener.java:131)
	at org.springframework.test.context.TestContextManager.prepareTestInstance(TestContextManager.java:230)
	at org.springframework.test.context.junit4.SpringJUnit4ClassRunner.createTest(SpringJUnit4ClassRunner.java:228)
	at org.springframework.test.context.junit4.SpringJUnit4ClassRunner$1.runReflectiveCall(SpringJUnit4ClassRunner.java:287)
	at org.junit.internal.runners.model.ReflectiveCallable.run(ReflectiveCallable.java:12)
	at org.springframework.test.context.junit4.SpringJUnit4ClassRunner.methodBlock(SpringJUnit4ClassRunner.java:289)
	at org.springframework.test.context.junit4.SpringJUnit4ClassRunner.runChild(SpringJUnit4ClassRunner.java:247)
	at org.springframework.test.context.junit4.SpringJUnit4ClassRunner.runChild(SpringJUnit4ClassRunner.java:94)
	at org.junit.runners.ParentRunner$3.run(ParentRunner.java:290)
	at org.junit.runners.ParentRunner$1.schedule(ParentRunner.java:71)
	at org.junit.runners.ParentRunner.runChildren(ParentRunner.java:288)
	at org.junit.runners.ParentRunner.access$000(ParentRunner.java:58)
	at org.junit.runners.ParentRunner$2.evaluate(ParentRunner.java:268)
	at org.springframework.test.context.junit4.statements.RunBeforeTestClassCallbacks.evaluate(RunBeforeTestClassCallbacks.java:61)
	at org.springframework.test.context.junit4.statements.RunAfterTestClassCallbacks.evaluate(RunAfterTestClassCallbacks.java:70)
	at org.junit.runners.ParentRunner.run(ParentRunner.java:363)
	at org.springframework.test.context.junit4.SpringJUnit4ClassRunner.run(SpringJUnit4ClassRunner.java:191)
	at org.apache.maven.surefire.junit4.JUnit4Provider.execute(JUnit4Provider.java:283)
	at org.apache.maven.surefire.junit4.JUnit4Provider.executeWithRerun(JUnit4Provider.java:173)
	at org.apache.maven.surefire.junit4.JUnit4Provider.executeTestSet(JUnit4Provider.java:153)
	at org.apache.maven.surefire.junit4.JUnit4Provider.invoke(JUnit4Provider.java:128)
	at org.apache.maven.surefire.booter.ForkedBooter.invokeProviderInSameClassLoader(ForkedBooter.java:203)
	at org.apache.maven.surefire.booter.ForkedBooter.runSuitesInProcess(ForkedBooter.java:155)
	at org.apache.maven.surefire.booter.ForkedBooter.main(ForkedBooter.java:103)
Caused by: java.lang.IllegalStateException: Failed to execute CommandLineRunner
	at org.springframework.boot.SpringApplication.callRunner(SpringApplication.java:735)
	at org.springframework.boot.SpringApplication.callRunners(SpringApplication.java:716)
	at org.springframework.boot.SpringApplication.afterRefresh(SpringApplication.java:703)
	at org.springframework.boot.SpringApplication.run(SpringApplication.java:304)
	at org.springframework.boot.test.context.SpringBootContextLoader.loadContext(SpringBootContextLoader.java:121)
	at org.springframework.test.context.cache.DefaultCacheAwareContextLoaderDelegate.loadContextInternal(DefaultCacheAwareContextLoaderDelegate.java:98)
	at org.springframework.test.context.cache.DefaultCacheAwareContextLoaderDelegate.loadContext(DefaultCacheAwareContextLoaderDelegate.java:116)
	at org.springframework.test.context.support.DefaultTestContext.getApplicationContext(DefaultTestContext.java:83)
	at org.springframework.test.context.web.ServletTestExecutionListener.setUpRequestContextIfNecessary(ServletTestExecutionListener.java:189)
	at org.springframework.test.context.web.ServletTestExecutionListener.prepareTestInstance(ServletTestExecutionListener.java:131)
	at org.springframework.test.context.TestContextManager.prepareTestInstance(TestContextManager.java:230)
	at org.springframework.test.context.junit4.SpringJUnit4ClassRunner.createTest(SpringJUnit4ClassRunner.java:228)
	at org.springframework.test.context.junit4.SpringJUnit4ClassRunner$1.runReflectiveCall(SpringJUnit4ClassRunner.java:287)
	at org.junit.internal.runners.model.ReflectiveCallable.run(ReflectiveCallable.java:12)
	at org.springframework.test.context.junit4.SpringJUnit4ClassRunner.methodBlock(SpringJUnit4ClassRunner.java:289)
	at org.springframework.test.context.junit4.SpringJUnit4ClassRunner.runChild(SpringJUnit4ClassRunner.java:247)
	at org.springframework.test.context.junit4.SpringJUnit4ClassRunner.runChild(SpringJUnit4ClassRunner.java:94)
	at org.junit.runners.ParentRunner$3.run(ParentRunner.java:290)
	at org.junit.runners.ParentRunner$1.schedule(ParentRunner.java:71)
	at org.junit.runners.ParentRunner.runChildren(ParentRunner.java:288)
	at org.junit.runners.ParentRunner.access$000(ParentRunner.java:58)
	at org.junit.runners.ParentRunner$2.evaluate(ParentRunner.java:268)
	at org.springframework.test.context.junit4.statements.RunBeforeTestClassCallbacks.evaluate(RunBeforeTestClassCallbacks.java:61)
	at org.springframework.test.context.junit4.statements.RunAfterTestClassCallbacks.evaluate(RunAfterTestClassCallbacks.java:70)
	at org.junit.runners.ParentRunner.run(ParentRunner.java:363)
	at org.springframework.test.context.junit4.SpringJUnit4ClassRunner.run(SpringJUnit4ClassRunner.java:191)
	at org.apache.maven.surefire.junit4.JUnit4Provider.execute(JUnit4Provider.java:283)
	at org.apache.maven.surefire.junit4.JUnit4Provider.executeWithRerun(JUnit4Provider.java:173)
	at org.apache.maven.surefire.junit4.JUnit4Provider.executeTestSet(JUnit4Provider.java:153)
	at org.apache.maven.surefire.junit4.JUnit4Provider.invoke(JUnit4Provider.java:128)
	at org.apache.maven.surefire.booter.ForkedBooter.invokeProviderInSameClassLoader(ForkedBooter.java:203)
	at org.apache.maven.surefire.booter.ForkedBooter.runSuitesInProcess(ForkedBooter.java:155)
	at org.apache.maven.surefire.booter.ForkedBooter.main(ForkedBooter.java:103)
Caused by: com.paascloud.core.registry.exception.RegException: org.apache.zookeeper.KeeperException$OperationTimeoutException: KeeperErrorCode = OperationTimeout
	at com.paascloud.core.registry.exception.RegExceptionHandler.handleException(RegExceptionHandler.java:35)
	at com.paascloud.core.registry.zookeeper.ZookeeperRegistryCenter.init(ZookeeperRegistryCenter.java:105)
	at com.paascloud.core.registry.RegistryCenterFactory.createCoordinatorRegistryCenter(RegistryCenterFactory.java:44)
	at com.paascloud.core.registry.RegistryCenterFactory.startup(RegistryCenterFactory.java:57)
	at com.paascloud.core.config.ZookeeperInitRunner.run(ZookeeperInitRunner.java:50)
	at org.springframework.boot.SpringApplication.callRunner(SpringApplication.java:732)
	at org.springframework.boot.SpringApplication.callRunners(SpringApplication.java:716)
	at org.springframework.boot.SpringApplication.afterRefresh(SpringApplication.java:703)
	at org.springframework.boot.SpringApplication.run(SpringApplication.java:304)
	at org.springframework.boot.test.context.SpringBootContextLoader.loadContext(SpringBootContextLoader.java:121)
	at org.springframework.test.context.cache.DefaultCacheAwareContextLoaderDelegate.loadContextInternal(DefaultCacheAwareContextLoaderDelegate.java:98)
	at org.springframework.test.context.cache.DefaultCacheAwareContextLoaderDelegate.loadContext(DefaultCacheAwareContextLoaderDelegate.java:116)
	at org.springframework.test.context.support.DefaultTestContext.getApplicationContext(DefaultTestContext.java:83)
	at org.springframework.test.context.web.ServletTestExecutionListener.setUpRequestContextIfNecessary(ServletTestExecutionListener.java:189)
	at org.springframework.test.context.web.ServletTestExecutionListener.prepareTestInstance(ServletTestExecutionListener.java:131)
	at org.springframework.test.context.TestContextManager.prepareTestInstance(TestContextManager.java:230)
	at org.springframework.test.context.junit4.SpringJUnit4ClassRunner.createTest(SpringJUnit4ClassRunner.java:228)
	at org.springframework.test.context.junit4.SpringJUnit4ClassRunner$1.runReflectiveCall(SpringJUnit4ClassRunner.java:287)
	at org.junit.internal.runners.model.ReflectiveCallable.run(ReflectiveCallable.java:12)
	at org.springframework.test.context.junit4.SpringJUnit4ClassRunner.methodBlock(SpringJUnit4ClassRunner.java:289)
	at org.springframework.test.context.junit4.SpringJUnit4ClassRunner.runChild(SpringJUnit4ClassRunner.java:247)
	at org.springframework.test.context.junit4.SpringJUnit4ClassRunner.runChild(SpringJUnit4ClassRunner.java:94)
	at org.junit.runners.ParentRunner$3.run(ParentRunner.java:290)
	at org.junit.runners.ParentRunner$1.schedule(ParentRunner.java:71)
	at org.junit.runners.ParentRunner.runChildren(ParentRunner.java:288)
	at org.junit.runners.ParentRunner.access$000(ParentRunner.java:58)
	at org.junit.runners.ParentRunner$2.evaluate(ParentRunner.java:268)
	at org.springframework.test.context.junit4.statements.RunBeforeTestClassCallbacks.evaluate(RunBeforeTestClassCallbacks.java:61)
	at org.springframework.test.context.junit4.statements.RunAfterTestClassCallbacks.evaluate(RunAfterTestClassCallbacks.java:70)
	at org.junit.runners.ParentRunner.run(ParentRunner.java:363)
	at org.springframework.test.context.junit4.SpringJUnit4ClassRunner.run(SpringJUnit4ClassRunner.java:191)
	at org.apache.maven.surefire.junit4.JUnit4Provider.execute(JUnit4Provider.java:283)
	at org.apache.maven.surefire.junit4.JUnit4Provider.executeWithRerun(JUnit4Provider.java:173)
	at org.apache.maven.surefire.junit4.JUnit4Provider.executeTestSet(JUnit4Provider.java:153)
	at org.apache.maven.surefire.junit4.JUnit4Provider.invoke(JUnit4Provider.java:128)
	at org.apache.maven.surefire.booter.ForkedBooter.invokeProviderInSameClassLoader(ForkedBooter.java:203)
	at org.apache.maven.surefire.booter.ForkedBooter.runSuitesInProcess(ForkedBooter.java:155)
	at org.apache.maven.surefire.booter.ForkedBooter.main(ForkedBooter.java:103)
Caused by: org.apache.zookeeper.KeeperException$OperationTimeoutException: KeeperErrorCode = OperationTimeout
	at com.paascloud.core.registry.zookeeper.ZookeeperRegistryCenter.init(ZookeeperRegistryCenter.java:99)
	at com.paascloud.core.registry.RegistryCenterFactory.createCoordinatorRegistryCenter(RegistryCenterFactory.java:44)
	at com.paascloud.core.registry.RegistryCenterFactory.startup(RegistryCenterFactory.java:57)
	at com.paascloud.core.config.ZookeeperInitRunner.run(ZookeeperInitRunner.java:50)
	at org.springframework.boot.SpringApplication.callRunner(SpringApplication.java:732)
	at org.springframework.boot.SpringApplication.callRunners(SpringApplication.java:716)
	at org.springframework.boot.SpringApplication.afterRefresh(SpringApplication.java:703)
	at org.springframework.boot.SpringApplication.run(SpringApplication.java:304)
	at org.springframework.boot.test.context.SpringBootContextLoader.loadContext(SpringBootContextLoader.java:121)
	at org.springframework.test.context.cache.DefaultCacheAwareContextLoaderDelegate.loadContextInternal(DefaultCacheAwareContextLoaderDelegate.java:98)
	at org.springframework.test.context.cache.DefaultCacheAwareContextLoaderDelegate.loadContext(DefaultCacheAwareContextLoaderDelegate.java:116)
	at org.springframework.test.context.support.DefaultTestContext.getApplicationContext(DefaultTestContext.java:83)
	at org.springframework.test.context.web.ServletTestExecutionListener.setUpRequestContextIfNecessary(ServletTestExecutionListener.java:189)
	at org.springframework.test.context.web.ServletTestExecutionListener.prepareTestInstance(ServletTestExecutionListener.java:131)
	at org.springframework.test.context.TestContextManager.prepareTestInstance(TestContextManager.java:230)
	at org.springframework.test.context.junit4.SpringJUnit4ClassRunner.createTest(SpringJUnit4ClassRunner.java:228)
	at org.springframework.test.context.junit4.SpringJUnit4ClassRunner$1.runReflectiveCall(SpringJUnit4ClassRunner.java:287)
	at org.junit.internal.runners.model.ReflectiveCallable.run(ReflectiveCallable.java:12)
	at org.springframework.test.context.junit4.SpringJUnit4ClassRunner.methodBlock(SpringJUnit4ClassRunner.java:289)
	at org.springframework.test.context.junit4.SpringJUnit4ClassRunner.runChild(SpringJUnit4ClassRunner.java:247)
	at org.springframework.test.context.junit4.SpringJUnit4ClassRunner.runChild(SpringJUnit4ClassRunner.java:94)
	at org.junit.runners.ParentRunner$3.run(ParentRunner.java:290)
	at org.junit.runners.ParentRunner$1.schedule(ParentRunner.java:71)
	at org.junit.runners.ParentRunner.runChildren(ParentRunner.java:288)
	at org.junit.runners.ParentRunner.access$000(ParentRunner.java:58)
	at org.junit.runners.ParentRunner$2.evaluate(ParentRunner.java:268)
	at org.springframework.test.context.junit4.statements.RunBeforeTestClassCallbacks.evaluate(RunBeforeTestClassCallbacks.java:61)
	at org.springframework.test.context.junit4.statements.RunAfterTestClassCallbacks.evaluate(RunAfterTestClassCallbacks.java:70)
	at org.junit.runners.ParentRunner.run(ParentRunner.java:363)
	at org.springframework.test.context.junit4.SpringJUnit4ClassRunner.run(SpringJUnit4ClassRunner.java:191)
	at org.apache.maven.surefire.junit4.JUnit4Provider.execute(JUnit4Provider.java:283)
	at org.apache.maven.surefire.junit4.JUnit4Provider.executeWithRerun(JUnit4Provider.java:173)
	at org.apache.maven.surefire.junit4.JUnit4Provider.executeTestSet(JUnit4Provider.java:153)
	at org.apache.maven.surefire.junit4.JUnit4Provider.invoke(JUnit4Provider.java:128)
	at org.apache.maven.surefire.booter.ForkedBooter.invokeProviderInSameClassLoader(ForkedBooter.java:203)
	at org.apache.maven.surefire.booter.ForkedBooter.runSuitesInProcess(ForkedBooter.java:155)
	at org.apache.maven.surefire.booter.ForkedBooter.main(ForkedBooter.java:103)
</error>
    <system-out><![CDATA[2019-02-27 22:52:08.094  INFO [bootstrap,,,] [bootstrap,,,,] 12788 --- [           main] s.c.a.AnnotationConfigApplicationContext : Refreshing org.springframework.context.annotation.AnnotationConfigApplicationContext@7f8f5d13: startup date [Wed Feb 27 22:52:08 CST 2019]; root of context hierarchy
2019-02-27 22:52:08.141  INFO [bootstrap,,,] [bootstrap,,,,] 12788 --- [           main] f.a.AutowiredAnnotationBeanPostProcessor : JSR-330 'javax.inject.Inject' annotation found and supported for autowiring
2019-02-27 22:52:08.165  INFO [bootstrap,,,] [bootstrap,,,,] 12788 --- [           main] trationDelegate$BeanPostProcessorChecker : Bean 'org.springframework.retry.annotation.RetryConfiguration' of type [org.springframework.retry.annotation.RetryConfiguration$$EnhancerBySpringCGLIB$$f5bbee5f] is not eligible for getting processed by all BeanPostProcessors (for example: not eligible for auto-proxying)
2019-02-27 22:52:08.169  INFO [bootstrap,,,] [bootstrap,,,,] 12788 --- [           main] trationDelegate$BeanPostProcessorChecker : Bean 'configurationPropertiesRebinderAutoConfiguration' of type [org.springframework.cloud.autoconfigure.ConfigurationPropertiesRebinderAutoConfiguration$$EnhancerBySpringCGLIB$$1c125937] is not eligible for getting processed by all BeanPostProcessors (for example: not eligible for auto-proxying)
2019-02-27 22:52:09.485  INFO [bootstrap,,,] [bootstrap,,,,] 12788 --- [           main] o.s.cloud.commons.util.InetUtils         : Cannot determine local hostname
2019-02-27 22:52:09.499  INFO [bootstrap,,,] [bootstrap,,,,] 12788 --- [           main] o.s.c.n.eureka.InstanceInfoFactory       : Setting initial instance status as: STARTING
2019-02-27 22:52:09.519  INFO [bootstrap,,,] [bootstrap,,,,] 12788 --- [           main] com.netflix.discovery.DiscoveryClient    : Initializing Eureka in region us-east-1
2019-02-27 22:52:09.521  INFO [bootstrap,,,] [bootstrap,,,,] 12788 --- [           main] c.n.d.provider.DiscoveryJerseyProvider   : Using JSON encoding codec LegacyJacksonJson
2019-02-27 22:52:09.521  INFO [bootstrap,,,] [bootstrap,,,,] 12788 --- [           main] c.n.d.provider.DiscoveryJerseyProvider   : Using JSON decoding codec LegacyJacksonJson
2019-02-27 22:52:09.521  INFO [bootstrap,,,] [bootstrap,,,,] 12788 --- [           main] c.n.d.provider.DiscoveryJerseyProvider   : Using XML encoding codec XStreamXml
2019-02-27 22:52:09.521  INFO [bootstrap,,,] [bootstrap,,,,] 12788 --- [           main] c.n.d.provider.DiscoveryJerseyProvider   : Using XML decoding codec XStreamXml
2019-02-27 22:52:09.599  INFO [bootstrap,,,] [bootstrap,,,,] 12788 --- [           main] c.n.d.s.r.aws.ConfigClusterResolver      : Resolving eureka endpoints via configuration
2019-02-27 22:52:09.601  INFO [bootstrap,,,] [bootstrap,,,,] 12788 --- [           main] com.netflix.discovery.DiscoveryClient    : Disable delta property : false
2019-02-27 22:52:09.602  INFO [bootstrap,,,] [bootstrap,,,,] 12788 --- [           main] com.netflix.discovery.DiscoveryClient    : Single vip registry refresh property : null
2019-02-27 22:52:09.602  INFO [bootstrap,,,] [bootstrap,,,,] 12788 --- [           main] com.netflix.discovery.DiscoveryClient    : Force full registry fetch : false
2019-02-27 22:52:09.602  INFO [bootstrap,,,] [bootstrap,,,,] 12788 --- [           main] com.netflix.discovery.DiscoveryClient    : Application is null : false
2019-02-27 22:52:09.603  INFO [bootstrap,,,] [bootstrap,,,,] 12788 --- [           main] com.netflix.discovery.DiscoveryClient    : Registered Applications size is zero : true
2019-02-27 22:52:09.603  INFO [bootstrap,,,] [bootstrap,,,,] 12788 --- [           main] com.netflix.discovery.DiscoveryClient    : Application version is -1: true
2019-02-27 22:52:09.603  INFO [bootstrap,,,] [bootstrap,,,,] 12788 --- [           main] com.netflix.discovery.DiscoveryClient    : Getting all instance registry info from the eureka server
2019-02-27 22:52:09.642  INFO [bootstrap,,,] [bootstrap,,,,] 12788 --- [           main] com.netflix.discovery.DiscoveryClient    : The response status is 200
2019-02-27 22:52:09.643  INFO [bootstrap,,,] [bootstrap,,,,] 12788 --- [           main] com.netflix.discovery.DiscoveryClient    : Not registering with Eureka server per configuration
2019-02-27 22:52:09.644  INFO [bootstrap,,,] [bootstrap,,,,] 12788 --- [           main] com.netflix.discovery.DiscoveryClient    : Discovery Client initialized at timestamp 1551279129643 with initial instances count: 1

                                  .__                   .___                  __
___________  _____    ______ ____ |  |   ____  __ __  __| _/     ____   _____/  |_
\____ \__  \ \__  \  /  ___// ___\|  |  /  _ \|  |  \/ __ |     /    \_/ __ \   __\
|  |_> > __ \_/ __ \_\___ \\  \___|  |_(  <_> )  |  / /_/ |    |   |  \  ___/|  |
|   __(____  (____  /____  >\___  >____/\____/|____/\____ | /\ |___|  /\___  >__|
|__|       \/     \/     \/     \/ Powered by liuzhaoming\/ \/      \/     \/
2019-02-27 22:52:10.985  INFO [bootstrap,,,] [paascloud-provider-uac,,,,] 12788 --- [           main] c.c.c.ConfigServicePropertySourceLocator : Fetching config from server at: http://localhost:8080/
2019-02-27 22:52:17.467  INFO [bootstrap,,,] [paascloud-provider-uac,,,,] 12788 --- [           main] c.c.c.ConfigServicePropertySourceLocator : Located environment: name=paascloud-provider-uac, profiles=[dev], label=dev, version=fa6a348e2e1c8d5c2ff460509f7fa4deade889cf, state=null
2019-02-27 22:52:17.468  INFO [bootstrap,,,] [paascloud-provider-uac,,,,] 12788 --- [           main] b.c.PropertySourceBootstrapConfiguration : Located property source: CompositePropertySource [name='configService', propertySources=[MapPropertySource {name='configClient'}, MapPropertySource {name='https://github.com/l00251692/paascloud-config-repo.git/paascloud-provider-uac-dev.yml'}, MapPropertySource {name='https://github.com/l00251692/paascloud-config-repo.git/application-dev.yml'}]]
2019-02-27 22:52:17.489  INFO [bootstrap,,,] [paascloud-provider-uac,,,,] 12788 --- [           main] c.paascloud.provider.UacUserServiceTest  : The following profiles are active: dev
2019-02-27 22:52:17.490  INFO [bootstrap,,,] [paascloud-provider-uac,,,,] 12788 --- [           main] o.s.w.c.s.GenericWebApplicationContext   : Refreshing org.springframework.web.context.support.GenericWebApplicationContext@4ea30736: startup date [Wed Feb 27 22:52:17 CST 2019]; parent: org.springframework.context.annotation.AnnotationConfigApplicationContext@7f8f5d13
2019-02-27 22:52:18.902  INFO [bootstrap,,,] [paascloud-provider-uac,,,,] 12788 --- [           main] o.s.b.f.s.DefaultListableBeanFactory     : Overriding bean definition for bean 'smsCodeSender' with a different definition: replacing [Root bean: class [null]; scope=; abstract=false; lazyInit=false; autowireMode=3; dependencyCheck=0; autowireCandidate=true; primary=false; factoryBeanName=validateCodeBeanConfig; factoryMethodName=smsCodeSender; initMethodName=null; destroyMethodName=(inferred); defined in class path resource [com/paascloud/security/core/validate/code/ValidateCodeBeanConfig.class]] with [Root bean: class [null]; scope=; abstract=false; lazyInit=false; autowireMode=3; dependencyCheck=0; autowireCandidate=true; primary=false; factoryBeanName=paasCloudUacApplication; factoryMethodName=smsCodeSender; initMethodName=null; destroyMethodName=(inferred); defined in com.paascloud.PaasCloudUacApplication]
2019-02-27 22:52:19.270  INFO [bootstrap,,,] [paascloud-provider-uac,,,,] 12788 --- [           main] .s.d.r.c.RepositoryConfigurationDelegate : Multiple Spring Data modules found, entering strict repository configuration mode!
2019-02-27 22:52:19.641  INFO [bootstrap,,,] [paascloud-provider-uac,,,,] 12788 --- [           main] o.s.cloud.context.scope.GenericScope     : BeanFactory id=665041e3-b049-3f59-bb02-1c8381782c07
2019-02-27 22:52:19.680  INFO [bootstrap,,,] [paascloud-provider-uac,,,,] 12788 --- [           main] f.a.AutowiredAnnotationBeanPostProcessor : JSR-330 'javax.inject.Inject' annotation found and supported for autowiring
2019-02-27 22:52:19.719  INFO [bootstrap,,,] [paascloud-provider-uac,,,,] 12788 --- [           main] trationDelegate$BeanPostProcessorChecker : Bean 'paascloud-com.paascloud.config.properties.PaascloudProperties' of type [com.paascloud.config.properties.PaascloudProperties] is not eligible for getting processed by all BeanPostProcessors (for example: not eligible for auto-proxying)
2019-02-27 22:52:19.720  INFO [bootstrap,,,] [paascloud-provider-uac,,,,] 12788 --- [           main] trationDelegate$BeanPostProcessorChecker : Bean 'asyncTaskExecutorConfiguration' of type [com.paascloud.core.config.AsyncTaskExecutorConfiguration$$EnhancerBySpringCGLIB$$3ace86a7] is not eligible for getting processed by all BeanPostProcessors (for example: not eligible for auto-proxying)
2019-02-27 22:52:19.723  INFO [bootstrap,,,] [paascloud-provider-uac,,,,] 12788 --- [           main] o.s.s.concurrent.ThreadPoolTaskExecutor  : Initializing ExecutorService 
2019-02-27 22:52:19.723  INFO [bootstrap,,,] [paascloud-provider-uac,,,,] 12788 --- [           main] trationDelegate$BeanPostProcessorChecker : Bean 'taskExecutor' of type [com.paascloud.core.config.ExceptionHandlingAsyncTaskExecutor] is not eligible for getting processed by all BeanPostProcessors (for example: not eligible for auto-proxying)
2019-02-27 22:52:19.756  INFO [bootstrap,,,] [paascloud-provider-uac,,,,] 12788 --- [           main] trationDelegate$BeanPostProcessorChecker : Bean 'org.springframework.amqp.rabbit.annotation.RabbitBootstrapConfiguration' of type [org.springframework.amqp.rabbit.annotation.RabbitBootstrapConfiguration$$EnhancerBySpringCGLIB$$c6641468] is not eligible for getting processed by all BeanPostProcessors (for example: not eligible for auto-proxying)
2019-02-27 22:52:19.780  INFO [bootstrap,,,] [paascloud-provider-uac,,,,] 12788 --- [           main] trationDelegate$BeanPostProcessorChecker : Bean 'org.springframework.cloud.sleuth.annotation.SleuthAnnotationAutoConfiguration' of type [org.springframework.cloud.sleuth.annotation.SleuthAnnotationAutoConfiguration$$EnhancerBySpringCGLIB$$25d9c6c] is not eligible for getting processed by all BeanPostProcessors (for example: not eligible for auto-proxying)
2019-02-27 22:52:19.804  INFO [bootstrap,,,] [paascloud-provider-uac,,,,] 12788 --- [           main] trationDelegate$BeanPostProcessorChecker : Bean 'sleuthAdvisorConfig' of type [org.springframework.cloud.sleuth.annotation.SleuthAdvisorConfig] is not eligible for getting processed by all BeanPostProcessors (for example: not eligible for auto-proxying)
2019-02-27 22:52:19.811  INFO [bootstrap,,,] [paascloud-provider-uac,,,,] 12788 --- [           main] trationDelegate$BeanPostProcessorChecker : Bean 'org.springframework.transaction.annotation.ProxyTransactionManagementConfiguration' of type [org.springframework.transaction.annotation.ProxyTransactionManagementConfiguration$$EnhancerBySpringCGLIB$$fff8563a] is not eligible for getting processed by all BeanPostProcessors (for example: not eligible for auto-proxying)
2019-02-27 22:52:19.832  INFO [bootstrap,,,] [paascloud-provider-uac,,,,] 12788 --- [           main] trationDelegate$BeanPostProcessorChecker : Bean 'org.springframework.cache.annotation.ProxyCachingConfiguration' of type [org.springframework.cache.annotation.ProxyCachingConfiguration$$EnhancerBySpringCGLIB$$490a8c58] is not eligible for getting processed by all BeanPostProcessors (for example: not eligible for auto-proxying)
2019-02-27 22:52:19.873  INFO [bootstrap,,,] [paascloud-provider-uac,,,,] 12788 --- [           main] trationDelegate$BeanPostProcessorChecker : Bean 'security.oauth2.client-org.springframework.boot.autoconfigure.security.oauth2.OAuth2ClientProperties' of type [org.springframework.boot.autoconfigure.security.oauth2.OAuth2ClientProperties] is not eligible for getting processed by all BeanPostProcessors (for example: not eligible for auto-proxying)
2019-02-27 22:52:19.875  INFO [bootstrap,,,] [paascloud-provider-uac,,,,] 12788 --- [           main] trationDelegate$BeanPostProcessorChecker : Bean 'org.springframework.boot.autoconfigure.security.oauth2.OAuth2AutoConfiguration' of type [org.springframework.boot.autoconfigure.security.oauth2.OAuth2AutoConfiguration$$EnhancerBySpringCGLIB$$b742123a] is not eligible for getting processed by all BeanPostProcessors (for example: not eligible for auto-proxying)
2019-02-27 22:52:19.894  INFO [bootstrap,,,] [paascloud-provider-uac,,,,] 12788 --- [           main] trationDelegate$BeanPostProcessorChecker : Bean 'resourceServerProperties' of type [org.springframework.boot.autoconfigure.security.oauth2.resource.ResourceServerProperties] is not eligible for getting processed by all BeanPostProcessors (for example: not eligible for auto-proxying)
2019-02-27 22:52:19.901  INFO [bootstrap,,,] [paascloud-provider-uac,,,,] 12788 --- [           main] trationDelegate$BeanPostProcessorChecker : Bean 'org.springframework.cloud.netflix.metrics.MetricsInterceptorConfiguration$MetricsRestTemplateConfiguration' of type [org.springframework.cloud.netflix.metrics.MetricsInterceptorConfiguration$MetricsRestTemplateConfiguration$$EnhancerBySpringCGLIB$$3224fc7b] is not eligible for getting processed by all BeanPostProcessors (for example: not eligible for auto-proxying)
2019-02-27 22:52:19.914  INFO [bootstrap,,,] [paascloud-provider-uac,,,,] 12788 --- [           main] trationDelegate$BeanPostProcessorChecker : Bean 'org.springframework.cloud.autoconfigure.ConfigurationPropertiesRebinderAutoConfiguration' of type [org.springframework.cloud.autoconfigure.ConfigurationPropertiesRebinderAutoConfiguration$$EnhancerBySpringCGLIB$$1c125937] is not eligible for getting processed by all BeanPostProcessors (for example: not eligible for auto-proxying)
2019-02-27 22:52:19.921  INFO [bootstrap,,,] [paascloud-provider-uac,,,,] 12788 --- [           main] trationDelegate$BeanPostProcessorChecker : Bean 'org.springframework.cloud.sleuth.instrument.web.client.feign.TraceFeignClientAutoConfiguration$FeignBeanPostProcessorConfiguration' of type [org.springframework.cloud.sleuth.instrument.web.client.feign.TraceFeignClientAutoConfiguration$FeignBeanPostProcessorConfiguration$$EnhancerBySpringCGLIB$$3f8a2f00] is not eligible for getting processed by all BeanPostProcessors (for example: not eligible for auto-proxying)
2019-02-27 22:52:19.942  INFO [bootstrap,,,] [paascloud-provider-uac,,,,] 12788 --- [           main] trationDelegate$BeanPostProcessorChecker : Bean 'org.springframework.cloud.sleuth.instrument.async.AsyncDefaultAutoConfiguration' of type [org.springframework.cloud.sleuth.instrument.async.AsyncDefaultAutoConfiguration$$EnhancerBySpringCGLIB$$e7dc0259] is not eligible for getting processed by all BeanPostProcessors (for example: not eligible for auto-proxying)
2019-02-27 22:52:19.951  INFO [bootstrap,,,] [paascloud-provider-uac,,,,] 12788 --- [           main] trationDelegate$BeanPostProcessorChecker : Bean 'org.springframework.cloud.sleuth.instrument.web.client.TraceWebClientAutoConfiguration$TraceOAuthConfiguration' of type [org.springframework.cloud.sleuth.instrument.web.client.TraceWebClientAutoConfiguration$TraceOAuthConfiguration$$EnhancerBySpringCGLIB$$44f4e899] is not eligible for getting processed by all BeanPostProcessors (for example: not eligible for auto-proxying)
2019-02-27 22:52:19.962  INFO [bootstrap,,,] [paascloud-provider-uac,,,,] 12788 --- [           main] trationDelegate$BeanPostProcessorChecker : Bean 'org.springframework.cloud.sleuth.instrument.web.client.TraceWebClientAutoConfiguration' of type [org.springframework.cloud.sleuth.instrument.web.client.TraceWebClientAutoConfiguration$$EnhancerBySpringCGLIB$$ac8b21b9] is not eligible for getting processed by all BeanPostProcessors (for example: not eligible for auto-proxying)
2019-02-27 22:52:19.976  INFO [bootstrap,,,] [paascloud-provider-uac,,,,] 12788 --- [           main] trationDelegate$BeanPostProcessorChecker : Bean 'spring.sleuth-org.springframework.cloud.sleuth.autoconfig.SleuthProperties' of type [org.springframework.cloud.sleuth.autoconfig.SleuthProperties] is not eligible for getting processed by all BeanPostProcessors (for example: not eligible for auto-proxying)
2019-02-27 22:52:19.978  INFO [bootstrap,,,] [paascloud-provider-uac,,,,] 12788 --- [           main] trationDelegate$BeanPostProcessorChecker : Bean 'org.springframework.cloud.sleuth.autoconfig.TraceAutoConfiguration' of type [org.springframework.cloud.sleuth.autoconfig.TraceAutoConfiguration$$EnhancerBySpringCGLIB$$38f5734d] is not eligible for getting processed by all BeanPostProcessors (for example: not eligible for auto-proxying)
2019-02-27 22:52:19.993  INFO [bootstrap,,,] [paascloud-provider-uac,,,,] 12788 --- [           main] trationDelegate$BeanPostProcessorChecker : Bean 'defaultTraceSampler' of type [org.springframework.cloud.context.scope.GenericScope$LockedScopedProxyFactoryBean] is not eligible for getting processed by all BeanPostProcessors (for example: not eligible for auto-proxying)
2019-02-27 22:52:19.994  INFO [bootstrap,,,] [paascloud-provider-uac,,,,] 12788 --- [           main] trationDelegate$BeanPostProcessorChecker : Bean 'defaultTraceSampler' of type [com.sun.proxy.$Proxy173] is not eligible for getting processed by all BeanPostProcessors (for example: not eligible for auto-proxying)
2019-02-27 22:52:19.997  INFO [bootstrap,,,] [paascloud-provider-uac,,,,] 12788 --- [           main] trationDelegate$BeanPostProcessorChecker : Bean 'randomForSpanIds' of type [java.util.Random] is not eligible for getting processed by all BeanPostProcessors (for example: not eligible for auto-proxying)
2019-02-27 22:52:20.005  INFO [bootstrap,,,] [paascloud-provider-uac,,,,] 12788 --- [           main] trationDelegate$BeanPostProcessorChecker : Bean 'spanNamer' of type [org.springframework.cloud.sleuth.DefaultSpanNamer] is not eligible for getting processed by all BeanPostProcessors (for example: not eligible for auto-proxying)
2019-02-27 22:52:20.011  INFO [bootstrap,,,] [paascloud-provider-uac,,,,] 12788 --- [           main] trationDelegate$BeanPostProcessorChecker : Bean 'org.springframework.cloud.sleuth.log.SleuthLogAutoConfiguration$Slf4jConfiguration' of type [org.springframework.cloud.sleuth.log.SleuthLogAutoConfiguration$Slf4jConfiguration$$EnhancerBySpringCGLIB$$86607d1b] is not eligible for getting processed by all BeanPostProcessors (for example: not eligible for auto-proxying)
2019-02-27 22:52:20.020  INFO [bootstrap,,,] [paascloud-provider-uac,,,,] 12788 --- [           main] trationDelegate$BeanPostProcessorChecker : Bean 'spring.sleuth.log.slf4j-org.springframework.cloud.sleuth.log.SleuthSlf4jProperties' of type [org.springframework.cloud.sleuth.log.SleuthSlf4jProperties] is not eligible for getting processed by all BeanPostProcessors (for example: not eligible for auto-proxying)
2019-02-27 22:52:20.024  INFO [bootstrap,,,] [paascloud-provider-uac,,,,] 12788 --- [           main] trationDelegate$BeanPostProcessorChecker : Bean 'slf4jSpanLogger' of type [org.springframework.cloud.sleuth.log.Slf4jSpanLogger] is not eligible for getting processed by all BeanPostProcessors (for example: not eligible for auto-proxying)
2019-02-27 22:52:20.034  INFO [bootstrap,,,] [paascloud-provider-uac,,,,] 12788 --- [           main] trationDelegate$BeanPostProcessorChecker : Bean 'defaultSpanAdjuster' of type [org.springframework.cloud.sleuth.NoOpSpanAdjuster] is not eligible for getting processed by all BeanPostProcessors (for example: not eligible for auto-proxying)
2019-02-27 22:52:20.036  INFO [bootstrap,,,] [paascloud-provider-uac,,,,] 12788 --- [           main] trationDelegate$BeanPostProcessorChecker : Bean 'org.springframework.cloud.sleuth.zipkin2.ZipkinAutoConfiguration' of type [org.springframework.cloud.sleuth.zipkin2.ZipkinAutoConfiguration$$EnhancerBySpringCGLIB$$730dc13b] is not eligible for getting processed by all BeanPostProcessors (for example: not eligible for auto-proxying)
2019-02-27 22:52:20.054  INFO [bootstrap,,,] [paascloud-provider-uac,,,,] 12788 --- [           main] trationDelegate$BeanPostProcessorChecker : Bean 'org.springframework.cloud.sleuth.metric.TraceMetricsAutoConfiguration$CounterServiceSpanReporterConfig' of type [org.springframework.cloud.sleuth.metric.TraceMetricsAutoConfiguration$CounterServiceSpanReporterConfig$$EnhancerBySpringCGLIB$$b2242e8d] is not eligible for getting processed by all BeanPostProcessors (for example: not eligible for auto-proxying)
2019-02-27 22:52:20.065  INFO [bootstrap,,,] [paascloud-provider-uac,,,,] 12788 --- [           main] trationDelegate$BeanPostProcessorChecker : Bean 'org.springframework.cloud.netflix.metrics.servo.ServoMetricsAutoConfiguration' of type [org.springframework.cloud.netflix.metrics.servo.ServoMetricsAutoConfiguration$$EnhancerBySpringCGLIB$$f67964e0] is not eligible for getting processed by all BeanPostProcessors (for example: not eligible for auto-proxying)
2019-02-27 22:52:20.079  INFO [bootstrap,,,] [paascloud-provider-uac,,,,] 12788 --- [           main] trationDelegate$BeanPostProcessorChecker : Bean 'servoMetricsConfig' of type [org.springframework.cloud.netflix.metrics.servo.ServoMetricsConfigBean] is not eligible for getting processed by all BeanPostProcessors (for example: not eligible for auto-proxying)
2019-02-27 22:52:20.083  INFO [bootstrap,,,] [paascloud-provider-uac,,,,] 12788 --- [           main] trationDelegate$BeanPostProcessorChecker : Bean 'monitorRegistry' of type [com.netflix.servo.DefaultMonitorRegistry] is not eligible for getting processed by all BeanPostProcessors (for example: not eligible for auto-proxying)
2019-02-27 22:52:20.088  INFO [bootstrap,,,] [paascloud-provider-uac,,,,] 12788 --- [           main] trationDelegate$BeanPostProcessorChecker : Bean 'servoMetricServices' of type [org.springframework.cloud.netflix.metrics.servo.ServoMetricServices] is not eligible for getting processed by all BeanPostProcessors (for example: not eligible for auto-proxying)
2019-02-27 22:52:20.096  INFO [bootstrap,,,] [paascloud-provider-uac,,,,] 12788 --- [           main] trationDelegate$BeanPostProcessorChecker : Bean 'org.springframework.cloud.sleuth.metric.TraceMetricsAutoConfiguration' of type [org.springframework.cloud.sleuth.metric.TraceMetricsAutoConfiguration$$EnhancerBySpringCGLIB$$2682621b] is not eligible for getting processed by all BeanPostProcessors (for example: not eligible for auto-proxying)
2019-02-27 22:52:20.101  INFO [bootstrap,,,] [paascloud-provider-uac,,,,] 12788 --- [           main] trationDelegate$BeanPostProcessorChecker : Bean 'sleuthMetricProperties' of type [org.springframework.cloud.sleuth.metric.SleuthMetricProperties] is not eligible for getting processed by all BeanPostProcessors (for example: not eligible for auto-proxying)
2019-02-27 22:52:20.104  INFO [bootstrap,,,] [paascloud-provider-uac,,,,] 12788 --- [           main] trationDelegate$BeanPostProcessorChecker : Bean 'spanReporterCounterService' of type [org.springframework.cloud.sleuth.metric.CounterServiceBasedSpanMetricReporter] is not eligible for getting processed by all BeanPostProcessors (for example: not eligible for auto-proxying)
2019-02-27 22:52:20.114  INFO [bootstrap,,,] [paascloud-provider-uac,,,,] 12788 --- [           main] trationDelegate$BeanPostProcessorChecker : Bean 'spring.zipkin-org.springframework.cloud.sleuth.zipkin2.ZipkinProperties' of type [org.springframework.cloud.sleuth.zipkin2.ZipkinProperties] is not eligible for getting processed by all BeanPostProcessors (for example: not eligible for auto-proxying)
2019-02-27 22:52:20.121  INFO [bootstrap,,,] [paascloud-provider-uac,,,,] 12788 --- [           main] trationDelegate$BeanPostProcessorChecker : Bean 'org.springframework.cloud.sleuth.zipkin2.sender.ZipkinRabbitSenderConfiguration' of type [org.springframework.cloud.sleuth.zipkin2.sender.ZipkinRabbitSenderConfiguration$$EnhancerBySpringCGLIB$$b4dd859a] is not eligible for getting processed by all BeanPostProcessors (for example: not eligible for auto-proxying)
2019-02-27 22:52:20.129  INFO [bootstrap,,,] [paascloud-provider-uac,,,,] 12788 --- [           main] trationDelegate$BeanPostProcessorChecker : Bean 'org.springframework.boot.autoconfigure.amqp.RabbitAutoConfiguration$RabbitConnectionFactoryCreator' of type [org.springframework.boot.autoconfigure.amqp.RabbitAutoConfiguration$RabbitConnectionFactoryCreator$$EnhancerBySpringCGLIB$$88e2cc47] is not eligible for getting processed by all BeanPostProcessors (for example: not eligible for auto-proxying)
2019-02-27 22:52:20.142  INFO [bootstrap,,,] [paascloud-provider-uac,,,,] 12788 --- [           main] trationDelegate$BeanPostProcessorChecker : Bean 'spring.rabbitmq-org.springframework.boot.autoconfigure.amqp.RabbitProperties' of type [org.springframework.boot.autoconfigure.amqp.RabbitProperties] is not eligible for getting processed by all BeanPostProcessors (for example: not eligible for auto-proxying)
2019-02-27 22:52:20.151  INFO [bootstrap,,,] [paascloud-provider-uac,,,,] 12788 --- [           main] trationDelegate$BeanPostProcessorChecker : Bean 'rabbitConnectionFactory' of type [org.springframework.amqp.rabbit.connection.CachingConnectionFactory] is not eligible for getting processed by all BeanPostProcessors (for example: not eligible for auto-proxying)
2019-02-27 22:52:20.169  INFO [bootstrap,,,] [paascloud-provider-uac,,,,] 12788 --- [           main] trationDelegate$BeanPostProcessorChecker : Bean 'rabbitSender' of type [zipkin2.reporter.amqp.AutoValue_RabbitMQSender] is not eligible for getting processed by all BeanPostProcessors (for example: not eligible for auto-proxying)
2019-02-27 22:52:20.179  INFO [bootstrap,,,] [paascloud-provider-uac,,,,] 12788 --- [           main] trationDelegate$BeanPostProcessorChecker : Bean 'reporter' of type [zipkin2.reporter.AsyncReporter$BoundedAsyncReporter] is not eligible for getting processed by all BeanPostProcessors (for example: not eligible for auto-proxying)
2019-02-27 22:52:20.191  INFO [bootstrap,,,] [paascloud-provider-uac,,,,] 12788 --- [           main] trationDelegate$BeanPostProcessorChecker : Bean 'org.springframework.boot.autoconfigure.web.ServerPropertiesAutoConfiguration' of type [org.springframework.boot.autoconfigure.web.ServerPropertiesAutoConfiguration$$EnhancerBySpringCGLIB$$b64dd20a] is not eligible for getting processed by all BeanPostProcessors (for example: not eligible for auto-proxying)
2019-02-27 22:52:20.202  INFO [bootstrap,,,] [paascloud-provider-uac,,,,] 12788 --- [           main] trationDelegate$BeanPostProcessorChecker : Bean 'serverProperties' of type [org.springframework.boot.autoconfigure.web.ServerProperties] is not eligible for getting processed by all BeanPostProcessors (for example: not eligible for auto-proxying)
2019-02-27 22:52:20.235  INFO [bootstrap,,,] [paascloud-provider-uac,,,,] 12788 --- [           main] trationDelegate$BeanPostProcessorChecker : Bean 'org.springframework.cloud.sleuth.zipkin2.ZipkinAutoConfiguration$DefaultEndpointLocatorConfiguration' of type [org.springframework.cloud.sleuth.zipkin2.ZipkinAutoConfiguration$DefaultEndpointLocatorConfiguration$$EnhancerBySpringCGLIB$$52b708cd] is not eligible for getting processed by all BeanPostProcessors (for example: not eligible for auto-proxying)
2019-02-27 22:52:20.488  INFO [bootstrap,,,] [paascloud-provider-uac,,,,] 12788 --- [           main] trationDelegate$BeanPostProcessorChecker : Bean 'zipkinEndpointLocator' of type [org.springframework.cloud.sleuth.zipkin2.DefaultEndpointLocator] is not eligible for getting processed by all BeanPostProcessors (for example: not eligible for auto-proxying)
2019-02-27 22:52:20.493  INFO [bootstrap,,,] [paascloud-provider-uac,,,,] 12788 --- [           main] trationDelegate$BeanPostProcessorChecker : Bean 'zipkinSpanListener' of type [org.springframework.cloud.sleuth.zipkin2.ZipkinSpanReporter] is not eligible for getting processed by all BeanPostProcessors (for example: not eligible for auto-proxying)
2019-02-27 22:52:20.499  INFO [bootstrap,,,] [paascloud-provider-uac,,,,] 12788 --- [           main] trationDelegate$BeanPostProcessorChecker : Bean 'spring.sleuth.keys-org.springframework.cloud.sleuth.TraceKeys' of type [org.springframework.cloud.sleuth.TraceKeys] is not eligible for getting processed by all BeanPostProcessors (for example: not eligible for auto-proxying)
2019-02-27 22:52:20.502  INFO [bootstrap,,,] [paascloud-provider-uac,,,,] 12788 --- [           main] trationDelegate$BeanPostProcessorChecker : Bean 'sleuthTracer' of type [org.springframework.cloud.sleuth.trace.DefaultTracer] is not eligible for getting processed by all BeanPostProcessors (for example: not eligible for auto-proxying)
2019-02-27 22:52:20.508  INFO [bootstrap,,,] [paascloud-provider-uac,,,,] 12788 --- [           main] trationDelegate$BeanPostProcessorChecker : Bean 'org.springframework.cloud.sleuth.instrument.web.TraceHttpAutoConfiguration' of type [org.springframework.cloud.sleuth.instrument.web.TraceHttpAutoConfiguration$$EnhancerBySpringCGLIB$$e6765f89] is not eligible for getting processed by all BeanPostProcessors (for example: not eligible for auto-proxying)
2019-02-27 22:52:20.514  INFO [bootstrap,,,] [paascloud-provider-uac,,,,] 12788 --- [           main] trationDelegate$BeanPostProcessorChecker : Bean 'httpSpanInjector' of type [org.springframework.cloud.sleuth.instrument.web.ZipkinHttpSpanInjector] is not eligible for getting processed by all BeanPostProcessors (for example: not eligible for auto-proxying)
2019-02-27 22:52:20.523  INFO [bootstrap,,,] [paascloud-provider-uac,,,,] 12788 --- [           main] trationDelegate$BeanPostProcessorChecker : Bean 'httpTraceKeysInjector' of type [org.springframework.cloud.sleuth.instrument.web.HttpTraceKeysInjector] is not eligible for getting processed by all BeanPostProcessors (for example: not eligible for auto-proxying)
2019-02-27 22:52:20.528  INFO [bootstrap,,,] [paascloud-provider-uac,,,,] 12788 --- [           main] trationDelegate$BeanPostProcessorChecker : Bean 'defaultErrorParser' of type [org.springframework.cloud.sleuth.ExceptionMessageErrorParser] is not eligible for getting processed by all BeanPostProcessors (for example: not eligible for auto-proxying)
2019-02-27 22:52:20.530  INFO [bootstrap,,,] [paascloud-provider-uac,,,,] 12788 --- [           main] trationDelegate$BeanPostProcessorChecker : Bean 'traceRestTemplateInterceptor' of type [org.springframework.cloud.sleuth.instrument.web.client.TraceRestTemplateInterceptor] is not eligible for getting processed by all BeanPostProcessors (for example: not eligible for auto-proxying)
2019-02-27 22:52:20.532  INFO [bootstrap,,,] [paascloud-provider-uac,,,,] 12788 --- [           main] trationDelegate$BeanPostProcessorChecker : Bean 'org.springframework.cloud.sleuth.instrument.web.client.TraceWebClientAutoConfiguration$TraceInterceptorConfiguration' of type [org.springframework.cloud.sleuth.instrument.web.client.TraceWebClientAutoConfiguration$TraceInterceptorConfiguration$$EnhancerBySpringCGLIB$$aa6867eb] is not eligible for getting processed by all BeanPostProcessors (for example: not eligible for auto-proxying)
2019-02-27 22:52:20.619  INFO [bootstrap,,,] [paascloud-provider-uac,,,,] 12788 --- [           main] c.p.core.interceptor.SqlLogInterceptor   : [鎵撳嵃SQL鎷︽埅鍣ㄥ垱寤篯noticeTime=5.0绉�
2019-02-27 22:52:21.273  INFO [bootstrap,,,] [paascloud-provider-uac,,,,] 12788 --- [           main] s.c.a.AnnotationConfigApplicationContext : Refreshing org.springframework.context.annotation.AnnotationConfigApplicationContext@42378036: startup date [Wed Feb 27 22:52:21 CST 2019]; parent: org.springframework.web.context.support.GenericWebApplicationContext@4ea30736
2019-02-27 22:52:21.285  INFO [bootstrap,,,] [paascloud-provider-uac,,,,] 12788 --- [           main] f.a.AutowiredAnnotationBeanPostProcessor : JSR-330 'javax.inject.Inject' annotation found and supported for autowiring
2019-02-27 22:52:21.766  INFO [bootstrap,,,] [paascloud-provider-uac,,,,] 12788 --- [           main] o.s.b.t.m.w.SpringBootMockServletContext : jolokia: No access restrictor found, access to any MBean is allowed
2019-02-27 22:52:22.333  INFO [bootstrap,,,] [paascloud-provider-uac,,,,] 12788 --- [           main] o.s.w.s.v.f.FreeMarkerConfigurer         : ClassTemplateLoader for Spring macros added to FreeMarker configuration
2019-02-27 22:52:22.671  INFO [bootstrap,,,] [paascloud-provider-uac,,,,] 12788 --- [           main] s.c.a.AnnotationConfigApplicationContext : Refreshing org.springframework.context.annotation.AnnotationConfigApplicationContext@1f46cfba: startup date [Wed Feb 27 22:52:22 CST 2019]; parent: org.springframework.web.context.support.GenericWebApplicationContext@4ea30736
2019-02-27 22:52:22.682  INFO [bootstrap,,,] [paascloud-provider-uac,,,,] 12788 --- [           main] f.a.AutowiredAnnotationBeanPostProcessor : JSR-330 'javax.inject.Inject' annotation found and supported for autowiring
2019-02-27 22:52:22.894  WARN [bootstrap,,,] [paascloud-provider-uac,,,,] 12788 --- [           main] o.s.s.o.p.t.s.JwtAccessTokenConverter    : Unable to create an RSA verifier from verifierKey (ignoreable if using MAC)
2019-02-27 22:52:23.142  INFO [bootstrap,,,] [paascloud-provider-uac,,,,] 12788 --- [           main] s.c.a.AnnotationConfigApplicationContext : Refreshing org.springframework.context.annotation.AnnotationConfigApplicationContext@557da766: startup date [Wed Feb 27 22:52:23 CST 2019]; parent: org.springframework.web.context.support.GenericWebApplicationContext@4ea30736
2019-02-27 22:52:23.153  INFO [bootstrap,,,] [paascloud-provider-uac,,,,] 12788 --- [           main] f.a.AutowiredAnnotationBeanPostProcessor : JSR-330 'javax.inject.Inject' annotation found and supported for autowiring
2019-02-27 22:52:23.373  INFO [bootstrap,,,] [paascloud-provider-uac,,,,] 12788 --- [           main] s.c.a.AnnotationConfigApplicationContext : Refreshing org.springframework.context.annotation.AnnotationConfigApplicationContext@13675499: startup date [Wed Feb 27 22:52:23 CST 2019]; parent: org.springframework.web.context.support.GenericWebApplicationContext@4ea30736
2019-02-27 22:52:23.386  INFO [bootstrap,,,] [paascloud-provider-uac,,,,] 12788 --- [           main] f.a.AutowiredAnnotationBeanPostProcessor : JSR-330 'javax.inject.Inject' annotation found and supported for autowiring
2019-02-27 22:52:24.147  INFO [bootstrap,,,] [paascloud-provider-uac,,,,] 12788 --- [           main] s.w.s.m.m.a.RequestMappingHandlerMapping : Mapped "{[/auth/activeUser/{activeUserToken}],methods=[GET]}" onto public com.paascloud.wrapper.Wrapper com.paascloud.provider.web.admin.AuthRestController.activeUser(java.lang.String)
2019-02-27 22:52:24.593  INFO [bootstrap,,,] [paascloud-provider-uac,,,,] 12788 --- [           main] s.w.s.m.m.a.RequestMappingHandlerMapping : Mapped "{[/auth/submitResetPwdPhone],methods=[POST]}" onto public com.paascloud.wrapper.Wrapper<java.lang.String> com.paascloud.provider.web.admin.AuthRestController.submitResetPwdPhone(java.lang.String,javax.servlet.http.HttpServletResponse)
2019-02-27 22:52:24.594  INFO [bootstrap,,,] [paascloud-provider-uac,,,,] 12788 --- [           main] s.w.s.m.m.a.RequestMappingHandlerMapping : Mapped "{[/auth/submitResetPwdEmail],methods=[POST]}" onto public com.paascloud.wrapper.Wrapper<java.lang.String> com.paascloud.provider.web.admin.AuthRestController.submitResetPwdEmail(java.lang.String)
2019-02-27 22:52:24.594  INFO [bootstrap,,,] [paascloud-provider-uac,,,,] 12788 --- [           main] s.w.s.m.m.a.RequestMappingHandlerMapping : Mapped "{[/auth/resetLoginPwd],methods=[POST]}" onto public com.paascloud.wrapper.Wrapper<java.lang.Boolean> com.paascloud.provider.web.admin.AuthRestController.checkResetSmsCode(com.paascloud.provider.model.dto.user.ResetLoginPwdDto)
2019-02-27 22:52:24.594  INFO [bootstrap,,,] [paascloud-provider-uac,,,,] 12788 --- [           main] s.w.s.m.m.a.RequestMappingHandlerMapping : Mapped "{[/auth/saveLog],methods=[POST]}" onto public java.lang.Integer com.paascloud.provider.web.admin.AuthRestController.saveLog(com.paascloud.core.annotation.OperationLogDto)
2019-02-27 22:52:24.594  INFO [bootstrap,,,] [paascloud-provider-uac,,,,] 12788 --- [           main] s.w.s.m.m.a.RequestMappingHandlerMapping : Mapped "{[/auth/callback/qq],methods=[POST]}" onto public void com.paascloud.provider.web.admin.AuthRestController.callbackQQ(javax.servlet.http.HttpServletRequest)
2019-02-27 22:52:24.594  INFO [bootstrap,,,] [paascloud-provider-uac,,,,] 12788 --- [           main] s.w.s.m.m.a.RequestMappingHandlerMapping : Mapped "{[/auth/register],methods=[POST]}" onto public com.paascloud.wrapper.Wrapper com.paascloud.provider.web.admin.AuthRestController.registerUser(com.paascloud.provider.model.dto.user.UserRegisterDto)
2019-02-27 22:52:24.595  INFO [bootstrap,,,] [paascloud-provider-uac,,,,] 12788 --- [           main] s.w.s.m.m.a.RequestMappingHandlerMapping : Mapped "{[/auth/checkPhoneActive/{mobileNo}],methods=[POST]}" onto public com.paascloud.wrapper.Wrapper<java.lang.Boolean> com.paascloud.provider.web.admin.AuthRestController.checkPhoneActive(java.lang.String)
2019-02-27 22:52:24.595  INFO [bootstrap,,,] [paascloud-provider-uac,,,,] 12788 --- [           main] s.w.s.m.m.a.RequestMappingHandlerMapping : Mapped "{[/auth/checkValid],methods=[POST]}" onto public com.paascloud.wrapper.Wrapper com.paascloud.provider.web.admin.AuthRestController.checkValid(com.paascloud.base.dto.CheckValidDto)
2019-02-27 22:52:24.595  INFO [bootstrap,,,] [paascloud-provider-uac,,,,] 12788 --- [           main] s.w.s.m.m.a.RequestMappingHandlerMapping : Mapped "{[/auth/checkEmailActive/{email:.+}],methods=[POST]}" onto public com.paascloud.wrapper.Wrapper<java.lang.Boolean> com.paascloud.provider.web.admin.AuthRestController.checkEmailActive(java.lang.String)
2019-02-27 22:52:24.595  INFO [bootstrap,,,] [paascloud-provider-uac,,,,] 12788 --- [           main] s.w.s.m.m.a.RequestMappingHandlerMapping : Mapped "{[/action/checkActionCode],methods=[POST],produces=[application/json;charset=UTF-8]}" onto public com.paascloud.wrapper.Wrapper<java.lang.Boolean> com.paascloud.provider.web.admin.UacActionCommonController.checkActionCode(com.paascloud.provider.model.dto.action.UacActionCheckCodeDto)
2019-02-27 22:52:24.596  INFO [bootstrap,,,] [paascloud-provider-uac,,,,] 12788 --- [           main] s.w.s.m.m.a.RequestMappingHandlerMapping : Mapped "{[/action/checkUrl],methods=[POST],produces=[application/json;charset=UTF-8]}" onto public com.paascloud.wrapper.Wrapper<java.lang.Boolean> com.paascloud.provider.web.admin.UacActionCommonController.checkActionUrl(com.paascloud.provider.model.dto.action.UacActionCheckUrlDto)
2019-02-27 22:52:24.596  INFO [bootstrap,,,] [paascloud-provider-uac,,,,] 12788 --- [           main] s.w.s.m.m.a.RequestMappingHandlerMapping : Mapped "{[/action/save],methods=[POST],produces=[application/json;charset=UTF-8]}" onto public com.paascloud.wrapper.Wrapper com.paascloud.provider.web.admin.UacActionMainController.save(com.paascloud.provider.model.domain.UacAction)
2019-02-27 22:52:24.596  INFO [bootstrap,,,] [paascloud-provider-uac,,,,] 12788 --- [           main] s.w.s.m.m.a.RequestMappingHandlerMapping : Mapped "{[/action/batchDeleteByIdList],methods=[POST],produces=[application/json;charset=UTF-8]}" onto public com.paascloud.wrapper.Wrapper com.paascloud.provider.web.admin.UacActionMainController.batchDeleteByIdList(java.util.List<java.lang.Long>)
2019-02-27 22:52:24.597  INFO [bootstrap,,,] [paascloud-provider-uac,,,,] 12788 --- [           main] s.w.s.m.m.a.RequestMappingHandlerMapping : Mapped "{[/action/modifyStatus],methods=[POST],produces=[application/json;charset=UTF-8]}" onto public com.paascloud.wrapper.Wrapper com.paascloud.provider.web.admin.UacActionMainController.modifyActionStatus(com.paascloud.provider.model.dto.base.ModifyStatusDto)
2019-02-27 22:52:24.597  INFO [bootstrap,,,] [paascloud-provider-uac,,,,] 12788 --- [           main] s.w.s.m.m.a.RequestMappingHandlerMapping : Mapped "{[/action/queryListWithPage],methods=[POST],produces=[application/json;charset=UTF-8]}" onto public com.paascloud.wrapper.Wrapper com.paascloud.provider.web.admin.UacActionMainController.queryUacActionListWithPage(com.paascloud.provider.model.dto.action.ActionMainQueryDto)
2019-02-27 22:52:24.597  INFO [bootstrap,,,] [paascloud-provider-uac,,,,] 12788 --- [           main] s.w.s.m.m.a.RequestMappingHandlerMapping : Mapped "{[/action/deleteActionById/{id}],methods=[POST],produces=[application/json;charset=UTF-8]}" onto public com.paascloud.wrapper.Wrapper com.paascloud.provider.web.admin.UacActionMainController.deleteUacActionById(java.lang.Long)
2019-02-27 22:52:24.597  INFO [bootstrap,,,] [paascloud-provider-uac,,,,] 12788 --- [           main] s.w.s.m.m.a.RequestMappingHandlerMapping : Mapped "{[/role/bindMenu],methods=[POST],produces=[application/json;charset=UTF-8]}" onto public com.paascloud.wrapper.Wrapper com.paascloud.provider.web.admin.UacGrantAuth4RoleController.bindMenu(com.paascloud.provider.model.dto.role.RoleBindMenuDto)
2019-02-27 22:52:24.597  INFO [bootstrap,,,] [paascloud-provider-uac,,,,] 12788 --- [           main] s.w.s.m.m.a.RequestMappingHandlerMapping : Mapped "{[/role/bindAction],methods=[POST],produces=[application/json;charset=UTF-8]}" onto public com.paascloud.wrapper.Wrapper com.paascloud.provider.web.admin.UacGrantAuth4RoleController.bindAction(com.paascloud.provider.model.dto.role.RoleBindActionDto)
2019-02-27 22:52:24.598  INFO [bootstrap,,,] [paascloud-provider-uac,,,,] 12788 --- [           main] s.w.s.m.m.a.RequestMappingHandlerMapping : Mapped "{[/group/bindUser],methods=[POST],produces=[application/json;charset=UTF-8]}" onto public com.paascloud.wrapper.Wrapper com.paascloud.provider.web.admin.UacGroupBindUserController.bindUser4Role(com.paascloud.provider.model.dto.group.GroupBindUserReqDto)
2019-02-27 22:52:24.598  INFO [bootstrap,,,] [paascloud-provider-uac,,,,] 12788 --- [           main] s.w.s.m.m.a.RequestMappingHandlerMapping : Mapped "{[/group/getBindUser/{groupId}],methods=[POST],produces=[application/json;charset=UTF-8]}" onto public com.paascloud.wrapper.Wrapper<com.paascloud.provider.model.dto.group.GroupBindUserDto> com.paascloud.provider.web.admin.UacGroupBindUserController.getGroupBindUserPageInfo(java.lang.Long)
2019-02-27 22:52:24.598  INFO [bootstrap,,,] [paascloud-provider-uac,,,,] 12788 --- [           main] s.w.s.m.m.a.RequestMappingHandlerMapping : Mapped "{[/group/checkGroupName],methods=[POST],produces=[application/json;charset=UTF-8]}" onto public com.paascloud.wrapper.Wrapper<java.lang.Boolean> com.paascloud.provider.web.admin.UacGroupCommonController.checkGroupName(com.paascloud.provider.model.dto.group.CheckGroupNameDto)
2019-02-27 22:52:24.599  INFO [bootstrap,,,] [paascloud-provider-uac,,,,] 12788 --- [           main] s.w.s.m.m.a.RequestMappingHandlerMapping : Mapped "{[/group/checkGroupCode],methods=[POST],produces=[application/json;charset=UTF-8]}" onto public com.paascloud.wrapper.Wrapper<java.lang.Boolean> com.paascloud.provider.web.admin.UacGroupCommonController.checkGroupCode(com.paascloud.provider.model.dto.group.CheckGroupCodeDto)
2019-02-27 22:52:24.599  INFO [bootstrap,,,] [paascloud-provider-uac,,,,] 12788 --- [           main] s.w.s.m.m.a.RequestMappingHandlerMapping : Mapped "{[/group/queryGroupType],methods=[POST],produces=[application/json;charset=UTF-8]}" onto public com.paascloud.wrapper.Wrapper<java.util.List<java.util.Map<java.lang.String, java.lang.String>>> com.paascloud.provider.web.admin.UacGroupCommonController.queryGroupType()
2019-02-27 22:52:24.599  INFO [bootstrap,,,] [paascloud-provider-uac,,,,] 12788 --- [           main] s.w.s.m.m.a.RequestMappingHandlerMapping : Mapped "{[/group/getGroupTree],methods=[POST],produces=[application/json;charset=UTF-8]}" onto public com.paascloud.wrapper.Wrapper<java.util.List<com.paascloud.provider.model.vo.GroupZtreeVo>> com.paascloud.provider.web.admin.UacGroupCommonController.getGroupTreeById()
2019-02-27 22:52:24.599  INFO [bootstrap,,,] [paascloud-provider-uac,,,,] 12788 --- [           main] s.w.s.m.m.a.RequestMappingHandlerMapping : Mapped "{[/group/getGroupTree/{groupId}],methods=[POST],produces=[application/json;charset=UTF-8]}" onto public com.paascloud.wrapper.Wrapper<java.util.List<com.paascloud.provider.model.vo.GroupZtreeVo>> com.paascloud.provider.web.admin.UacGroupCommonController.getGroupTreeById(java.lang.Long)
2019-02-27 22:52:24.600  INFO [bootstrap,,,] [paascloud-provider-uac,,,,] 12788 --- [           main] s.w.s.m.m.a.RequestMappingHandlerMapping : Mapped "{[/group/getTree],methods=[POST],produces=[application/json;charset=UTF-8]}" onto public com.paascloud.wrapper.Wrapper<java.util.List<com.paascloud.provider.model.vo.MenuVo>> com.paascloud.provider.web.admin.UacGroupMainController.getTree()
2019-02-27 22:52:24.600  INFO [bootstrap,,,] [paascloud-provider-uac,,,,] 12788 --- [           main] s.w.s.m.m.a.RequestMappingHandlerMapping : Mapped "{[/group/queryById/{id}],methods=[POST],produces=[application/json;charset=UTF-8]}" onto public com.paascloud.wrapper.Wrapper<com.paascloud.provider.model.domain.UacGroup> com.paascloud.provider.web.admin.UacGroupMainController.getEditGroupPageInfo(java.lang.Long)
2019-02-27 22:52:24.601  INFO [bootstrap,,,] [paascloud-provider-uac,,,,] 12788 --- [           main] s.w.s.m.m.a.RequestMappingHandlerMapping : Mapped "{[/group/modifyStatus],methods=[POST],produces=[application/json;charset=UTF-8]}" onto public com.paascloud.wrapper.Wrapper com.paascloud.provider.web.admin.UacGroupMainController.modifyGroupStatus(com.paascloud.provider.model.dto.user.IdStatusDto)
2019-02-27 22:52:24.601  INFO [bootstrap,,,] [paascloud-provider-uac,,,,] 12788 --- [           main] s.w.s.m.m.a.RequestMappingHandlerMapping : Mapped "{[/group/save],methods=[POST],produces=[application/json;charset=UTF-8]}" onto public com.paascloud.wrapper.Wrapper com.paascloud.provider.web.admin.UacGroupMainController.editGroup(com.paascloud.provider.model.domain.UacGroup)
2019-02-27 22:52:24.601  INFO [bootstrap,,,] [paascloud-provider-uac,,,,] 12788 --- [           main] s.w.s.m.m.a.RequestMappingHandlerMapping : Mapped "{[/group/deleteById/{id}],methods=[POST],produces=[application/json;charset=UTF-8]}" onto public com.paascloud.wrapper.Wrapper com.paascloud.provider.web.admin.UacGroupMainController.deleteGroupById(java.lang.Long)
2019-02-27 22:52:24.601  INFO [bootstrap,,,] [paascloud-provider-uac,,,,] 12788 --- [           main] s.w.s.m.m.a.RequestMappingHandlerMapping : Mapped "{[/log/queryListWithPage],methods=[POST],produces=[application/json;charset=UTF-8]}" onto public com.paascloud.wrapper.Wrapper com.paascloud.provider.web.admin.UacLogMainController.queryLogListWithPage(com.paascloud.provider.model.dto.log.UacLogMainDto)
2019-02-27 22:52:24.601  INFO [bootstrap,,,] [paascloud-provider-uac,,,,] 12788 --- [           main] s.w.s.m.m.a.RequestMappingHandlerMapping : Mapped "{[/menu/checkMenuCode],methods=[POST],produces=[application/json;charset=UTF-8]}" onto public com.paascloud.wrapper.Wrapper<java.lang.Boolean> com.paascloud.provider.web.admin.UacMenuCommonController.checkUacMenuActionCode(com.paascloud.provider.model.dto.menu.UacMenuCheckCodeDto)
2019-02-27 22:52:24.602  INFO [bootstrap,,,] [paascloud-provider-uac,,,,] 12788 --- [           main] s.w.s.m.m.a.RequestMappingHandlerMapping : Mapped "{[/menu/checkMenuUrl],methods=[POST],produces=[application/json;charset=UTF-8]}" onto public com.paascloud.wrapper.Wrapper<java.lang.Boolean> com.paascloud.provider.web.admin.UacMenuCommonController.checkUacMenuUrl(com.paascloud.provider.model.dto.menu.UacMenuCheckUrlDto)
2019-02-27 22:52:24.602  INFO [bootstrap,,,] [paascloud-provider-uac,,,,] 12788 --- [           main] s.w.s.m.m.a.RequestMappingHandlerMapping : Mapped "{[/menu/checkMenuName],methods=[POST],produces=[application/json;charset=UTF-8]}" onto public com.paascloud.wrapper.Wrapper<java.lang.Boolean> com.paascloud.provider.web.admin.UacMenuCommonController.checkUacMenuName(com.paascloud.provider.model.dto.menu.UacMenuCheckNameDto)
2019-02-27 22:52:24.602  INFO [bootstrap,,,] [paascloud-provider-uac,,,,] 12788 --- [           main] s.w.s.m.m.a.RequestMappingHandlerMapping : Mapped "{[/menu/deleteById/{id}],methods=[POST],produces=[application/json;charset=UTF-8]}" onto public com.paascloud.wrapper.Wrapper<java.lang.Integer> com.paascloud.provider.web.admin.UacMenuMainController.deleteUacMenuById(java.lang.Long)
2019-02-27 22:52:24.602  INFO [bootstrap,,,] [paascloud-provider-uac,,,,] 12788 --- [           main] s.w.s.m.m.a.RequestMappingHandlerMapping : Mapped "{[/menu/modifyStatus],methods=[POST],produces=[application/json;charset=UTF-8]}" onto public com.paascloud.wrapper.Wrapper com.paascloud.provider.web.admin.UacMenuMainController.updateUacMenuStatusById(com.paascloud.provider.model.dto.menu.UacMenuStatusDto)
2019-02-27 22:52:24.603  INFO [bootstrap,,,] [paascloud-provider-uac,,,,] 12788 --- [           main] s.w.s.m.m.a.RequestMappingHandlerMapping : Mapped "{[/menu/getTree],methods=[POST],produces=[application/json;charset=UTF-8]}" onto public com.paascloud.wrapper.Wrapper<java.util.List<com.paascloud.provider.model.vo.MenuVo>> com.paascloud.provider.web.admin.UacMenuMainController.queryMenuTreeList()
2019-02-27 22:52:24.603  INFO [bootstrap,,,] [paascloud-provider-uac,,,,] 12788 --- [           main] s.w.s.m.m.a.RequestMappingHandlerMapping : Mapped "{[/menu/queryById/{id}],methods=[POST],produces=[application/json;charset=UTF-8]}" onto public com.paascloud.wrapper.Wrapper<com.paascloud.provider.model.vo.ViewMenuVo> com.paascloud.provider.web.admin.UacMenuMainController.queryMenuVoById(java.lang.Long)
2019-02-27 22:52:24.603  INFO [bootstrap,,,] [paascloud-provider-uac,,,,] 12788 --- [           main] s.w.s.m.m.a.RequestMappingHandlerMapping : Mapped "{[/menu/save],methods=[POST],produces=[application/json;charset=UTF-8]}" onto public com.paascloud.wrapper.Wrapper com.paascloud.provider.web.admin.UacMenuMainController.saveMenu(com.paascloud.provider.model.dto.menu.UacEditMenuDto)
2019-02-27 22:52:24.604  INFO [bootstrap,,,] [paascloud-provider-uac,,,,] 12788 --- [           main] s.w.s.m.m.a.RequestMappingHandlerMapping : Mapped "{[/role/bindUser],methods=[POST],produces=[application/json;charset=UTF-8]}" onto public com.paascloud.wrapper.Wrapper com.paascloud.provider.web.admin.UacRoleBindUserController.bindUser(com.paascloud.provider.model.dto.role.RoleBindUserReqDto)
2019-02-27 22:52:24.604  INFO [bootstrap,,,] [paascloud-provider-uac,,,,] 12788 --- [           main] s.w.s.m.m.a.RequestMappingHandlerMapping : Mapped "{[/role/getBindUser/{roleId}],methods=[POST],produces=[application/json;charset=UTF-8]}" onto public com.paascloud.wrapper.Wrapper<com.paascloud.provider.model.dto.role.RoleBindUserDto> com.paascloud.provider.web.admin.UacRoleBindUserController.getBindUser(java.lang.Long)
2019-02-27 22:52:24.604  INFO [bootstrap,,,] [paascloud-provider-uac,,,,] 12788 --- [           main] s.w.s.m.m.a.RequestMappingHandlerMapping : Mapped "{[/role/getMenuTreeByRoleId/{roleId}],methods=[POST],produces=[application/json;charset=UTF-8]}" onto public com.paascloud.wrapper.Wrapper<com.paascloud.provider.model.vo.BindAuthVo> com.paascloud.provider.web.admin.UacRoleCommonController.getMenuTreeByRoleId(java.lang.Long)
2019-02-27 22:52:24.605  INFO [bootstrap,,,] [paascloud-provider-uac,,,,] 12788 --- [           main] s.w.s.m.m.a.RequestMappingHandlerMapping : Mapped "{[/role/getActionTreeByRoleId/{roleId}],methods=[POST],produces=[application/json;charset=UTF-8]}" onto public com.paascloud.wrapper.Wrapper<com.paascloud.provider.model.vo.BindAuthVo> com.paascloud.provider.web.admin.UacRoleCommonController.getActionTreeByRoleId(java.lang.Long)
2019-02-27 22:52:24.605  INFO [bootstrap,,,] [paascloud-provider-uac,,,,] 12788 --- [           main] s.w.s.m.m.a.RequestMappingHandlerMapping : Mapped "{[/role/queryRoleInfoById/{id}],methods=[POST],produces=[application/json;charset=UTF-8]}" onto public com.paascloud.wrapper.Wrapper<com.paascloud.provider.model.domain.UacRole> com.paascloud.provider.web.admin.UacRoleCommonController.queryRoleInfo(java.lang.Long)
2019-02-27 22:52:24.606  INFO [bootstrap,,,] [paascloud-provider-uac,,,,] 12788 --- [           main] s.w.s.m.m.a.RequestMappingHandlerMapping : Mapped "{[/role/checkRoleCode],methods=[POST],produces=[application/json;charset=UTF-8]}" onto public com.paascloud.wrapper.Wrapper<java.lang.Boolean> com.paascloud.provider.web.admin.UacRoleCommonController.checkUacRoleCode(com.paascloud.provider.model.dto.role.CheckRoleCodeDto)
2019-02-27 22:52:24.606  INFO [bootstrap,,,] [paascloud-provider-uac,,,,] 12788 --- [           main] s.w.s.m.m.a.RequestMappingHandlerMapping : Mapped "{[/role/save],methods=[POST],produces=[application/json;charset=UTF-8]}" onto public com.paascloud.wrapper.Wrapper com.paascloud.provider.web.admin.UacRoleMainController.save(com.paascloud.provider.model.domain.UacRole)
2019-02-27 22:52:24.607  INFO [bootstrap,,,] [paascloud-provider-uac,,,,] 12788 --- [           main] s.w.s.m.m.a.RequestMappingHandlerMapping : Mapped "{[/role/batchDeleteByIdList],methods=[POST],produces=[application/json;charset=UTF-8]}" onto public com.paascloud.wrapper.Wrapper com.paascloud.provider.web.admin.UacRoleMainController.batchDeleteByIdList(java.util.List<java.lang.Long>)
2019-02-27 22:52:24.607  INFO [bootstrap,,,] [paascloud-provider-uac,,,,] 12788 --- [           main] s.w.s.m.m.a.RequestMappingHandlerMapping : Mapped "{[/role/deleteRoleById/{id}],methods=[POST],produces=[application/json;charset=UTF-8]}" onto public com.paascloud.wrapper.Wrapper com.paascloud.provider.web.admin.UacRoleMainController.deleteUacRoleById(java.lang.Long)
2019-02-27 22:52:24.607  INFO [bootstrap,,,] [paascloud-provider-uac,,,,] 12788 --- [           main] s.w.s.m.m.a.RequestMappingHandlerMapping : Mapped "{[/role/modifyRoleStatusById],methods=[POST],produces=[application/json;charset=UTF-8]}" onto public com.paascloud.wrapper.Wrapper com.paascloud.provider.web.admin.UacRoleMainController.modifyUacRoleStatusById(com.paascloud.provider.model.dto.base.ModifyStatusDto)
2019-02-27 22:52:24.607  INFO [bootstrap,,,] [paascloud-provider-uac,,,,] 12788 --- [           main] s.w.s.m.m.a.RequestMappingHandlerMapping : Mapped "{[/role/queryRoleListWithPage],methods=[POST],produces=[application/json;charset=UTF-8]}" onto public com.paascloud.wrapper.Wrapper<com.github.pagehelper.PageInfo<com.paascloud.provider.model.vo.RoleVo>> com.paascloud.provider.web.admin.UacRoleMainController.queryUacRoleListWithPage(com.paascloud.provider.model.domain.UacRole)
2019-02-27 22:52:24.608  INFO [bootstrap,,,] [paascloud-provider-uac,,,,] 12788 --- [           main] s.w.s.m.m.a.RequestMappingHandlerMapping : Mapped "{[/token/queryListWithPage],methods=[POST],produces=[application/json;charset=UTF-8]}" onto public com.paascloud.wrapper.Wrapper com.paascloud.provider.web.admin.UacTokenMainController.queryUacActionListWithPage(com.paascloud.provider.model.dto.token.TokenMainQueryDto)
2019-02-27 22:52:24.609  INFO [bootstrap,,,] [paascloud-provider-uac,,,,] 12788 --- [           main] s.w.s.m.m.a.RequestMappingHandlerMapping : Mapped "{[/user/modifyUserEmail/{email}/{emailCode}],methods=[POST],produces=[application/json;charset=UTF-8]}" onto public com.paascloud.wrapper.Wrapper<java.lang.Integer> com.paascloud.provider.web.admin.UacUserCommonController.modifyUserEmail(java.lang.String,java.lang.String)
2019-02-27 22:52:24.610  INFO [bootstrap,,,] [paascloud-provider-uac,,,,] 12788 --- [           main] s.w.s.m.m.a.RequestMappingHandlerMapping : Mapped "{[/user/checkEmail],methods=[POST],produces=[application/json;charset=UTF-8]}" onto public com.paascloud.wrapper.Wrapper<java.lang.Boolean> com.paascloud.provider.web.admin.UacUserCommonController.checkEmail(com.paascloud.provider.model.dto.user.CheckEmailDto)
2019-02-27 22:52:24.610  INFO [bootstrap,,,] [paascloud-provider-uac,,,,] 12788 --- [           main] s.w.s.m.m.a.RequestMappingHandlerMapping : Mapped "{[/user/getOwnAuthTree],methods=[POST],produces=[application/json;charset=UTF-8]}" onto public com.paascloud.wrapper.Wrapper<java.util.List<com.paascloud.provider.model.vo.MenuVo>> com.paascloud.provider.web.admin.UacUserCommonController.getOwnAuthTree()
2019-02-27 22:52:24.610  INFO [bootstrap,,,] [paascloud-provider-uac,,,,] 12788 --- [           main] s.w.s.m.m.a.RequestMappingHandlerMapping : Mapped "{[/user/checkLoginName],methods=[POST],produces=[application/json;charset=UTF-8]}" onto public com.paascloud.wrapper.Wrapper<java.lang.Boolean> com.paascloud.provider.web.admin.UacUserCommonController.checkLoginName(com.paascloud.provider.model.dto.user.CheckLoginNameDto)
2019-02-27 22:52:24.610  INFO [bootstrap,,,] [paascloud-provider-uac,,,,] 12788 --- [           main] s.w.s.m.m.a.RequestMappingHandlerMapping : Mapped "{[/user/checkNewPassword],methods=[POST],produces=[application/json;charset=UTF-8]}" onto public com.paascloud.wrapper.Wrapper<java.lang.Boolean> com.paascloud.provider.web.admin.UacUserCommonController.checkNewPassword(com.paascloud.provider.model.dto.user.CheckNewPasswordDto)
2019-02-27 22:52:24.611  INFO [bootstrap,,,] [paascloud-provider-uac,,,,] 12788 --- [           main] s.w.s.m.m.a.RequestMappingHandlerMapping : Mapped "{[/user/checkUserPhone],methods=[POST],produces=[application/json;charset=UTF-8]}" onto public com.paascloud.wrapper.Wrapper<java.lang.Boolean> com.paascloud.provider.web.admin.UacUserCommonController.checkUserPhone(com.paascloud.provider.model.dto.user.CheckUserPhoneDto)
2019-02-27 22:52:24.611  INFO [bootstrap,,,] [paascloud-provider-uac,,,,] 12788 --- [           main] s.w.s.m.m.a.RequestMappingHandlerMapping : Mapped "{[/user/checkUserName],methods=[POST],produces=[application/json;charset=UTF-8]}" onto public com.paascloud.wrapper.Wrapper<java.lang.Boolean> com.paascloud.provider.web.admin.UacUserCommonController.checkUserName(com.paascloud.provider.model.dto.user.CheckUserNameDto)
2019-02-27 22:52:24.611  INFO [bootstrap,,,] [paascloud-provider-uac,,,,] 12788 --- [           main] s.w.s.m.m.a.RequestMappingHandlerMapping : Mapped "{[/user/queryUserInfo/{loginName}],methods=[POST],produces=[application/json;charset=UTF-8]}" onto public com.paascloud.wrapper.Wrapper<com.paascloud.provider.model.vo.UserVo> com.paascloud.provider.web.admin.UacUserCommonController.queryUserInfo(java.lang.String)
2019-02-27 22:52:24.612  INFO [bootstrap,,,] [paascloud-provider-uac,,,,] 12788 --- [           main] s.w.s.m.m.a.RequestMappingHandlerMapping : Mapped "{[/user/loginAfter/{applicationId}],methods=[POST],produces=[application/json;charset=UTF-8]}" onto public com.paascloud.wrapper.Wrapper<com.paascloud.provider.model.dto.user.LoginRespDto> com.paascloud.provider.web.admin.UacUserLoginController.loginAfter(java.lang.Long)
2019-02-27 22:52:24.613  INFO [bootstrap,,,] [paascloud-provider-uac,,,,] 12788 --- [           main] s.w.s.m.m.a.RequestMappingHandlerMapping : Mapped "{[/user/logout],methods=[POST],produces=[application/json;charset=UTF-8]}" onto public com.paascloud.wrapper.Wrapper com.paascloud.provider.web.admin.UacUserLoginController.loginAfter(java.lang.String)
2019-02-27 22:52:24.614  INFO [bootstrap,,,] [paascloud-provider-uac,,,,] 12788 --- [           main] s.w.s.m.m.a.RequestMappingHandlerMapping : Mapped "{[/auth/user/refreshToken],methods=[GET],produces=[application/json;charset=UTF-8]}" onto public com.paascloud.wrapper.Wrapper<java.lang.String> com.paascloud.provider.web.admin.UacUserLoginController.refreshToken(javax.servlet.http.HttpServletRequest,java.lang.String,java.lang.String)
2019-02-27 22:52:24.615  INFO [bootstrap,,,] [paascloud-provider-uac,,,,] 12788 --- [           main] s.w.s.m.m.a.RequestMappingHandlerMapping : Mapped "{[/user/queryListWithPage],methods=[POST],produces=[application/json;charset=UTF-8]}" onto public com.paascloud.wrapper.Wrapper<com.github.pagehelper.PageInfo> com.paascloud.provider.web.admin.UacUserMainController.queryUserListWithPage(com.paascloud.provider.model.domain.UacUser)
2019-02-27 22:52:24.615  INFO [bootstrap,,,] [paascloud-provider-uac,,,,] 12788 --- [           main] s.w.s.m.m.a.RequestMappingHandlerMapping : Mapped "{[/user/resetLoginPwd/{userId}],methods=[POST],produces=[application/json;charset=UTF-8]}" onto public com.paascloud.wrapper.Wrapper<com.paascloud.provider.model.domain.UacUser> com.paascloud.provider.web.admin.UacUserMainController.resetLoginPwd(java.lang.Long)
2019-02-27 22:52:24.615  INFO [bootstrap,,,] [paascloud-provider-uac,,,,] 12788 --- [           main] s.w.s.m.m.a.RequestMappingHandlerMapping : Mapped "{[/user/bindRole],methods=[POST],produces=[application/json;charset=UTF-8]}" onto public com.paascloud.wrapper.Wrapper<java.lang.Integer> com.paascloud.provider.web.admin.UacUserMainController.bindUserRoles(com.paascloud.provider.model.dto.user.BindUserRolesDto)
2019-02-27 22:52:24.616  INFO [bootstrap,,,] [paascloud-provider-uac,,,,] 12788 --- [           main] s.w.s.m.m.a.RequestMappingHandlerMapping : Mapped "{[/user/bindUserMenus],methods=[POST],produces=[application/json;charset=UTF-8]}" onto public com.paascloud.wrapper.Wrapper<java.lang.Integer> com.paascloud.provider.web.admin.UacUserMainController.bindUserMenus(com.paascloud.provider.model.dto.user.BindUserMenusDto)
2019-02-27 22:52:24.616  INFO [bootstrap,,,] [paascloud-provider-uac,,,,] 12788 --- [           main] s.w.s.m.m.a.RequestMappingHandlerMapping : Mapped "{[/user/deleteUserById/{userId}],methods=[POST],produces=[application/json;charset=UTF-8]}" onto public com.paascloud.wrapper.Wrapper<java.lang.Integer> com.paascloud.provider.web.admin.UacUserMainController.deleteUserById(java.lang.Long)
2019-02-27 22:52:24.616  INFO [bootstrap,,,] [paascloud-provider-uac,,,,] 12788 --- [           main] s.w.s.m.m.a.RequestMappingHandlerMapping : Mapped "{[/user/modifyUserStatusById],methods=[POST],produces=[application/json;charset=UTF-8]}" onto public com.paascloud.wrapper.Wrapper<java.lang.Integer> com.paascloud.provider.web.admin.UacUserMainController.modifyUserStatusById(com.paascloud.provider.model.dto.user.ModifyUserStatusDto)
2019-02-27 22:52:24.616  INFO [bootstrap,,,] [paascloud-provider-uac,,,,] 12788 --- [           main] s.w.s.m.m.a.RequestMappingHandlerMapping : Mapped "{[/user/queryUserMenuDtoData],methods=[POST],produces=[application/json;charset=UTF-8]}" onto public com.paascloud.wrapper.Wrapper<java.util.List<com.paascloud.provider.model.dto.menu.UserMenuDto>> com.paascloud.provider.web.admin.UacUserMainController.queryUserMenuDtoData()
2019-02-27 22:52:24.617  INFO [bootstrap,,,] [paascloud-provider-uac,,,,] 12788 --- [           main] s.w.s.m.m.a.RequestMappingHandlerMapping : Mapped "{[/user/user],methods=[GET],produces=[application/json;charset=UTF-8]}" onto public com.paascloud.security.core.SecurityUser com.paascloud.provider.web.admin.UacUserMainController.user()
2019-02-27 22:52:24.617  INFO [bootstrap,,,] [paascloud-provider-uac,,,,] 12788 --- [           main] s.w.s.m.m.a.RequestMappingHandlerMapping : Mapped "{[/user/queryUserLogListWithPage],methods=[POST],produces=[application/json;charset=UTF-8]}" onto public com.paascloud.wrapper.Wrapper<com.github.pagehelper.PageInfo<com.paascloud.provider.model.domain.UacLog>> com.paascloud.provider.web.admin.UacUserMainController.queryUserLogListWithPage(com.paascloud.provider.model.domain.UacLog)
2019-02-27 22:52:24.618  INFO [bootstrap,,,] [paascloud-provider-uac,,,,] 12788 --- [           main] s.w.s.m.m.a.RequestMappingHandlerMapping : Mapped "{[/user/getUacUserById/{userId}],methods=[POST],produces=[application/json;charset=UTF-8]}" onto public com.paascloud.wrapper.Wrapper<com.paascloud.provider.model.domain.UacUser> com.paascloud.provider.web.admin.UacUserMainController.getUacUserById(java.lang.Long)
2019-02-27 22:52:24.618  INFO [bootstrap,,,] [paascloud-provider-uac,,,,] 12788 --- [           main] s.w.s.m.m.a.RequestMappingHandlerMapping : Mapped "{[/user/save],methods=[POST],produces=[application/json;charset=UTF-8]}" onto public com.paascloud.wrapper.Wrapper<java.lang.Integer> com.paascloud.provider.web.admin.UacUserMainController.addUacUser(com.paascloud.provider.model.domain.UacUser)
2019-02-27 22:52:24.618  INFO [bootstrap,,,] [paascloud-provider-uac,,,,] 12788 --- [           main] s.w.s.m.m.a.RequestMappingHandlerMapping : Mapped "{[/user/getBindRole/{userId}],methods=[POST],produces=[application/json;charset=UTF-8]}" onto public com.paascloud.wrapper.Wrapper<com.paascloud.provider.model.vo.UserBindRoleVo> com.paascloud.provider.web.admin.UacUserMainController.getBindRole(java.lang.Long)
2019-02-27 22:52:24.619  INFO [bootstrap,,,] [paascloud-provider-uac,,,,] 12788 --- [           main] s.w.s.m.m.a.RequestMappingHandlerMapping : Mapped "{[/user/modifyUserPwd],methods=[POST],produces=[application/json;charset=UTF-8]}" onto public com.paascloud.wrapper.Wrapper<java.lang.Integer> com.paascloud.provider.web.admin.UacUserPasswordController.modifyUserPwd(com.paascloud.provider.model.dto.user.UserModifyPwdDto)
2019-02-27 22:52:24.620  INFO [bootstrap,,,] [paascloud-provider-uac,,,,] 12788 --- [           main] s.w.s.m.m.a.RequestMappingHandlerMapping : Mapped "{[/user/registerUser],methods=[POST],produces=[application/json;charset=UTF-8]}" onto public com.paascloud.wrapper.Wrapper com.paascloud.provider.web.admin.UacUserPasswordController.registerUser(com.paascloud.provider.model.dto.user.UserRegisterDto)
2019-02-27 22:52:24.621  INFO [bootstrap,,,] [paascloud-provider-uac,,,,] 12788 --- [           main] s.w.s.m.m.a.RequestMappingHandlerMapping : Mapped "{[/email/checkRestEmailCode],methods=[POST],produces=[application/json;charset=UTF-8]}" onto public com.paascloud.wrapper.Wrapper com.paascloud.provider.web.mall.EmailController.checkRestEmailCode(com.paascloud.provider.model.dto.email.SendEmailMessage)
2019-02-27 22:52:24.621  INFO [bootstrap,,,] [paascloud-provider-uac,,,,] 12788 --- [           main] s.w.s.m.m.a.RequestMappingHandlerMapping : Mapped "{[/email/sendRestEmailCode],methods=[POST],produces=[application/json;charset=UTF-8]}" onto public com.paascloud.wrapper.Wrapper<java.lang.String> com.paascloud.provider.web.mall.EmailController.sendRestEmailCode(com.paascloud.provider.model.dto.email.SendEmailMessage)
2019-02-27 22:52:24.623  INFO [bootstrap,,,] [paascloud-provider-uac,,,,] 12788 --- [           main] s.w.s.m.m.a.RequestMappingHandlerMapping : Mapped "{[/auth/category/getProductCategoryDtoByPid/{pid}],methods=[GET],produces=[application/json;charset=UTF-8]}" onto public com.paascloud.wrapper.Wrapper<java.util.List<com.paascloud.provider.model.dto.ProductCategoryDto>> com.paascloud.provider.web.mall.MallAuthRestController.getProductCategoryDtoByPid(java.lang.Long)
2019-02-27 22:52:24.623  INFO [bootstrap,,,] [paascloud-provider-uac,,,,] 12788 --- [           main] s.w.s.m.m.a.RequestMappingHandlerMapping : Mapped "{[/auth/product/queryProductDetail/{productId}],methods=[GET],produces=[application/json;charset=UTF-8]}" onto public com.paascloud.wrapper.Wrapper<com.paascloud.provider.model.vo.ProductDetailVo> com.paascloud.provider.web.mall.MallAuthRestController.queryProductDetail(java.lang.Long)
2019-02-27 22:52:24.624  INFO [bootstrap,,,] [paascloud-provider-uac,,,,] 12788 --- [           main] s.w.s.m.m.a.RequestMappingHandlerMapping : Mapped "{[/auth/product/queryProductList],methods=[POST],produces=[application/json;charset=UTF-8]}" onto public com.paascloud.wrapper.Wrapper<com.github.pagehelper.PageInfo> com.paascloud.provider.web.mall.MallAuthRestController.queryProductList(com.paascloud.provider.model.dto.ProductReqDto)
2019-02-27 22:52:24.625  INFO [bootstrap,,,] [paascloud-provider-uac,,,,] 12788 --- [           main] s.w.s.m.m.a.RequestMappingHandlerMapping : Mapped "{[/cart/selectAllProduct],methods=[POST],produces=[application/json;charset=UTF-8]}" onto public com.paascloud.wrapper.Wrapper com.paascloud.provider.web.mall.MallCartController.selectAll()
2019-02-27 22:52:24.625  INFO [bootstrap,,,] [paascloud-provider-uac,,,,] 12788 --- [           main] s.w.s.m.m.a.RequestMappingHandlerMapping : Mapped "{[/cart/selectProduct/{productId}],methods=[POST],produces=[application/json;charset=UTF-8]}" onto public com.paascloud.wrapper.Wrapper com.paascloud.provider.web.mall.MallCartController.select(java.lang.Long)
2019-02-27 22:52:24.625  INFO [bootstrap,,,] [paascloud-provider-uac,,,,] 12788 --- [           main] s.w.s.m.m.a.RequestMappingHandlerMapping : Mapped "{[/cart/deleteProduct/{productIds}],methods=[POST],produces=[application/json;charset=UTF-8]}" onto public com.paascloud.wrapper.Wrapper com.paascloud.provider.web.mall.MallCartController.deleteProduct(java.lang.String)
2019-02-27 22:52:24.626  INFO [bootstrap,,,] [paascloud-provider-uac,,,,] 12788 --- [           main] s.w.s.m.m.a.RequestMappingHandlerMapping : Mapped "{[/cart/unSelectProduct/{productId}],methods=[POST],produces=[application/json;charset=UTF-8]}" onto public com.paascloud.wrapper.Wrapper com.paascloud.provider.web.mall.MallCartController.unSelect(java.lang.Long)
2019-02-27 22:52:24.627  INFO [bootstrap,,,] [paascloud-provider-uac,,,,] 12788 --- [           main] s.w.s.m.m.a.RequestMappingHandlerMapping : Mapped "{[/cart/mergeUserCart],methods=[POST],produces=[application/json;charset=UTF-8]}" onto public com.paascloud.wrapper.Wrapper<com.paascloud.provider.model.vo.CartVo> com.paascloud.provider.web.mall.MallCartController.mergeUserCart(com.paascloud.provider.model.dto.omc.CartListQuery)
2019-02-27 22:52:24.627  INFO [bootstrap,,,] [paascloud-provider-uac,,,,] 12788 --- [           main] s.w.s.m.m.a.RequestMappingHandlerMapping : Mapped "{[/cart/unSelectAllProduct],methods=[POST],produces=[application/json;charset=UTF-8]}" onto public com.paascloud.wrapper.Wrapper com.paascloud.provider.web.mall.MallCartController.unSelectAll()
2019-02-27 22:52:24.627  INFO [bootstrap,,,] [paascloud-provider-uac,,,,] 12788 --- [           main] s.w.s.m.m.a.RequestMappingHandlerMapping : Mapped "{[/cart/addProduct/{productId}/{count}],methods=[POST],produces=[application/json;charset=UTF-8]}" onto public com.paascloud.wrapper.Wrapper com.paascloud.provider.web.mall.MallCartController.addProduct(java.lang.Long,java.lang.Integer)
2019-02-27 22:52:24.627  INFO [bootstrap,,,] [paascloud-provider-uac,,,,] 12788 --- [           main] s.w.s.m.m.a.RequestMappingHandlerMapping : Mapped "{[/cart/updateProduct/{productId}/{count}],methods=[POST],produces=[application/json;charset=UTF-8]}" onto public com.paascloud.wrapper.Wrapper com.paascloud.provider.web.mall.MallCartController.updateProduct(java.lang.Long,java.lang.Integer)
2019-02-27 22:52:24.628  INFO [bootstrap,,,] [paascloud-provider-uac,,,,] 12788 --- [           main] s.w.s.m.m.a.RequestMappingHandlerMapping : Mapped "{[/user/updateInformation],methods=[POST],produces=[application/json;charset=UTF-8]}" onto public com.paascloud.wrapper.Wrapper<com.paascloud.provider.model.dto.user.UserInfoDto> com.paascloud.provider.web.mall.MallUserController.updateInformation(com.paascloud.provider.model.dto.user.UserInfoDto)
2019-02-27 22:52:24.629  INFO [bootstrap,,,] [paascloud-provider-uac,,,,] 12788 --- [           main] s.w.s.m.m.a.RequestMappingHandlerMapping : Mapped "{[/user/getInformation],methods=[POST],produces=[application/json;charset=UTF-8]}" onto public com.paascloud.wrapper.Wrapper<com.paascloud.provider.model.dto.user.UserInfoDto> com.paascloud.provider.web.mall.MallUserController.getInformation()
2019-02-27 22:52:24.629  INFO [bootstrap,,,] [paascloud-provider-uac,,,,] 12788 --- [           main] s.w.s.m.m.a.RequestMappingHandlerMapping : Mapped "{[/api/uac/message/queryMessageListWithPage],methods=[POST]}" onto public com.paascloud.wrapper.Wrapper<com.github.pagehelper.PageInfo<com.paascloud.base.dto.MqMessageVo>> com.paascloud.provider.web.rpc.UacMqMessageFeignClient.queryMessageListWithPage(com.paascloud.base.dto.MessageQueryDto)
2019-02-27 22:52:24.630  INFO [bootstrap,,,] [paascloud-provider-uac,,,,] 12788 --- [           main] s.w.s.m.m.a.RequestMappingHandlerMapping : Mapped "{[/api/uac/message/queryMessageKeyList],methods=[POST]}" onto public com.paascloud.wrapper.Wrapper<java.util.List<java.lang.String>> com.paascloud.provider.web.rpc.UacMqMessageFeignClient.queryMessageKeyList(java.util.List<java.lang.String>)
2019-02-27 22:52:24.631  INFO [bootstrap,,,] [paascloud-provider-uac,,,,] 12788 --- [           main] s.w.s.m.m.a.RequestMappingHandlerMapping : Mapped "{[/api/uac/token/updateTokenOffLine],methods=[POST]}" onto public com.paascloud.wrapper.Wrapper<java.lang.Integer> com.paascloud.provider.web.rpc.UacUserTokenFeignClient.updateTokenOffLine()
2019-02-27 22:52:24.631  INFO [bootstrap,,,] [paascloud-provider-uac,,,,] 12788 --- [           main] s.w.s.m.m.a.RequestMappingHandlerMapping : Mapped "{[/social/user],methods=[GET]}" onto public com.paascloud.security.core.social.support.SocialUserInfo com.paascloud.security.app.AppSecurityController.getSocialUserInfo(javax.servlet.http.HttpServletRequest)
2019-02-27 22:52:24.632  INFO [bootstrap,,,] [paascloud-provider-uac,,,,] 12788 --- [           main] s.w.s.m.m.a.RequestMappingHandlerMapping : Mapped "{[/auth/code/{type}],methods=[POST]}" onto public void com.paascloud.security.core.validate.code.ValidateCodeController.createCode(javax.servlet.http.HttpServletRequest,javax.servlet.http.HttpServletResponse,java.lang.String) throws java.lang.Exception
2019-02-27 22:52:24.633  INFO [bootstrap,,,] [paascloud-provider-uac,,,,] 12788 --- [           main] s.w.s.m.m.a.RequestMappingHandlerMapping : Mapped "{[/auth/code/{type}],methods=[GET]}" onto public java.lang.Object com.paascloud.security.core.validate.code.ValidateCodeController.checkCode(javax.servlet.http.HttpServletRequest,javax.servlet.http.HttpServletResponse,java.lang.String)
2019-02-27 22:52:24.633  INFO [bootstrap,,,] [paascloud-provider-uac,,,,] 12788 --- [           main] s.w.s.m.m.a.RequestMappingHandlerMapping : Mapped "{[/v2/api-docs],methods=[GET],produces=[application/json || application/hal+json]}" onto public org.springframework.http.ResponseEntity<springfox.documentation.spring.web.json.Json> springfox.documentation.swagger2.web.Swagger2Controller.getDocumentation(java.lang.String,javax.servlet.http.HttpServletRequest)
2019-02-27 22:52:24.634  INFO [bootstrap,,,] [paascloud-provider-uac,,,,] 12788 --- [           main] s.w.s.m.m.a.RequestMappingHandlerMapping : Mapped "{[/swagger-resources]}" onto org.springframework.http.ResponseEntity<java.util.List<springfox.documentation.swagger.web.SwaggerResource>> springfox.documentation.swagger.web.ApiResourceController.swaggerResources()
2019-02-27 22:52:24.634  INFO [bootstrap,,,] [paascloud-provider-uac,,,,] 12788 --- [           main] s.w.s.m.m.a.RequestMappingHandlerMapping : Mapped "{[/swagger-resources/configuration/ui]}" onto org.springframework.http.ResponseEntity<springfox.documentation.swagger.web.UiConfiguration> springfox.documentation.swagger.web.ApiResourceController.uiConfiguration()
2019-02-27 22:52:24.635  INFO [bootstrap,,,] [paascloud-provider-uac,,,,] 12788 --- [           main] s.w.s.m.m.a.RequestMappingHandlerMapping : Mapped "{[/swagger-resources/configuration/security]}" onto org.springframework.http.ResponseEntity<springfox.documentation.swagger.web.SecurityConfiguration> springfox.documentation.swagger.web.ApiResourceController.securityConfiguration()
2019-02-27 22:52:24.637  INFO [bootstrap,,,] [paascloud-provider-uac,,,,] 12788 --- [           main] s.w.s.m.m.a.RequestMappingHandlerMapping : Mapped "{[/error]}" onto public org.springframework.http.ResponseEntity<java.util.Map<java.lang.String, java.lang.Object>> org.springframework.boot.autoconfigure.web.BasicErrorController.error(javax.servlet.http.HttpServletRequest)
2019-02-27 22:52:24.637  INFO [bootstrap,,,] [paascloud-provider-uac,,,,] 12788 --- [           main] s.w.s.m.m.a.RequestMappingHandlerMapping : Mapped "{[/error],produces=[text/html]}" onto public org.springframework.web.servlet.ModelAndView org.springframework.boot.autoconfigure.web.BasicErrorController.errorHtml(javax.servlet.http.HttpServletRequest,javax.servlet.http.HttpServletResponse)
2019-02-27 22:52:24.641  INFO [bootstrap,,,] [paascloud-provider-uac,,,,] 12788 --- [           main] s.w.s.m.m.a.RequestMappingHandlerMapping : Mapped "{[/connect/{providerId}],methods=[POST]}" onto public org.springframework.web.servlet.view.RedirectView org.springframework.social.connect.web.ConnectController.connect(java.lang.String,org.springframework.web.context.request.NativeWebRequest)
2019-02-27 22:52:24.641  INFO [bootstrap,,,] [paascloud-provider-uac,,,,] 12788 --- [           main] s.w.s.m.m.a.RequestMappingHandlerMapping : Mapped "{[/connect],methods=[GET]}" onto public java.lang.String org.springframework.social.connect.web.ConnectController.connectionStatus(org.springframework.web.context.request.NativeWebRequest,org.springframework.ui.Model)
2019-02-27 22:52:24.641  INFO [bootstrap,,,] [paascloud-provider-uac,,,,] 12788 --- [           main] s.w.s.m.m.a.RequestMappingHandlerMapping : Mapped "{[/connect/{providerId}],methods=[GET]}" onto public java.lang.String org.springframework.social.connect.web.ConnectController.connectionStatus(java.lang.String,org.springframework.web.context.request.NativeWebRequest,org.springframework.ui.Model)
2019-02-27 22:52:24.641  INFO [bootstrap,,,] [paascloud-provider-uac,,,,] 12788 --- [           main] s.w.s.m.m.a.RequestMappingHandlerMapping : Mapped "{[/connect/{providerId}/{providerUserId}],methods=[DELETE]}" onto public org.springframework.web.servlet.view.RedirectView org.springframework.social.connect.web.ConnectController.removeConnection(java.lang.String,java.lang.String,org.springframework.web.context.request.NativeWebRequest)
2019-02-27 22:52:24.641  INFO [bootstrap,,,] [paascloud-provider-uac,,,,] 12788 --- [           main] s.w.s.m.m.a.RequestMappingHandlerMapping : Mapped "{[/connect/{providerId}],methods=[GET],params=[oauth_token]}" onto public org.springframework.web.servlet.view.RedirectView org.springframework.social.connect.web.ConnectController.oauth1Callback(java.lang.String,org.springframework.web.context.request.NativeWebRequest)
2019-02-27 22:52:24.642  INFO [bootstrap,,,] [paascloud-provider-uac,,,,] 12788 --- [           main] s.w.s.m.m.a.RequestMappingHandlerMapping : Mapped "{[/connect/{providerId}],methods=[GET],params=[code]}" onto public org.springframework.web.servlet.view.RedirectView org.springframework.social.connect.web.ConnectController.oauth2Callback(java.lang.String,org.springframework.web.context.request.NativeWebRequest)
2019-02-27 22:52:24.642  INFO [bootstrap,,,] [paascloud-provider-uac,,,,] 12788 --- [           main] s.w.s.m.m.a.RequestMappingHandlerMapping : Mapped "{[/connect/{providerId}],methods=[GET],params=[error]}" onto public org.springframework.web.servlet.view.RedirectView org.springframework.social.connect.web.ConnectController.oauth2ErrorCallback(java.lang.String,java.lang.String,java.lang.String,java.lang.String,org.springframework.web.context.request.NativeWebRequest)
2019-02-27 22:52:24.642  INFO [bootstrap,,,] [paascloud-provider-uac,,,,] 12788 --- [           main] s.w.s.m.m.a.RequestMappingHandlerMapping : Mapped "{[/connect/{providerId}],methods=[DELETE]}" onto public org.springframework.web.servlet.view.RedirectView org.springframework.social.connect.web.ConnectController.removeConnections(java.lang.String,org.springframework.web.context.request.NativeWebRequest)
2019-02-27 22:52:24.707  INFO [bootstrap,,,] [paascloud-provider-uac,,,,] 12788 --- [           main] .s.o.p.e.FrameworkEndpointHandlerMapping : Mapped "{[/oauth/authorize],methods=[POST],params=[user_oauth_approval]}" onto public org.springframework.web.servlet.View org.springframework.security.oauth2.provider.endpoint.AuthorizationEndpoint.approveOrDeny(java.util.Map<java.lang.String, java.lang.String>,java.util.Map<java.lang.String, ?>,org.springframework.web.bind.support.SessionStatus,java.security.Principal)
2019-02-27 22:52:24.707  INFO [bootstrap,,,] [paascloud-provider-uac,,,,] 12788 --- [           main] .s.o.p.e.FrameworkEndpointHandlerMapping : Mapped "{[/oauth/authorize]}" onto public org.springframework.web.servlet.ModelAndView org.springframework.security.oauth2.provider.endpoint.AuthorizationEndpoint.authorize(java.util.Map<java.lang.String, java.lang.Object>,java.util.Map<java.lang.String, java.lang.String>,org.springframework.web.bind.support.SessionStatus,java.security.Principal)
2019-02-27 22:52:24.708  INFO [bootstrap,,,] [paascloud-provider-uac,,,,] 12788 --- [           main] .s.o.p.e.FrameworkEndpointHandlerMapping : Mapped "{[/oauth/token],methods=[POST]}" onto public org.springframework.http.ResponseEntity<org.springframework.security.oauth2.common.OAuth2AccessToken> org.springframework.security.oauth2.provider.endpoint.TokenEndpoint.postAccessToken(java.security.Principal,java.util.Map<java.lang.String, java.lang.String>) throws org.springframework.web.HttpRequestMethodNotSupportedException
2019-02-27 22:52:24.708  INFO [bootstrap,,,] [paascloud-provider-uac,,,,] 12788 --- [           main] .s.o.p.e.FrameworkEndpointHandlerMapping : Mapped "{[/oauth/token],methods=[GET]}" onto public org.springframework.http.ResponseEntity<org.springframework.security.oauth2.common.OAuth2AccessToken> org.springframework.security.oauth2.provider.endpoint.TokenEndpoint.getAccessToken(java.security.Principal,java.util.Map<java.lang.String, java.lang.String>) throws org.springframework.web.HttpRequestMethodNotSupportedException
2019-02-27 22:52:24.708  INFO [bootstrap,,,] [paascloud-provider-uac,,,,] 12788 --- [           main] .s.o.p.e.FrameworkEndpointHandlerMapping : Mapped "{[/oauth/check_token]}" onto public java.util.Map<java.lang.String, ?> org.springframework.security.oauth2.provider.endpoint.CheckTokenEndpoint.checkToken(java.lang.String)
2019-02-27 22:52:24.709  INFO [bootstrap,,,] [paascloud-provider-uac,,,,] 12788 --- [           main] .s.o.p.e.FrameworkEndpointHandlerMapping : Mapped "{[/oauth/confirm_access]}" onto public org.springframework.web.servlet.ModelAndView org.springframework.security.oauth2.provider.endpoint.WhitelabelApprovalEndpoint.getAccessConfirmation(java.util.Map<java.lang.String, java.lang.Object>,javax.servlet.http.HttpServletRequest) throws java.lang.Exception
2019-02-27 22:52:24.709  INFO [bootstrap,,,] [paascloud-provider-uac,,,,] 12788 --- [           main] .s.o.p.e.FrameworkEndpointHandlerMapping : Mapped "{[/oauth/error]}" onto public org.springframework.web.servlet.ModelAndView org.springframework.security.oauth2.provider.endpoint.WhitelabelErrorEndpoint.handleError(javax.servlet.http.HttpServletRequest)
2019-02-27 22:52:24.713  INFO [bootstrap,,,] [paascloud-provider-uac,,,,] 12788 --- [           main] .s.o.p.e.FrameworkEndpointHandlerMapping : Mapped "{[/oauth/token_key],methods=[GET]}" onto public java.util.Map<java.lang.String, java.lang.String> org.springframework.security.oauth2.provider.endpoint.TokenKeyEndpoint.getKey(java.security.Principal)
2019-02-27 22:52:26.100  INFO [bootstrap,,,] [paascloud-provider-uac,,,,] 12788 --- [           main] o.s.cloud.commons.util.InetUtils         : Cannot determine local hostname
2019-02-27 22:52:27.400  INFO [bootstrap,,,] [paascloud-provider-uac,,,,] 12788 --- [           main] o.s.cloud.commons.util.InetUtils         : Cannot determine local hostname
2019-02-27 22:52:28.216  INFO [bootstrap,,,] [paascloud-provider-uac,,,,] 12788 --- [           main] com.alibaba.druid.pool.DruidDataSource   : {dataSource-7} inited
2019-02-27 22:52:29.071  INFO [bootstrap,,,] [paascloud-provider-uac,,,,] 12788 --- [           main] liquibase                                : Successfully acquired change log lock
2019-02-27 22:52:29.093  INFO [bootstrap,,,] [paascloud-provider-uac,,,,] 12788 --- [           main] liquibase                                : Reading from paascloud_uac.DATABASECHANGELOG
2019-02-27 22:52:29.268  INFO [bootstrap,,,] [paascloud-provider-uac,,,,] 12788 --- [           main] liquibase                                : Successfully released change log lock
2019-02-27 22:52:29.349  INFO [bootstrap,,,] [paascloud-provider-uac,,,,] 12788 --- [           main] o.s.b.a.e.mvc.EndpointHandlerMapping     : Mapped "{[/hystrix.stream/**]}" onto public org.springframework.web.servlet.ModelAndView org.springframework.cloud.netflix.endpoint.ServletWrappingEndpoint.handle(javax.servlet.http.HttpServletRequest,javax.servlet.http.HttpServletResponse) throws java.lang.Exception
2019-02-27 22:52:29.350  INFO [bootstrap,,,] [paascloud-provider-uac,,,,] 12788 --- [           main] o.s.b.a.e.mvc.EndpointHandlerMapping     : Mapped "{[/env/{name:.*}],methods=[GET],produces=[application/vnd.spring-boot.actuator.v1+json || application/json]}" onto public java.lang.Object org.springframework.boot.actuate.endpoint.mvc.EnvironmentMvcEndpoint.value(java.lang.String)
2019-02-27 22:52:29.351  INFO [bootstrap,,,] [paascloud-provider-uac,,,,] 12788 --- [           main] o.s.b.a.e.mvc.EndpointHandlerMapping     : Mapped "{[/env || /env.json],methods=[GET],produces=[application/vnd.spring-boot.actuator.v1+json || application/json]}" onto public java.lang.Object org.springframework.boot.actuate.endpoint.mvc.EndpointMvcAdapter.invoke()
2019-02-27 22:52:29.351  INFO [bootstrap,,,] [paascloud-provider-uac,,,,] 12788 --- [           main] o.s.b.a.e.mvc.EndpointHandlerMapping     : Mapped "{[/features || /features.json],methods=[GET],produces=[application/vnd.spring-boot.actuator.v1+json || application/json]}" onto public java.lang.Object org.springframework.boot.actuate.endpoint.mvc.EndpointMvcAdapter.invoke()
2019-02-27 22:52:29.352  INFO [bootstrap,,,] [paascloud-provider-uac,,,,] 12788 --- [           main] o.s.b.a.e.mvc.EndpointHandlerMapping     : Mapped "{[/trace || /trace.json],methods=[GET],produces=[application/vnd.spring-boot.actuator.v1+json || application/json]}" onto public java.lang.Object org.springframework.boot.actuate.endpoint.mvc.EndpointMvcAdapter.invoke()
2019-02-27 22:52:29.352  INFO [bootstrap,,,] [paascloud-provider-uac,,,,] 12788 --- [           main] o.s.b.a.e.mvc.EndpointHandlerMapping     : Mapped "{[/liquibase || /liquibase.json],methods=[GET],produces=[application/vnd.spring-boot.actuator.v1+json || application/json]}" onto public java.lang.Object org.springframework.boot.actuate.endpoint.mvc.EndpointMvcAdapter.invoke()
2019-02-27 22:52:29.352  INFO [bootstrap,,,] [paascloud-provider-uac,,,,] 12788 --- [           main] o.s.b.a.e.mvc.EndpointHandlerMapping     : Mapped "{[/health || /health.json],methods=[GET],produces=[application/vnd.spring-boot.actuator.v1+json || application/json]}" onto public java.lang.Object org.springframework.boot.actuate.endpoint.mvc.HealthMvcEndpoint.invoke(javax.servlet.http.HttpServletRequest,java.security.Principal)
2019-02-27 22:52:29.353  INFO [bootstrap,,,] [paascloud-provider-uac,,,,] 12788 --- [           main] o.s.b.a.e.mvc.EndpointHandlerMapping     : Mapped "{[/service-registry/instance-status],methods=[POST]}" onto public org.springframework.http.ResponseEntity<?> org.springframework.cloud.client.serviceregistry.endpoint.ServiceRegistryEndpoint.setStatus(java.lang.String)
2019-02-27 22:52:29.353  INFO [bootstrap,,,] [paascloud-provider-uac,,,,] 12788 --- [           main] o.s.b.a.e.mvc.EndpointHandlerMapping     : Mapped "{[/service-registry/instance-status],methods=[GET]}" onto public org.springframework.http.ResponseEntity org.springframework.cloud.client.serviceregistry.endpoint.ServiceRegistryEndpoint.getStatus()
2019-02-27 22:52:29.353  INFO [bootstrap,,,] [paascloud-provider-uac,,,,] 12788 --- [           main] o.s.b.a.e.mvc.EndpointHandlerMapping     : Mapped "{[/heapdump || /heapdump.json],methods=[GET],produces=[application/octet-stream]}" onto public void org.springframework.boot.actuate.endpoint.mvc.HeapdumpMvcEndpoint.invoke(boolean,javax.servlet.http.HttpServletRequest,javax.servlet.http.HttpServletResponse) throws java.io.IOException,javax.servlet.ServletException
2019-02-27 22:52:29.354  INFO [bootstrap,,,] [paascloud-provider-uac,,,,] 12788 --- [           main] o.s.b.a.e.mvc.EndpointHandlerMapping     : Mapped "{[/mappings || /mappings.json],methods=[GET],produces=[application/vnd.spring-boot.actuator.v1+json || application/json]}" onto public java.lang.Object org.springframework.boot.actuate.endpoint.mvc.EndpointMvcAdapter.invoke()
2019-02-27 22:52:29.355  INFO [bootstrap,,,] [paascloud-provider-uac,,,,] 12788 --- [           main] o.s.b.a.e.mvc.EndpointHandlerMapping     : Mapped "{[/jolokia/**]}" onto public org.springframework.web.servlet.ModelAndView org.springframework.boot.actuate.endpoint.mvc.JolokiaMvcEndpoint.handle(javax.servlet.http.HttpServletRequest,javax.servlet.http.HttpServletResponse) throws java.lang.Exception
2019-02-27 22:52:29.355  INFO [bootstrap,,,] [paascloud-provider-uac,,,,] 12788 --- [           main] o.s.b.a.e.mvc.EndpointHandlerMapping     : Mapped "{[/auditevents || /auditevents.json],methods=[GET],produces=[application/vnd.spring-boot.actuator.v1+json || application/json]}" onto public org.springframework.http.ResponseEntity<?> org.springframework.boot.actuate.endpoint.mvc.AuditEventsMvcEndpoint.findByPrincipalAndAfterAndType(java.lang.String,java.util.Date,java.lang.String)
2019-02-27 22:52:29.356  INFO [bootstrap,,,] [paascloud-provider-uac,,,,] 12788 --- [           main] o.s.b.a.e.mvc.EndpointHandlerMapping     : Mapped "{[/archaius || /archaius.json],methods=[GET],produces=[application/vnd.spring-boot.actuator.v1+json || application/json]}" onto public java.lang.Object org.springframework.boot.actuate.endpoint.mvc.EndpointMvcAdapter.invoke()
2019-02-27 22:52:29.356  INFO [bootstrap,,,] [paascloud-provider-uac,,,,] 12788 --- [           main] o.s.b.a.e.mvc.EndpointHandlerMapping     : Mapped "{[/info || /info.json],methods=[GET],produces=[application/vnd.spring-boot.actuator.v1+json || application/json]}" onto public java.lang.Object org.springframework.boot.actuate.endpoint.mvc.EndpointMvcAdapter.invoke()
2019-02-27 22:52:29.357  INFO [bootstrap,,,] [paascloud-provider-uac,,,,] 12788 --- [           main] o.s.b.a.e.mvc.EndpointHandlerMapping     : Mapped "{[/beans || /beans.json],methods=[GET],produces=[application/vnd.spring-boot.actuator.v1+json || application/json]}" onto public java.lang.Object org.springframework.boot.actuate.endpoint.mvc.EndpointMvcAdapter.invoke()
2019-02-27 22:52:29.357  INFO [bootstrap,,,] [paascloud-provider-uac,,,,] 12788 --- [           main] o.s.b.a.e.mvc.EndpointHandlerMapping     : Mapped "{[/configprops || /configprops.json],methods=[GET],produces=[application/vnd.spring-boot.actuator.v1+json || application/json]}" onto public java.lang.Object org.springframework.boot.actuate.endpoint.mvc.EndpointMvcAdapter.invoke()
2019-02-27 22:52:29.357  INFO [bootstrap,,,] [paascloud-provider-uac,,,,] 12788 --- [           main] o.s.b.a.e.mvc.EndpointHandlerMapping     : Mapped "{[/env],methods=[POST]}" onto public java.lang.Object org.springframework.cloud.context.environment.EnvironmentManagerMvcEndpoint.value(java.util.Map<java.lang.String, java.lang.String>)
2019-02-27 22:52:29.358  INFO [bootstrap,,,] [paascloud-provider-uac,,,,] 12788 --- [           main] o.s.b.a.e.mvc.EndpointHandlerMapping     : Mapped "{[/env/reset],methods=[POST]}" onto public java.util.Map<java.lang.String, java.lang.Object> org.springframework.cloud.context.environment.EnvironmentManagerMvcEndpoint.reset()
2019-02-27 22:52:29.358  INFO [bootstrap,,,] [paascloud-provider-uac,,,,] 12788 --- [           main] o.s.b.a.e.mvc.EndpointHandlerMapping     : Mapped "{[/metrics/{name:.*}],methods=[GET],produces=[application/vnd.spring-boot.actuator.v1+json || application/json]}" onto public java.lang.Object org.springframework.boot.actuate.endpoint.mvc.MetricsMvcEndpoint.value(java.lang.String)
2019-02-27 22:52:29.358  INFO [bootstrap,,,] [paascloud-provider-uac,,,,] 12788 --- [           main] o.s.b.a.e.mvc.EndpointHandlerMapping     : Mapped "{[/metrics || /metrics.json],methods=[GET],produces=[application/vnd.spring-boot.actuator.v1+json || application/json]}" onto public java.lang.Object org.springframework.boot.actuate.endpoint.mvc.EndpointMvcAdapter.invoke()
2019-02-27 22:52:29.359  INFO [bootstrap,,,] [paascloud-provider-uac,,,,] 12788 --- [           main] o.s.b.a.e.mvc.EndpointHandlerMapping     : Mapped "{[/dump || /dump.json],methods=[GET],produces=[application/vnd.spring-boot.actuator.v1+json || application/json]}" onto public java.lang.Object org.springframework.boot.actuate.endpoint.mvc.EndpointMvcAdapter.invoke()
2019-02-27 22:52:29.360  INFO [bootstrap,,,] [paascloud-provider-uac,,,,] 12788 --- [           main] o.s.b.a.e.mvc.EndpointHandlerMapping     : Mapped "{[/refresh || /refresh.json],methods=[POST]}" onto public java.lang.Object org.springframework.cloud.endpoint.GenericPostableMvcEndpoint.invoke()
2019-02-27 22:52:29.360  INFO [bootstrap,,,] [paascloud-provider-uac,,,,] 12788 --- [           main] o.s.b.a.e.mvc.EndpointHandlerMapping     : Mapped "{[/autoconfig || /autoconfig.json],methods=[GET],produces=[application/vnd.spring-boot.actuator.v1+json || application/json]}" onto public java.lang.Object org.springframework.boot.actuate.endpoint.mvc.EndpointMvcAdapter.invoke()
2019-02-27 22:52:29.361  INFO [bootstrap,,,] [paascloud-provider-uac,,,,] 12788 --- [           main] o.s.b.a.e.mvc.EndpointHandlerMapping     : Mapped "{[/loggers/{name:.*}],methods=[GET],produces=[application/vnd.spring-boot.actuator.v1+json || application/json]}" onto public java.lang.Object org.springframework.boot.actuate.endpoint.mvc.LoggersMvcEndpoint.get(java.lang.String)
2019-02-27 22:52:29.361  INFO [bootstrap,,,] [paascloud-provider-uac,,,,] 12788 --- [           main] o.s.b.a.e.mvc.EndpointHandlerMapping     : Mapped "{[/loggers/{name:.*}],methods=[POST],consumes=[application/vnd.spring-boot.actuator.v1+json || application/json],produces=[application/vnd.spring-boot.actuator.v1+json || application/json]}" onto public java.lang.Object org.springframework.boot.actuate.endpoint.mvc.LoggersMvcEndpoint.set(java.lang.String,java.util.Map<java.lang.String, java.lang.String>)
2019-02-27 22:52:29.361  INFO [bootstrap,,,] [paascloud-provider-uac,,,,] 12788 --- [           main] o.s.b.a.e.mvc.EndpointHandlerMapping     : Mapped "{[/loggers || /loggers.json],methods=[GET],produces=[application/vnd.spring-boot.actuator.v1+json || application/json]}" onto public java.lang.Object org.springframework.boot.actuate.endpoint.mvc.EndpointMvcAdapter.invoke()
2019-02-27 22:52:29.737  INFO [bootstrap,,,] [paascloud-provider-uac,,,,] 12788 --- [           main] c.p.p.config.AliyunMqConfiguration       : RocketMq UacPushConsumer topic = TPC_TOPIC, tags=DELETE_CONSUMER_MESSAGE||DELETE_PRODUCER_MESSAGE
2019-02-27 22:52:29.803  INFO [bootstrap,,,] [paascloud-provider-uac,,,,] 12788 --- [           main] o.s.w.s.handler.SimpleUrlHandlerMapping  : Mapped URL path [/**] onto handler of type [class org.springframework.web.servlet.resource.ResourceHttpRequestHandler]
2019-02-27 22:52:29.858  INFO [bootstrap,,,] [paascloud-provider-uac,,,,] 12788 --- [           main] s.w.s.m.m.a.RequestMappingHandlerAdapter : Looking for @ControllerAdvice: org.springframework.web.context.support.GenericWebApplicationContext@4ea30736: startup date [Wed Feb 27 22:52:17 CST 2019]; parent: org.springframework.context.annotation.AnnotationConfigApplicationContext@7f8f5d13
2019-02-27 22:52:29.905  INFO [bootstrap,,,] [paascloud-provider-uac,,,,] 12788 --- [           main] .m.m.a.ExceptionHandlerExceptionResolver : Detected @ExceptionHandler methods in globalExceptionHandler
2019-02-27 22:52:30.358  WARN [bootstrap,,,] [paascloud-provider-uac,,,,] 12788 --- [           main] c.n.c.sources.URLConfigurationSource     : No URLs will be polled as dynamic configuration sources.
2019-02-27 22:52:30.358  INFO [bootstrap,,,] [paascloud-provider-uac,,,,] 12788 --- [           main] c.n.c.sources.URLConfigurationSource     : To enable URLs as dynamic configuration sources, define System property archaius.configurationSource.additionalUrls or make config.properties available on classpath.
2019-02-27 22:52:31.073  INFO [bootstrap,,,] [paascloud-provider-uac,,,,] 12788 --- [           main] o.s.s.web.DefaultSecurityFilterChain     : Creating filter chain: OrRequestMatcher [requestMatchers=[Ant [pattern='/css/**'], Ant [pattern='/js/**'], Ant [pattern='/images/**'], Ant [pattern='/webjars/**'], Ant [pattern='/**/favicon.ico'], Ant [pattern='/error']]], []
2019-02-27 22:52:31.073  INFO [bootstrap,,,] [paascloud-provider-uac,,,,] 12788 --- [           main] o.s.s.web.DefaultSecurityFilterChain     : Creating filter chain: org.springframework.boot.actuate.autoconfigure.ManagementWebSecurityAutoConfiguration$LazyEndpointPathRequestMatcher@22a320c0, []
2019-02-27 22:52:31.191  INFO [bootstrap,,,] [paascloud-provider-uac,,,,] 12788 --- [           main] o.s.s.web.DefaultSecurityFilterChain     : Creating filter chain: OrRequestMatcher [requestMatchers=[Ant [pattern='/oauth/token'], Ant [pattern='/oauth/token_key'], Ant [pattern='/oauth/check_token']]], [org.springframework.security.web.context.request.async.WebAsyncManagerIntegrationFilter@12096970, org.springframework.security.web.context.SecurityContextPersistenceFilter@6a9b3f7b, org.springframework.security.web.header.HeaderWriterFilter@1087d309, org.springframework.security.web.authentication.logout.LogoutFilter@5d582453, org.springframework.security.oauth2.provider.client.ClientCredentialsTokenEndpointFilter@65cbb4ef, org.springframework.security.web.authentication.www.BasicAuthenticationFilter@52f45ded, org.springframework.security.web.savedrequest.RequestCacheAwareFilter@740fcfe7, org.springframework.security.web.servletapi.SecurityContextHolderAwareRequestFilter@7612820f, org.springframework.security.web.authentication.AnonymousAuthenticationFilter@46ba095e, org.springframework.security.web.session.SessionManagementFilter@e72ba67, org.springframework.security.web.access.ExceptionTranslationFilter@3093176c, org.springframework.security.web.access.intercept.FilterSecurityInterceptor@62f99f5e]
2019-02-27 22:52:31.288  INFO [bootstrap,,,] [paascloud-provider-uac,,,,] 12788 --- [           main] o.s.s.web.DefaultSecurityFilterChain     : Creating filter chain: org.springframework.security.oauth2.config.annotation.web.configuration.ResourceServerConfiguration$NotOAuthRequestMatcher@194bdb20, [org.springframework.security.web.context.request.async.WebAsyncManagerIntegrationFilter@69a5604, org.springframework.security.web.context.SecurityContextPersistenceFilter@4bb0ee8d, org.springframework.security.web.header.HeaderWriterFilter@72d7267b, org.springframework.security.web.authentication.logout.LogoutFilter@70f70690, org.springframework.security.oauth2.provider.authentication.OAuth2AuthenticationProcessingFilter@f7b59d3, com.paascloud.security.core.validate.code.ValidateCodeFilter@612db7e1, org.springframework.social.security.SocialAuthenticationFilter@69732a9d, org.springframework.security.web.authentication.UsernamePasswordAuthenticationFilter@234cb914, com.paascloud.security.core.authentication.mobile.SmsCodeAuthenticationFilter@2ed30152, com.paascloud.security.app.authentication.openid.OpenIdAuthenticationFilter@6bea1fb1, org.springframework.security.web.savedrequest.RequestCacheAwareFilter@6b1e60a, org.springframework.security.web.servletapi.SecurityContextHolderAwareRequestFilter@4d1efc59, org.springframework.security.web.authentication.AnonymousAuthenticationFilter@2cbf5b37, org.springframework.security.web.session.SessionManagementFilter@6b2acfcd, org.springframework.security.web.access.ExceptionTranslationFilter@6025bd2c, org.springframework.security.web.access.intercept.FilterSecurityInterceptor@1e5c4e49]
2019-02-27 22:52:31.310  INFO [bootstrap,,,] [paascloud-provider-uac,,,,] 12788 --- [           main] o.s.s.web.DefaultSecurityFilterChain     : Creating filter chain: OrRequestMatcher [requestMatchers=[Ant [pattern='/**']]], [org.springframework.security.web.context.request.async.WebAsyncManagerIntegrationFilter@52a9165b, org.springframework.security.web.context.SecurityContextPersistenceFilter@5abb37c9, org.springframework.security.web.header.HeaderWriterFilter@50d87a50, org.springframework.security.web.authentication.logout.LogoutFilter@62aab49c, org.springframework.security.web.authentication.www.BasicAuthenticationFilter@3bc1e06d, org.springframework.security.web.savedrequest.RequestCacheAwareFilter@53974e0c, org.springframework.security.web.servletapi.SecurityContextHolderAwareRequestFilter@40399f12, org.springframework.security.web.authentication.AnonymousAuthenticationFilter@341d8d93, org.springframework.security.web.session.SessionManagementFilter@7e39f7d4, org.springframework.security.web.access.ExceptionTranslationFilter@76d8d204, org.springframework.security.web.access.intercept.FilterSecurityInterceptor@21514e90]
2019-02-27 22:52:31.841  INFO [bootstrap,,,] [paascloud-provider-uac,,,,] 12788 --- [           main] com.netflix.discovery.DiscoveryClient    : Shutting down DiscoveryClient ...
2019-02-27 22:52:31.846  INFO [bootstrap,,,] [paascloud-provider-uac,,,,] 12788 --- [           main] com.netflix.discovery.DiscoveryClient    : Completed shut down of DiscoveryClient
2019-02-27 22:52:31.990  INFO [bootstrap,,,] [paascloud-provider-uac,,,,] 12788 --- [           main] o.s.s.c.ThreadPoolTaskScheduler          : Initializing ExecutorService 
2019-02-27 22:52:32.203  INFO [bootstrap,,,] [paascloud-provider-uac,,,,] 12788 --- [           main] o.s.c.support.DefaultLifecycleProcessor  : Starting beans in phase 0
2019-02-27 22:52:32.203  INFO [bootstrap,,,] [paascloud-provider-uac,,,,] 12788 --- [           main] o.s.c.support.DefaultLifecycleProcessor  : Starting beans in phase 2147483647
2019-02-27 22:52:32.203  INFO [bootstrap,,,] [paascloud-provider-uac,,,,] 12788 --- [           main] d.s.w.p.DocumentationPluginsBootstrapper : Context refreshed
2019-02-27 22:52:32.205  INFO [bootstrap,,,] [paascloud-provider-uac,,,,] 12788 --- [           main] d.s.w.p.DocumentationPluginsBootstrapper : Found 1 custom documentation plugin(s)
2019-02-27 22:52:32.212  INFO [bootstrap,,,] [paascloud-provider-uac,,,,] 12788 --- [           main] s.d.s.w.s.ApiListingReferenceScanner     : Scanning for api listing references
2019-02-27 22:52:32.398  INFO [bootstrap,,,] [paascloud-provider-uac,,,,] 12788 --- [           main] .d.s.w.r.o.CachingOperationNameGenerator : Generating unique operation named: getGroupTreeByIdUsingPOST_1
2019-02-27 22:52:32.509  INFO [bootstrap,,,] [paascloud-provider-uac,,,,] 12788 --- [           main] .d.s.w.r.o.CachingOperationNameGenerator : Generating unique operation named: batchDeleteByIdListUsingPOST_1
2019-02-27 22:52:32.528  INFO [bootstrap,,,] [paascloud-provider-uac,,,,] 12788 --- [           main] .d.s.w.r.o.CachingOperationNameGenerator : Generating unique operation named: saveUsingPOST_1
2019-02-27 22:52:32.531  INFO [bootstrap,,,] [paascloud-provider-uac,,,,] 12788 --- [           main] .d.s.w.r.o.CachingOperationNameGenerator : Generating unique operation named: queryUacActionListWithPageUsingPOST_1
2019-02-27 22:52:32.578  INFO [bootstrap,,,] [paascloud-provider-uac,,,,] 12788 --- [           main] .d.s.w.r.o.CachingOperationNameGenerator : Generating unique operation named: loginAfterUsingPOST_1
2019-02-27 22:52:32.679  INFO [bootstrap,,,] [paascloud-provider-uac,,,,] 12788 --- [           main] .d.s.w.r.o.CachingOperationNameGenerator : Generating unique operation named: registerUserUsingPOST_1
2019-02-27 22:52:32.682  INFO [bootstrap,,,] [paascloud-provider-uac,,,,] 12788 --- [           main] ration$HystrixMetricsPollerConfiguration : Starting poller
2019-02-27 22:52:32.714  INFO [bootstrap,,,] [paascloud-provider-uac,,,,] 12788 --- [           main] c.p.provider.config.RedisInitRunner      : >>>>>>>>>>>>>>>鏈嶅姟鍚姩鎵ц锛屾墽琛屽姞杞芥暟鎹瓑鎿嶄綔 11111111 <<<<<<<<<<<<<
2019-02-27 22:52:32.717  INFO [bootstrap,,,] [paascloud-provider-uac,,,,] 12788 --- [           main] c.p.core.config.ZookeeperInitRunner      : ###ZookeeperInitRunner锛宨nit. HostAddress=192.168.144.1, applicationName=paascloud-provider-uac
2019-02-27 22:52:32.719  INFO [bootstrap,,,] [paascloud-provider-uac,,,,] 12788 --- [           main] o.a.c.f.imps.CuratorFrameworkImpl        : Starting
2019-02-27 22:52:32.720  INFO [bootstrap,,,] [paascloud-provider-uac,,,,] 12788 --- [           main] org.apache.zookeeper.ZooKeeper           : Initiating client connection, connectString=paascloud-provider-zk:2181 sessionTimeout=60000 watcher=org.apache.curator.ConnectionState@17afc3ce
2019-02-27 22:52:32.778  INFO [bootstrap,,,] [paascloud-provider-uac,,,,] 12788 --- [cloud.net:2181)] org.apache.zookeeper.ClientCnxn          : Opening socket connection to server dev-login.paascloud.net/127.0.0.1:2181. Will not attempt to authenticate using SASL (unknown error)
2019-02-27 22:52:33.781  WARN [bootstrap,,,] [paascloud-provider-uac,,,,] 12788 --- [cloud.net:2181)] org.apache.zookeeper.ClientCnxn          : Session 0x0 for server null, unexpected error, closing socket connection and attempting reconnect

java.net.ConnectException: Connection refused: no further information
	at sun.nio.ch.SocketChannelImpl.checkConnect(Native Method)
	at sun.nio.ch.SocketChannelImpl.finishConnect(SocketChannelImpl.java:717)
	at org.apache.zookeeper.ClientCnxnSocketNIO.doTransport(ClientCnxnSocketNIO.java:361)
	at org.apache.zookeeper.ClientCnxn$SendThread.run(ClientCnxn.java:1081)

2019-02-27 22:52:34.738  INFO [bootstrap,,,] [paascloud-provider-uac,,,,] 12788 --- [task-executor-1] RocketmqClient                           : the consumer [CID_UAC] start beginning. messageModel=CLUSTERING, isUnitMode=false
2019-02-27 22:52:34.882  INFO [bootstrap,,,] [paascloud-provider-uac,,,,] 12788 --- [cloud.net:2181)] org.apache.zookeeper.ClientCnxn          : Opening socket connection to server dev-login.paascloud.net/127.0.0.1:2181. Will not attempt to authenticate using SASL (unknown error)
2019-02-27 22:52:34.914  INFO [bootstrap,,,] [paascloud-provider-uac,,,,] 12788 --- [task-executor-1] RocketmqRemoting                         : name server address updated. NEW : [paascloud-mq-rocket:9876] , OLD: null
2019-02-27 22:52:34.914  INFO [bootstrap,,,] [paascloud-provider-uac,,,,] 12788 --- [task-executor-1] RocketmqClient                           : user specified name server address: paascloud-mq-rocket:9876
2019-02-27 22:52:35.086  INFO [bootstrap,,,] [paascloud-provider-uac,,,,] 12788 --- [task-executor-1] RocketmqClient                           : created a new client Instance, FactoryIndex: 6 ClinetID: 192.168.124.11@12788 ClientConfig [namesrvAddr=paascloud-mq-rocket:9876, clientIP=192.168.124.11, instanceName=12788, clientCallbackExecutorThreads=4, pollNameServerInterval=30000, heartbeatBrokerInterval=30000, persistConsumerOffsetInterval=5000, unitMode=false, unitName=null, vipChannelEnabled=true] V4_1_0_SNAPSHOT, serializeType=JSON
2019-02-27 22:52:35.086  INFO [bootstrap,,,] [paascloud-provider-uac,,,,] 12788 --- [task-executor-1] RocketmqClient                           : Created new MQClientInstance for clientId:[192.168.124.11@12788]
2019-02-27 22:52:35.089  INFO [bootstrap,,,] [paascloud-provider-uac,,,,] 12788 --- [task-executor-1] RocketmqClient                           : the producer [CLIENT_INNER_PRODUCER] start OK. sendMessageWithVIPChannel=true
2019-02-27 22:52:35.090  INFO [bootstrap,,,] [paascloud-provider-uac,,,,] 12788 --- [task-executor-1] RocketmqClient                           : the client factory [192.168.124.11@12788] start OK
2019-02-27 22:52:35.090  INFO [bootstrap,,,] [paascloud-provider-uac,,,,] 12788 --- [task-executor-1] RocketmqClient                           : the consumer [CID_UAC] start OK.
2019-02-27 22:52:35.090  INFO [bootstrap,,,] [paascloud-provider-uac,,,,] 12788 --- [task-executor-1] RocketmqRemoting                         : new name server is chosen. OLD: null , NEW: paascloud-mq-rocket:9876. namesrvIndex = 159
2019-02-27 22:52:35.091  INFO [bootstrap,,,] [paascloud-provider-uac,,,,] 12788 --- [lMessageService] RocketmqClient                           : PullMessageService service started
2019-02-27 22:52:35.092  INFO [bootstrap,,,] [paascloud-provider-uac,,,,] 12788 --- [ebalanceService] RocketmqClient                           : RebalanceService service started
2019-02-27 22:52:35.093  INFO [bootstrap,,,] [paascloud-provider-uac,,,,] 12788 --- [task-executor-1] RocketmqRemoting                         : createChannel: begin to connect remote host[paascloud-mq-rocket:9876] asynchronously
2019-02-27 22:52:35.094  INFO [bootstrap,,,] [paascloud-provider-uac,,,,] 12788 --- [tWorkerThread_1] RocketmqRemoting                         : NETTY CLIENT PIPELINE: CONNECT  UNKNOWN => aascloud-mq-rocket/127.0.0.1:9876
2019-02-27 22:52:35.095  INFO [bootstrap,,,] [paascloud-provider-uac,,,,] 12788 --- [task-executor-1] RocketmqRemoting                         : createChannel: connect remote host[paascloud-mq-rocket:9876] success, DefaultChannelPromise@72d4f2d4(success)
2019-02-27 22:52:35.099  WARN [bootstrap,,,] [paascloud-provider-uac,,,,] 12788 --- [task-executor-1] RocketmqClient                           : get Topic [TPC_TOPIC] RouteInfoFromNameServer is not exist value
2019-02-27 22:52:35.099  WARN [bootstrap,,,] [paascloud-provider-uac,,,,] 12788 --- [task-executor-1] RocketmqClient                           : updateTopicRouteInfoFromNameServer Exception

org.apache.rocketmq.client.exception.MQClientException: CODE: 17  DESC: No topic route info in name server for the topic: TPC_TOPIC
See http://rocketmq.apache.org/docs/faq/ for further details.
	at org.apache.rocketmq.client.impl.MQClientAPIImpl.getTopicRouteInfoFromNameServer(MQClientAPIImpl.java:1232)
	at org.apache.rocketmq.client.impl.factory.MQClientInstance.updateTopicRouteInfoFromNameServer(MQClientInstance.java:603)
	at org.apache.rocketmq.client.impl.factory.MQClientInstance.updateTopicRouteInfoFromNameServer(MQClientInstance.java:491)
	at org.apache.rocketmq.client.impl.consumer.DefaultMQPushConsumerImpl.updateTopicSubscribeInfoWhenSubscriptionChanged(DefaultMQPushConsumerImpl.java:803)
	at org.apache.rocketmq.client.impl.consumer.DefaultMQPushConsumerImpl.start(DefaultMQPushConsumerImpl.java:619)
	at org.apache.rocketmq.client.consumer.DefaultMQPushConsumer.start(DefaultMQPushConsumer.java:456)
	at com.paascloud.provider.config.AliyunMqConfiguration.lambda$defaultMQPushConsumer$0(AliyunMqConfiguration.java:78)
	at com.paascloud.core.config.ExceptionHandlingAsyncTaskExecutor.lambda$createWrappedRunnable$2(ExceptionHandlingAsyncTaskExecutor.java:76)
	at java.util.concurrent.ThreadPoolExecutor.runWorker(ThreadPoolExecutor.java:1142)
	at java.util.concurrent.ThreadPoolExecutor$Worker.run(ThreadPoolExecutor.java:617)
	at java.lang.Thread.run(Thread.java:745)

2019-02-27 22:52:35.101  INFO [bootstrap,,,] [paascloud-provider-uac,,,,] 12788 --- [task-executor-1] RocketmqClient                           : the topic[%RETRY%CID_UAC] route info changed, old[null] ,new[TopicRouteData [orderTopicConf=null, queueDatas=[QueueData [brokerName=SC-201706010027, readQueueNums=1, writeQueueNums=1, perm=6, topicSynFlag=0]], brokerDatas=[BrokerData [brokerName=SC-201706010027, brokerAddrs={0=192.168.124.11:10911}]], filterServerTable={}]]
2019-02-27 22:52:35.102  INFO [bootstrap,,,] [paascloud-provider-uac,,,,] 12788 --- [task-executor-1] RocketmqClient                           : topicRouteTable.put. Topic = %RETRY%CID_UAC, TopicRouteData[TopicRouteData [orderTopicConf=null, queueDatas=[QueueData [brokerName=SC-201706010027, readQueueNums=1, writeQueueNums=1, perm=6, topicSynFlag=0]], brokerDatas=[BrokerData [brokerName=SC-201706010027, brokerAddrs={0=192.168.124.11:10911}]], filterServerTable={}]]
2019-02-27 22:52:35.102  INFO [bootstrap,,,] [paascloud-provider-uac,,,,] 12788 --- [task-executor-1] RocketmqRemoting                         : createChannel: begin to connect remote host[192.168.124.11:10911] asynchronously
2019-02-27 22:52:35.103  INFO [bootstrap,,,] [paascloud-provider-uac,,,,] 12788 --- [tWorkerThread_2] RocketmqRemoting                         : NETTY CLIENT PIPELINE: CONNECT  UNKNOWN => 192.168.124.11:10911
2019-02-27 22:52:35.104  INFO [bootstrap,,,] [paascloud-provider-uac,,,,] 12788 --- [task-executor-1] RocketmqRemoting                         : createChannel: connect remote host[192.168.124.11:10911] success, DefaultChannelPromise@10ad998a(success)
2019-02-27 22:52:35.107  INFO [bootstrap,,,] [paascloud-provider-uac,,,,] 12788 --- [ublicExecutor_1] RocketmqClient                           : receive broker's notification[192.168.124.11:10911], the consumer group: CID_UAC changed, rebalance immediately
2019-02-27 22:52:35.108  INFO [bootstrap,,,] [paascloud-provider-uac,,,,] 12788 --- [task-executor-1] RocketmqClient                           : send heart beat to broker[SC-201706010027 0 192.168.124.11:10911] success
2019-02-27 22:52:35.108  INFO [bootstrap,,,] [paascloud-provider-uac,,,,] 12788 --- [task-executor-1] RocketmqClient                           : HeartbeatData [clientID=192.168.124.11@12788, producerDataSet=[ProducerData [groupName=CLIENT_INNER_PRODUCER]], consumerDataSet=[ConsumerData [groupName=CID_UAC, consumeType=CONSUME_PASSIVELY, messageModel=CLUSTERING, consumeFromWhere=CONSUME_FROM_LAST_OFFSET, unitMode=false, subscriptionDataSet=[SubscriptionData [classFilterMode=false, topic=%RETRY%CID_UAC, subString=*, tagsSet=[], codeSet=[], subVersion=1551279154738, expressionType=null], SubscriptionData [classFilterMode=false, topic=TPC_TOPIC, subString=DELETE_CONSUMER_MESSAGE||DELETE_PRODUCER_MESSAGE, tagsSet=[DELETE_CONSUMER_MESSAGE, DELETE_PRODUCER_MESSAGE], codeSet=[272065714, -1452059570], subVersion=1551279149737, expressionType=null]]]]]
2019-02-27 22:52:35.108  INFO [bootstrap,,,] [paascloud-provider-uac,,,,] 12788 --- [task-executor-1] c.p.p.config.AliyunMqConfiguration       : RocketMq UacPushConsumer OK.
2019-02-27 22:52:35.114  WARN [bootstrap,,,] [paascloud-provider-uac,,,,] 12788 --- [ScheduledThread] RocketmqClient                           : get Topic [TPC_TOPIC] RouteInfoFromNameServer is not exist value
2019-02-27 22:52:35.114  WARN [bootstrap,,,] [paascloud-provider-uac,,,,] 12788 --- [ScheduledThread] RocketmqClient                           : updateTopicRouteInfoFromNameServer Exception

org.apache.rocketmq.client.exception.MQClientException: CODE: 17  DESC: No topic route info in name server for the topic: TPC_TOPIC
See http://rocketmq.apache.org/docs/faq/ for further details.
	at org.apache.rocketmq.client.impl.MQClientAPIImpl.getTopicRouteInfoFromNameServer(MQClientAPIImpl.java:1232)
	at org.apache.rocketmq.client.impl.factory.MQClientInstance.updateTopicRouteInfoFromNameServer(MQClientInstance.java:603)
	at org.apache.rocketmq.client.impl.factory.MQClientInstance.updateTopicRouteInfoFromNameServer(MQClientInstance.java:491)
	at org.apache.rocketmq.client.impl.factory.MQClientInstance.updateTopicRouteInfoFromNameServer(MQClientInstance.java:360)
	at org.apache.rocketmq.client.impl.factory.MQClientInstance$3.run(MQClientInstance.java:277)
	at java.util.concurrent.Executors$RunnableAdapter.call(Executors.java:511)
	at java.util.concurrent.FutureTask.runAndReset(FutureTask.java:308)
	at java.util.concurrent.ScheduledThreadPoolExecutor$ScheduledFutureTask.access$301(ScheduledThreadPoolExecutor.java:180)
	at java.util.concurrent.ScheduledThreadPoolExecutor$ScheduledFutureTask.run(ScheduledThreadPoolExecutor.java:294)
	at java.util.concurrent.ThreadPoolExecutor.runWorker(ThreadPoolExecutor.java:1142)
	at java.util.concurrent.ThreadPoolExecutor$Worker.run(ThreadPoolExecutor.java:617)
	at java.lang.Thread.run(Thread.java:745)

2019-02-27 22:52:35.118  INFO [bootstrap,,,] [paascloud-provider-uac,,,,] 12788 --- [ScheduledThread] RocketmqClient                           : the topic[TBW102] route info changed, old[null] ,new[TopicRouteData [orderTopicConf=null, queueDatas=[QueueData [brokerName=SC-201706010027, readQueueNums=8, writeQueueNums=8, perm=7, topicSynFlag=0]], brokerDatas=[BrokerData [brokerName=SC-201706010027, brokerAddrs={0=192.168.124.11:10911}]], filterServerTable={}]]
2019-02-27 22:52:35.118  INFO [bootstrap,,,] [paascloud-provider-uac,,,,] 12788 --- [ScheduledThread] RocketmqClient                           : updateTopicPublishInfo prev is not null, TopicPublishInfo [orderTopic=false, messageQueueList=[], sendWhichQueue=ThreadLocalIndex{threadLocalIndex=null}, haveTopicRouterInfo=false]
2019-02-27 22:52:35.118  INFO [bootstrap,,,] [paascloud-provider-uac,,,,] 12788 --- [ScheduledThread] RocketmqClient                           : topicRouteTable.put. Topic = TBW102, TopicRouteData[TopicRouteData [orderTopicConf=null, queueDatas=[QueueData [brokerName=SC-201706010027, readQueueNums=8, writeQueueNums=8, perm=7, topicSynFlag=0]], brokerDatas=[BrokerData [brokerName=SC-201706010027, brokerAddrs={0=192.168.124.11:10911}]], filterServerTable={}]]
2019-02-27 22:52:35.120  WARN [bootstrap,,,] [paascloud-provider-uac,,,,] 12788 --- [ebalanceService] RocketmqClient                           : get Topic [TPC_TOPIC] RouteInfoFromNameServer is not exist value
2019-02-27 22:52:35.120  WARN [bootstrap,,,] [paascloud-provider-uac,,,,] 12788 --- [ebalanceService] RocketmqClient                           : updateTopicRouteInfoFromNameServer Exception

org.apache.rocketmq.client.exception.MQClientException: CODE: 17  DESC: No topic route info in name server for the topic: TPC_TOPIC
See http://rocketmq.apache.org/docs/faq/ for further details.
	at org.apache.rocketmq.client.impl.MQClientAPIImpl.getTopicRouteInfoFromNameServer(MQClientAPIImpl.java:1232)
	at org.apache.rocketmq.client.impl.factory.MQClientInstance.updateTopicRouteInfoFromNameServer(MQClientInstance.java:603)
	at org.apache.rocketmq.client.impl.factory.MQClientInstance.updateTopicRouteInfoFromNameServer(MQClientInstance.java:491)
	at org.apache.rocketmq.client.impl.factory.MQClientInstance.findConsumerIdList(MQClientInstance.java:1051)
	at org.apache.rocketmq.client.impl.consumer.RebalanceImpl.rebalanceByTopic(RebalanceImpl.java:261)
	at org.apache.rocketmq.client.impl.consumer.RebalanceImpl.doRebalance(RebalanceImpl.java:224)
	at org.apache.rocketmq.client.impl.consumer.DefaultMQPushConsumerImpl.doRebalance(DefaultMQPushConsumerImpl.java:946)
	at org.apache.rocketmq.client.impl.factory.MQClientInstance.doRebalance(MQClientInstance.java:952)
	at org.apache.rocketmq.client.impl.consumer.RebalanceService.run(RebalanceService.java:44)
	at java.lang.Thread.run(Thread.java:745)

2019-02-27 22:52:35.120  WARN [bootstrap,,,] [paascloud-provider-uac,,,,] 12788 --- [ebalanceService] RocketmqClient                           : doRebalance, CID_UAC, but the topic[TPC_TOPIC] not exist.
2019-02-27 22:52:35.120  WARN [bootstrap,,,] [paascloud-provider-uac,,,,] 12788 --- [ebalanceService] RocketmqClient                           : doRebalance, CID_UAC TPC_TOPIC, get consumer id list failed
2019-02-27 22:52:35.121  INFO [bootstrap,,,] [paascloud-provider-uac,,,,] 12788 --- [ebalanceService] RocketmqRemoting                         : createChannel: begin to connect remote host[192.168.124.11:10909] asynchronously
2019-02-27 22:52:35.122  INFO [bootstrap,,,] [paascloud-provider-uac,,,,] 12788 --- [tWorkerThread_3] RocketmqRemoting                         : NETTY CLIENT PIPELINE: CONNECT  UNKNOWN => 192.168.124.11:10909
2019-02-27 22:52:35.123  INFO [bootstrap,,,] [paascloud-provider-uac,,,,] 12788 --- [ebalanceService] RocketmqRemoting                         : createChannel: connect remote host[192.168.124.11:10909] success, DefaultChannelPromise@3a93ba1a(success)
2019-02-27 22:52:35.125  INFO [bootstrap,,,] [paascloud-provider-uac,,,,] 12788 --- [ebalanceService] RocketmqClient                           : remove unnecessary messageQueue offset. group=CID_UAC, mq=MessageQueue [topic=%RETRY%CID_UAC, brokerName=SC-201706010027, queueId=0], offsetTableSize=0
2019-02-27 22:52:35.126  INFO [bootstrap,,,] [paascloud-provider-uac,,,,] 12788 --- [ebalanceService] RocketmqClient                           : doRebalance, CID_UAC, add a new mq, MessageQueue [topic=%RETRY%CID_UAC, brokerName=SC-201706010027, queueId=0]
2019-02-27 22:52:35.126  INFO [bootstrap,,,] [paascloud-provider-uac,,,,] 12788 --- [ebalanceService] RocketmqClient                           : doRebalance, CID_UAC, add a new pull request PullRequest [consumerGroup=CID_UAC, messageQueue=MessageQueue [topic=%RETRY%CID_UAC, brokerName=SC-201706010027, queueId=0], nextOffset=0]
2019-02-27 22:52:35.127  INFO [bootstrap,,,] [paascloud-provider-uac,,,,] 12788 --- [ebalanceService] RocketmqClient                           : rebalanced result changed. allocateMessageQueueStrategyName=AVG, group=CID_UAC, topic=%RETRY%CID_UAC, clientId=192.168.124.11@12788, mqAllSize=1, cidAllSize=1, rebalanceResultSize=1, rebalanceResultSet=[MessageQueue [topic=%RETRY%CID_UAC, brokerName=SC-201706010027, queueId=0]]
2019-02-27 22:52:35.127  INFO [bootstrap,,,] [paascloud-provider-uac,,,,] 12788 --- [ebalanceService] RocketmqClient                           : %RETRY%CID_UAC Rebalance changed, also update version: 1551279154738, 1551279155127
2019-02-27 22:52:35.133  WARN [bootstrap,,,] [paascloud-provider-uac,,,,] 12788 --- [ebalanceService] RocketmqClient                           : get Topic [TPC_TOPIC] RouteInfoFromNameServer is not exist value
2019-02-27 22:52:35.133  WARN [bootstrap,,,] [paascloud-provider-uac,,,,] 12788 --- [ebalanceService] RocketmqClient                           : updateTopicRouteInfoFromNameServer Exception

org.apache.rocketmq.client.exception.MQClientException: CODE: 17  DESC: No topic route info in name server for the topic: TPC_TOPIC
See http://rocketmq.apache.org/docs/faq/ for further details.
	at org.apache.rocketmq.client.impl.MQClientAPIImpl.getTopicRouteInfoFromNameServer(MQClientAPIImpl.java:1232)
	at org.apache.rocketmq.client.impl.factory.MQClientInstance.updateTopicRouteInfoFromNameServer(MQClientInstance.java:603)
	at org.apache.rocketmq.client.impl.factory.MQClientInstance.updateTopicRouteInfoFromNameServer(MQClientInstance.java:491)
	at org.apache.rocketmq.client.impl.factory.MQClientInstance.findConsumerIdList(MQClientInstance.java:1051)
	at org.apache.rocketmq.client.impl.consumer.RebalanceImpl.rebalanceByTopic(RebalanceImpl.java:261)
	at org.apache.rocketmq.client.impl.consumer.RebalanceImpl.doRebalance(RebalanceImpl.java:224)
	at org.apache.rocketmq.client.impl.consumer.DefaultMQPushConsumerImpl.doRebalance(DefaultMQPushConsumerImpl.java:946)
	at org.apache.rocketmq.client.impl.factory.MQClientInstance.doRebalance(MQClientInstance.java:952)
	at org.apache.rocketmq.client.impl.consumer.RebalanceService.run(RebalanceService.java:44)
	at java.lang.Thread.run(Thread.java:745)

2019-02-27 22:52:35.133  WARN [bootstrap,,,] [paascloud-provider-uac,,,,] 12788 --- [ebalanceService] RocketmqClient                           : doRebalance, CID_UAC, but the topic[TPC_TOPIC] not exist.
2019-02-27 22:52:35.134  WARN [bootstrap,,,] [paascloud-provider-uac,,,,] 12788 --- [ebalanceService] RocketmqClient                           : doRebalance, CID_UAC TPC_TOPIC, get consumer id list failed
2019-02-27 22:52:35.883  WARN [bootstrap,,,] [paascloud-provider-uac,,,,] 12788 --- [cloud.net:2181)] org.apache.zookeeper.ClientCnxn          : Session 0x0 for server null, unexpected error, closing socket connection and attempting reconnect

java.net.ConnectException: Connection refused: no further information
	at sun.nio.ch.SocketChannelImpl.checkConnect(Native Method)
	at sun.nio.ch.SocketChannelImpl.finishConnect(SocketChannelImpl.java:717)
	at org.apache.zookeeper.ClientCnxnSocketNIO.doTransport(ClientCnxnSocketNIO.java:361)
	at org.apache.zookeeper.ClientCnxn$SendThread.run(ClientCnxn.java:1081)

2019-02-27 22:52:36.984  INFO [bootstrap,,,] [paascloud-provider-uac,,,,] 12788 --- [cloud.net:2181)] org.apache.zookeeper.ClientCnxn          : Opening socket connection to server dev-login.paascloud.net/127.0.0.1:2181. Will not attempt to authenticate using SASL (unknown error)
2019-02-27 22:52:37.985  WARN [bootstrap,,,] [paascloud-provider-uac,,,,] 12788 --- [cloud.net:2181)] org.apache.zookeeper.ClientCnxn          : Session 0x0 for server null, unexpected error, closing socket connection and attempting reconnect

java.net.ConnectException: Connection refused: no further information
	at sun.nio.ch.SocketChannelImpl.checkConnect(Native Method)
	at sun.nio.ch.SocketChannelImpl.finishConnect(SocketChannelImpl.java:717)
	at org.apache.zookeeper.ClientCnxnSocketNIO.doTransport(ClientCnxnSocketNIO.java:361)
	at org.apache.zookeeper.ClientCnxn$SendThread.run(ClientCnxn.java:1081)

2019-02-27 22:52:39.085  INFO [bootstrap,,,] [paascloud-provider-uac,,,,] 12788 --- [cloud.net:2181)] org.apache.zookeeper.ClientCnxn          : Opening socket connection to server dev-login.paascloud.net/127.0.0.1:2181. Will not attempt to authenticate using SASL (unknown error)
2019-02-27 22:52:40.086  WARN [bootstrap,,,] [paascloud-provider-uac,,,,] 12788 --- [cloud.net:2181)] org.apache.zookeeper.ClientCnxn          : Session 0x0 for server null, unexpected error, closing socket connection and attempting reconnect

java.net.ConnectException: Connection refused: no further information
	at sun.nio.ch.SocketChannelImpl.checkConnect(Native Method)
	at sun.nio.ch.SocketChannelImpl.finishConnect(SocketChannelImpl.java:717)
	at org.apache.zookeeper.ClientCnxnSocketNIO.doTransport(ClientCnxnSocketNIO.java:361)
	at org.apache.zookeeper.ClientCnxn$SendThread.run(ClientCnxn.java:1081)

2019-02-27 22:52:41.187  INFO [bootstrap,,,] [paascloud-provider-uac,,,,] 12788 --- [cloud.net:2181)] org.apache.zookeeper.ClientCnxn          : Opening socket connection to server dev-login.paascloud.net/127.0.0.1:2181. Will not attempt to authenticate using SASL (unknown error)
2019-02-27 22:52:41.775  INFO [bootstrap,,,] [paascloud-provider-uac,,,,] 12788 --- [tor-Framework-0] o.a.c.f.imps.CuratorFrameworkImpl        : backgroundOperationsLoop exiting
2019-02-27 22:52:42.289  INFO [bootstrap,,,] [paascloud-provider-uac,,,,] 12788 --- [           main] org.apache.zookeeper.ZooKeeper           : Session: 0x0 closed
2019-02-27 22:52:42.289  INFO [bootstrap,,,] [paascloud-provider-uac,,,,] 12788 --- [ain-EventThread] org.apache.zookeeper.ClientCnxn          : EventThread shut down
2019-02-27 22:52:42.293  INFO [bootstrap,,,] [paascloud-provider-uac,,,,] 12788 --- [           main] utoConfigurationReportLoggingInitializer : 

Error starting ApplicationContext. To display the auto-configuration report re-run your application with 'debug' enabled.
2019-02-27 22:52:42.299 ERROR [bootstrap,,,] [paascloud-provider-uac,,,,] 12788 --- [           main] o.s.boot.SpringApplication               : Application startup failed

java.lang.IllegalStateException: Failed to execute CommandLineRunner
	at org.springframework.boot.SpringApplication.callRunner(SpringApplication.java:735)
	at org.springframework.boot.SpringApplication.callRunners(SpringApplication.java:716)
	at org.springframework.boot.SpringApplication.afterRefresh(SpringApplication.java:703)
	at org.springframework.boot.SpringApplication.run(SpringApplication.java:304)
	at org.springframework.boot.test.context.SpringBootContextLoader.loadContext(SpringBootContextLoader.java:121)
	at org.springframework.test.context.cache.DefaultCacheAwareContextLoaderDelegate.loadContextInternal(DefaultCacheAwareContextLoaderDelegate.java:98)
	at org.springframework.test.context.cache.DefaultCacheAwareContextLoaderDelegate.loadContext(DefaultCacheAwareContextLoaderDelegate.java:116)
	at org.springframework.test.context.support.DefaultTestContext.getApplicationContext(DefaultTestContext.java:83)
	at org.springframework.test.context.web.ServletTestExecutionListener.setUpRequestContextIfNecessary(ServletTestExecutionListener.java:189)
	at org.springframework.test.context.web.ServletTestExecutionListener.prepareTestInstance(ServletTestExecutionListener.java:131)
	at org.springframework.test.context.TestContextManager.prepareTestInstance(TestContextManager.java:230)
	at org.springframework.test.context.junit4.SpringJUnit4ClassRunner.createTest(SpringJUnit4ClassRunner.java:228)
	at org.springframework.test.context.junit4.SpringJUnit4ClassRunner$1.runReflectiveCall(SpringJUnit4ClassRunner.java:287)
	at org.junit.internal.runners.model.ReflectiveCallable.run(ReflectiveCallable.java:12)
	at org.springframework.test.context.junit4.SpringJUnit4ClassRunner.methodBlock(SpringJUnit4ClassRunner.java:289)
	at org.springframework.test.context.junit4.SpringJUnit4ClassRunner.runChild(SpringJUnit4ClassRunner.java:247)
	at org.springframework.test.context.junit4.SpringJUnit4ClassRunner.runChild(SpringJUnit4ClassRunner.java:94)
	at org.junit.runners.ParentRunner$3.run(ParentRunner.java:290)
	at org.junit.runners.ParentRunner$1.schedule(ParentRunner.java:71)
	at org.junit.runners.ParentRunner.runChildren(ParentRunner.java:288)
	at org.junit.runners.ParentRunner.access$000(ParentRunner.java:58)
	at org.junit.runners.ParentRunner$2.evaluate(ParentRunner.java:268)
	at org.springframework.test.context.junit4.statements.RunBeforeTestClassCallbacks.evaluate(RunBeforeTestClassCallbacks.java:61)
	at org.springframework.test.context.junit4.statements.RunAfterTestClassCallbacks.evaluate(RunAfterTestClassCallbacks.java:70)
	at org.junit.runners.ParentRunner.run(ParentRunner.java:363)
	at org.springframework.test.context.junit4.SpringJUnit4ClassRunner.run(SpringJUnit4ClassRunner.java:191)
	at org.apache.maven.surefire.junit4.JUnit4Provider.execute(JUnit4Provider.java:283)
	at org.apache.maven.surefire.junit4.JUnit4Provider.executeWithRerun(JUnit4Provider.java:173)
	at org.apache.maven.surefire.junit4.JUnit4Provider.executeTestSet(JUnit4Provider.java:153)
	at org.apache.maven.surefire.junit4.JUnit4Provider.invoke(JUnit4Provider.java:128)
	at org.apache.maven.surefire.booter.ForkedBooter.invokeProviderInSameClassLoader(ForkedBooter.java:203)
	at org.apache.maven.surefire.booter.ForkedBooter.runSuitesInProcess(ForkedBooter.java:155)
	at org.apache.maven.surefire.booter.ForkedBooter.main(ForkedBooter.java:103)
Caused by: com.paascloud.core.registry.exception.RegException: org.apache.zookeeper.KeeperException$OperationTimeoutException: KeeperErrorCode = OperationTimeout
	at com.paascloud.core.registry.exception.RegExceptionHandler.handleException(RegExceptionHandler.java:35)
	at com.paascloud.core.registry.zookeeper.ZookeeperRegistryCenter.init(ZookeeperRegistryCenter.java:105)
	at com.paascloud.core.registry.RegistryCenterFactory.createCoordinatorRegistryCenter(RegistryCenterFactory.java:44)
	at com.paascloud.core.registry.RegistryCenterFactory.startup(RegistryCenterFactory.java:57)
	at com.paascloud.core.config.ZookeeperInitRunner.run(ZookeeperInitRunner.java:50)
	at org.springframework.boot.SpringApplication.callRunner(SpringApplication.java:732)
	... 32 common frames omitted
Caused by: org.apache.zookeeper.KeeperException$OperationTimeoutException: KeeperErrorCode = OperationTimeout
	at com.paascloud.core.registry.zookeeper.ZookeeperRegistryCenter.init(ZookeeperRegistryCenter.java:99)
	... 36 common frames omitted

2019-02-27 22:52:42.299  INFO [bootstrap,,,] [paascloud-provider-uac,,,,] 12788 --- [           main] o.s.w.c.s.GenericWebApplicationContext   : Closing org.springframework.web.context.support.GenericWebApplicationContext@4ea30736: startup date [Wed Feb 27 22:52:17 CST 2019]; parent: org.springframework.context.annotation.AnnotationConfigApplicationContext@7f8f5d13
2019-02-27 22:52:42.304  INFO [bootstrap,,,] [paascloud-provider-uac,,,,] 12788 --- [           main] o.s.c.n.eureka.InstanceInfoFactory       : Setting initial instance status as: STARTING
2019-02-27 22:52:42.311  INFO [bootstrap,,,] [paascloud-provider-uac,,,,] 12788 --- [           main] o.s.c.n.e.s.EurekaServiceRegistry        : Unregistering application paascloud-provider-uac with eureka with status DOWN
2019-02-27 22:52:42.314  INFO [bootstrap,,,] [paascloud-provider-uac,,,,] 12788 --- [           main] o.s.c.support.DefaultLifecycleProcessor  : Stopping beans in phase 2147483647
2019-02-27 22:52:42.314  INFO [bootstrap,,,] [paascloud-provider-uac,,,,] 12788 --- [           main] o.s.c.support.DefaultLifecycleProcessor  : Stopping beans in phase 0
2019-02-27 22:52:42.316  INFO [bootstrap,,,] [paascloud-provider-uac,,,,] 12788 --- [           main] RocketmqClient                           : [persistAll] Group: CID_UAC ClientId: 192.168.124.11@12788 updateConsumeOffsetToBroker MessageQueue [topic=%RETRY%CID_UAC, brokerName=SC-201706010027, queueId=0] 0
2019-02-27 22:52:42.332  INFO [bootstrap,,,] [paascloud-provider-uac,,,,] 12788 --- [           main] RocketmqClient                           : unregister client[Producer: null Consumer: CID_UAC] from broker[SC-201706010027 0 192.168.124.11:10911] success
2019-02-27 22:52:42.338  INFO [bootstrap,,,] [paascloud-provider-uac,,,,] 12788 --- [           main] RocketmqClient                           : unregister client[Producer: CLIENT_INNER_PRODUCER Consumer: null] from broker[SC-201706010027 0 192.168.124.11:10911] success
2019-02-27 22:52:42.338  INFO [bootstrap,,,] [paascloud-provider-uac,,,,] 12788 --- [           main] RocketmqClient                           : the producer [CLIENT_INNER_PRODUCER] shutdown OK
2019-02-27 22:52:42.338  INFO [bootstrap,,,] [paascloud-provider-uac,,,,] 12788 --- [           main] RocketmqCommon                           : shutdown thread PullMessageService interrupt true
2019-02-27 22:52:42.339  INFO [bootstrap,,,] [paascloud-provider-uac,,,,] 12788 --- [lMessageService] RocketmqClient                           : PullMessageService service end
2019-02-27 22:52:42.340  INFO [bootstrap,,,] [paascloud-provider-uac,,,,] 12788 --- [           main] RocketmqCommon                           : join thread PullMessageService eclipse time(ms) 2 90000
2019-02-27 22:52:42.340  INFO [bootstrap,,,] [paascloud-provider-uac,,,,] 12788 --- [           main] RocketmqRemoting                         : closeChannel: begin close the channel[192.168.124.11:10909] Found: true
2019-02-27 22:52:42.340  INFO [bootstrap,,,] [paascloud-provider-uac,,,,] 12788 --- [           main] RocketmqRemoting                         : closeChannel: the channel[192.168.124.11:10909] was removed from channel table
2019-02-27 22:52:42.340  INFO [bootstrap,,,] [paascloud-provider-uac,,,,] 12788 --- [           main] RocketmqRemoting                         : closeChannel: begin close the channel[192.168.124.11:10911] Found: true
2019-02-27 22:52:42.340  INFO [bootstrap,,,] [paascloud-provider-uac,,,,] 12788 --- [           main] RocketmqRemoting                         : closeChannel: the channel[192.168.124.11:10911] was removed from channel table
2019-02-27 22:52:42.341  INFO [bootstrap,,,] [paascloud-provider-uac,,,,] 12788 --- [           main] RocketmqRemoting                         : closeChannel: begin close the channel[127.0.0.1:9876] Found: false
2019-02-27 22:52:42.341  INFO [bootstrap,,,] [paascloud-provider-uac,,,,] 12788 --- [           main] RocketmqRemoting                         : closeChannel: the channel[127.0.0.1:9876] has been removed from the channel table before
2019-02-27 22:52:42.341  INFO [bootstrap,,,] [paascloud-provider-uac,,,,] 12788 --- [           main] RocketmqRemoting                         : shutdown thread NettyEventExecutor interrupt false
2019-02-27 22:52:42.341  INFO [bootstrap,,,] [paascloud-provider-uac,,,,] 12788 --- [           main] RocketmqRemoting                         : join thread NettyEventExecutor eclipse time(ms) 0 90000
2019-02-27 22:52:42.341  INFO [bootstrap,,,] [paascloud-provider-uac,,,,] 12788 --- [           main] RocketmqCommon                           : shutdown thread RebalanceService interrupt false
2019-02-27 22:52:42.345  INFO [bootstrap,,,] [paascloud-provider-uac,,,,] 12788 --- [ebalanceService] RocketmqClient                           : RebalanceService service end
2019-02-27 22:52:42.345  INFO [bootstrap,,,] [paascloud-provider-uac,,,,] 12788 --- [tWorkerThread_1] RocketmqRemoting                         : NETTY CLIENT PIPELINE: CLOSE 127.0.0.1:9876
2019-02-27 22:52:42.346  INFO [bootstrap,,,] [paascloud-provider-uac,,,,] 12788 --- [tWorkerThread_2] RocketmqRemoting                         : NETTY CLIENT PIPELINE: CLOSE 192.168.124.11:10911
2019-02-27 22:52:42.346  INFO [bootstrap,,,] [paascloud-provider-uac,,,,] 12788 --- [tWorkerThread_1] RocketmqRemoting                         : eventCloseChannel: the channel[null] has been removed from the channel table before
2019-02-27 22:52:42.346  INFO [bootstrap,,,] [paascloud-provider-uac,,,,] 12788 --- [tWorkerThread_3] RocketmqRemoting                         : NETTY CLIENT PIPELINE: CLOSE 192.168.124.11:10909
2019-02-27 22:52:42.346  INFO [bootstrap,,,] [paascloud-provider-uac,,,,] 12788 --- [tWorkerThread_3] RocketmqRemoting                         : eventCloseChannel: the channel[null] has been removed from the channel table before
2019-02-27 22:52:42.347  INFO [bootstrap,,,] [paascloud-provider-uac,,,,] 12788 --- [tWorkerThread_2] RocketmqRemoting                         : eventCloseChannel: the channel[null] has been removed from the channel table before
2019-02-27 22:52:42.348  INFO [bootstrap,,,] [paascloud-provider-uac,,,,] 12788 --- [lientSelector_1] RocketmqRemoting                         : closeChannel: close the connection to remote address[127.0.0.1:9876] result: true
2019-02-27 22:52:42.348  INFO [bootstrap,,,] [paascloud-provider-uac,,,,] 12788 --- [lientSelector_1] RocketmqRemoting                         : closeChannel: close the connection to remote address[192.168.124.11:10909] result: true
2019-02-27 22:52:42.349  INFO [bootstrap,,,] [paascloud-provider-uac,,,,] 12788 --- [lientSelector_1] RocketmqRemoting                         : closeChannel: close the connection to remote address[192.168.124.11:10911] result: true
2019-02-27 22:52:42.350  INFO [bootstrap,,,] [paascloud-provider-uac,,,,] 12788 --- [           main] RocketmqCommon                           : join thread RebalanceService eclipse time(ms) 9 90000
2019-02-27 22:52:42.351  INFO [bootstrap,,,] [paascloud-provider-uac,,,,] 12788 --- [           main] RocketmqClient                           : the client factory [192.168.124.11@12788] shutdown OK
2019-02-27 22:52:42.351  INFO [bootstrap,,,] [paascloud-provider-uac,,,,] 12788 --- [           main] RocketmqClient                           : the consumer [CID_UAC] shutdown OK
2019-02-27 22:52:42.361  INFO [bootstrap,,,] [paascloud-provider-uac,,,,] 12788 --- [           main] com.netflix.discovery.DiscoveryClient    : Initializing Eureka in region us-east-1
2019-02-27 22:52:42.364  INFO [bootstrap,,,] [paascloud-provider-uac,,,,] 12788 --- [           main] c.n.d.provider.DiscoveryJerseyProvider   : Using JSON encoding codec LegacyJacksonJson
2019-02-27 22:52:42.364  INFO [bootstrap,,,] [paascloud-provider-uac,,,,] 12788 --- [           main] c.n.d.provider.DiscoveryJerseyProvider   : Using JSON decoding codec LegacyJacksonJson
2019-02-27 22:52:42.364  INFO [bootstrap,,,] [paascloud-provider-uac,,,,] 12788 --- [           main] c.n.d.provider.DiscoveryJerseyProvider   : Using XML encoding codec XStreamXml
2019-02-27 22:52:42.364  INFO [bootstrap,,,] [paascloud-provider-uac,,,,] 12788 --- [           main] c.n.d.provider.DiscoveryJerseyProvider   : Using XML decoding codec XStreamXml
2019-02-27 22:52:42.417  INFO [bootstrap,,,] [paascloud-provider-uac,,,,] 12788 --- [           main] c.n.d.s.r.aws.ConfigClusterResolver      : Resolving eureka endpoints via configuration
2019-02-27 22:52:42.417  INFO [bootstrap,,,] [paascloud-provider-uac,,,,] 12788 --- [           main] com.netflix.discovery.DiscoveryClient    : Disable delta property : false
2019-02-27 22:52:42.418  INFO [bootstrap,,,] [paascloud-provider-uac,,,,] 12788 --- [           main] com.netflix.discovery.DiscoveryClient    : Single vip registry refresh property : null
2019-02-27 22:52:42.418  INFO [bootstrap,,,] [paascloud-provider-uac,,,,] 12788 --- [           main] com.netflix.discovery.DiscoveryClient    : Force full registry fetch : false
2019-02-27 22:52:42.418  INFO [bootstrap,,,] [paascloud-provider-uac,,,,] 12788 --- [           main] com.netflix.discovery.DiscoveryClient    : Application is null : false
2019-02-27 22:52:42.418  INFO [bootstrap,,,] [paascloud-provider-uac,,,,] 12788 --- [           main] com.netflix.discovery.DiscoveryClient    : Registered Applications size is zero : true
2019-02-27 22:52:42.418  INFO [bootstrap,,,] [paascloud-provider-uac,,,,] 12788 --- [           main] com.netflix.discovery.DiscoveryClient    : Application version is -1: true
2019-02-27 22:52:42.418  INFO [bootstrap,,,] [paascloud-provider-uac,,,,] 12788 --- [           main] com.netflix.discovery.DiscoveryClient    : Getting all instance registry info from the eureka server
2019-02-27 22:52:42.425  INFO [bootstrap,,,] [paascloud-provider-uac,,,,] 12788 --- [           main] com.netflix.discovery.DiscoveryClient    : The response status is 200
2019-02-27 22:52:42.426  INFO [bootstrap,,,] [paascloud-provider-uac,,,,] 12788 --- [           main] com.netflix.discovery.DiscoveryClient    : Starting heartbeat executor: renew interval is: 30
2019-02-27 22:52:42.426  INFO [bootstrap,,,] [paascloud-provider-uac,,,,] 12788 --- [           main] c.n.discovery.InstanceInfoReplicator     : InstanceInfoReplicator onDemand update allowed rate per min is 4
2019-02-27 22:52:42.427  INFO [bootstrap,,,] [paascloud-provider-uac,,,,] 12788 --- [           main] com.netflix.discovery.DiscoveryClient    : Discovery Client initialized at timestamp 1551279162427 with initial instances count: 1
2019-02-27 22:52:42.440  INFO [bootstrap,,,] [paascloud-provider-uac,,,,] 12788 --- [           main] com.netflix.discovery.DiscoveryClient    : Shutting down DiscoveryClient ...
2019-02-27 22:52:42.440  INFO [bootstrap,,,] [paascloud-provider-uac,,,,] 12788 --- [           main] com.netflix.discovery.DiscoveryClient    : Unregistering ...
2019-02-27 22:52:42.483  INFO [bootstrap,,,] [paascloud-provider-uac,,,,] 12788 --- [           main] com.netflix.discovery.DiscoveryClient    : DiscoveryClient_PAASCLOUD-PROVIDER-UAC/paascloud-provider-uac:192.168.144.1:-1 - deregister  status: 404
2019-02-27 22:52:42.487  INFO [bootstrap,,,] [paascloud-provider-uac,,,,] 12788 --- [           main] com.netflix.discovery.DiscoveryClient    : Completed shut down of DiscoveryClient
2019-02-27 22:52:42.489  INFO [bootstrap,,,] [paascloud-provider-uac,,,,] 12788 --- [           main] s.c.a.AnnotationConfigApplicationContext : Closing org.springframework.context.annotation.AnnotationConfigApplicationContext@557da766: startup date [Wed Feb 27 22:52:23 CST 2019]; parent: org.springframework.web.context.support.GenericWebApplicationContext@4ea30736
2019-02-27 22:52:42.490  WARN [bootstrap,,,] [paascloud-provider-uac,,,,] 12788 --- [           main] s.c.a.AnnotationConfigApplicationContext : Exception thrown from ApplicationListener handling ContextClosedEvent

org.springframework.beans.factory.BeanCreationNotAllowedException: Error creating bean with name 'eurekaAutoServiceRegistration': Singleton bean creation not allowed while singletons of this factory are in destruction (Do not request a bean from a BeanFactory in a destroy method implementation!)
	at org.springframework.beans.factory.support.DefaultSingletonBeanRegistry.getSingleton(DefaultSingletonBeanRegistry.java:216)
	at org.springframework.beans.factory.support.AbstractBeanFactory.doGetBean(AbstractBeanFactory.java:308)
	at org.springframework.beans.factory.support.AbstractBeanFactory.getBean(AbstractBeanFactory.java:197)
	at org.springframework.context.support.AbstractApplicationContext.getBean(AbstractApplicationContext.java:1081)
	at org.springframework.context.event.ApplicationListenerMethodAdapter.getTargetBean(ApplicationListenerMethodAdapter.java:280)
	at org.springframework.context.event.ApplicationListenerMethodAdapter.doInvoke(ApplicationListenerMethodAdapter.java:250)
	at org.springframework.context.event.ApplicationListenerMethodAdapter.processEvent(ApplicationListenerMethodAdapter.java:174)
	at org.springframework.context.event.ApplicationListenerMethodAdapter.onApplicationEvent(ApplicationListenerMethodAdapter.java:137)
	at org.springframework.context.event.SimpleApplicationEventMulticaster.invokeListener(SimpleApplicationEventMulticaster.java:167)
	at org.springframework.context.event.SimpleApplicationEventMulticaster.multicastEvent(SimpleApplicationEventMulticaster.java:139)
	at org.springframework.context.support.AbstractApplicationContext.publishEvent(AbstractApplicationContext.java:383)
	at org.springframework.context.support.AbstractApplicationContext.publishEvent(AbstractApplicationContext.java:389)
	at org.springframework.context.support.AbstractApplicationContext.publishEvent(AbstractApplicationContext.java:337)
	at org.springframework.context.support.AbstractApplicationContext.doClose(AbstractApplicationContext.java:994)
	at org.springframework.context.support.AbstractApplicationContext.close(AbstractApplicationContext.java:961)
	at org.springframework.cloud.context.named.NamedContextFactory.destroy(NamedContextFactory.java:76)
	at org.springframework.beans.factory.support.DisposableBeanAdapter.destroy(DisposableBeanAdapter.java:272)
	at org.springframework.beans.factory.support.DefaultSingletonBeanRegistry.destroyBean(DefaultSingletonBeanRegistry.java:583)
	at org.springframework.beans.factory.support.DefaultSingletonBeanRegistry.destroySingleton(DefaultSingletonBeanRegistry.java:555)
	at org.springframework.beans.factory.support.DefaultListableBeanFactory.destroySingleton(DefaultListableBeanFactory.java:961)
	at org.springframework.beans.factory.support.DefaultSingletonBeanRegistry.destroySingletons(DefaultSingletonBeanRegistry.java:516)
	at org.springframework.beans.factory.support.DefaultListableBeanFactory.destroySingletons(DefaultListableBeanFactory.java:968)
	at org.springframework.context.support.AbstractApplicationContext.destroyBeans(AbstractApplicationContext.java:1033)
	at org.springframework.context.support.AbstractApplicationContext.doClose(AbstractApplicationContext.java:1009)
	at org.springframework.context.support.AbstractApplicationContext.close(AbstractApplicationContext.java:961)
	at org.springframework.boot.SpringApplication.handleRunFailure(SpringApplication.java:750)
	at org.springframework.boot.SpringApplication.run(SpringApplication.java:314)
	at org.springframework.boot.test.context.SpringBootContextLoader.loadContext(SpringBootContextLoader.java:121)
	at org.springframework.test.context.cache.DefaultCacheAwareContextLoaderDelegate.loadContextInternal(DefaultCacheAwareContextLoaderDelegate.java:98)
	at org.springframework.test.context.cache.DefaultCacheAwareContextLoaderDelegate.loadContext(DefaultCacheAwareContextLoaderDelegate.java:116)
	at org.springframework.test.context.support.DefaultTestContext.getApplicationContext(DefaultTestContext.java:83)
	at org.springframework.test.context.web.ServletTestExecutionListener.setUpRequestContextIfNecessary(ServletTestExecutionListener.java:189)
	at org.springframework.test.context.web.ServletTestExecutionListener.prepareTestInstance(ServletTestExecutionListener.java:131)
	at org.springframework.test.context.TestContextManager.prepareTestInstance(TestContextManager.java:230)
	at org.springframework.test.context.junit4.SpringJUnit4ClassRunner.createTest(SpringJUnit4ClassRunner.java:228)
	at org.springframework.test.context.junit4.SpringJUnit4ClassRunner$1.runReflectiveCall(SpringJUnit4ClassRunner.java:287)
	at org.junit.internal.runners.model.ReflectiveCallable.run(ReflectiveCallable.java:12)
	at org.springframework.test.context.junit4.SpringJUnit4ClassRunner.methodBlock(SpringJUnit4ClassRunner.java:289)
	at org.springframework.test.context.junit4.SpringJUnit4ClassRunner.runChild(SpringJUnit4ClassRunner.java:247)
	at org.springframework.test.context.junit4.SpringJUnit4ClassRunner.runChild(SpringJUnit4ClassRunner.java:94)
	at org.junit.runners.ParentRunner$3.run(ParentRunner.java:290)
	at org.junit.runners.ParentRunner$1.schedule(ParentRunner.java:71)
	at org.junit.runners.ParentRunner.runChildren(ParentRunner.java:288)
	at org.junit.runners.ParentRunner.access$000(ParentRunner.java:58)
	at org.junit.runners.ParentRunner$2.evaluate(ParentRunner.java:268)
	at org.springframework.test.context.junit4.statements.RunBeforeTestClassCallbacks.evaluate(RunBeforeTestClassCallbacks.java:61)
	at org.springframework.test.context.junit4.statements.RunAfterTestClassCallbacks.evaluate(RunAfterTestClassCallbacks.java:70)
	at org.junit.runners.ParentRunner.run(ParentRunner.java:363)
	at org.springframework.test.context.junit4.SpringJUnit4ClassRunner.run(SpringJUnit4ClassRunner.java:191)
	at org.apache.maven.surefire.junit4.JUnit4Provider.execute(JUnit4Provider.java:283)
	at org.apache.maven.surefire.junit4.JUnit4Provider.executeWithRerun(JUnit4Provider.java:173)
	at org.apache.maven.surefire.junit4.JUnit4Provider.executeTestSet(JUnit4Provider.java:153)
	at org.apache.maven.surefire.junit4.JUnit4Provider.invoke(JUnit4Provider.java:128)
	at org.apache.maven.surefire.booter.ForkedBooter.invokeProviderInSameClassLoader(ForkedBooter.java:203)
	at org.apache.maven.surefire.booter.ForkedBooter.runSuitesInProcess(ForkedBooter.java:155)
	at org.apache.maven.surefire.booter.ForkedBooter.main(ForkedBooter.java:103)

2019-02-27 22:52:42.490  INFO [bootstrap,,,] [paascloud-provider-uac,,,,] 12788 --- [           main] s.c.a.AnnotationConfigApplicationContext : Closing org.springframework.context.annotation.AnnotationConfigApplicationContext@13675499: startup date [Wed Feb 27 22:52:23 CST 2019]; parent: org.springframework.web.context.support.GenericWebApplicationContext@4ea30736
2019-02-27 22:52:42.491  WARN [bootstrap,,,] [paascloud-provider-uac,,,,] 12788 --- [           main] s.c.a.AnnotationConfigApplicationContext : Exception thrown from ApplicationListener handling ContextClosedEvent

org.springframework.beans.factory.BeanCreationNotAllowedException: Error creating bean with name 'eurekaAutoServiceRegistration': Singleton bean creation not allowed while singletons of this factory are in destruction (Do not request a bean from a BeanFactory in a destroy method implementation!)
	at org.springframework.beans.factory.support.DefaultSingletonBeanRegistry.getSingleton(DefaultSingletonBeanRegistry.java:216)
	at org.springframework.beans.factory.support.AbstractBeanFactory.doGetBean(AbstractBeanFactory.java:308)
	at org.springframework.beans.factory.support.AbstractBeanFactory.getBean(AbstractBeanFactory.java:197)
	at org.springframework.context.support.AbstractApplicationContext.getBean(AbstractApplicationContext.java:1081)
	at org.springframework.context.event.ApplicationListenerMethodAdapter.getTargetBean(ApplicationListenerMethodAdapter.java:280)
	at org.springframework.context.event.ApplicationListenerMethodAdapter.doInvoke(ApplicationListenerMethodAdapter.java:250)
	at org.springframework.context.event.ApplicationListenerMethodAdapter.processEvent(ApplicationListenerMethodAdapter.java:174)
	at org.springframework.context.event.ApplicationListenerMethodAdapter.onApplicationEvent(ApplicationListenerMethodAdapter.java:137)
	at org.springframework.context.event.SimpleApplicationEventMulticaster.invokeListener(SimpleApplicationEventMulticaster.java:167)
	at org.springframework.context.event.SimpleApplicationEventMulticaster.multicastEvent(SimpleApplicationEventMulticaster.java:139)
	at org.springframework.context.support.AbstractApplicationContext.publishEvent(AbstractApplicationContext.java:383)
	at org.springframework.context.support.AbstractApplicationContext.publishEvent(AbstractApplicationContext.java:389)
	at org.springframework.context.support.AbstractApplicationContext.publishEvent(AbstractApplicationContext.java:337)
	at org.springframework.context.support.AbstractApplicationContext.doClose(AbstractApplicationContext.java:994)
	at org.springframework.context.support.AbstractApplicationContext.close(AbstractApplicationContext.java:961)
	at org.springframework.cloud.context.named.NamedContextFactory.destroy(NamedContextFactory.java:76)
	at org.springframework.beans.factory.support.DisposableBeanAdapter.destroy(DisposableBeanAdapter.java:272)
	at org.springframework.beans.factory.support.DefaultSingletonBeanRegistry.destroyBean(DefaultSingletonBeanRegistry.java:583)
	at org.springframework.beans.factory.support.DefaultSingletonBeanRegistry.destroySingleton(DefaultSingletonBeanRegistry.java:555)
	at org.springframework.beans.factory.support.DefaultListableBeanFactory.destroySingleton(DefaultListableBeanFactory.java:961)
	at org.springframework.beans.factory.support.DefaultSingletonBeanRegistry.destroySingletons(DefaultSingletonBeanRegistry.java:516)
	at org.springframework.beans.factory.support.DefaultListableBeanFactory.destroySingletons(DefaultListableBeanFactory.java:968)
	at org.springframework.context.support.AbstractApplicationContext.destroyBeans(AbstractApplicationContext.java:1033)
	at org.springframework.context.support.AbstractApplicationContext.doClose(AbstractApplicationContext.java:1009)
	at org.springframework.context.support.AbstractApplicationContext.close(AbstractApplicationContext.java:961)
	at org.springframework.boot.SpringApplication.handleRunFailure(SpringApplication.java:750)
	at org.springframework.boot.SpringApplication.run(SpringApplication.java:314)
	at org.springframework.boot.test.context.SpringBootContextLoader.loadContext(SpringBootContextLoader.java:121)
	at org.springframework.test.context.cache.DefaultCacheAwareContextLoaderDelegate.loadContextInternal(DefaultCacheAwareContextLoaderDelegate.java:98)
	at org.springframework.test.context.cache.DefaultCacheAwareContextLoaderDelegate.loadContext(DefaultCacheAwareContextLoaderDelegate.java:116)
	at org.springframework.test.context.support.DefaultTestContext.getApplicationContext(DefaultTestContext.java:83)
	at org.springframework.test.context.web.ServletTestExecutionListener.setUpRequestContextIfNecessary(ServletTestExecutionListener.java:189)
	at org.springframework.test.context.web.ServletTestExecutionListener.prepareTestInstance(ServletTestExecutionListener.java:131)
	at org.springframework.test.context.TestContextManager.prepareTestInstance(TestContextManager.java:230)
	at org.springframework.test.context.junit4.SpringJUnit4ClassRunner.createTest(SpringJUnit4ClassRunner.java:228)
	at org.springframework.test.context.junit4.SpringJUnit4ClassRunner$1.runReflectiveCall(SpringJUnit4ClassRunner.java:287)
	at org.junit.internal.runners.model.ReflectiveCallable.run(ReflectiveCallable.java:12)
	at org.springframework.test.context.junit4.SpringJUnit4ClassRunner.methodBlock(SpringJUnit4ClassRunner.java:289)
	at org.springframework.test.context.junit4.SpringJUnit4ClassRunner.runChild(SpringJUnit4ClassRunner.java:247)
	at org.springframework.test.context.junit4.SpringJUnit4ClassRunner.runChild(SpringJUnit4ClassRunner.java:94)
	at org.junit.runners.ParentRunner$3.run(ParentRunner.java:290)
	at org.junit.runners.ParentRunner$1.schedule(ParentRunner.java:71)
	at org.junit.runners.ParentRunner.runChildren(ParentRunner.java:288)
	at org.junit.runners.ParentRunner.access$000(ParentRunner.java:58)
	at org.junit.runners.ParentRunner$2.evaluate(ParentRunner.java:268)
	at org.springframework.test.context.junit4.statements.RunBeforeTestClassCallbacks.evaluate(RunBeforeTestClassCallbacks.java:61)
	at org.springframework.test.context.junit4.statements.RunAfterTestClassCallbacks.evaluate(RunAfterTestClassCallbacks.java:70)
	at org.junit.runners.ParentRunner.run(ParentRunner.java:363)
	at org.springframework.test.context.junit4.SpringJUnit4ClassRunner.run(SpringJUnit4ClassRunner.java:191)
	at org.apache.maven.surefire.junit4.JUnit4Provider.execute(JUnit4Provider.java:283)
	at org.apache.maven.surefire.junit4.JUnit4Provider.executeWithRerun(JUnit4Provider.java:173)
	at org.apache.maven.surefire.junit4.JUnit4Provider.executeTestSet(JUnit4Provider.java:153)
	at org.apache.maven.surefire.junit4.JUnit4Provider.invoke(JUnit4Provider.java:128)
	at org.apache.maven.surefire.booter.ForkedBooter.invokeProviderInSameClassLoader(ForkedBooter.java:203)
	at org.apache.maven.surefire.booter.ForkedBooter.runSuitesInProcess(ForkedBooter.java:155)
	at org.apache.maven.surefire.booter.ForkedBooter.main(ForkedBooter.java:103)

2019-02-27 22:52:42.491  INFO [bootstrap,,,] [paascloud-provider-uac,,,,] 12788 --- [           main] s.c.a.AnnotationConfigApplicationContext : Closing org.springframework.context.annotation.AnnotationConfigApplicationContext@42378036: startup date [Wed Feb 27 22:52:21 CST 2019]; parent: org.springframework.web.context.support.GenericWebApplicationContext@4ea30736
2019-02-27 22:52:42.492  WARN [bootstrap,,,] [paascloud-provider-uac,,,,] 12788 --- [           main] s.c.a.AnnotationConfigApplicationContext : Exception thrown from ApplicationListener handling ContextClosedEvent

org.springframework.beans.factory.BeanCreationNotAllowedException: Error creating bean with name 'eurekaAutoServiceRegistration': Singleton bean creation not allowed while singletons of this factory are in destruction (Do not request a bean from a BeanFactory in a destroy method implementation!)
	at org.springframework.beans.factory.support.DefaultSingletonBeanRegistry.getSingleton(DefaultSingletonBeanRegistry.java:216)
	at org.springframework.beans.factory.support.AbstractBeanFactory.doGetBean(AbstractBeanFactory.java:308)
	at org.springframework.beans.factory.support.AbstractBeanFactory.getBean(AbstractBeanFactory.java:197)
	at org.springframework.context.support.AbstractApplicationContext.getBean(AbstractApplicationContext.java:1081)
	at org.springframework.context.event.ApplicationListenerMethodAdapter.getTargetBean(ApplicationListenerMethodAdapter.java:280)
	at org.springframework.context.event.ApplicationListenerMethodAdapter.doInvoke(ApplicationListenerMethodAdapter.java:250)
	at org.springframework.context.event.ApplicationListenerMethodAdapter.processEvent(ApplicationListenerMethodAdapter.java:174)
	at org.springframework.context.event.ApplicationListenerMethodAdapter.onApplicationEvent(ApplicationListenerMethodAdapter.java:137)
	at org.springframework.context.event.SimpleApplicationEventMulticaster.invokeListener(SimpleApplicationEventMulticaster.java:167)
	at org.springframework.context.event.SimpleApplicationEventMulticaster.multicastEvent(SimpleApplicationEventMulticaster.java:139)
	at org.springframework.context.support.AbstractApplicationContext.publishEvent(AbstractApplicationContext.java:383)
	at org.springframework.context.support.AbstractApplicationContext.publishEvent(AbstractApplicationContext.java:389)
	at org.springframework.context.support.AbstractApplicationContext.publishEvent(AbstractApplicationContext.java:337)
	at org.springframework.context.support.AbstractApplicationContext.doClose(AbstractApplicationContext.java:994)
	at org.springframework.context.support.AbstractApplicationContext.close(AbstractApplicationContext.java:961)
	at org.springframework.cloud.context.named.NamedContextFactory.destroy(NamedContextFactory.java:76)
	at org.springframework.beans.factory.support.DisposableBeanAdapter.destroy(DisposableBeanAdapter.java:272)
	at org.springframework.beans.factory.support.DefaultSingletonBeanRegistry.destroyBean(DefaultSingletonBeanRegistry.java:583)
	at org.springframework.beans.factory.support.DefaultSingletonBeanRegistry.destroySingleton(DefaultSingletonBeanRegistry.java:555)
	at org.springframework.beans.factory.support.DefaultListableBeanFactory.destroySingleton(DefaultListableBeanFactory.java:961)
	at org.springframework.beans.factory.support.DefaultSingletonBeanRegistry.destroySingletons(DefaultSingletonBeanRegistry.java:516)
	at org.springframework.beans.factory.support.DefaultListableBeanFactory.destroySingletons(DefaultListableBeanFactory.java:968)
	at org.springframework.context.support.AbstractApplicationContext.destroyBeans(AbstractApplicationContext.java:1033)
	at org.springframework.context.support.AbstractApplicationContext.doClose(AbstractApplicationContext.java:1009)
	at org.springframework.context.support.AbstractApplicationContext.close(AbstractApplicationContext.java:961)
	at org.springframework.boot.SpringApplication.handleRunFailure(SpringApplication.java:750)
	at org.springframework.boot.SpringApplication.run(SpringApplication.java:314)
	at org.springframework.boot.test.context.SpringBootContextLoader.loadContext(SpringBootContextLoader.java:121)
	at org.springframework.test.context.cache.DefaultCacheAwareContextLoaderDelegate.loadContextInternal(DefaultCacheAwareContextLoaderDelegate.java:98)
	at org.springframework.test.context.cache.DefaultCacheAwareContextLoaderDelegate.loadContext(DefaultCacheAwareContextLoaderDelegate.java:116)
	at org.springframework.test.context.support.DefaultTestContext.getApplicationContext(DefaultTestContext.java:83)
	at org.springframework.test.context.web.ServletTestExecutionListener.setUpRequestContextIfNecessary(ServletTestExecutionListener.java:189)
	at org.springframework.test.context.web.ServletTestExecutionListener.prepareTestInstance(ServletTestExecutionListener.java:131)
	at org.springframework.test.context.TestContextManager.prepareTestInstance(TestContextManager.java:230)
	at org.springframework.test.context.junit4.SpringJUnit4ClassRunner.createTest(SpringJUnit4ClassRunner.java:228)
	at org.springframework.test.context.junit4.SpringJUnit4ClassRunner$1.runReflectiveCall(SpringJUnit4ClassRunner.java:287)
	at org.junit.internal.runners.model.ReflectiveCallable.run(ReflectiveCallable.java:12)
	at org.springframework.test.context.junit4.SpringJUnit4ClassRunner.methodBlock(SpringJUnit4ClassRunner.java:289)
	at org.springframework.test.context.junit4.SpringJUnit4ClassRunner.runChild(SpringJUnit4ClassRunner.java:247)
	at org.springframework.test.context.junit4.SpringJUnit4ClassRunner.runChild(SpringJUnit4ClassRunner.java:94)
	at org.junit.runners.ParentRunner$3.run(ParentRunner.java:290)
	at org.junit.runners.ParentRunner$1.schedule(ParentRunner.java:71)
	at org.junit.runners.ParentRunner.runChildren(ParentRunner.java:288)
	at org.junit.runners.ParentRunner.access$000(ParentRunner.java:58)
	at org.junit.runners.ParentRunner$2.evaluate(ParentRunner.java:268)
	at org.springframework.test.context.junit4.statements.RunBeforeTestClassCallbacks.evaluate(RunBeforeTestClassCallbacks.java:61)
	at org.springframework.test.context.junit4.statements.RunAfterTestClassCallbacks.evaluate(RunAfterTestClassCallbacks.java:70)
	at org.junit.runners.ParentRunner.run(ParentRunner.java:363)
	at org.springframework.test.context.junit4.SpringJUnit4ClassRunner.run(SpringJUnit4ClassRunner.java:191)
	at org.apache.maven.surefire.junit4.JUnit4Provider.execute(JUnit4Provider.java:283)
	at org.apache.maven.surefire.junit4.JUnit4Provider.executeWithRerun(JUnit4Provider.java:173)
	at org.apache.maven.surefire.junit4.JUnit4Provider.executeTestSet(JUnit4Provider.java:153)
	at org.apache.maven.surefire.junit4.JUnit4Provider.invoke(JUnit4Provider.java:128)
	at org.apache.maven.surefire.booter.ForkedBooter.invokeProviderInSameClassLoader(ForkedBooter.java:203)
	at org.apache.maven.surefire.booter.ForkedBooter.runSuitesInProcess(ForkedBooter.java:155)
	at org.apache.maven.surefire.booter.ForkedBooter.main(ForkedBooter.java:103)

2019-02-27 22:52:42.492  INFO [bootstrap,,,] [paascloud-provider-uac,,,,] 12788 --- [           main] s.c.a.AnnotationConfigApplicationContext : Closing org.springframework.context.annotation.AnnotationConfigApplicationContext@1f46cfba: startup date [Wed Feb 27 22:52:22 CST 2019]; parent: org.springframework.web.context.support.GenericWebApplicationContext@4ea30736
2019-02-27 22:52:42.493  WARN [bootstrap,,,] [paascloud-provider-uac,,,,] 12788 --- [           main] s.c.a.AnnotationConfigApplicationContext : Exception thrown from ApplicationListener handling ContextClosedEvent

org.springframework.beans.factory.BeanCreationNotAllowedException: Error creating bean with name 'eurekaAutoServiceRegistration': Singleton bean creation not allowed while singletons of this factory are in destruction (Do not request a bean from a BeanFactory in a destroy method implementation!)
	at org.springframework.beans.factory.support.DefaultSingletonBeanRegistry.getSingleton(DefaultSingletonBeanRegistry.java:216)
	at org.springframework.beans.factory.support.AbstractBeanFactory.doGetBean(AbstractBeanFactory.java:308)
	at org.springframework.beans.factory.support.AbstractBeanFactory.getBean(AbstractBeanFactory.java:197)
	at org.springframework.context.support.AbstractApplicationContext.getBean(AbstractApplicationContext.java:1081)
	at org.springframework.context.event.ApplicationListenerMethodAdapter.getTargetBean(ApplicationListenerMethodAdapter.java:280)
	at org.springframework.context.event.ApplicationListenerMethodAdapter.doInvoke(ApplicationListenerMethodAdapter.java:250)
	at org.springframework.context.event.ApplicationListenerMethodAdapter.processEvent(ApplicationListenerMethodAdapter.java:174)
	at org.springframework.context.event.ApplicationListenerMethodAdapter.onApplicationEvent(ApplicationListenerMethodAdapter.java:137)
	at org.springframework.context.event.SimpleApplicationEventMulticaster.invokeListener(SimpleApplicationEventMulticaster.java:167)
	at org.springframework.context.event.SimpleApplicationEventMulticaster.multicastEvent(SimpleApplicationEventMulticaster.java:139)
	at org.springframework.context.support.AbstractApplicationContext.publishEvent(AbstractApplicationContext.java:383)
	at org.springframework.context.support.AbstractApplicationContext.publishEvent(AbstractApplicationContext.java:389)
	at org.springframework.context.support.AbstractApplicationContext.publishEvent(AbstractApplicationContext.java:337)
	at org.springframework.context.support.AbstractApplicationContext.doClose(AbstractApplicationContext.java:994)
	at org.springframework.context.support.AbstractApplicationContext.close(AbstractApplicationContext.java:961)
	at org.springframework.cloud.context.named.NamedContextFactory.destroy(NamedContextFactory.java:76)
	at org.springframework.beans.factory.support.DisposableBeanAdapter.destroy(DisposableBeanAdapter.java:272)
	at org.springframework.beans.factory.support.DefaultSingletonBeanRegistry.destroyBean(DefaultSingletonBeanRegistry.java:583)
	at org.springframework.beans.factory.support.DefaultSingletonBeanRegistry.destroySingleton(DefaultSingletonBeanRegistry.java:555)
	at org.springframework.beans.factory.support.DefaultListableBeanFactory.destroySingleton(DefaultListableBeanFactory.java:961)
	at org.springframework.beans.factory.support.DefaultSingletonBeanRegistry.destroySingletons(DefaultSingletonBeanRegistry.java:516)
	at org.springframework.beans.factory.support.DefaultListableBeanFactory.destroySingletons(DefaultListableBeanFactory.java:968)
	at org.springframework.context.support.AbstractApplicationContext.destroyBeans(AbstractApplicationContext.java:1033)
	at org.springframework.context.support.AbstractApplicationContext.doClose(AbstractApplicationContext.java:1009)
	at org.springframework.context.support.AbstractApplicationContext.close(AbstractApplicationContext.java:961)
	at org.springframework.boot.SpringApplication.handleRunFailure(SpringApplication.java:750)
	at org.springframework.boot.SpringApplication.run(SpringApplication.java:314)
	at org.springframework.boot.test.context.SpringBootContextLoader.loadContext(SpringBootContextLoader.java:121)
	at org.springframework.test.context.cache.DefaultCacheAwareContextLoaderDelegate.loadContextInternal(DefaultCacheAwareContextLoaderDelegate.java:98)
	at org.springframework.test.context.cache.DefaultCacheAwareContextLoaderDelegate.loadContext(DefaultCacheAwareContextLoaderDelegate.java:116)
	at org.springframework.test.context.support.DefaultTestContext.getApplicationContext(DefaultTestContext.java:83)
	at org.springframework.test.context.web.ServletTestExecutionListener.setUpRequestContextIfNecessary(ServletTestExecutionListener.java:189)
	at org.springframework.test.context.web.ServletTestExecutionListener.prepareTestInstance(ServletTestExecutionListener.java:131)
	at org.springframework.test.context.TestContextManager.prepareTestInstance(TestContextManager.java:230)
	at org.springframework.test.context.junit4.SpringJUnit4ClassRunner.createTest(SpringJUnit4ClassRunner.java:228)
	at org.springframework.test.context.junit4.SpringJUnit4ClassRunner$1.runReflectiveCall(SpringJUnit4ClassRunner.java:287)
	at org.junit.internal.runners.model.ReflectiveCallable.run(ReflectiveCallable.java:12)
	at org.springframework.test.context.junit4.SpringJUnit4ClassRunner.methodBlock(SpringJUnit4ClassRunner.java:289)
	at org.springframework.test.context.junit4.SpringJUnit4ClassRunner.runChild(SpringJUnit4ClassRunner.java:247)
	at org.springframework.test.context.junit4.SpringJUnit4ClassRunner.runChild(SpringJUnit4ClassRunner.java:94)
	at org.junit.runners.ParentRunner$3.run(ParentRunner.java:290)
	at org.junit.runners.ParentRunner$1.schedule(ParentRunner.java:71)
	at org.junit.runners.ParentRunner.runChildren(ParentRunner.java:288)
	at org.junit.runners.ParentRunner.access$000(ParentRunner.java:58)
	at org.junit.runners.ParentRunner$2.evaluate(ParentRunner.java:268)
	at org.springframework.test.context.junit4.statements.RunBeforeTestClassCallbacks.evaluate(RunBeforeTestClassCallbacks.java:61)
	at org.springframework.test.context.junit4.statements.RunAfterTestClassCallbacks.evaluate(RunAfterTestClassCallbacks.java:70)
	at org.junit.runners.ParentRunner.run(ParentRunner.java:363)
	at org.springframework.test.context.junit4.SpringJUnit4ClassRunner.run(SpringJUnit4ClassRunner.java:191)
	at org.apache.maven.surefire.junit4.JUnit4Provider.execute(JUnit4Provider.java:283)
	at org.apache.maven.surefire.junit4.JUnit4Provider.executeWithRerun(JUnit4Provider.java:173)
	at org.apache.maven.surefire.junit4.JUnit4Provider.executeTestSet(JUnit4Provider.java:153)
	at org.apache.maven.surefire.junit4.JUnit4Provider.invoke(JUnit4Provider.java:128)
	at org.apache.maven.surefire.booter.ForkedBooter.invokeProviderInSameClassLoader(ForkedBooter.java:203)
	at org.apache.maven.surefire.booter.ForkedBooter.runSuitesInProcess(ForkedBooter.java:155)
	at org.apache.maven.surefire.booter.ForkedBooter.main(ForkedBooter.java:103)

2019-02-27 22:52:42.503  INFO [bootstrap,,,] [paascloud-provider-uac,,,,] 12788 --- [           main] com.alibaba.druid.pool.DruidDataSource   : {dataSource-7} closed
2019-02-27 22:52:43.200  INFO [bootstrap,,,] [paascloud-provider-uac,,,,] 12788 --- [           main] o.s.s.concurrent.ThreadPoolTaskExecutor  : Shutting down ExecutorService
2019-02-27 22:52:43.200 ERROR [bootstrap,,,] [paascloud-provider-uac,,,,] 12788 --- [           main] o.s.test.context.TestContextManager      : Caught exception while allowing TestExecutionListener [org.springframework.test.context.web.ServletTestExecutionListener@770eb86a] to prepare test instance [com.paascloud.provider.UacUserServiceTest@84f7174]

java.lang.IllegalStateException: Failed to load ApplicationContext
	at org.springframework.test.context.cache.DefaultCacheAwareContextLoaderDelegate.loadContext(DefaultCacheAwareContextLoaderDelegate.java:124)
	at org.springframework.test.context.support.DefaultTestContext.getApplicationContext(DefaultTestContext.java:83)
	at org.springframework.test.context.web.ServletTestExecutionListener.setUpRequestContextIfNecessary(ServletTestExecutionListener.java:189)
	at org.springframework.test.context.web.ServletTestExecutionListener.prepareTestInstance(ServletTestExecutionListener.java:131)
	at org.springframework.test.context.TestContextManager.prepareTestInstance(TestContextManager.java:230)
	at org.springframework.test.context.junit4.SpringJUnit4ClassRunner.createTest(SpringJUnit4ClassRunner.java:228)
	at org.springframework.test.context.junit4.SpringJUnit4ClassRunner$1.runReflectiveCall(SpringJUnit4ClassRunner.java:287)
	at org.junit.internal.runners.model.ReflectiveCallable.run(ReflectiveCallable.java:12)
	at org.springframework.test.context.junit4.SpringJUnit4ClassRunner.methodBlock(SpringJUnit4ClassRunner.java:289)
	at org.springframework.test.context.junit4.SpringJUnit4ClassRunner.runChild(SpringJUnit4ClassRunner.java:247)
	at org.springframework.test.context.junit4.SpringJUnit4ClassRunner.runChild(SpringJUnit4ClassRunner.java:94)
	at org.junit.runners.ParentRunner$3.run(ParentRunner.java:290)
	at org.junit.runners.ParentRunner$1.schedule(ParentRunner.java:71)
	at org.junit.runners.ParentRunner.runChildren(ParentRunner.java:288)
	at org.junit.runners.ParentRunner.access$000(ParentRunner.java:58)
	at org.junit.runners.ParentRunner$2.evaluate(ParentRunner.java:268)
	at org.springframework.test.context.junit4.statements.RunBeforeTestClassCallbacks.evaluate(RunBeforeTestClassCallbacks.java:61)
	at org.springframework.test.context.junit4.statements.RunAfterTestClassCallbacks.evaluate(RunAfterTestClassCallbacks.java:70)
	at org.junit.runners.ParentRunner.run(ParentRunner.java:363)
	at org.springframework.test.context.junit4.SpringJUnit4ClassRunner.run(SpringJUnit4ClassRunner.java:191)
	at org.apache.maven.surefire.junit4.JUnit4Provider.execute(JUnit4Provider.java:283)
	at org.apache.maven.surefire.junit4.JUnit4Provider.executeWithRerun(JUnit4Provider.java:173)
	at org.apache.maven.surefire.junit4.JUnit4Provider.executeTestSet(JUnit4Provider.java:153)
	at org.apache.maven.surefire.junit4.JUnit4Provider.invoke(JUnit4Provider.java:128)
	at org.apache.maven.surefire.booter.ForkedBooter.invokeProviderInSameClassLoader(ForkedBooter.java:203)
	at org.apache.maven.surefire.booter.ForkedBooter.runSuitesInProcess(ForkedBooter.java:155)
	at org.apache.maven.surefire.booter.ForkedBooter.main(ForkedBooter.java:103)
Caused by: java.lang.IllegalStateException: Failed to execute CommandLineRunner
	at org.springframework.boot.SpringApplication.callRunner(SpringApplication.java:735)
	at org.springframework.boot.SpringApplication.callRunners(SpringApplication.java:716)
	at org.springframework.boot.SpringApplication.afterRefresh(SpringApplication.java:703)
	at org.springframework.boot.SpringApplication.run(SpringApplication.java:304)
	at org.springframework.boot.test.context.SpringBootContextLoader.loadContext(SpringBootContextLoader.java:121)
	at org.springframework.test.context.cache.DefaultCacheAwareContextLoaderDelegate.loadContextInternal(DefaultCacheAwareContextLoaderDelegate.java:98)
	at org.springframework.test.context.cache.DefaultCacheAwareContextLoaderDelegate.loadContext(DefaultCacheAwareContextLoaderDelegate.java:116)
	... 26 common frames omitted
Caused by: com.paascloud.core.registry.exception.RegException: org.apache.zookeeper.KeeperException$OperationTimeoutException: KeeperErrorCode = OperationTimeout
	at com.paascloud.core.registry.exception.RegExceptionHandler.handleException(RegExceptionHandler.java:35)
	at com.paascloud.core.registry.zookeeper.ZookeeperRegistryCenter.init(ZookeeperRegistryCenter.java:105)
	at com.paascloud.core.registry.RegistryCenterFactory.createCoordinatorRegistryCenter(RegistryCenterFactory.java:44)
	at com.paascloud.core.registry.RegistryCenterFactory.startup(RegistryCenterFactory.java:57)
	at com.paascloud.core.config.ZookeeperInitRunner.run(ZookeeperInitRunner.java:50)
	at org.springframework.boot.SpringApplication.callRunner(SpringApplication.java:732)
	... 32 common frames omitted
Caused by: org.apache.zookeeper.KeeperException$OperationTimeoutException: KeeperErrorCode = OperationTimeout
	at com.paascloud.core.registry.zookeeper.ZookeeperRegistryCenter.init(ZookeeperRegistryCenter.java:99)
	... 36 common frames omitted

]]></system-out>
  </testcase>
  <testcase name="contextLoads" classname="com.paascloud.provider.UacUserServiceTest" time="0.001">
    <error message="Failed to load ApplicationContext" type="java.lang.IllegalStateException">java.lang.IllegalStateException: Failed to load ApplicationContext
	at org.springframework.test.context.cache.DefaultCacheAwareContextLoaderDelegate.loadContext(DefaultCacheAwareContextLoaderDelegate.java:124)
	at org.springframework.test.context.support.DefaultTestContext.getApplicationContext(DefaultTestContext.java:83)
	at org.springframework.test.context.web.ServletTestExecutionListener.setUpRequestContextIfNecessary(ServletTestExecutionListener.java:189)
	at org.springframework.test.context.web.ServletTestExecutionListener.prepareTestInstance(ServletTestExecutionListener.java:131)
	at org.springframework.test.context.TestContextManager.prepareTestInstance(TestContextManager.java:230)
	at org.springframework.test.context.junit4.SpringJUnit4ClassRunner.createTest(SpringJUnit4ClassRunner.java:228)
	at org.springframework.test.context.junit4.SpringJUnit4ClassRunner$1.runReflectiveCall(SpringJUnit4ClassRunner.java:287)
	at org.junit.internal.runners.model.ReflectiveCallable.run(ReflectiveCallable.java:12)
	at org.springframework.test.context.junit4.SpringJUnit4ClassRunner.methodBlock(SpringJUnit4ClassRunner.java:289)
	at org.springframework.test.context.junit4.SpringJUnit4ClassRunner.runChild(SpringJUnit4ClassRunner.java:247)
	at org.springframework.test.context.junit4.SpringJUnit4ClassRunner.runChild(SpringJUnit4ClassRunner.java:94)
	at org.junit.runners.ParentRunner$3.run(ParentRunner.java:290)
	at org.junit.runners.ParentRunner$1.schedule(ParentRunner.java:71)
	at org.junit.runners.ParentRunner.runChildren(ParentRunner.java:288)
	at org.junit.runners.ParentRunner.access$000(ParentRunner.java:58)
	at org.junit.runners.ParentRunner$2.evaluate(ParentRunner.java:268)
	at org.springframework.test.context.junit4.statements.RunBeforeTestClassCallbacks.evaluate(RunBeforeTestClassCallbacks.java:61)
	at org.springframework.test.context.junit4.statements.RunAfterTestClassCallbacks.evaluate(RunAfterTestClassCallbacks.java:70)
	at org.junit.runners.ParentRunner.run(ParentRunner.java:363)
	at org.springframework.test.context.junit4.SpringJUnit4ClassRunner.run(SpringJUnit4ClassRunner.java:191)
	at org.apache.maven.surefire.junit4.JUnit4Provider.execute(JUnit4Provider.java:283)
	at org.apache.maven.surefire.junit4.JUnit4Provider.executeWithRerun(JUnit4Provider.java:173)
	at org.apache.maven.surefire.junit4.JUnit4Provider.executeTestSet(JUnit4Provider.java:153)
	at org.apache.maven.surefire.junit4.JUnit4Provider.invoke(JUnit4Provider.java:128)
	at org.apache.maven.surefire.booter.ForkedBooter.invokeProviderInSameClassLoader(ForkedBooter.java:203)
	at org.apache.maven.surefire.booter.ForkedBooter.runSuitesInProcess(ForkedBooter.java:155)
	at org.apache.maven.surefire.booter.ForkedBooter.main(ForkedBooter.java:103)
Caused by: java.lang.IllegalStateException: Failed to execute CommandLineRunner
	at org.springframework.boot.SpringApplication.callRunner(SpringApplication.java:735)
	at org.springframework.boot.SpringApplication.callRunners(SpringApplication.java:716)
	at org.springframework.boot.SpringApplication.afterRefresh(SpringApplication.java:703)
	at org.springframework.boot.SpringApplication.run(SpringApplication.java:304)
	at org.springframework.boot.test.context.SpringBootContextLoader.loadContext(SpringBootContextLoader.java:121)
	at org.springframework.test.context.cache.DefaultCacheAwareContextLoaderDelegate.loadContextInternal(DefaultCacheAwareContextLoaderDelegate.java:98)
	at org.springframework.test.context.cache.DefaultCacheAwareContextLoaderDelegate.loadContext(DefaultCacheAwareContextLoaderDelegate.java:116)
	at org.springframework.test.context.support.DefaultTestContext.getApplicationContext(DefaultTestContext.java:83)
	at org.springframework.test.context.web.ServletTestExecutionListener.setUpRequestContextIfNecessary(ServletTestExecutionListener.java:189)
	at org.springframework.test.context.web.ServletTestExecutionListener.prepareTestInstance(ServletTestExecutionListener.java:131)
	at org.springframework.test.context.TestContextManager.prepareTestInstance(TestContextManager.java:230)
	at org.springframework.test.context.junit4.SpringJUnit4ClassRunner.createTest(SpringJUnit4ClassRunner.java:228)
	at org.springframework.test.context.junit4.SpringJUnit4ClassRunner$1.runReflectiveCall(SpringJUnit4ClassRunner.java:287)
	at org.junit.internal.runners.model.ReflectiveCallable.run(ReflectiveCallable.java:12)
	at org.springframework.test.context.junit4.SpringJUnit4ClassRunner.methodBlock(SpringJUnit4ClassRunner.java:289)
	at org.springframework.test.context.junit4.SpringJUnit4ClassRunner.runChild(SpringJUnit4ClassRunner.java:247)
	at org.springframework.test.context.junit4.SpringJUnit4ClassRunner.runChild(SpringJUnit4ClassRunner.java:94)
	at org.junit.runners.ParentRunner$3.run(ParentRunner.java:290)
	at org.junit.runners.ParentRunner$1.schedule(ParentRunner.java:71)
	at org.junit.runners.ParentRunner.runChildren(ParentRunner.java:288)
	at org.junit.runners.ParentRunner.access$000(ParentRunner.java:58)
	at org.junit.runners.ParentRunner$2.evaluate(ParentRunner.java:268)
	at org.springframework.test.context.junit4.statements.RunBeforeTestClassCallbacks.evaluate(RunBeforeTestClassCallbacks.java:61)
	at org.springframework.test.context.junit4.statements.RunAfterTestClassCallbacks.evaluate(RunAfterTestClassCallbacks.java:70)
	at org.junit.runners.ParentRunner.run(ParentRunner.java:363)
	at org.springframework.test.context.junit4.SpringJUnit4ClassRunner.run(SpringJUnit4ClassRunner.java:191)
	at org.apache.maven.surefire.junit4.JUnit4Provider.execute(JUnit4Provider.java:283)
	at org.apache.maven.surefire.junit4.JUnit4Provider.executeWithRerun(JUnit4Provider.java:173)
	at org.apache.maven.surefire.junit4.JUnit4Provider.executeTestSet(JUnit4Provider.java:153)
	at org.apache.maven.surefire.junit4.JUnit4Provider.invoke(JUnit4Provider.java:128)
	at org.apache.maven.surefire.booter.ForkedBooter.invokeProviderInSameClassLoader(ForkedBooter.java:203)
	at org.apache.maven.surefire.booter.ForkedBooter.runSuitesInProcess(ForkedBooter.java:155)
	at org.apache.maven.surefire.booter.ForkedBooter.main(ForkedBooter.java:103)
Caused by: com.paascloud.core.registry.exception.RegException: org.apache.zookeeper.KeeperException$OperationTimeoutException: KeeperErrorCode = OperationTimeout
	at com.paascloud.core.registry.exception.RegExceptionHandler.handleException(RegExceptionHandler.java:35)
	at com.paascloud.core.registry.zookeeper.ZookeeperRegistryCenter.init(ZookeeperRegistryCenter.java:105)
	at com.paascloud.core.registry.RegistryCenterFactory.createCoordinatorRegistryCenter(RegistryCenterFactory.java:44)
	at com.paascloud.core.registry.RegistryCenterFactory.startup(RegistryCenterFactory.java:57)
	at com.paascloud.core.config.ZookeeperInitRunner.run(ZookeeperInitRunner.java:50)
	at org.springframework.boot.SpringApplication.callRunner(SpringApplication.java:732)
	at org.springframework.boot.SpringApplication.callRunners(SpringApplication.java:716)
	at org.springframework.boot.SpringApplication.afterRefresh(SpringApplication.java:703)
	at org.springframework.boot.SpringApplication.run(SpringApplication.java:304)
	at org.springframework.boot.test.context.SpringBootContextLoader.loadContext(SpringBootContextLoader.java:121)
	at org.springframework.test.context.cache.DefaultCacheAwareContextLoaderDelegate.loadContextInternal(DefaultCacheAwareContextLoaderDelegate.java:98)
	at org.springframework.test.context.cache.DefaultCacheAwareContextLoaderDelegate.loadContext(DefaultCacheAwareContextLoaderDelegate.java:116)
	at org.springframework.test.context.support.DefaultTestContext.getApplicationContext(DefaultTestContext.java:83)
	at org.springframework.test.context.web.ServletTestExecutionListener.setUpRequestContextIfNecessary(ServletTestExecutionListener.java:189)
	at org.springframework.test.context.web.ServletTestExecutionListener.prepareTestInstance(ServletTestExecutionListener.java:131)
	at org.springframework.test.context.TestContextManager.prepareTestInstance(TestContextManager.java:230)
	at org.springframework.test.context.junit4.SpringJUnit4ClassRunner.createTest(SpringJUnit4ClassRunner.java:228)
	at org.springframework.test.context.junit4.SpringJUnit4ClassRunner$1.runReflectiveCall(SpringJUnit4ClassRunner.java:287)
	at org.junit.internal.runners.model.ReflectiveCallable.run(ReflectiveCallable.java:12)
	at org.springframework.test.context.junit4.SpringJUnit4ClassRunner.methodBlock(SpringJUnit4ClassRunner.java:289)
	at org.springframework.test.context.junit4.SpringJUnit4ClassRunner.runChild(SpringJUnit4ClassRunner.java:247)
	at org.springframework.test.context.junit4.SpringJUnit4ClassRunner.runChild(SpringJUnit4ClassRunner.java:94)
	at org.junit.runners.ParentRunner$3.run(ParentRunner.java:290)
	at org.junit.runners.ParentRunner$1.schedule(ParentRunner.java:71)
	at org.junit.runners.ParentRunner.runChildren(ParentRunner.java:288)
	at org.junit.runners.ParentRunner.access$000(ParentRunner.java:58)
	at org.junit.runners.ParentRunner$2.evaluate(ParentRunner.java:268)
	at org.springframework.test.context.junit4.statements.RunBeforeTestClassCallbacks.evaluate(RunBeforeTestClassCallbacks.java:61)
	at org.springframework.test.context.junit4.statements.RunAfterTestClassCallbacks.evaluate(RunAfterTestClassCallbacks.java:70)
	at org.junit.runners.ParentRunner.run(ParentRunner.java:363)
	at org.springframework.test.context.junit4.SpringJUnit4ClassRunner.run(SpringJUnit4ClassRunner.java:191)
	at org.apache.maven.surefire.junit4.JUnit4Provider.execute(JUnit4Provider.java:283)
	at org.apache.maven.surefire.junit4.JUnit4Provider.executeWithRerun(JUnit4Provider.java:173)
	at org.apache.maven.surefire.junit4.JUnit4Provider.executeTestSet(JUnit4Provider.java:153)
	at org.apache.maven.surefire.junit4.JUnit4Provider.invoke(JUnit4Provider.java:128)
	at org.apache.maven.surefire.booter.ForkedBooter.invokeProviderInSameClassLoader(ForkedBooter.java:203)
	at org.apache.maven.surefire.booter.ForkedBooter.runSuitesInProcess(ForkedBooter.java:155)
	at org.apache.maven.surefire.booter.ForkedBooter.main(ForkedBooter.java:103)
Caused by: org.apache.zookeeper.KeeperException$OperationTimeoutException: KeeperErrorCode = OperationTimeout
	at com.paascloud.core.registry.zookeeper.ZookeeperRegistryCenter.init(ZookeeperRegistryCenter.java:99)
	at com.paascloud.core.registry.RegistryCenterFactory.createCoordinatorRegistryCenter(RegistryCenterFactory.java:44)
	at com.paascloud.core.registry.RegistryCenterFactory.startup(RegistryCenterFactory.java:57)
	at com.paascloud.core.config.ZookeeperInitRunner.run(ZookeeperInitRunner.java:50)
	at org.springframework.boot.SpringApplication.callRunner(SpringApplication.java:732)
	at org.springframework.boot.SpringApplication.callRunners(SpringApplication.java:716)
	at org.springframework.boot.SpringApplication.afterRefresh(SpringApplication.java:703)
	at org.springframework.boot.SpringApplication.run(SpringApplication.java:304)
	at org.springframework.boot.test.context.SpringBootContextLoader.loadContext(SpringBootContextLoader.java:121)
	at org.springframework.test.context.cache.DefaultCacheAwareContextLoaderDelegate.loadContextInternal(DefaultCacheAwareContextLoaderDelegate.java:98)
	at org.springframework.test.context.cache.DefaultCacheAwareContextLoaderDelegate.loadContext(DefaultCacheAwareContextLoaderDelegate.java:116)
	at org.springframework.test.context.support.DefaultTestContext.getApplicationContext(DefaultTestContext.java:83)
	at org.springframework.test.context.web.ServletTestExecutionListener.setUpRequestContextIfNecessary(ServletTestExecutionListener.java:189)
	at org.springframework.test.context.web.ServletTestExecutionListener.prepareTestInstance(ServletTestExecutionListener.java:131)
	at org.springframework.test.context.TestContextManager.prepareTestInstance(TestContextManager.java:230)
	at org.springframework.test.context.junit4.SpringJUnit4ClassRunner.createTest(SpringJUnit4ClassRunner.java:228)
	at org.springframework.test.context.junit4.SpringJUnit4ClassRunner$1.runReflectiveCall(SpringJUnit4ClassRunner.java:287)
	at org.junit.internal.runners.model.ReflectiveCallable.run(ReflectiveCallable.java:12)
	at org.springframework.test.context.junit4.SpringJUnit4ClassRunner.methodBlock(SpringJUnit4ClassRunner.java:289)
	at org.springframework.test.context.junit4.SpringJUnit4ClassRunner.runChild(SpringJUnit4ClassRunner.java:247)
	at org.springframework.test.context.junit4.SpringJUnit4ClassRunner.runChild(SpringJUnit4ClassRunner.java:94)
	at org.junit.runners.ParentRunner$3.run(ParentRunner.java:290)
	at org.junit.runners.ParentRunner$1.schedule(ParentRunner.java:71)
	at org.junit.runners.ParentRunner.runChildren(ParentRunner.java:288)
	at org.junit.runners.ParentRunner.access$000(ParentRunner.java:58)
	at org.junit.runners.ParentRunner$2.evaluate(ParentRunner.java:268)
	at org.springframework.test.context.junit4.statements.RunBeforeTestClassCallbacks.evaluate(RunBeforeTestClassCallbacks.java:61)
	at org.springframework.test.context.junit4.statements.RunAfterTestClassCallbacks.evaluate(RunAfterTestClassCallbacks.java:70)
	at org.junit.runners.ParentRunner.run(ParentRunner.java:363)
	at org.springframework.test.context.junit4.SpringJUnit4ClassRunner.run(SpringJUnit4ClassRunner.java:191)
	at org.apache.maven.surefire.junit4.JUnit4Provider.execute(JUnit4Provider.java:283)
	at org.apache.maven.surefire.junit4.JUnit4Provider.executeWithRerun(JUnit4Provider.java:173)
	at org.apache.maven.surefire.junit4.JUnit4Provider.executeTestSet(JUnit4Provider.java:153)
	at org.apache.maven.surefire.junit4.JUnit4Provider.invoke(JUnit4Provider.java:128)
	at org.apache.maven.surefire.booter.ForkedBooter.invokeProviderInSameClassLoader(ForkedBooter.java:203)
	at org.apache.maven.surefire.booter.ForkedBooter.runSuitesInProcess(ForkedBooter.java:155)
	at org.apache.maven.surefire.booter.ForkedBooter.main(ForkedBooter.java:103)
</error>
    <system-out><![CDATA[2019-02-27 22:52:44.808  INFO [bootstrap,,,] [bootstrap,,,,] 12788 --- [           main] s.c.a.AnnotationConfigApplicationContext : Refreshing org.springframework.context.annotation.AnnotationConfigApplicationContext@4c692b14: startup date [Wed Feb 27 22:52:44 CST 2019]; root of context hierarchy
2019-02-27 22:52:44.852  INFO [bootstrap,,,] [bootstrap,,,,] 12788 --- [           main] f.a.AutowiredAnnotationBeanPostProcessor : JSR-330 'javax.inject.Inject' annotation found and supported for autowiring
2019-02-27 22:52:44.872  INFO [bootstrap,,,] [bootstrap,,,,] 12788 --- [           main] trationDelegate$BeanPostProcessorChecker : Bean 'org.springframework.retry.annotation.RetryConfiguration' of type [org.springframework.retry.annotation.RetryConfiguration$$EnhancerBySpringCGLIB$$f5bbee5f] is not eligible for getting processed by all BeanPostProcessors (for example: not eligible for auto-proxying)
2019-02-27 22:52:44.875  INFO [bootstrap,,,] [bootstrap,,,,] 12788 --- [           main] trationDelegate$BeanPostProcessorChecker : Bean 'configurationPropertiesRebinderAutoConfiguration' of type [org.springframework.cloud.autoconfigure.ConfigurationPropertiesRebinderAutoConfiguration$$EnhancerBySpringCGLIB$$1c125937] is not eligible for getting processed by all BeanPostProcessors (for example: not eligible for auto-proxying)
2019-02-27 22:52:46.150  INFO [bootstrap,,,] [bootstrap,,,,] 12788 --- [           main] o.s.cloud.commons.util.InetUtils         : Cannot determine local hostname
2019-02-27 22:52:46.165  INFO [bootstrap,,,] [bootstrap,,,,] 12788 --- [           main] o.s.c.n.eureka.InstanceInfoFactory       : Setting initial instance status as: STARTING
2019-02-27 22:52:46.180  INFO [bootstrap,,,] [bootstrap,,,,] 12788 --- [           main] com.netflix.discovery.DiscoveryClient    : Initializing Eureka in region us-east-1
2019-02-27 22:52:46.182  INFO [bootstrap,,,] [bootstrap,,,,] 12788 --- [           main] c.n.d.provider.DiscoveryJerseyProvider   : Using JSON encoding codec LegacyJacksonJson
2019-02-27 22:52:46.182  INFO [bootstrap,,,] [bootstrap,,,,] 12788 --- [           main] c.n.d.provider.DiscoveryJerseyProvider   : Using JSON decoding codec LegacyJacksonJson
2019-02-27 22:52:46.182  INFO [bootstrap,,,] [bootstrap,,,,] 12788 --- [           main] c.n.d.provider.DiscoveryJerseyProvider   : Using XML encoding codec XStreamXml
2019-02-27 22:52:46.182  INFO [bootstrap,,,] [bootstrap,,,,] 12788 --- [           main] c.n.d.provider.DiscoveryJerseyProvider   : Using XML decoding codec XStreamXml
2019-02-27 22:52:46.229  INFO [bootstrap,,,] [bootstrap,,,,] 12788 --- [           main] c.n.d.s.r.aws.ConfigClusterResolver      : Resolving eureka endpoints via configuration
2019-02-27 22:52:46.231  INFO [bootstrap,,,] [bootstrap,,,,] 12788 --- [           main] com.netflix.discovery.DiscoveryClient    : Disable delta property : false
2019-02-27 22:52:46.231  INFO [bootstrap,,,] [bootstrap,,,,] 12788 --- [           main] com.netflix.discovery.DiscoveryClient    : Single vip registry refresh property : null
2019-02-27 22:52:46.231  INFO [bootstrap,,,] [bootstrap,,,,] 12788 --- [           main] com.netflix.discovery.DiscoveryClient    : Force full registry fetch : false
2019-02-27 22:52:46.231  INFO [bootstrap,,,] [bootstrap,,,,] 12788 --- [           main] com.netflix.discovery.DiscoveryClient    : Application is null : false
2019-02-27 22:52:46.231  INFO [bootstrap,,,] [bootstrap,,,,] 12788 --- [           main] com.netflix.discovery.DiscoveryClient    : Registered Applications size is zero : true
2019-02-27 22:52:46.231  INFO [bootstrap,,,] [bootstrap,,,,] 12788 --- [           main] com.netflix.discovery.DiscoveryClient    : Application version is -1: true
2019-02-27 22:52:46.231  INFO [bootstrap,,,] [bootstrap,,,,] 12788 --- [           main] com.netflix.discovery.DiscoveryClient    : Getting all instance registry info from the eureka server
2019-02-27 22:52:46.238  INFO [bootstrap,,,] [bootstrap,,,,] 12788 --- [           main] com.netflix.discovery.DiscoveryClient    : The response status is 200
2019-02-27 22:52:46.239  INFO [bootstrap,,,] [bootstrap,,,,] 12788 --- [           main] com.netflix.discovery.DiscoveryClient    : Not registering with Eureka server per configuration
2019-02-27 22:52:46.240  INFO [bootstrap,,,] [bootstrap,,,,] 12788 --- [           main] com.netflix.discovery.DiscoveryClient    : Discovery Client initialized at timestamp 1551279166240 with initial instances count: 1

                                  .__                   .___                  __
___________  _____    ______ ____ |  |   ____  __ __  __| _/     ____   _____/  |_
\____ \__  \ \__  \  /  ___// ___\|  |  /  _ \|  |  \/ __ |     /    \_/ __ \   __\
|  |_> > __ \_/ __ \_\___ \\  \___|  |_(  <_> )  |  / /_/ |    |   |  \  ___/|  |
|   __(____  (____  /____  >\___  >____/\____/|____/\____ | /\ |___|  /\___  >__|
|__|       \/     \/     \/     \/ Powered by liuzhaoming\/ \/      \/     \/
2019-02-27 22:52:47.580  INFO [bootstrap,,,] [paascloud-provider-uac,,,,] 12788 --- [           main] c.c.c.ConfigServicePropertySourceLocator : Fetching config from server at: http://localhost:8080/
2019-02-27 22:52:54.063  INFO [bootstrap,,,] [paascloud-provider-uac,,,,] 12788 --- [           main] c.c.c.ConfigServicePropertySourceLocator : Located environment: name=paascloud-provider-uac, profiles=[dev], label=dev, version=fa6a348e2e1c8d5c2ff460509f7fa4deade889cf, state=null
2019-02-27 22:52:54.063  INFO [bootstrap,,,] [paascloud-provider-uac,,,,] 12788 --- [           main] b.c.PropertySourceBootstrapConfiguration : Located property source: CompositePropertySource [name='configService', propertySources=[MapPropertySource {name='configClient'}, MapPropertySource {name='https://github.com/l00251692/paascloud-config-repo.git/paascloud-provider-uac-dev.yml'}, MapPropertySource {name='https://github.com/l00251692/paascloud-config-repo.git/application-dev.yml'}]]
2019-02-27 22:52:54.080  INFO [bootstrap,,,] [paascloud-provider-uac,,,,] 12788 --- [           main] c.paascloud.provider.UacUserServiceTest  : The following profiles are active: dev
2019-02-27 22:52:54.082  INFO [bootstrap,,,] [paascloud-provider-uac,,,,] 12788 --- [           main] o.s.w.c.s.GenericWebApplicationContext   : Refreshing org.springframework.web.context.support.GenericWebApplicationContext@7ef90f10: startup date [Wed Feb 27 22:52:54 CST 2019]; parent: org.springframework.context.annotation.AnnotationConfigApplicationContext@4c692b14
2019-02-27 22:52:55.582  INFO [bootstrap,,,] [paascloud-provider-uac,,,,] 12788 --- [           main] o.s.b.f.s.DefaultListableBeanFactory     : Overriding bean definition for bean 'smsCodeSender' with a different definition: replacing [Root bean: class [null]; scope=; abstract=false; lazyInit=false; autowireMode=3; dependencyCheck=0; autowireCandidate=true; primary=false; factoryBeanName=validateCodeBeanConfig; factoryMethodName=smsCodeSender; initMethodName=null; destroyMethodName=(inferred); defined in class path resource [com/paascloud/security/core/validate/code/ValidateCodeBeanConfig.class]] with [Root bean: class [null]; scope=; abstract=false; lazyInit=false; autowireMode=3; dependencyCheck=0; autowireCandidate=true; primary=false; factoryBeanName=paasCloudUacApplication; factoryMethodName=smsCodeSender; initMethodName=null; destroyMethodName=(inferred); defined in com.paascloud.PaasCloudUacApplication]
2019-02-27 22:52:55.941  INFO [bootstrap,,,] [paascloud-provider-uac,,,,] 12788 --- [           main] .s.d.r.c.RepositoryConfigurationDelegate : Multiple Spring Data modules found, entering strict repository configuration mode!
2019-02-27 22:52:56.307  INFO [bootstrap,,,] [paascloud-provider-uac,,,,] 12788 --- [           main] o.s.cloud.context.scope.GenericScope     : BeanFactory id=665041e3-b049-3f59-bb02-1c8381782c07
2019-02-27 22:52:56.333  INFO [bootstrap,,,] [paascloud-provider-uac,,,,] 12788 --- [           main] f.a.AutowiredAnnotationBeanPostProcessor : JSR-330 'javax.inject.Inject' annotation found and supported for autowiring
2019-02-27 22:52:56.363  INFO [bootstrap,,,] [paascloud-provider-uac,,,,] 12788 --- [           main] trationDelegate$BeanPostProcessorChecker : Bean 'paascloud-com.paascloud.config.properties.PaascloudProperties' of type [com.paascloud.config.properties.PaascloudProperties] is not eligible for getting processed by all BeanPostProcessors (for example: not eligible for auto-proxying)
2019-02-27 22:52:56.364  INFO [bootstrap,,,] [paascloud-provider-uac,,,,] 12788 --- [           main] trationDelegate$BeanPostProcessorChecker : Bean 'asyncTaskExecutorConfiguration' of type [com.paascloud.core.config.AsyncTaskExecutorConfiguration$$EnhancerBySpringCGLIB$$3ace86a7] is not eligible for getting processed by all BeanPostProcessors (for example: not eligible for auto-proxying)
2019-02-27 22:52:56.366  INFO [bootstrap,,,] [paascloud-provider-uac,,,,] 12788 --- [           main] o.s.s.concurrent.ThreadPoolTaskExecutor  : Initializing ExecutorService 
2019-02-27 22:52:56.366  INFO [bootstrap,,,] [paascloud-provider-uac,,,,] 12788 --- [           main] trationDelegate$BeanPostProcessorChecker : Bean 'taskExecutor' of type [com.paascloud.core.config.ExceptionHandlingAsyncTaskExecutor] is not eligible for getting processed by all BeanPostProcessors (for example: not eligible for auto-proxying)
2019-02-27 22:52:56.389  INFO [bootstrap,,,] [paascloud-provider-uac,,,,] 12788 --- [           main] trationDelegate$BeanPostProcessorChecker : Bean 'org.springframework.amqp.rabbit.annotation.RabbitBootstrapConfiguration' of type [org.springframework.amqp.rabbit.annotation.RabbitBootstrapConfiguration$$EnhancerBySpringCGLIB$$c6641468] is not eligible for getting processed by all BeanPostProcessors (for example: not eligible for auto-proxying)
2019-02-27 22:52:56.415  INFO [bootstrap,,,] [paascloud-provider-uac,,,,] 12788 --- [           main] trationDelegate$BeanPostProcessorChecker : Bean 'org.springframework.cloud.sleuth.annotation.SleuthAnnotationAutoConfiguration' of type [org.springframework.cloud.sleuth.annotation.SleuthAnnotationAutoConfiguration$$EnhancerBySpringCGLIB$$25d9c6c] is not eligible for getting processed by all BeanPostProcessors (for example: not eligible for auto-proxying)
2019-02-27 22:52:56.444  INFO [bootstrap,,,] [paascloud-provider-uac,,,,] 12788 --- [           main] trationDelegate$BeanPostProcessorChecker : Bean 'sleuthAdvisorConfig' of type [org.springframework.cloud.sleuth.annotation.SleuthAdvisorConfig] is not eligible for getting processed by all BeanPostProcessors (for example: not eligible for auto-proxying)
2019-02-27 22:52:56.451  INFO [bootstrap,,,] [paascloud-provider-uac,,,,] 12788 --- [           main] trationDelegate$BeanPostProcessorChecker : Bean 'org.springframework.transaction.annotation.ProxyTransactionManagementConfiguration' of type [org.springframework.transaction.annotation.ProxyTransactionManagementConfiguration$$EnhancerBySpringCGLIB$$fff8563a] is not eligible for getting processed by all BeanPostProcessors (for example: not eligible for auto-proxying)
2019-02-27 22:52:56.472  INFO [bootstrap,,,] [paascloud-provider-uac,,,,] 12788 --- [           main] trationDelegate$BeanPostProcessorChecker : Bean 'org.springframework.cache.annotation.ProxyCachingConfiguration' of type [org.springframework.cache.annotation.ProxyCachingConfiguration$$EnhancerBySpringCGLIB$$490a8c58] is not eligible for getting processed by all BeanPostProcessors (for example: not eligible for auto-proxying)
2019-02-27 22:52:56.501  INFO [bootstrap,,,] [paascloud-provider-uac,,,,] 12788 --- [           main] trationDelegate$BeanPostProcessorChecker : Bean 'security.oauth2.client-org.springframework.boot.autoconfigure.security.oauth2.OAuth2ClientProperties' of type [org.springframework.boot.autoconfigure.security.oauth2.OAuth2ClientProperties] is not eligible for getting processed by all BeanPostProcessors (for example: not eligible for auto-proxying)
2019-02-27 22:52:56.503  INFO [bootstrap,,,] [paascloud-provider-uac,,,,] 12788 --- [           main] trationDelegate$BeanPostProcessorChecker : Bean 'org.springframework.boot.autoconfigure.security.oauth2.OAuth2AutoConfiguration' of type [org.springframework.boot.autoconfigure.security.oauth2.OAuth2AutoConfiguration$$EnhancerBySpringCGLIB$$b742123a] is not eligible for getting processed by all BeanPostProcessors (for example: not eligible for auto-proxying)
2019-02-27 22:52:56.518  INFO [bootstrap,,,] [paascloud-provider-uac,,,,] 12788 --- [           main] trationDelegate$BeanPostProcessorChecker : Bean 'resourceServerProperties' of type [org.springframework.boot.autoconfigure.security.oauth2.resource.ResourceServerProperties] is not eligible for getting processed by all BeanPostProcessors (for example: not eligible for auto-proxying)
2019-02-27 22:52:56.524  INFO [bootstrap,,,] [paascloud-provider-uac,,,,] 12788 --- [           main] trationDelegate$BeanPostProcessorChecker : Bean 'org.springframework.cloud.netflix.metrics.MetricsInterceptorConfiguration$MetricsRestTemplateConfiguration' of type [org.springframework.cloud.netflix.metrics.MetricsInterceptorConfiguration$MetricsRestTemplateConfiguration$$EnhancerBySpringCGLIB$$3224fc7b] is not eligible for getting processed by all BeanPostProcessors (for example: not eligible for auto-proxying)
2019-02-27 22:52:56.535  INFO [bootstrap,,,] [paascloud-provider-uac,,,,] 12788 --- [           main] trationDelegate$BeanPostProcessorChecker : Bean 'org.springframework.cloud.autoconfigure.ConfigurationPropertiesRebinderAutoConfiguration' of type [org.springframework.cloud.autoconfigure.ConfigurationPropertiesRebinderAutoConfiguration$$EnhancerBySpringCGLIB$$1c125937] is not eligible for getting processed by all BeanPostProcessors (for example: not eligible for auto-proxying)
2019-02-27 22:52:56.545  INFO [bootstrap,,,] [paascloud-provider-uac,,,,] 12788 --- [           main] trationDelegate$BeanPostProcessorChecker : Bean 'org.springframework.cloud.sleuth.instrument.web.client.feign.TraceFeignClientAutoConfiguration$FeignBeanPostProcessorConfiguration' of type [org.springframework.cloud.sleuth.instrument.web.client.feign.TraceFeignClientAutoConfiguration$FeignBeanPostProcessorConfiguration$$EnhancerBySpringCGLIB$$3f8a2f00] is not eligible for getting processed by all BeanPostProcessors (for example: not eligible for auto-proxying)
2019-02-27 22:52:56.569  INFO [bootstrap,,,] [paascloud-provider-uac,,,,] 12788 --- [           main] trationDelegate$BeanPostProcessorChecker : Bean 'org.springframework.cloud.sleuth.instrument.async.AsyncDefaultAutoConfiguration' of type [org.springframework.cloud.sleuth.instrument.async.AsyncDefaultAutoConfiguration$$EnhancerBySpringCGLIB$$e7dc0259] is not eligible for getting processed by all BeanPostProcessors (for example: not eligible for auto-proxying)
2019-02-27 22:52:56.582  INFO [bootstrap,,,] [paascloud-provider-uac,,,,] 12788 --- [           main] trationDelegate$BeanPostProcessorChecker : Bean 'org.springframework.cloud.sleuth.instrument.web.client.TraceWebClientAutoConfiguration$TraceOAuthConfiguration' of type [org.springframework.cloud.sleuth.instrument.web.client.TraceWebClientAutoConfiguration$TraceOAuthConfiguration$$EnhancerBySpringCGLIB$$44f4e899] is not eligible for getting processed by all BeanPostProcessors (for example: not eligible for auto-proxying)
2019-02-27 22:52:56.590  INFO [bootstrap,,,] [paascloud-provider-uac,,,,] 12788 --- [           main] trationDelegate$BeanPostProcessorChecker : Bean 'org.springframework.cloud.sleuth.instrument.web.client.TraceWebClientAutoConfiguration' of type [org.springframework.cloud.sleuth.instrument.web.client.TraceWebClientAutoConfiguration$$EnhancerBySpringCGLIB$$ac8b21b9] is not eligible for getting processed by all BeanPostProcessors (for example: not eligible for auto-proxying)
2019-02-27 22:52:56.603  INFO [bootstrap,,,] [paascloud-provider-uac,,,,] 12788 --- [           main] trationDelegate$BeanPostProcessorChecker : Bean 'spring.sleuth-org.springframework.cloud.sleuth.autoconfig.SleuthProperties' of type [org.springframework.cloud.sleuth.autoconfig.SleuthProperties] is not eligible for getting processed by all BeanPostProcessors (for example: not eligible for auto-proxying)
2019-02-27 22:52:56.604  INFO [bootstrap,,,] [paascloud-provider-uac,,,,] 12788 --- [           main] trationDelegate$BeanPostProcessorChecker : Bean 'org.springframework.cloud.sleuth.autoconfig.TraceAutoConfiguration' of type [org.springframework.cloud.sleuth.autoconfig.TraceAutoConfiguration$$EnhancerBySpringCGLIB$$38f5734d] is not eligible for getting processed by all BeanPostProcessors (for example: not eligible for auto-proxying)
2019-02-27 22:52:56.617  INFO [bootstrap,,,] [paascloud-provider-uac,,,,] 12788 --- [           main] trationDelegate$BeanPostProcessorChecker : Bean 'defaultTraceSampler' of type [org.springframework.cloud.context.scope.GenericScope$LockedScopedProxyFactoryBean] is not eligible for getting processed by all BeanPostProcessors (for example: not eligible for auto-proxying)
2019-02-27 22:52:56.618  INFO [bootstrap,,,] [paascloud-provider-uac,,,,] 12788 --- [           main] trationDelegate$BeanPostProcessorChecker : Bean 'defaultTraceSampler' of type [com.sun.proxy.$Proxy173] is not eligible for getting processed by all BeanPostProcessors (for example: not eligible for auto-proxying)
2019-02-27 22:52:56.621  INFO [bootstrap,,,] [paascloud-provider-uac,,,,] 12788 --- [           main] trationDelegate$BeanPostProcessorChecker : Bean 'randomForSpanIds' of type [java.util.Random] is not eligible for getting processed by all BeanPostProcessors (for example: not eligible for auto-proxying)
2019-02-27 22:52:56.627  INFO [bootstrap,,,] [paascloud-provider-uac,,,,] 12788 --- [           main] trationDelegate$BeanPostProcessorChecker : Bean 'spanNamer' of type [org.springframework.cloud.sleuth.DefaultSpanNamer] is not eligible for getting processed by all BeanPostProcessors (for example: not eligible for auto-proxying)
2019-02-27 22:52:56.633  INFO [bootstrap,,,] [paascloud-provider-uac,,,,] 12788 --- [           main] trationDelegate$BeanPostProcessorChecker : Bean 'org.springframework.cloud.sleuth.log.SleuthLogAutoConfiguration$Slf4jConfiguration' of type [org.springframework.cloud.sleuth.log.SleuthLogAutoConfiguration$Slf4jConfiguration$$EnhancerBySpringCGLIB$$86607d1b] is not eligible for getting processed by all BeanPostProcessors (for example: not eligible for auto-proxying)
2019-02-27 22:52:56.642  INFO [bootstrap,,,] [paascloud-provider-uac,,,,] 12788 --- [           main] trationDelegate$BeanPostProcessorChecker : Bean 'spring.sleuth.log.slf4j-org.springframework.cloud.sleuth.log.SleuthSlf4jProperties' of type [org.springframework.cloud.sleuth.log.SleuthSlf4jProperties] is not eligible for getting processed by all BeanPostProcessors (for example: not eligible for auto-proxying)
2019-02-27 22:52:56.645  INFO [bootstrap,,,] [paascloud-provider-uac,,,,] 12788 --- [           main] trationDelegate$BeanPostProcessorChecker : Bean 'slf4jSpanLogger' of type [org.springframework.cloud.sleuth.log.Slf4jSpanLogger] is not eligible for getting processed by all BeanPostProcessors (for example: not eligible for auto-proxying)
2019-02-27 22:52:56.654  INFO [bootstrap,,,] [paascloud-provider-uac,,,,] 12788 --- [           main] trationDelegate$BeanPostProcessorChecker : Bean 'defaultSpanAdjuster' of type [org.springframework.cloud.sleuth.NoOpSpanAdjuster] is not eligible for getting processed by all BeanPostProcessors (for example: not eligible for auto-proxying)
2019-02-27 22:52:56.655  INFO [bootstrap,,,] [paascloud-provider-uac,,,,] 12788 --- [           main] trationDelegate$BeanPostProcessorChecker : Bean 'org.springframework.cloud.sleuth.zipkin2.ZipkinAutoConfiguration' of type [org.springframework.cloud.sleuth.zipkin2.ZipkinAutoConfiguration$$EnhancerBySpringCGLIB$$730dc13b] is not eligible for getting processed by all BeanPostProcessors (for example: not eligible for auto-proxying)
2019-02-27 22:52:56.666  INFO [bootstrap,,,] [paascloud-provider-uac,,,,] 12788 --- [           main] trationDelegate$BeanPostProcessorChecker : Bean 'org.springframework.cloud.sleuth.metric.TraceMetricsAutoConfiguration$CounterServiceSpanReporterConfig' of type [org.springframework.cloud.sleuth.metric.TraceMetricsAutoConfiguration$CounterServiceSpanReporterConfig$$EnhancerBySpringCGLIB$$b2242e8d] is not eligible for getting processed by all BeanPostProcessors (for example: not eligible for auto-proxying)
2019-02-27 22:52:56.673  INFO [bootstrap,,,] [paascloud-provider-uac,,,,] 12788 --- [           main] trationDelegate$BeanPostProcessorChecker : Bean 'org.springframework.cloud.netflix.metrics.servo.ServoMetricsAutoConfiguration' of type [org.springframework.cloud.netflix.metrics.servo.ServoMetricsAutoConfiguration$$EnhancerBySpringCGLIB$$f67964e0] is not eligible for getting processed by all BeanPostProcessors (for example: not eligible for auto-proxying)
2019-02-27 22:52:56.687  INFO [bootstrap,,,] [paascloud-provider-uac,,,,] 12788 --- [           main] trationDelegate$BeanPostProcessorChecker : Bean 'servoMetricsConfig' of type [org.springframework.cloud.netflix.metrics.servo.ServoMetricsConfigBean] is not eligible for getting processed by all BeanPostProcessors (for example: not eligible for auto-proxying)
2019-02-27 22:52:56.690  INFO [bootstrap,,,] [paascloud-provider-uac,,,,] 12788 --- [           main] trationDelegate$BeanPostProcessorChecker : Bean 'monitorRegistry' of type [com.netflix.servo.DefaultMonitorRegistry] is not eligible for getting processed by all BeanPostProcessors (for example: not eligible for auto-proxying)
2019-02-27 22:52:56.694  INFO [bootstrap,,,] [paascloud-provider-uac,,,,] 12788 --- [           main] trationDelegate$BeanPostProcessorChecker : Bean 'servoMetricServices' of type [org.springframework.cloud.netflix.metrics.servo.ServoMetricServices] is not eligible for getting processed by all BeanPostProcessors (for example: not eligible for auto-proxying)
2019-02-27 22:52:56.700  INFO [bootstrap,,,] [paascloud-provider-uac,,,,] 12788 --- [           main] trationDelegate$BeanPostProcessorChecker : Bean 'org.springframework.cloud.sleuth.metric.TraceMetricsAutoConfiguration' of type [org.springframework.cloud.sleuth.metric.TraceMetricsAutoConfiguration$$EnhancerBySpringCGLIB$$2682621b] is not eligible for getting processed by all BeanPostProcessors (for example: not eligible for auto-proxying)
2019-02-27 22:52:56.707  INFO [bootstrap,,,] [paascloud-provider-uac,,,,] 12788 --- [           main] trationDelegate$BeanPostProcessorChecker : Bean 'sleuthMetricProperties' of type [org.springframework.cloud.sleuth.metric.SleuthMetricProperties] is not eligible for getting processed by all BeanPostProcessors (for example: not eligible for auto-proxying)
2019-02-27 22:52:56.710  INFO [bootstrap,,,] [paascloud-provider-uac,,,,] 12788 --- [           main] trationDelegate$BeanPostProcessorChecker : Bean 'spanReporterCounterService' of type [org.springframework.cloud.sleuth.metric.CounterServiceBasedSpanMetricReporter] is not eligible for getting processed by all BeanPostProcessors (for example: not eligible for auto-proxying)
2019-02-27 22:52:56.717  INFO [bootstrap,,,] [paascloud-provider-uac,,,,] 12788 --- [           main] trationDelegate$BeanPostProcessorChecker : Bean 'spring.zipkin-org.springframework.cloud.sleuth.zipkin2.ZipkinProperties' of type [org.springframework.cloud.sleuth.zipkin2.ZipkinProperties] is not eligible for getting processed by all BeanPostProcessors (for example: not eligible for auto-proxying)
2019-02-27 22:52:56.723  INFO [bootstrap,,,] [paascloud-provider-uac,,,,] 12788 --- [           main] trationDelegate$BeanPostProcessorChecker : Bean 'org.springframework.cloud.sleuth.zipkin2.sender.ZipkinRabbitSenderConfiguration' of type [org.springframework.cloud.sleuth.zipkin2.sender.ZipkinRabbitSenderConfiguration$$EnhancerBySpringCGLIB$$b4dd859a] is not eligible for getting processed by all BeanPostProcessors (for example: not eligible for auto-proxying)
2019-02-27 22:52:56.732  INFO [bootstrap,,,] [paascloud-provider-uac,,,,] 12788 --- [           main] trationDelegate$BeanPostProcessorChecker : Bean 'org.springframework.boot.autoconfigure.amqp.RabbitAutoConfiguration$RabbitConnectionFactoryCreator' of type [org.springframework.boot.autoconfigure.amqp.RabbitAutoConfiguration$RabbitConnectionFactoryCreator$$EnhancerBySpringCGLIB$$88e2cc47] is not eligible for getting processed by all BeanPostProcessors (for example: not eligible for auto-proxying)
2019-02-27 22:52:56.748  INFO [bootstrap,,,] [paascloud-provider-uac,,,,] 12788 --- [           main] trationDelegate$BeanPostProcessorChecker : Bean 'spring.rabbitmq-org.springframework.boot.autoconfigure.amqp.RabbitProperties' of type [org.springframework.boot.autoconfigure.amqp.RabbitProperties] is not eligible for getting processed by all BeanPostProcessors (for example: not eligible for auto-proxying)
2019-02-27 22:52:56.759  INFO [bootstrap,,,] [paascloud-provider-uac,,,,] 12788 --- [           main] trationDelegate$BeanPostProcessorChecker : Bean 'rabbitConnectionFactory' of type [org.springframework.amqp.rabbit.connection.CachingConnectionFactory] is not eligible for getting processed by all BeanPostProcessors (for example: not eligible for auto-proxying)
2019-02-27 22:52:56.777  INFO [bootstrap,,,] [paascloud-provider-uac,,,,] 12788 --- [           main] trationDelegate$BeanPostProcessorChecker : Bean 'rabbitSender' of type [zipkin2.reporter.amqp.AutoValue_RabbitMQSender] is not eligible for getting processed by all BeanPostProcessors (for example: not eligible for auto-proxying)
2019-02-27 22:52:56.787  INFO [bootstrap,,,] [paascloud-provider-uac,,,,] 12788 --- [           main] trationDelegate$BeanPostProcessorChecker : Bean 'reporter' of type [zipkin2.reporter.AsyncReporter$BoundedAsyncReporter] is not eligible for getting processed by all BeanPostProcessors (for example: not eligible for auto-proxying)
2019-02-27 22:52:56.798  INFO [bootstrap,,,] [paascloud-provider-uac,,,,] 12788 --- [           main] trationDelegate$BeanPostProcessorChecker : Bean 'org.springframework.boot.autoconfigure.web.ServerPropertiesAutoConfiguration' of type [org.springframework.boot.autoconfigure.web.ServerPropertiesAutoConfiguration$$EnhancerBySpringCGLIB$$b64dd20a] is not eligible for getting processed by all BeanPostProcessors (for example: not eligible for auto-proxying)
2019-02-27 22:52:56.810  INFO [bootstrap,,,] [paascloud-provider-uac,,,,] 12788 --- [           main] trationDelegate$BeanPostProcessorChecker : Bean 'serverProperties' of type [org.springframework.boot.autoconfigure.web.ServerProperties] is not eligible for getting processed by all BeanPostProcessors (for example: not eligible for auto-proxying)
2019-02-27 22:52:56.822  INFO [bootstrap,,,] [paascloud-provider-uac,,,,] 12788 --- [           main] trationDelegate$BeanPostProcessorChecker : Bean 'org.springframework.cloud.sleuth.zipkin2.ZipkinAutoConfiguration$DefaultEndpointLocatorConfiguration' of type [org.springframework.cloud.sleuth.zipkin2.ZipkinAutoConfiguration$DefaultEndpointLocatorConfiguration$$EnhancerBySpringCGLIB$$52b708cd] is not eligible for getting processed by all BeanPostProcessors (for example: not eligible for auto-proxying)
2019-02-27 22:52:57.101  INFO [bootstrap,,,] [paascloud-provider-uac,,,,] 12788 --- [           main] trationDelegate$BeanPostProcessorChecker : Bean 'zipkinEndpointLocator' of type [org.springframework.cloud.sleuth.zipkin2.DefaultEndpointLocator] is not eligible for getting processed by all BeanPostProcessors (for example: not eligible for auto-proxying)
2019-02-27 22:52:57.106  INFO [bootstrap,,,] [paascloud-provider-uac,,,,] 12788 --- [           main] trationDelegate$BeanPostProcessorChecker : Bean 'zipkinSpanListener' of type [org.springframework.cloud.sleuth.zipkin2.ZipkinSpanReporter] is not eligible for getting processed by all BeanPostProcessors (for example: not eligible for auto-proxying)
2019-02-27 22:52:57.112  INFO [bootstrap,,,] [paascloud-provider-uac,,,,] 12788 --- [           main] trationDelegate$BeanPostProcessorChecker : Bean 'spring.sleuth.keys-org.springframework.cloud.sleuth.TraceKeys' of type [org.springframework.cloud.sleuth.TraceKeys] is not eligible for getting processed by all BeanPostProcessors (for example: not eligible for auto-proxying)
2019-02-27 22:52:57.115  INFO [bootstrap,,,] [paascloud-provider-uac,,,,] 12788 --- [           main] trationDelegate$BeanPostProcessorChecker : Bean 'sleuthTracer' of type [org.springframework.cloud.sleuth.trace.DefaultTracer] is not eligible for getting processed by all BeanPostProcessors (for example: not eligible for auto-proxying)
2019-02-27 22:52:57.121  INFO [bootstrap,,,] [paascloud-provider-uac,,,,] 12788 --- [           main] trationDelegate$BeanPostProcessorChecker : Bean 'org.springframework.cloud.sleuth.instrument.web.TraceHttpAutoConfiguration' of type [org.springframework.cloud.sleuth.instrument.web.TraceHttpAutoConfiguration$$EnhancerBySpringCGLIB$$e6765f89] is not eligible for getting processed by all BeanPostProcessors (for example: not eligible for auto-proxying)
2019-02-27 22:52:57.126  INFO [bootstrap,,,] [paascloud-provider-uac,,,,] 12788 --- [           main] trationDelegate$BeanPostProcessorChecker : Bean 'httpSpanInjector' of type [org.springframework.cloud.sleuth.instrument.web.ZipkinHttpSpanInjector] is not eligible for getting processed by all BeanPostProcessors (for example: not eligible for auto-proxying)
2019-02-27 22:52:57.135  INFO [bootstrap,,,] [paascloud-provider-uac,,,,] 12788 --- [           main] trationDelegate$BeanPostProcessorChecker : Bean 'httpTraceKeysInjector' of type [org.springframework.cloud.sleuth.instrument.web.HttpTraceKeysInjector] is not eligible for getting processed by all BeanPostProcessors (for example: not eligible for auto-proxying)
2019-02-27 22:52:57.140  INFO [bootstrap,,,] [paascloud-provider-uac,,,,] 12788 --- [           main] trationDelegate$BeanPostProcessorChecker : Bean 'defaultErrorParser' of type [org.springframework.cloud.sleuth.ExceptionMessageErrorParser] is not eligible for getting processed by all BeanPostProcessors (for example: not eligible for auto-proxying)
2019-02-27 22:52:57.141  INFO [bootstrap,,,] [paascloud-provider-uac,,,,] 12788 --- [           main] trationDelegate$BeanPostProcessorChecker : Bean 'traceRestTemplateInterceptor' of type [org.springframework.cloud.sleuth.instrument.web.client.TraceRestTemplateInterceptor] is not eligible for getting processed by all BeanPostProcessors (for example: not eligible for auto-proxying)
2019-02-27 22:52:57.144  INFO [bootstrap,,,] [paascloud-provider-uac,,,,] 12788 --- [           main] trationDelegate$BeanPostProcessorChecker : Bean 'org.springframework.cloud.sleuth.instrument.web.client.TraceWebClientAutoConfiguration$TraceInterceptorConfiguration' of type [org.springframework.cloud.sleuth.instrument.web.client.TraceWebClientAutoConfiguration$TraceInterceptorConfiguration$$EnhancerBySpringCGLIB$$aa6867eb] is not eligible for getting processed by all BeanPostProcessors (for example: not eligible for auto-proxying)
2019-02-27 22:52:57.219  INFO [bootstrap,,,] [paascloud-provider-uac,,,,] 12788 --- [           main] c.p.core.interceptor.SqlLogInterceptor   : [鎵撳嵃SQL鎷︽埅鍣ㄥ垱寤篯noticeTime=5.0绉�
2019-02-27 22:52:58.534  INFO [bootstrap,,,] [paascloud-provider-uac,,,,] 12788 --- [           main] s.c.a.AnnotationConfigApplicationContext : Refreshing org.springframework.context.annotation.AnnotationConfigApplicationContext@7d93aa1c: startup date [Wed Feb 27 22:52:58 CST 2019]; parent: org.springframework.web.context.support.GenericWebApplicationContext@7ef90f10
2019-02-27 22:52:58.542  INFO [bootstrap,,,] [paascloud-provider-uac,,,,] 12788 --- [           main] f.a.AutowiredAnnotationBeanPostProcessor : JSR-330 'javax.inject.Inject' annotation found and supported for autowiring
2019-02-27 22:52:58.887  INFO [bootstrap,,,] [paascloud-provider-uac,,,,] 12788 --- [           main] o.s.b.t.m.w.SpringBootMockServletContext : jolokia: No access restrictor found, access to any MBean is allowed
2019-02-27 22:52:59.425  INFO [bootstrap,,,] [paascloud-provider-uac,,,,] 12788 --- [           main] o.s.w.s.v.f.FreeMarkerConfigurer         : ClassTemplateLoader for Spring macros added to FreeMarker configuration
2019-02-27 22:52:59.757  INFO [bootstrap,,,] [paascloud-provider-uac,,,,] 12788 --- [           main] s.c.a.AnnotationConfigApplicationContext : Refreshing org.springframework.context.annotation.AnnotationConfigApplicationContext@3f9f7994: startup date [Wed Feb 27 22:52:59 CST 2019]; parent: org.springframework.web.context.support.GenericWebApplicationContext@7ef90f10
2019-02-27 22:52:59.768  INFO [bootstrap,,,] [paascloud-provider-uac,,,,] 12788 --- [           main] f.a.AutowiredAnnotationBeanPostProcessor : JSR-330 'javax.inject.Inject' annotation found and supported for autowiring
2019-02-27 22:52:59.978  WARN [bootstrap,,,] [paascloud-provider-uac,,,,] 12788 --- [           main] o.s.s.o.p.t.s.JwtAccessTokenConverter    : Unable to create an RSA verifier from verifierKey (ignoreable if using MAC)
2019-02-27 22:53:00.230  INFO [bootstrap,,,] [paascloud-provider-uac,,,,] 12788 --- [           main] s.c.a.AnnotationConfigApplicationContext : Refreshing org.springframework.context.annotation.AnnotationConfigApplicationContext@7a0cfdfc: startup date [Wed Feb 27 22:53:00 CST 2019]; parent: org.springframework.web.context.support.GenericWebApplicationContext@7ef90f10
2019-02-27 22:53:00.241  INFO [bootstrap,,,] [paascloud-provider-uac,,,,] 12788 --- [           main] f.a.AutowiredAnnotationBeanPostProcessor : JSR-330 'javax.inject.Inject' annotation found and supported for autowiring
2019-02-27 22:53:00.492  INFO [bootstrap,,,] [paascloud-provider-uac,,,,] 12788 --- [           main] s.c.a.AnnotationConfigApplicationContext : Refreshing org.springframework.context.annotation.AnnotationConfigApplicationContext@1bbdfae5: startup date [Wed Feb 27 22:53:00 CST 2019]; parent: org.springframework.web.context.support.GenericWebApplicationContext@7ef90f10
2019-02-27 22:53:00.502  INFO [bootstrap,,,] [paascloud-provider-uac,,,,] 12788 --- [           main] f.a.AutowiredAnnotationBeanPostProcessor : JSR-330 'javax.inject.Inject' annotation found and supported for autowiring
2019-02-27 22:53:01.233  INFO [bootstrap,,,] [paascloud-provider-uac,,,,] 12788 --- [           main] s.w.s.m.m.a.RequestMappingHandlerMapping : Mapped "{[/auth/activeUser/{activeUserToken}],methods=[GET]}" onto public com.paascloud.wrapper.Wrapper com.paascloud.provider.web.admin.AuthRestController.activeUser(java.lang.String)
2019-02-27 22:53:01.234  INFO [bootstrap,,,] [paascloud-provider-uac,,,,] 12788 --- [           main] s.w.s.m.m.a.RequestMappingHandlerMapping : Mapped "{[/auth/submitResetPwdPhone],methods=[POST]}" onto public com.paascloud.wrapper.Wrapper<java.lang.String> com.paascloud.provider.web.admin.AuthRestController.submitResetPwdPhone(java.lang.String,javax.servlet.http.HttpServletResponse)
2019-02-27 22:53:01.234  INFO [bootstrap,,,] [paascloud-provider-uac,,,,] 12788 --- [           main] s.w.s.m.m.a.RequestMappingHandlerMapping : Mapped "{[/auth/submitResetPwdEmail],methods=[POST]}" onto public com.paascloud.wrapper.Wrapper<java.lang.String> com.paascloud.provider.web.admin.AuthRestController.submitResetPwdEmail(java.lang.String)
2019-02-27 22:53:01.234  INFO [bootstrap,,,] [paascloud-provider-uac,,,,] 12788 --- [           main] s.w.s.m.m.a.RequestMappingHandlerMapping : Mapped "{[/auth/resetLoginPwd],methods=[POST]}" onto public com.paascloud.wrapper.Wrapper<java.lang.Boolean> com.paascloud.provider.web.admin.AuthRestController.checkResetSmsCode(com.paascloud.provider.model.dto.user.ResetLoginPwdDto)
2019-02-27 22:53:01.234  INFO [bootstrap,,,] [paascloud-provider-uac,,,,] 12788 --- [           main] s.w.s.m.m.a.RequestMappingHandlerMapping : Mapped "{[/auth/saveLog],methods=[POST]}" onto public java.lang.Integer com.paascloud.provider.web.admin.AuthRestController.saveLog(com.paascloud.core.annotation.OperationLogDto)
2019-02-27 22:53:01.235  INFO [bootstrap,,,] [paascloud-provider-uac,,,,] 12788 --- [           main] s.w.s.m.m.a.RequestMappingHandlerMapping : Mapped "{[/auth/callback/qq],methods=[POST]}" onto public void com.paascloud.provider.web.admin.AuthRestController.callbackQQ(javax.servlet.http.HttpServletRequest)
2019-02-27 22:53:01.235  INFO [bootstrap,,,] [paascloud-provider-uac,,,,] 12788 --- [           main] s.w.s.m.m.a.RequestMappingHandlerMapping : Mapped "{[/auth/register],methods=[POST]}" onto public com.paascloud.wrapper.Wrapper com.paascloud.provider.web.admin.AuthRestController.registerUser(com.paascloud.provider.model.dto.user.UserRegisterDto)
2019-02-27 22:53:01.235  INFO [bootstrap,,,] [paascloud-provider-uac,,,,] 12788 --- [           main] s.w.s.m.m.a.RequestMappingHandlerMapping : Mapped "{[/auth/checkPhoneActive/{mobileNo}],methods=[POST]}" onto public com.paascloud.wrapper.Wrapper<java.lang.Boolean> com.paascloud.provider.web.admin.AuthRestController.checkPhoneActive(java.lang.String)
2019-02-27 22:53:01.235  INFO [bootstrap,,,] [paascloud-provider-uac,,,,] 12788 --- [           main] s.w.s.m.m.a.RequestMappingHandlerMapping : Mapped "{[/auth/checkValid],methods=[POST]}" onto public com.paascloud.wrapper.Wrapper com.paascloud.provider.web.admin.AuthRestController.checkValid(com.paascloud.base.dto.CheckValidDto)
2019-02-27 22:53:01.236  INFO [bootstrap,,,] [paascloud-provider-uac,,,,] 12788 --- [           main] s.w.s.m.m.a.RequestMappingHandlerMapping : Mapped "{[/auth/checkEmailActive/{email:.+}],methods=[POST]}" onto public com.paascloud.wrapper.Wrapper<java.lang.Boolean> com.paascloud.provider.web.admin.AuthRestController.checkEmailActive(java.lang.String)
2019-02-27 22:53:01.237  INFO [bootstrap,,,] [paascloud-provider-uac,,,,] 12788 --- [           main] s.w.s.m.m.a.RequestMappingHandlerMapping : Mapped "{[/action/checkActionCode],methods=[POST],produces=[application/json;charset=UTF-8]}" onto public com.paascloud.wrapper.Wrapper<java.lang.Boolean> com.paascloud.provider.web.admin.UacActionCommonController.checkActionCode(com.paascloud.provider.model.dto.action.UacActionCheckCodeDto)
2019-02-27 22:53:01.237  INFO [bootstrap,,,] [paascloud-provider-uac,,,,] 12788 --- [           main] s.w.s.m.m.a.RequestMappingHandlerMapping : Mapped "{[/action/checkUrl],methods=[POST],produces=[application/json;charset=UTF-8]}" onto public com.paascloud.wrapper.Wrapper<java.lang.Boolean> com.paascloud.provider.web.admin.UacActionCommonController.checkActionUrl(com.paascloud.provider.model.dto.action.UacActionCheckUrlDto)
2019-02-27 22:53:01.238  INFO [bootstrap,,,] [paascloud-provider-uac,,,,] 12788 --- [           main] s.w.s.m.m.a.RequestMappingHandlerMapping : Mapped "{[/action/save],methods=[POST],produces=[application/json;charset=UTF-8]}" onto public com.paascloud.wrapper.Wrapper com.paascloud.provider.web.admin.UacActionMainController.save(com.paascloud.provider.model.domain.UacAction)
2019-02-27 22:53:01.239  INFO [bootstrap,,,] [paascloud-provider-uac,,,,] 12788 --- [           main] s.w.s.m.m.a.RequestMappingHandlerMapping : Mapped "{[/action/batchDeleteByIdList],methods=[POST],produces=[application/json;charset=UTF-8]}" onto public com.paascloud.wrapper.Wrapper com.paascloud.provider.web.admin.UacActionMainController.batchDeleteByIdList(java.util.List<java.lang.Long>)
2019-02-27 22:53:01.240  INFO [bootstrap,,,] [paascloud-provider-uac,,,,] 12788 --- [           main] s.w.s.m.m.a.RequestMappingHandlerMapping : Mapped "{[/action/modifyStatus],methods=[POST],produces=[application/json;charset=UTF-8]}" onto public com.paascloud.wrapper.Wrapper com.paascloud.provider.web.admin.UacActionMainController.modifyActionStatus(com.paascloud.provider.model.dto.base.ModifyStatusDto)
2019-02-27 22:53:01.240  INFO [bootstrap,,,] [paascloud-provider-uac,,,,] 12788 --- [           main] s.w.s.m.m.a.RequestMappingHandlerMapping : Mapped "{[/action/queryListWithPage],methods=[POST],produces=[application/json;charset=UTF-8]}" onto public com.paascloud.wrapper.Wrapper com.paascloud.provider.web.admin.UacActionMainController.queryUacActionListWithPage(com.paascloud.provider.model.dto.action.ActionMainQueryDto)
2019-02-27 22:53:01.241  INFO [bootstrap,,,] [paascloud-provider-uac,,,,] 12788 --- [           main] s.w.s.m.m.a.RequestMappingHandlerMapping : Mapped "{[/action/deleteActionById/{id}],methods=[POST],produces=[application/json;charset=UTF-8]}" onto public com.paascloud.wrapper.Wrapper com.paascloud.provider.web.admin.UacActionMainController.deleteUacActionById(java.lang.Long)
2019-02-27 22:53:01.241  INFO [bootstrap,,,] [paascloud-provider-uac,,,,] 12788 --- [           main] s.w.s.m.m.a.RequestMappingHandlerMapping : Mapped "{[/role/bindMenu],methods=[POST],produces=[application/json;charset=UTF-8]}" onto public com.paascloud.wrapper.Wrapper com.paascloud.provider.web.admin.UacGrantAuth4RoleController.bindMenu(com.paascloud.provider.model.dto.role.RoleBindMenuDto)
2019-02-27 22:53:01.241  INFO [bootstrap,,,] [paascloud-provider-uac,,,,] 12788 --- [           main] s.w.s.m.m.a.RequestMappingHandlerMapping : Mapped "{[/role/bindAction],methods=[POST],produces=[application/json;charset=UTF-8]}" onto public com.paascloud.wrapper.Wrapper com.paascloud.provider.web.admin.UacGrantAuth4RoleController.bindAction(com.paascloud.provider.model.dto.role.RoleBindActionDto)
2019-02-27 22:53:01.242  INFO [bootstrap,,,] [paascloud-provider-uac,,,,] 12788 --- [           main] s.w.s.m.m.a.RequestMappingHandlerMapping : Mapped "{[/group/bindUser],methods=[POST],produces=[application/json;charset=UTF-8]}" onto public com.paascloud.wrapper.Wrapper com.paascloud.provider.web.admin.UacGroupBindUserController.bindUser4Role(com.paascloud.provider.model.dto.group.GroupBindUserReqDto)
2019-02-27 22:53:01.242  INFO [bootstrap,,,] [paascloud-provider-uac,,,,] 12788 --- [           main] s.w.s.m.m.a.RequestMappingHandlerMapping : Mapped "{[/group/getBindUser/{groupId}],methods=[POST],produces=[application/json;charset=UTF-8]}" onto public com.paascloud.wrapper.Wrapper<com.paascloud.provider.model.dto.group.GroupBindUserDto> com.paascloud.provider.web.admin.UacGroupBindUserController.getGroupBindUserPageInfo(java.lang.Long)
2019-02-27 22:53:01.244  INFO [bootstrap,,,] [paascloud-provider-uac,,,,] 12788 --- [           main] s.w.s.m.m.a.RequestMappingHandlerMapping : Mapped "{[/group/checkGroupName],methods=[POST],produces=[application/json;charset=UTF-8]}" onto public com.paascloud.wrapper.Wrapper<java.lang.Boolean> com.paascloud.provider.web.admin.UacGroupCommonController.checkGroupName(com.paascloud.provider.model.dto.group.CheckGroupNameDto)
2019-02-27 22:53:01.244  INFO [bootstrap,,,] [paascloud-provider-uac,,,,] 12788 --- [           main] s.w.s.m.m.a.RequestMappingHandlerMapping : Mapped "{[/group/checkGroupCode],methods=[POST],produces=[application/json;charset=UTF-8]}" onto public com.paascloud.wrapper.Wrapper<java.lang.Boolean> com.paascloud.provider.web.admin.UacGroupCommonController.checkGroupCode(com.paascloud.provider.model.dto.group.CheckGroupCodeDto)
2019-02-27 22:53:01.245  INFO [bootstrap,,,] [paascloud-provider-uac,,,,] 12788 --- [           main] s.w.s.m.m.a.RequestMappingHandlerMapping : Mapped "{[/group/queryGroupType],methods=[POST],produces=[application/json;charset=UTF-8]}" onto public com.paascloud.wrapper.Wrapper<java.util.List<java.util.Map<java.lang.String, java.lang.String>>> com.paascloud.provider.web.admin.UacGroupCommonController.queryGroupType()
2019-02-27 22:53:01.245  INFO [bootstrap,,,] [paascloud-provider-uac,,,,] 12788 --- [           main] s.w.s.m.m.a.RequestMappingHandlerMapping : Mapped "{[/group/getGroupTree],methods=[POST],produces=[application/json;charset=UTF-8]}" onto public com.paascloud.wrapper.Wrapper<java.util.List<com.paascloud.provider.model.vo.GroupZtreeVo>> com.paascloud.provider.web.admin.UacGroupCommonController.getGroupTreeById()
2019-02-27 22:53:01.246  INFO [bootstrap,,,] [paascloud-provider-uac,,,,] 12788 --- [           main] s.w.s.m.m.a.RequestMappingHandlerMapping : Mapped "{[/group/getGroupTree/{groupId}],methods=[POST],produces=[application/json;charset=UTF-8]}" onto public com.paascloud.wrapper.Wrapper<java.util.List<com.paascloud.provider.model.vo.GroupZtreeVo>> com.paascloud.provider.web.admin.UacGroupCommonController.getGroupTreeById(java.lang.Long)
2019-02-27 22:53:01.247  INFO [bootstrap,,,] [paascloud-provider-uac,,,,] 12788 --- [           main] s.w.s.m.m.a.RequestMappingHandlerMapping : Mapped "{[/group/getTree],methods=[POST],produces=[application/json;charset=UTF-8]}" onto public com.paascloud.wrapper.Wrapper<java.util.List<com.paascloud.provider.model.vo.MenuVo>> com.paascloud.provider.web.admin.UacGroupMainController.getTree()
2019-02-27 22:53:01.249  INFO [bootstrap,,,] [paascloud-provider-uac,,,,] 12788 --- [           main] s.w.s.m.m.a.RequestMappingHandlerMapping : Mapped "{[/group/queryById/{id}],methods=[POST],produces=[application/json;charset=UTF-8]}" onto public com.paascloud.wrapper.Wrapper<com.paascloud.provider.model.domain.UacGroup> com.paascloud.provider.web.admin.UacGroupMainController.getEditGroupPageInfo(java.lang.Long)
2019-02-27 22:53:01.250  INFO [bootstrap,,,] [paascloud-provider-uac,,,,] 12788 --- [           main] s.w.s.m.m.a.RequestMappingHandlerMapping : Mapped "{[/group/modifyStatus],methods=[POST],produces=[application/json;charset=UTF-8]}" onto public com.paascloud.wrapper.Wrapper com.paascloud.provider.web.admin.UacGroupMainController.modifyGroupStatus(com.paascloud.provider.model.dto.user.IdStatusDto)
2019-02-27 22:53:01.250  INFO [bootstrap,,,] [paascloud-provider-uac,,,,] 12788 --- [           main] s.w.s.m.m.a.RequestMappingHandlerMapping : Mapped "{[/group/save],methods=[POST],produces=[application/json;charset=UTF-8]}" onto public com.paascloud.wrapper.Wrapper com.paascloud.provider.web.admin.UacGroupMainController.editGroup(com.paascloud.provider.model.domain.UacGroup)
2019-02-27 22:53:01.251  INFO [bootstrap,,,] [paascloud-provider-uac,,,,] 12788 --- [           main] s.w.s.m.m.a.RequestMappingHandlerMapping : Mapped "{[/group/deleteById/{id}],methods=[POST],produces=[application/json;charset=UTF-8]}" onto public com.paascloud.wrapper.Wrapper com.paascloud.provider.web.admin.UacGroupMainController.deleteGroupById(java.lang.Long)
2019-02-27 22:53:01.251  INFO [bootstrap,,,] [paascloud-provider-uac,,,,] 12788 --- [           main] s.w.s.m.m.a.RequestMappingHandlerMapping : Mapped "{[/log/queryListWithPage],methods=[POST],produces=[application/json;charset=UTF-8]}" onto public com.paascloud.wrapper.Wrapper com.paascloud.provider.web.admin.UacLogMainController.queryLogListWithPage(com.paascloud.provider.model.dto.log.UacLogMainDto)
2019-02-27 22:53:01.253  INFO [bootstrap,,,] [paascloud-provider-uac,,,,] 12788 --- [           main] s.w.s.m.m.a.RequestMappingHandlerMapping : Mapped "{[/menu/checkMenuCode],methods=[POST],produces=[application/json;charset=UTF-8]}" onto public com.paascloud.wrapper.Wrapper<java.lang.Boolean> com.paascloud.provider.web.admin.UacMenuCommonController.checkUacMenuActionCode(com.paascloud.provider.model.dto.menu.UacMenuCheckCodeDto)
2019-02-27 22:53:01.253  INFO [bootstrap,,,] [paascloud-provider-uac,,,,] 12788 --- [           main] s.w.s.m.m.a.RequestMappingHandlerMapping : Mapped "{[/menu/checkMenuUrl],methods=[POST],produces=[application/json;charset=UTF-8]}" onto public com.paascloud.wrapper.Wrapper<java.lang.Boolean> com.paascloud.provider.web.admin.UacMenuCommonController.checkUacMenuUrl(com.paascloud.provider.model.dto.menu.UacMenuCheckUrlDto)
2019-02-27 22:53:01.254  INFO [bootstrap,,,] [paascloud-provider-uac,,,,] 12788 --- [           main] s.w.s.m.m.a.RequestMappingHandlerMapping : Mapped "{[/menu/checkMenuName],methods=[POST],produces=[application/json;charset=UTF-8]}" onto public com.paascloud.wrapper.Wrapper<java.lang.Boolean> com.paascloud.provider.web.admin.UacMenuCommonController.checkUacMenuName(com.paascloud.provider.model.dto.menu.UacMenuCheckNameDto)
2019-02-27 22:53:01.255  INFO [bootstrap,,,] [paascloud-provider-uac,,,,] 12788 --- [           main] s.w.s.m.m.a.RequestMappingHandlerMapping : Mapped "{[/menu/deleteById/{id}],methods=[POST],produces=[application/json;charset=UTF-8]}" onto public com.paascloud.wrapper.Wrapper<java.lang.Integer> com.paascloud.provider.web.admin.UacMenuMainController.deleteUacMenuById(java.lang.Long)
2019-02-27 22:53:01.255  INFO [bootstrap,,,] [paascloud-provider-uac,,,,] 12788 --- [           main] s.w.s.m.m.a.RequestMappingHandlerMapping : Mapped "{[/menu/modifyStatus],methods=[POST],produces=[application/json;charset=UTF-8]}" onto public com.paascloud.wrapper.Wrapper com.paascloud.provider.web.admin.UacMenuMainController.updateUacMenuStatusById(com.paascloud.provider.model.dto.menu.UacMenuStatusDto)
2019-02-27 22:53:01.255  INFO [bootstrap,,,] [paascloud-provider-uac,,,,] 12788 --- [           main] s.w.s.m.m.a.RequestMappingHandlerMapping : Mapped "{[/menu/getTree],methods=[POST],produces=[application/json;charset=UTF-8]}" onto public com.paascloud.wrapper.Wrapper<java.util.List<com.paascloud.provider.model.vo.MenuVo>> com.paascloud.provider.web.admin.UacMenuMainController.queryMenuTreeList()
2019-02-27 22:53:01.256  INFO [bootstrap,,,] [paascloud-provider-uac,,,,] 12788 --- [           main] s.w.s.m.m.a.RequestMappingHandlerMapping : Mapped "{[/menu/queryById/{id}],methods=[POST],produces=[application/json;charset=UTF-8]}" onto public com.paascloud.wrapper.Wrapper<com.paascloud.provider.model.vo.ViewMenuVo> com.paascloud.provider.web.admin.UacMenuMainController.queryMenuVoById(java.lang.Long)
2019-02-27 22:53:01.256  INFO [bootstrap,,,] [paascloud-provider-uac,,,,] 12788 --- [           main] s.w.s.m.m.a.RequestMappingHandlerMapping : Mapped "{[/menu/save],methods=[POST],produces=[application/json;charset=UTF-8]}" onto public com.paascloud.wrapper.Wrapper com.paascloud.provider.web.admin.UacMenuMainController.saveMenu(com.paascloud.provider.model.dto.menu.UacEditMenuDto)
2019-02-27 22:53:01.256  INFO [bootstrap,,,] [paascloud-provider-uac,,,,] 12788 --- [           main] s.w.s.m.m.a.RequestMappingHandlerMapping : Mapped "{[/role/bindUser],methods=[POST],produces=[application/json;charset=UTF-8]}" onto public com.paascloud.wrapper.Wrapper com.paascloud.provider.web.admin.UacRoleBindUserController.bindUser(com.paascloud.provider.model.dto.role.RoleBindUserReqDto)
2019-02-27 22:53:01.256  INFO [bootstrap,,,] [paascloud-provider-uac,,,,] 12788 --- [           main] s.w.s.m.m.a.RequestMappingHandlerMapping : Mapped "{[/role/getBindUser/{roleId}],methods=[POST],produces=[application/json;charset=UTF-8]}" onto public com.paascloud.wrapper.Wrapper<com.paascloud.provider.model.dto.role.RoleBindUserDto> com.paascloud.provider.web.admin.UacRoleBindUserController.getBindUser(java.lang.Long)
2019-02-27 22:53:01.257  INFO [bootstrap,,,] [paascloud-provider-uac,,,,] 12788 --- [           main] s.w.s.m.m.a.RequestMappingHandlerMapping : Mapped "{[/role/getMenuTreeByRoleId/{roleId}],methods=[POST],produces=[application/json;charset=UTF-8]}" onto public com.paascloud.wrapper.Wrapper<com.paascloud.provider.model.vo.BindAuthVo> com.paascloud.provider.web.admin.UacRoleCommonController.getMenuTreeByRoleId(java.lang.Long)
2019-02-27 22:53:01.257  INFO [bootstrap,,,] [paascloud-provider-uac,,,,] 12788 --- [           main] s.w.s.m.m.a.RequestMappingHandlerMapping : Mapped "{[/role/getActionTreeByRoleId/{roleId}],methods=[POST],produces=[application/json;charset=UTF-8]}" onto public com.paascloud.wrapper.Wrapper<com.paascloud.provider.model.vo.BindAuthVo> com.paascloud.provider.web.admin.UacRoleCommonController.getActionTreeByRoleId(java.lang.Long)
2019-02-27 22:53:01.257  INFO [bootstrap,,,] [paascloud-provider-uac,,,,] 12788 --- [           main] s.w.s.m.m.a.RequestMappingHandlerMapping : Mapped "{[/role/queryRoleInfoById/{id}],methods=[POST],produces=[application/json;charset=UTF-8]}" onto public com.paascloud.wrapper.Wrapper<com.paascloud.provider.model.domain.UacRole> com.paascloud.provider.web.admin.UacRoleCommonController.queryRoleInfo(java.lang.Long)
2019-02-27 22:53:01.258  INFO [bootstrap,,,] [paascloud-provider-uac,,,,] 12788 --- [           main] s.w.s.m.m.a.RequestMappingHandlerMapping : Mapped "{[/role/checkRoleCode],methods=[POST],produces=[application/json;charset=UTF-8]}" onto public com.paascloud.wrapper.Wrapper<java.lang.Boolean> com.paascloud.provider.web.admin.UacRoleCommonController.checkUacRoleCode(com.paascloud.provider.model.dto.role.CheckRoleCodeDto)
2019-02-27 22:53:01.258  INFO [bootstrap,,,] [paascloud-provider-uac,,,,] 12788 --- [           main] s.w.s.m.m.a.RequestMappingHandlerMapping : Mapped "{[/role/save],methods=[POST],produces=[application/json;charset=UTF-8]}" onto public com.paascloud.wrapper.Wrapper com.paascloud.provider.web.admin.UacRoleMainController.save(com.paascloud.provider.model.domain.UacRole)
2019-02-27 22:53:01.258  INFO [bootstrap,,,] [paascloud-provider-uac,,,,] 12788 --- [           main] s.w.s.m.m.a.RequestMappingHandlerMapping : Mapped "{[/role/batchDeleteByIdList],methods=[POST],produces=[application/json;charset=UTF-8]}" onto public com.paascloud.wrapper.Wrapper com.paascloud.provider.web.admin.UacRoleMainController.batchDeleteByIdList(java.util.List<java.lang.Long>)
2019-02-27 22:53:01.259  INFO [bootstrap,,,] [paascloud-provider-uac,,,,] 12788 --- [           main] s.w.s.m.m.a.RequestMappingHandlerMapping : Mapped "{[/role/deleteRoleById/{id}],methods=[POST],produces=[application/json;charset=UTF-8]}" onto public com.paascloud.wrapper.Wrapper com.paascloud.provider.web.admin.UacRoleMainController.deleteUacRoleById(java.lang.Long)
2019-02-27 22:53:01.259  INFO [bootstrap,,,] [paascloud-provider-uac,,,,] 12788 --- [           main] s.w.s.m.m.a.RequestMappingHandlerMapping : Mapped "{[/role/modifyRoleStatusById],methods=[POST],produces=[application/json;charset=UTF-8]}" onto public com.paascloud.wrapper.Wrapper com.paascloud.provider.web.admin.UacRoleMainController.modifyUacRoleStatusById(com.paascloud.provider.model.dto.base.ModifyStatusDto)
2019-02-27 22:53:01.259  INFO [bootstrap,,,] [paascloud-provider-uac,,,,] 12788 --- [           main] s.w.s.m.m.a.RequestMappingHandlerMapping : Mapped "{[/role/queryRoleListWithPage],methods=[POST],produces=[application/json;charset=UTF-8]}" onto public com.paascloud.wrapper.Wrapper<com.github.pagehelper.PageInfo<com.paascloud.provider.model.vo.RoleVo>> com.paascloud.provider.web.admin.UacRoleMainController.queryUacRoleListWithPage(com.paascloud.provider.model.domain.UacRole)
2019-02-27 22:53:01.259  INFO [bootstrap,,,] [paascloud-provider-uac,,,,] 12788 --- [           main] s.w.s.m.m.a.RequestMappingHandlerMapping : Mapped "{[/token/queryListWithPage],methods=[POST],produces=[application/json;charset=UTF-8]}" onto public com.paascloud.wrapper.Wrapper com.paascloud.provider.web.admin.UacTokenMainController.queryUacActionListWithPage(com.paascloud.provider.model.dto.token.TokenMainQueryDto)
2019-02-27 22:53:01.260  INFO [bootstrap,,,] [paascloud-provider-uac,,,,] 12788 --- [           main] s.w.s.m.m.a.RequestMappingHandlerMapping : Mapped "{[/user/modifyUserEmail/{email}/{emailCode}],methods=[POST],produces=[application/json;charset=UTF-8]}" onto public com.paascloud.wrapper.Wrapper<java.lang.Integer> com.paascloud.provider.web.admin.UacUserCommonController.modifyUserEmail(java.lang.String,java.lang.String)
2019-02-27 22:53:01.261  INFO [bootstrap,,,] [paascloud-provider-uac,,,,] 12788 --- [           main] s.w.s.m.m.a.RequestMappingHandlerMapping : Mapped "{[/user/checkEmail],methods=[POST],produces=[application/json;charset=UTF-8]}" onto public com.paascloud.wrapper.Wrapper<java.lang.Boolean> com.paascloud.provider.web.admin.UacUserCommonController.checkEmail(com.paascloud.provider.model.dto.user.CheckEmailDto)
2019-02-27 22:53:01.261  INFO [bootstrap,,,] [paascloud-provider-uac,,,,] 12788 --- [           main] s.w.s.m.m.a.RequestMappingHandlerMapping : Mapped "{[/user/getOwnAuthTree],methods=[POST],produces=[application/json;charset=UTF-8]}" onto public com.paascloud.wrapper.Wrapper<java.util.List<com.paascloud.provider.model.vo.MenuVo>> com.paascloud.provider.web.admin.UacUserCommonController.getOwnAuthTree()
2019-02-27 22:53:01.261  INFO [bootstrap,,,] [paascloud-provider-uac,,,,] 12788 --- [           main] s.w.s.m.m.a.RequestMappingHandlerMapping : Mapped "{[/user/checkLoginName],methods=[POST],produces=[application/json;charset=UTF-8]}" onto public com.paascloud.wrapper.Wrapper<java.lang.Boolean> com.paascloud.provider.web.admin.UacUserCommonController.checkLoginName(com.paascloud.provider.model.dto.user.CheckLoginNameDto)
2019-02-27 22:53:01.261  INFO [bootstrap,,,] [paascloud-provider-uac,,,,] 12788 --- [           main] s.w.s.m.m.a.RequestMappingHandlerMapping : Mapped "{[/user/checkNewPassword],methods=[POST],produces=[application/json;charset=UTF-8]}" onto public com.paascloud.wrapper.Wrapper<java.lang.Boolean> com.paascloud.provider.web.admin.UacUserCommonController.checkNewPassword(com.paascloud.provider.model.dto.user.CheckNewPasswordDto)
2019-02-27 22:53:01.262  INFO [bootstrap,,,] [paascloud-provider-uac,,,,] 12788 --- [           main] s.w.s.m.m.a.RequestMappingHandlerMapping : Mapped "{[/user/checkUserPhone],methods=[POST],produces=[application/json;charset=UTF-8]}" onto public com.paascloud.wrapper.Wrapper<java.lang.Boolean> com.paascloud.provider.web.admin.UacUserCommonController.checkUserPhone(com.paascloud.provider.model.dto.user.CheckUserPhoneDto)
2019-02-27 22:53:01.262  INFO [bootstrap,,,] [paascloud-provider-uac,,,,] 12788 --- [           main] s.w.s.m.m.a.RequestMappingHandlerMapping : Mapped "{[/user/checkUserName],methods=[POST],produces=[application/json;charset=UTF-8]}" onto public com.paascloud.wrapper.Wrapper<java.lang.Boolean> com.paascloud.provider.web.admin.UacUserCommonController.checkUserName(com.paascloud.provider.model.dto.user.CheckUserNameDto)
2019-02-27 22:53:01.262  INFO [bootstrap,,,] [paascloud-provider-uac,,,,] 12788 --- [           main] s.w.s.m.m.a.RequestMappingHandlerMapping : Mapped "{[/user/queryUserInfo/{loginName}],methods=[POST],produces=[application/json;charset=UTF-8]}" onto public com.paascloud.wrapper.Wrapper<com.paascloud.provider.model.vo.UserVo> com.paascloud.provider.web.admin.UacUserCommonController.queryUserInfo(java.lang.String)
2019-02-27 22:53:01.262  INFO [bootstrap,,,] [paascloud-provider-uac,,,,] 12788 --- [           main] s.w.s.m.m.a.RequestMappingHandlerMapping : Mapped "{[/user/loginAfter/{applicationId}],methods=[POST],produces=[application/json;charset=UTF-8]}" onto public com.paascloud.wrapper.Wrapper<com.paascloud.provider.model.dto.user.LoginRespDto> com.paascloud.provider.web.admin.UacUserLoginController.loginAfter(java.lang.Long)
2019-02-27 22:53:01.263  INFO [bootstrap,,,] [paascloud-provider-uac,,,,] 12788 --- [           main] s.w.s.m.m.a.RequestMappingHandlerMapping : Mapped "{[/user/logout],methods=[POST],produces=[application/json;charset=UTF-8]}" onto public com.paascloud.wrapper.Wrapper com.paascloud.provider.web.admin.UacUserLoginController.loginAfter(java.lang.String)
2019-02-27 22:53:01.263  INFO [bootstrap,,,] [paascloud-provider-uac,,,,] 12788 --- [           main] s.w.s.m.m.a.RequestMappingHandlerMapping : Mapped "{[/auth/user/refreshToken],methods=[GET],produces=[application/json;charset=UTF-8]}" onto public com.paascloud.wrapper.Wrapper<java.lang.String> com.paascloud.provider.web.admin.UacUserLoginController.refreshToken(javax.servlet.http.HttpServletRequest,java.lang.String,java.lang.String)
2019-02-27 22:53:01.264  INFO [bootstrap,,,] [paascloud-provider-uac,,,,] 12788 --- [           main] s.w.s.m.m.a.RequestMappingHandlerMapping : Mapped "{[/user/queryListWithPage],methods=[POST],produces=[application/json;charset=UTF-8]}" onto public com.paascloud.wrapper.Wrapper<com.github.pagehelper.PageInfo> com.paascloud.provider.web.admin.UacUserMainController.queryUserListWithPage(com.paascloud.provider.model.domain.UacUser)
2019-02-27 22:53:01.264  INFO [bootstrap,,,] [paascloud-provider-uac,,,,] 12788 --- [           main] s.w.s.m.m.a.RequestMappingHandlerMapping : Mapped "{[/user/resetLoginPwd/{userId}],methods=[POST],produces=[application/json;charset=UTF-8]}" onto public com.paascloud.wrapper.Wrapper<com.paascloud.provider.model.domain.UacUser> com.paascloud.provider.web.admin.UacUserMainController.resetLoginPwd(java.lang.Long)
2019-02-27 22:53:01.265  INFO [bootstrap,,,] [paascloud-provider-uac,,,,] 12788 --- [           main] s.w.s.m.m.a.RequestMappingHandlerMapping : Mapped "{[/user/bindRole],methods=[POST],produces=[application/json;charset=UTF-8]}" onto public com.paascloud.wrapper.Wrapper<java.lang.Integer> com.paascloud.provider.web.admin.UacUserMainController.bindUserRoles(com.paascloud.provider.model.dto.user.BindUserRolesDto)
2019-02-27 22:53:01.265  INFO [bootstrap,,,] [paascloud-provider-uac,,,,] 12788 --- [           main] s.w.s.m.m.a.RequestMappingHandlerMapping : Mapped "{[/user/bindUserMenus],methods=[POST],produces=[application/json;charset=UTF-8]}" onto public com.paascloud.wrapper.Wrapper<java.lang.Integer> com.paascloud.provider.web.admin.UacUserMainController.bindUserMenus(com.paascloud.provider.model.dto.user.BindUserMenusDto)
2019-02-27 22:53:01.265  INFO [bootstrap,,,] [paascloud-provider-uac,,,,] 12788 --- [           main] s.w.s.m.m.a.RequestMappingHandlerMapping : Mapped "{[/user/deleteUserById/{userId}],methods=[POST],produces=[application/json;charset=UTF-8]}" onto public com.paascloud.wrapper.Wrapper<java.lang.Integer> com.paascloud.provider.web.admin.UacUserMainController.deleteUserById(java.lang.Long)
2019-02-27 22:53:01.265  INFO [bootstrap,,,] [paascloud-provider-uac,,,,] 12788 --- [           main] s.w.s.m.m.a.RequestMappingHandlerMapping : Mapped "{[/user/modifyUserStatusById],methods=[POST],produces=[application/json;charset=UTF-8]}" onto public com.paascloud.wrapper.Wrapper<java.lang.Integer> com.paascloud.provider.web.admin.UacUserMainController.modifyUserStatusById(com.paascloud.provider.model.dto.user.ModifyUserStatusDto)
2019-02-27 22:53:01.265  INFO [bootstrap,,,] [paascloud-provider-uac,,,,] 12788 --- [           main] s.w.s.m.m.a.RequestMappingHandlerMapping : Mapped "{[/user/queryUserMenuDtoData],methods=[POST],produces=[application/json;charset=UTF-8]}" onto public com.paascloud.wrapper.Wrapper<java.util.List<com.paascloud.provider.model.dto.menu.UserMenuDto>> com.paascloud.provider.web.admin.UacUserMainController.queryUserMenuDtoData()
2019-02-27 22:53:01.265  INFO [bootstrap,,,] [paascloud-provider-uac,,,,] 12788 --- [           main] s.w.s.m.m.a.RequestMappingHandlerMapping : Mapped "{[/user/user],methods=[GET],produces=[application/json;charset=UTF-8]}" onto public com.paascloud.security.core.SecurityUser com.paascloud.provider.web.admin.UacUserMainController.user()
2019-02-27 22:53:01.266  INFO [bootstrap,,,] [paascloud-provider-uac,,,,] 12788 --- [           main] s.w.s.m.m.a.RequestMappingHandlerMapping : Mapped "{[/user/queryUserLogListWithPage],methods=[POST],produces=[application/json;charset=UTF-8]}" onto public com.paascloud.wrapper.Wrapper<com.github.pagehelper.PageInfo<com.paascloud.provider.model.domain.UacLog>> com.paascloud.provider.web.admin.UacUserMainController.queryUserLogListWithPage(com.paascloud.provider.model.domain.UacLog)
2019-02-27 22:53:01.266  INFO [bootstrap,,,] [paascloud-provider-uac,,,,] 12788 --- [           main] s.w.s.m.m.a.RequestMappingHandlerMapping : Mapped "{[/user/getUacUserById/{userId}],methods=[POST],produces=[application/json;charset=UTF-8]}" onto public com.paascloud.wrapper.Wrapper<com.paascloud.provider.model.domain.UacUser> com.paascloud.provider.web.admin.UacUserMainController.getUacUserById(java.lang.Long)
2019-02-27 22:53:01.266  INFO [bootstrap,,,] [paascloud-provider-uac,,,,] 12788 --- [           main] s.w.s.m.m.a.RequestMappingHandlerMapping : Mapped "{[/user/save],methods=[POST],produces=[application/json;charset=UTF-8]}" onto public com.paascloud.wrapper.Wrapper<java.lang.Integer> com.paascloud.provider.web.admin.UacUserMainController.addUacUser(com.paascloud.provider.model.domain.UacUser)
2019-02-27 22:53:01.266  INFO [bootstrap,,,] [paascloud-provider-uac,,,,] 12788 --- [           main] s.w.s.m.m.a.RequestMappingHandlerMapping : Mapped "{[/user/getBindRole/{userId}],methods=[POST],produces=[application/json;charset=UTF-8]}" onto public com.paascloud.wrapper.Wrapper<com.paascloud.provider.model.vo.UserBindRoleVo> com.paascloud.provider.web.admin.UacUserMainController.getBindRole(java.lang.Long)
2019-02-27 22:53:01.267  INFO [bootstrap,,,] [paascloud-provider-uac,,,,] 12788 --- [           main] s.w.s.m.m.a.RequestMappingHandlerMapping : Mapped "{[/user/modifyUserPwd],methods=[POST],produces=[application/json;charset=UTF-8]}" onto public com.paascloud.wrapper.Wrapper<java.lang.Integer> com.paascloud.provider.web.admin.UacUserPasswordController.modifyUserPwd(com.paascloud.provider.model.dto.user.UserModifyPwdDto)
2019-02-27 22:53:01.267  INFO [bootstrap,,,] [paascloud-provider-uac,,,,] 12788 --- [           main] s.w.s.m.m.a.RequestMappingHandlerMapping : Mapped "{[/user/registerUser],methods=[POST],produces=[application/json;charset=UTF-8]}" onto public com.paascloud.wrapper.Wrapper com.paascloud.provider.web.admin.UacUserPasswordController.registerUser(com.paascloud.provider.model.dto.user.UserRegisterDto)
2019-02-27 22:53:01.267  INFO [bootstrap,,,] [paascloud-provider-uac,,,,] 12788 --- [           main] s.w.s.m.m.a.RequestMappingHandlerMapping : Mapped "{[/email/checkRestEmailCode],methods=[POST],produces=[application/json;charset=UTF-8]}" onto public com.paascloud.wrapper.Wrapper com.paascloud.provider.web.mall.EmailController.checkRestEmailCode(com.paascloud.provider.model.dto.email.SendEmailMessage)
2019-02-27 22:53:01.268  INFO [bootstrap,,,] [paascloud-provider-uac,,,,] 12788 --- [           main] s.w.s.m.m.a.RequestMappingHandlerMapping : Mapped "{[/email/sendRestEmailCode],methods=[POST],produces=[application/json;charset=UTF-8]}" onto public com.paascloud.wrapper.Wrapper<java.lang.String> com.paascloud.provider.web.mall.EmailController.sendRestEmailCode(com.paascloud.provider.model.dto.email.SendEmailMessage)
2019-02-27 22:53:01.268  INFO [bootstrap,,,] [paascloud-provider-uac,,,,] 12788 --- [           main] s.w.s.m.m.a.RequestMappingHandlerMapping : Mapped "{[/auth/category/getProductCategoryDtoByPid/{pid}],methods=[GET],produces=[application/json;charset=UTF-8]}" onto public com.paascloud.wrapper.Wrapper<java.util.List<com.paascloud.provider.model.dto.ProductCategoryDto>> com.paascloud.provider.web.mall.MallAuthRestController.getProductCategoryDtoByPid(java.lang.Long)
2019-02-27 22:53:01.269  INFO [bootstrap,,,] [paascloud-provider-uac,,,,] 12788 --- [           main] s.w.s.m.m.a.RequestMappingHandlerMapping : Mapped "{[/auth/product/queryProductDetail/{productId}],methods=[GET],produces=[application/json;charset=UTF-8]}" onto public com.paascloud.wrapper.Wrapper<com.paascloud.provider.model.vo.ProductDetailVo> com.paascloud.provider.web.mall.MallAuthRestController.queryProductDetail(java.lang.Long)
2019-02-27 22:53:01.269  INFO [bootstrap,,,] [paascloud-provider-uac,,,,] 12788 --- [           main] s.w.s.m.m.a.RequestMappingHandlerMapping : Mapped "{[/auth/product/queryProductList],methods=[POST],produces=[application/json;charset=UTF-8]}" onto public com.paascloud.wrapper.Wrapper<com.github.pagehelper.PageInfo> com.paascloud.provider.web.mall.MallAuthRestController.queryProductList(com.paascloud.provider.model.dto.ProductReqDto)
2019-02-27 22:53:01.270  INFO [bootstrap,,,] [paascloud-provider-uac,,,,] 12788 --- [           main] s.w.s.m.m.a.RequestMappingHandlerMapping : Mapped "{[/cart/selectAllProduct],methods=[POST],produces=[application/json;charset=UTF-8]}" onto public com.paascloud.wrapper.Wrapper com.paascloud.provider.web.mall.MallCartController.selectAll()
2019-02-27 22:53:01.271  INFO [bootstrap,,,] [paascloud-provider-uac,,,,] 12788 --- [           main] s.w.s.m.m.a.RequestMappingHandlerMapping : Mapped "{[/cart/selectProduct/{productId}],methods=[POST],produces=[application/json;charset=UTF-8]}" onto public com.paascloud.wrapper.Wrapper com.paascloud.provider.web.mall.MallCartController.select(java.lang.Long)
2019-02-27 22:53:01.271  INFO [bootstrap,,,] [paascloud-provider-uac,,,,] 12788 --- [           main] s.w.s.m.m.a.RequestMappingHandlerMapping : Mapped "{[/cart/deleteProduct/{productIds}],methods=[POST],produces=[application/json;charset=UTF-8]}" onto public com.paascloud.wrapper.Wrapper com.paascloud.provider.web.mall.MallCartController.deleteProduct(java.lang.String)
2019-02-27 22:53:01.271  INFO [bootstrap,,,] [paascloud-provider-uac,,,,] 12788 --- [           main] s.w.s.m.m.a.RequestMappingHandlerMapping : Mapped "{[/cart/unSelectProduct/{productId}],methods=[POST],produces=[application/json;charset=UTF-8]}" onto public com.paascloud.wrapper.Wrapper com.paascloud.provider.web.mall.MallCartController.unSelect(java.lang.Long)
2019-02-27 22:53:01.272  INFO [bootstrap,,,] [paascloud-provider-uac,,,,] 12788 --- [           main] s.w.s.m.m.a.RequestMappingHandlerMapping : Mapped "{[/cart/mergeUserCart],methods=[POST],produces=[application/json;charset=UTF-8]}" onto public com.paascloud.wrapper.Wrapper<com.paascloud.provider.model.vo.CartVo> com.paascloud.provider.web.mall.MallCartController.mergeUserCart(com.paascloud.provider.model.dto.omc.CartListQuery)
2019-02-27 22:53:01.272  INFO [bootstrap,,,] [paascloud-provider-uac,,,,] 12788 --- [           main] s.w.s.m.m.a.RequestMappingHandlerMapping : Mapped "{[/cart/unSelectAllProduct],methods=[POST],produces=[application/json;charset=UTF-8]}" onto public com.paascloud.wrapper.Wrapper com.paascloud.provider.web.mall.MallCartController.unSelectAll()
2019-02-27 22:53:01.272  INFO [bootstrap,,,] [paascloud-provider-uac,,,,] 12788 --- [           main] s.w.s.m.m.a.RequestMappingHandlerMapping : Mapped "{[/cart/addProduct/{productId}/{count}],methods=[POST],produces=[application/json;charset=UTF-8]}" onto public com.paascloud.wrapper.Wrapper com.paascloud.provider.web.mall.MallCartController.addProduct(java.lang.Long,java.lang.Integer)
2019-02-27 22:53:01.272  INFO [bootstrap,,,] [paascloud-provider-uac,,,,] 12788 --- [           main] s.w.s.m.m.a.RequestMappingHandlerMapping : Mapped "{[/cart/updateProduct/{productId}/{count}],methods=[POST],produces=[application/json;charset=UTF-8]}" onto public com.paascloud.wrapper.Wrapper com.paascloud.provider.web.mall.MallCartController.updateProduct(java.lang.Long,java.lang.Integer)
2019-02-27 22:53:01.272  INFO [bootstrap,,,] [paascloud-provider-uac,,,,] 12788 --- [           main] s.w.s.m.m.a.RequestMappingHandlerMapping : Mapped "{[/user/updateInformation],methods=[POST],produces=[application/json;charset=UTF-8]}" onto public com.paascloud.wrapper.Wrapper<com.paascloud.provider.model.dto.user.UserInfoDto> com.paascloud.provider.web.mall.MallUserController.updateInformation(com.paascloud.provider.model.dto.user.UserInfoDto)
2019-02-27 22:53:01.272  INFO [bootstrap,,,] [paascloud-provider-uac,,,,] 12788 --- [           main] s.w.s.m.m.a.RequestMappingHandlerMapping : Mapped "{[/user/getInformation],methods=[POST],produces=[application/json;charset=UTF-8]}" onto public com.paascloud.wrapper.Wrapper<com.paascloud.provider.model.dto.user.UserInfoDto> com.paascloud.provider.web.mall.MallUserController.getInformation()
2019-02-27 22:53:01.273  INFO [bootstrap,,,] [paascloud-provider-uac,,,,] 12788 --- [           main] s.w.s.m.m.a.RequestMappingHandlerMapping : Mapped "{[/api/uac/message/queryMessageListWithPage],methods=[POST]}" onto public com.paascloud.wrapper.Wrapper<com.github.pagehelper.PageInfo<com.paascloud.base.dto.MqMessageVo>> com.paascloud.provider.web.rpc.UacMqMessageFeignClient.queryMessageListWithPage(com.paascloud.base.dto.MessageQueryDto)
2019-02-27 22:53:01.273  INFO [bootstrap,,,] [paascloud-provider-uac,,,,] 12788 --- [           main] s.w.s.m.m.a.RequestMappingHandlerMapping : Mapped "{[/api/uac/message/queryMessageKeyList],methods=[POST]}" onto public com.paascloud.wrapper.Wrapper<java.util.List<java.lang.String>> com.paascloud.provider.web.rpc.UacMqMessageFeignClient.queryMessageKeyList(java.util.List<java.lang.String>)
2019-02-27 22:53:01.273  INFO [bootstrap,,,] [paascloud-provider-uac,,,,] 12788 --- [           main] s.w.s.m.m.a.RequestMappingHandlerMapping : Mapped "{[/api/uac/token/updateTokenOffLine],methods=[POST]}" onto public com.paascloud.wrapper.Wrapper<java.lang.Integer> com.paascloud.provider.web.rpc.UacUserTokenFeignClient.updateTokenOffLine()
2019-02-27 22:53:01.274  INFO [bootstrap,,,] [paascloud-provider-uac,,,,] 12788 --- [           main] s.w.s.m.m.a.RequestMappingHandlerMapping : Mapped "{[/social/user],methods=[GET]}" onto public com.paascloud.security.core.social.support.SocialUserInfo com.paascloud.security.app.AppSecurityController.getSocialUserInfo(javax.servlet.http.HttpServletRequest)
2019-02-27 22:53:01.274  INFO [bootstrap,,,] [paascloud-provider-uac,,,,] 12788 --- [           main] s.w.s.m.m.a.RequestMappingHandlerMapping : Mapped "{[/auth/code/{type}],methods=[POST]}" onto public void com.paascloud.security.core.validate.code.ValidateCodeController.createCode(javax.servlet.http.HttpServletRequest,javax.servlet.http.HttpServletResponse,java.lang.String) throws java.lang.Exception
2019-02-27 22:53:01.275  INFO [bootstrap,,,] [paascloud-provider-uac,,,,] 12788 --- [           main] s.w.s.m.m.a.RequestMappingHandlerMapping : Mapped "{[/auth/code/{type}],methods=[GET]}" onto public java.lang.Object com.paascloud.security.core.validate.code.ValidateCodeController.checkCode(javax.servlet.http.HttpServletRequest,javax.servlet.http.HttpServletResponse,java.lang.String)
2019-02-27 22:53:01.275  INFO [bootstrap,,,] [paascloud-provider-uac,,,,] 12788 --- [           main] s.w.s.m.m.a.RequestMappingHandlerMapping : Mapped "{[/v2/api-docs],methods=[GET],produces=[application/json || application/hal+json]}" onto public org.springframework.http.ResponseEntity<springfox.documentation.spring.web.json.Json> springfox.documentation.swagger2.web.Swagger2Controller.getDocumentation(java.lang.String,javax.servlet.http.HttpServletRequest)
2019-02-27 22:53:01.275  INFO [bootstrap,,,] [paascloud-provider-uac,,,,] 12788 --- [           main] s.w.s.m.m.a.RequestMappingHandlerMapping : Mapped "{[/swagger-resources]}" onto org.springframework.http.ResponseEntity<java.util.List<springfox.documentation.swagger.web.SwaggerResource>> springfox.documentation.swagger.web.ApiResourceController.swaggerResources()
2019-02-27 22:53:01.276  INFO [bootstrap,,,] [paascloud-provider-uac,,,,] 12788 --- [           main] s.w.s.m.m.a.RequestMappingHandlerMapping : Mapped "{[/swagger-resources/configuration/ui]}" onto org.springframework.http.ResponseEntity<springfox.documentation.swagger.web.UiConfiguration> springfox.documentation.swagger.web.ApiResourceController.uiConfiguration()
2019-02-27 22:53:01.276  INFO [bootstrap,,,] [paascloud-provider-uac,,,,] 12788 --- [           main] s.w.s.m.m.a.RequestMappingHandlerMapping : Mapped "{[/swagger-resources/configuration/security]}" onto org.springframework.http.ResponseEntity<springfox.documentation.swagger.web.SecurityConfiguration> springfox.documentation.swagger.web.ApiResourceController.securityConfiguration()
2019-02-27 22:53:01.277  INFO [bootstrap,,,] [paascloud-provider-uac,,,,] 12788 --- [           main] s.w.s.m.m.a.RequestMappingHandlerMapping : Mapped "{[/error]}" onto public org.springframework.http.ResponseEntity<java.util.Map<java.lang.String, java.lang.Object>> org.springframework.boot.autoconfigure.web.BasicErrorController.error(javax.servlet.http.HttpServletRequest)
2019-02-27 22:53:01.277  INFO [bootstrap,,,] [paascloud-provider-uac,,,,] 12788 --- [           main] s.w.s.m.m.a.RequestMappingHandlerMapping : Mapped "{[/error],produces=[text/html]}" onto public org.springframework.web.servlet.ModelAndView org.springframework.boot.autoconfigure.web.BasicErrorController.errorHtml(javax.servlet.http.HttpServletRequest,javax.servlet.http.HttpServletResponse)
2019-02-27 22:53:01.279  INFO [bootstrap,,,] [paascloud-provider-uac,,,,] 12788 --- [           main] s.w.s.m.m.a.RequestMappingHandlerMapping : Mapped "{[/connect/{providerId}],methods=[POST]}" onto public org.springframework.web.servlet.view.RedirectView org.springframework.social.connect.web.ConnectController.connect(java.lang.String,org.springframework.web.context.request.NativeWebRequest)
2019-02-27 22:53:01.279  INFO [bootstrap,,,] [paascloud-provider-uac,,,,] 12788 --- [           main] s.w.s.m.m.a.RequestMappingHandlerMapping : Mapped "{[/connect],methods=[GET]}" onto public java.lang.String org.springframework.social.connect.web.ConnectController.connectionStatus(org.springframework.web.context.request.NativeWebRequest,org.springframework.ui.Model)
2019-02-27 22:53:01.279  INFO [bootstrap,,,] [paascloud-provider-uac,,,,] 12788 --- [           main] s.w.s.m.m.a.RequestMappingHandlerMapping : Mapped "{[/connect/{providerId}],methods=[GET]}" onto public java.lang.String org.springframework.social.connect.web.ConnectController.connectionStatus(java.lang.String,org.springframework.web.context.request.NativeWebRequest,org.springframework.ui.Model)
2019-02-27 22:53:01.279  INFO [bootstrap,,,] [paascloud-provider-uac,,,,] 12788 --- [           main] s.w.s.m.m.a.RequestMappingHandlerMapping : Mapped "{[/connect/{providerId}/{providerUserId}],methods=[DELETE]}" onto public org.springframework.web.servlet.view.RedirectView org.springframework.social.connect.web.ConnectController.removeConnection(java.lang.String,java.lang.String,org.springframework.web.context.request.NativeWebRequest)
2019-02-27 22:53:01.279  INFO [bootstrap,,,] [paascloud-provider-uac,,,,] 12788 --- [           main] s.w.s.m.m.a.RequestMappingHandlerMapping : Mapped "{[/connect/{providerId}],methods=[GET],params=[oauth_token]}" onto public org.springframework.web.servlet.view.RedirectView org.springframework.social.connect.web.ConnectController.oauth1Callback(java.lang.String,org.springframework.web.context.request.NativeWebRequest)
2019-02-27 22:53:01.279  INFO [bootstrap,,,] [paascloud-provider-uac,,,,] 12788 --- [           main] s.w.s.m.m.a.RequestMappingHandlerMapping : Mapped "{[/connect/{providerId}],methods=[GET],params=[code]}" onto public org.springframework.web.servlet.view.RedirectView org.springframework.social.connect.web.ConnectController.oauth2Callback(java.lang.String,org.springframework.web.context.request.NativeWebRequest)
2019-02-27 22:53:01.280  INFO [bootstrap,,,] [paascloud-provider-uac,,,,] 12788 --- [           main] s.w.s.m.m.a.RequestMappingHandlerMapping : Mapped "{[/connect/{providerId}],methods=[GET],params=[error]}" onto public org.springframework.web.servlet.view.RedirectView org.springframework.social.connect.web.ConnectController.oauth2ErrorCallback(java.lang.String,java.lang.String,java.lang.String,java.lang.String,org.springframework.web.context.request.NativeWebRequest)
2019-02-27 22:53:01.280  INFO [bootstrap,,,] [paascloud-provider-uac,,,,] 12788 --- [           main] s.w.s.m.m.a.RequestMappingHandlerMapping : Mapped "{[/connect/{providerId}],methods=[DELETE]}" onto public org.springframework.web.servlet.view.RedirectView org.springframework.social.connect.web.ConnectController.removeConnections(java.lang.String,org.springframework.web.context.request.NativeWebRequest)
2019-02-27 22:53:01.312  INFO [bootstrap,,,] [paascloud-provider-uac,,,,] 12788 --- [           main] .s.o.p.e.FrameworkEndpointHandlerMapping : Mapped "{[/oauth/authorize],methods=[POST],params=[user_oauth_approval]}" onto public org.springframework.web.servlet.View org.springframework.security.oauth2.provider.endpoint.AuthorizationEndpoint.approveOrDeny(java.util.Map<java.lang.String, java.lang.String>,java.util.Map<java.lang.String, ?>,org.springframework.web.bind.support.SessionStatus,java.security.Principal)
2019-02-27 22:53:01.313  INFO [bootstrap,,,] [paascloud-provider-uac,,,,] 12788 --- [           main] .s.o.p.e.FrameworkEndpointHandlerMapping : Mapped "{[/oauth/authorize]}" onto public org.springframework.web.servlet.ModelAndView org.springframework.security.oauth2.provider.endpoint.AuthorizationEndpoint.authorize(java.util.Map<java.lang.String, java.lang.Object>,java.util.Map<java.lang.String, java.lang.String>,org.springframework.web.bind.support.SessionStatus,java.security.Principal)
2019-02-27 22:53:01.313  INFO [bootstrap,,,] [paascloud-provider-uac,,,,] 12788 --- [           main] .s.o.p.e.FrameworkEndpointHandlerMapping : Mapped "{[/oauth/token],methods=[POST]}" onto public org.springframework.http.ResponseEntity<org.springframework.security.oauth2.common.OAuth2AccessToken> org.springframework.security.oauth2.provider.endpoint.TokenEndpoint.postAccessToken(java.security.Principal,java.util.Map<java.lang.String, java.lang.String>) throws org.springframework.web.HttpRequestMethodNotSupportedException
2019-02-27 22:53:01.313  INFO [bootstrap,,,] [paascloud-provider-uac,,,,] 12788 --- [           main] .s.o.p.e.FrameworkEndpointHandlerMapping : Mapped "{[/oauth/token],methods=[GET]}" onto public org.springframework.http.ResponseEntity<org.springframework.security.oauth2.common.OAuth2AccessToken> org.springframework.security.oauth2.provider.endpoint.TokenEndpoint.getAccessToken(java.security.Principal,java.util.Map<java.lang.String, java.lang.String>) throws org.springframework.web.HttpRequestMethodNotSupportedException
2019-02-27 22:53:01.314  INFO [bootstrap,,,] [paascloud-provider-uac,,,,] 12788 --- [           main] .s.o.p.e.FrameworkEndpointHandlerMapping : Mapped "{[/oauth/check_token]}" onto public java.util.Map<java.lang.String, ?> org.springframework.security.oauth2.provider.endpoint.CheckTokenEndpoint.checkToken(java.lang.String)
2019-02-27 22:53:01.314  INFO [bootstrap,,,] [paascloud-provider-uac,,,,] 12788 --- [           main] .s.o.p.e.FrameworkEndpointHandlerMapping : Mapped "{[/oauth/confirm_access]}" onto public org.springframework.web.servlet.ModelAndView org.springframework.security.oauth2.provider.endpoint.WhitelabelApprovalEndpoint.getAccessConfirmation(java.util.Map<java.lang.String, java.lang.Object>,javax.servlet.http.HttpServletRequest) throws java.lang.Exception
2019-02-27 22:53:01.314  INFO [bootstrap,,,] [paascloud-provider-uac,,,,] 12788 --- [           main] .s.o.p.e.FrameworkEndpointHandlerMapping : Mapped "{[/oauth/error]}" onto public org.springframework.web.servlet.ModelAndView org.springframework.security.oauth2.provider.endpoint.WhitelabelErrorEndpoint.handleError(javax.servlet.http.HttpServletRequest)
2019-02-27 22:53:01.317  INFO [bootstrap,,,] [paascloud-provider-uac,,,,] 12788 --- [           main] .s.o.p.e.FrameworkEndpointHandlerMapping : Mapped "{[/oauth/token_key],methods=[GET]}" onto public java.util.Map<java.lang.String, java.lang.String> org.springframework.security.oauth2.provider.endpoint.TokenKeyEndpoint.getKey(java.security.Principal)
2019-02-27 22:53:02.665  INFO [bootstrap,,,] [paascloud-provider-uac,,,,] 12788 --- [           main] o.s.cloud.commons.util.InetUtils         : Cannot determine local hostname
2019-02-27 22:53:03.973  INFO [bootstrap,,,] [paascloud-provider-uac,,,,] 12788 --- [           main] o.s.cloud.commons.util.InetUtils         : Cannot determine local hostname
2019-02-27 22:53:04.857  INFO [bootstrap,,,] [paascloud-provider-uac,,,,] 12788 --- [           main] com.alibaba.druid.pool.DruidDataSource   : {dataSource-8} inited
2019-02-27 22:53:04.990  INFO [bootstrap,,,] [paascloud-provider-uac,,,,] 12788 --- [           main] liquibase                                : Successfully acquired change log lock
2019-02-27 22:53:05.034  INFO [bootstrap,,,] [paascloud-provider-uac,,,,] 12788 --- [           main] liquibase                                : Reading from paascloud_uac.DATABASECHANGELOG
2019-02-27 22:53:05.097  INFO [bootstrap,,,] [paascloud-provider-uac,,,,] 12788 --- [           main] liquibase                                : Successfully released change log lock
2019-02-27 22:53:05.159  INFO [bootstrap,,,] [paascloud-provider-uac,,,,] 12788 --- [           main] o.s.b.a.e.mvc.EndpointHandlerMapping     : Mapped "{[/metrics/{name:.*}],methods=[GET],produces=[application/vnd.spring-boot.actuator.v1+json || application/json]}" onto public java.lang.Object org.springframework.boot.actuate.endpoint.mvc.MetricsMvcEndpoint.value(java.lang.String)
2019-02-27 22:53:05.159  INFO [bootstrap,,,] [paascloud-provider-uac,,,,] 12788 --- [           main] o.s.b.a.e.mvc.EndpointHandlerMapping     : Mapped "{[/metrics || /metrics.json],methods=[GET],produces=[application/vnd.spring-boot.actuator.v1+json || application/json]}" onto public java.lang.Object org.springframework.boot.actuate.endpoint.mvc.EndpointMvcAdapter.invoke()
2019-02-27 22:53:05.160  INFO [bootstrap,,,] [paascloud-provider-uac,,,,] 12788 --- [           main] o.s.b.a.e.mvc.EndpointHandlerMapping     : Mapped "{[/refresh || /refresh.json],methods=[POST]}" onto public java.lang.Object org.springframework.cloud.endpoint.GenericPostableMvcEndpoint.invoke()
2019-02-27 22:53:05.160  INFO [bootstrap,,,] [paascloud-provider-uac,,,,] 12788 --- [           main] o.s.b.a.e.mvc.EndpointHandlerMapping     : Mapped "{[/trace || /trace.json],methods=[GET],produces=[application/vnd.spring-boot.actuator.v1+json || application/json]}" onto public java.lang.Object org.springframework.boot.actuate.endpoint.mvc.EndpointMvcAdapter.invoke()
2019-02-27 22:53:05.160  INFO [bootstrap,,,] [paascloud-provider-uac,,,,] 12788 --- [           main] o.s.b.a.e.mvc.EndpointHandlerMapping     : Mapped "{[/archaius || /archaius.json],methods=[GET],produces=[application/vnd.spring-boot.actuator.v1+json || application/json]}" onto public java.lang.Object org.springframework.boot.actuate.endpoint.mvc.EndpointMvcAdapter.invoke()
2019-02-27 22:53:05.160  INFO [bootstrap,,,] [paascloud-provider-uac,,,,] 12788 --- [           main] o.s.b.a.e.mvc.EndpointHandlerMapping     : Mapped "{[/configprops || /configprops.json],methods=[GET],produces=[application/vnd.spring-boot.actuator.v1+json || application/json]}" onto public java.lang.Object org.springframework.boot.actuate.endpoint.mvc.EndpointMvcAdapter.invoke()
2019-02-27 22:53:05.161  INFO [bootstrap,,,] [paascloud-provider-uac,,,,] 12788 --- [           main] o.s.b.a.e.mvc.EndpointHandlerMapping     : Mapped "{[/env/{name:.*}],methods=[GET],produces=[application/vnd.spring-boot.actuator.v1+json || application/json]}" onto public java.lang.Object org.springframework.boot.actuate.endpoint.mvc.EnvironmentMvcEndpoint.value(java.lang.String)
2019-02-27 22:53:05.161  INFO [bootstrap,,,] [paascloud-provider-uac,,,,] 12788 --- [           main] o.s.b.a.e.mvc.EndpointHandlerMapping     : Mapped "{[/env || /env.json],methods=[GET],produces=[application/vnd.spring-boot.actuator.v1+json || application/json]}" onto public java.lang.Object org.springframework.boot.actuate.endpoint.mvc.EndpointMvcAdapter.invoke()
2019-02-27 22:53:05.161  INFO [bootstrap,,,] [paascloud-provider-uac,,,,] 12788 --- [           main] o.s.b.a.e.mvc.EndpointHandlerMapping     : Mapped "{[/auditevents || /auditevents.json],methods=[GET],produces=[application/vnd.spring-boot.actuator.v1+json || application/json]}" onto public org.springframework.http.ResponseEntity<?> org.springframework.boot.actuate.endpoint.mvc.AuditEventsMvcEndpoint.findByPrincipalAndAfterAndType(java.lang.String,java.util.Date,java.lang.String)
2019-02-27 22:53:05.161  INFO [bootstrap,,,] [paascloud-provider-uac,,,,] 12788 --- [           main] o.s.b.a.e.mvc.EndpointHandlerMapping     : Mapped "{[/beans || /beans.json],methods=[GET],produces=[application/vnd.spring-boot.actuator.v1+json || application/json]}" onto public java.lang.Object org.springframework.boot.actuate.endpoint.mvc.EndpointMvcAdapter.invoke()
2019-02-27 22:53:05.162  INFO [bootstrap,,,] [paascloud-provider-uac,,,,] 12788 --- [           main] o.s.b.a.e.mvc.EndpointHandlerMapping     : Mapped "{[/dump || /dump.json],methods=[GET],produces=[application/vnd.spring-boot.actuator.v1+json || application/json]}" onto public java.lang.Object org.springframework.boot.actuate.endpoint.mvc.EndpointMvcAdapter.invoke()
2019-02-27 22:53:05.162  INFO [bootstrap,,,] [paascloud-provider-uac,,,,] 12788 --- [           main] o.s.b.a.e.mvc.EndpointHandlerMapping     : Mapped "{[/info || /info.json],methods=[GET],produces=[application/vnd.spring-boot.actuator.v1+json || application/json]}" onto public java.lang.Object org.springframework.boot.actuate.endpoint.mvc.EndpointMvcAdapter.invoke()
2019-02-27 22:53:05.162  INFO [bootstrap,,,] [paascloud-provider-uac,,,,] 12788 --- [           main] o.s.b.a.e.mvc.EndpointHandlerMapping     : Mapped "{[/autoconfig || /autoconfig.json],methods=[GET],produces=[application/vnd.spring-boot.actuator.v1+json || application/json]}" onto public java.lang.Object org.springframework.boot.actuate.endpoint.mvc.EndpointMvcAdapter.invoke()
2019-02-27 22:53:05.162  INFO [bootstrap,,,] [paascloud-provider-uac,,,,] 12788 --- [           main] o.s.b.a.e.mvc.EndpointHandlerMapping     : Mapped "{[/liquibase || /liquibase.json],methods=[GET],produces=[application/vnd.spring-boot.actuator.v1+json || application/json]}" onto public java.lang.Object org.springframework.boot.actuate.endpoint.mvc.EndpointMvcAdapter.invoke()
2019-02-27 22:53:05.163  INFO [bootstrap,,,] [paascloud-provider-uac,,,,] 12788 --- [           main] o.s.b.a.e.mvc.EndpointHandlerMapping     : Mapped "{[/features || /features.json],methods=[GET],produces=[application/vnd.spring-boot.actuator.v1+json || application/json]}" onto public java.lang.Object org.springframework.boot.actuate.endpoint.mvc.EndpointMvcAdapter.invoke()
2019-02-27 22:53:05.163  INFO [bootstrap,,,] [paascloud-provider-uac,,,,] 12788 --- [           main] o.s.b.a.e.mvc.EndpointHandlerMapping     : Mapped "{[/hystrix.stream/**]}" onto public org.springframework.web.servlet.ModelAndView org.springframework.cloud.netflix.endpoint.ServletWrappingEndpoint.handle(javax.servlet.http.HttpServletRequest,javax.servlet.http.HttpServletResponse) throws java.lang.Exception
2019-02-27 22:53:05.163  INFO [bootstrap,,,] [paascloud-provider-uac,,,,] 12788 --- [           main] o.s.b.a.e.mvc.EndpointHandlerMapping     : Mapped "{[/jolokia/**]}" onto public org.springframework.web.servlet.ModelAndView org.springframework.boot.actuate.endpoint.mvc.JolokiaMvcEndpoint.handle(javax.servlet.http.HttpServletRequest,javax.servlet.http.HttpServletResponse) throws java.lang.Exception
2019-02-27 22:53:05.164  INFO [bootstrap,,,] [paascloud-provider-uac,,,,] 12788 --- [           main] o.s.b.a.e.mvc.EndpointHandlerMapping     : Mapped "{[/health || /health.json],methods=[GET],produces=[application/vnd.spring-boot.actuator.v1+json || application/json]}" onto public java.lang.Object org.springframework.boot.actuate.endpoint.mvc.HealthMvcEndpoint.invoke(javax.servlet.http.HttpServletRequest,java.security.Principal)
2019-02-27 22:53:05.164  INFO [bootstrap,,,] [paascloud-provider-uac,,,,] 12788 --- [           main] o.s.b.a.e.mvc.EndpointHandlerMapping     : Mapped "{[/service-registry/instance-status],methods=[POST]}" onto public org.springframework.http.ResponseEntity<?> org.springframework.cloud.client.serviceregistry.endpoint.ServiceRegistryEndpoint.setStatus(java.lang.String)
2019-02-27 22:53:05.164  INFO [bootstrap,,,] [paascloud-provider-uac,,,,] 12788 --- [           main] o.s.b.a.e.mvc.EndpointHandlerMapping     : Mapped "{[/service-registry/instance-status],methods=[GET]}" onto public org.springframework.http.ResponseEntity org.springframework.cloud.client.serviceregistry.endpoint.ServiceRegistryEndpoint.getStatus()
2019-02-27 22:53:05.164  INFO [bootstrap,,,] [paascloud-provider-uac,,,,] 12788 --- [           main] o.s.b.a.e.mvc.EndpointHandlerMapping     : Mapped "{[/heapdump || /heapdump.json],methods=[GET],produces=[application/octet-stream]}" onto public void org.springframework.boot.actuate.endpoint.mvc.HeapdumpMvcEndpoint.invoke(boolean,javax.servlet.http.HttpServletRequest,javax.servlet.http.HttpServletResponse) throws java.io.IOException,javax.servlet.ServletException
2019-02-27 22:53:05.165  INFO [bootstrap,,,] [paascloud-provider-uac,,,,] 12788 --- [           main] o.s.b.a.e.mvc.EndpointHandlerMapping     : Mapped "{[/loggers/{name:.*}],methods=[GET],produces=[application/vnd.spring-boot.actuator.v1+json || application/json]}" onto public java.lang.Object org.springframework.boot.actuate.endpoint.mvc.LoggersMvcEndpoint.get(java.lang.String)
2019-02-27 22:53:05.165  INFO [bootstrap,,,] [paascloud-provider-uac,,,,] 12788 --- [           main] o.s.b.a.e.mvc.EndpointHandlerMapping     : Mapped "{[/loggers/{name:.*}],methods=[POST],consumes=[application/vnd.spring-boot.actuator.v1+json || application/json],produces=[application/vnd.spring-boot.actuator.v1+json || application/json]}" onto public java.lang.Object org.springframework.boot.actuate.endpoint.mvc.LoggersMvcEndpoint.set(java.lang.String,java.util.Map<java.lang.String, java.lang.String>)
2019-02-27 22:53:05.165  INFO [bootstrap,,,] [paascloud-provider-uac,,,,] 12788 --- [           main] o.s.b.a.e.mvc.EndpointHandlerMapping     : Mapped "{[/loggers || /loggers.json],methods=[GET],produces=[application/vnd.spring-boot.actuator.v1+json || application/json]}" onto public java.lang.Object org.springframework.boot.actuate.endpoint.mvc.EndpointMvcAdapter.invoke()
2019-02-27 22:53:05.165  INFO [bootstrap,,,] [paascloud-provider-uac,,,,] 12788 --- [           main] o.s.b.a.e.mvc.EndpointHandlerMapping     : Mapped "{[/env],methods=[POST]}" onto public java.lang.Object org.springframework.cloud.context.environment.EnvironmentManagerMvcEndpoint.value(java.util.Map<java.lang.String, java.lang.String>)
2019-02-27 22:53:05.165  INFO [bootstrap,,,] [paascloud-provider-uac,,,,] 12788 --- [           main] o.s.b.a.e.mvc.EndpointHandlerMapping     : Mapped "{[/env/reset],methods=[POST]}" onto public java.util.Map<java.lang.String, java.lang.Object> org.springframework.cloud.context.environment.EnvironmentManagerMvcEndpoint.reset()
2019-02-27 22:53:05.165  INFO [bootstrap,,,] [paascloud-provider-uac,,,,] 12788 --- [           main] o.s.b.a.e.mvc.EndpointHandlerMapping     : Mapped "{[/mappings || /mappings.json],methods=[GET],produces=[application/vnd.spring-boot.actuator.v1+json || application/json]}" onto public java.lang.Object org.springframework.boot.actuate.endpoint.mvc.EndpointMvcAdapter.invoke()
2019-02-27 22:53:05.453  INFO [bootstrap,,,] [paascloud-provider-uac,,,,] 12788 --- [           main] c.p.p.config.AliyunMqConfiguration       : RocketMq UacPushConsumer topic = TPC_TOPIC, tags=DELETE_CONSUMER_MESSAGE||DELETE_PRODUCER_MESSAGE
2019-02-27 22:53:05.522  INFO [bootstrap,,,] [paascloud-provider-uac,,,,] 12788 --- [           main] o.s.w.s.handler.SimpleUrlHandlerMapping  : Mapped URL path [/**] onto handler of type [class org.springframework.web.servlet.resource.ResourceHttpRequestHandler]
2019-02-27 22:53:05.566  INFO [bootstrap,,,] [paascloud-provider-uac,,,,] 12788 --- [           main] s.w.s.m.m.a.RequestMappingHandlerAdapter : Looking for @ControllerAdvice: org.springframework.web.context.support.GenericWebApplicationContext@7ef90f10: startup date [Wed Feb 27 22:52:54 CST 2019]; parent: org.springframework.context.annotation.AnnotationConfigApplicationContext@4c692b14
2019-02-27 22:53:05.602  INFO [bootstrap,,,] [paascloud-provider-uac,,,,] 12788 --- [           main] .m.m.a.ExceptionHandlerExceptionResolver : Detected @ExceptionHandler methods in globalExceptionHandler
2019-02-27 22:53:05.950  WARN [bootstrap,,,] [paascloud-provider-uac,,,,] 12788 --- [           main] c.n.c.sources.URLConfigurationSource     : No URLs will be polled as dynamic configuration sources.
2019-02-27 22:53:05.951  INFO [bootstrap,,,] [paascloud-provider-uac,,,,] 12788 --- [           main] c.n.c.sources.URLConfigurationSource     : To enable URLs as dynamic configuration sources, define System property archaius.configurationSource.additionalUrls or make config.properties available on classpath.
2019-02-27 22:53:06.699  INFO [bootstrap,,,] [paascloud-provider-uac,,,,] 12788 --- [           main] o.s.s.web.DefaultSecurityFilterChain     : Creating filter chain: OrRequestMatcher [requestMatchers=[Ant [pattern='/css/**'], Ant [pattern='/js/**'], Ant [pattern='/images/**'], Ant [pattern='/webjars/**'], Ant [pattern='/**/favicon.ico'], Ant [pattern='/error']]], []
2019-02-27 22:53:06.699  INFO [bootstrap,,,] [paascloud-provider-uac,,,,] 12788 --- [           main] o.s.s.web.DefaultSecurityFilterChain     : Creating filter chain: org.springframework.boot.actuate.autoconfigure.ManagementWebSecurityAutoConfiguration$LazyEndpointPathRequestMatcher@2f2bf5ca, []
2019-02-27 22:53:06.818  INFO [bootstrap,,,] [paascloud-provider-uac,,,,] 12788 --- [           main] o.s.s.web.DefaultSecurityFilterChain     : Creating filter chain: OrRequestMatcher [requestMatchers=[Ant [pattern='/oauth/token'], Ant [pattern='/oauth/token_key'], Ant [pattern='/oauth/check_token']]], [org.springframework.security.web.context.request.async.WebAsyncManagerIntegrationFilter@304209ad, org.springframework.security.web.context.SecurityContextPersistenceFilter@6e5755be, org.springframework.security.web.header.HeaderWriterFilter@5b1ca825, org.springframework.security.web.authentication.logout.LogoutFilter@12e2be1f, org.springframework.security.oauth2.provider.client.ClientCredentialsTokenEndpointFilter@3dd34b57, org.springframework.security.web.authentication.www.BasicAuthenticationFilter@5ac8f5a7, org.springframework.security.web.savedrequest.RequestCacheAwareFilter@6ac9fc1a, org.springframework.security.web.servletapi.SecurityContextHolderAwareRequestFilter@409dc9ce, org.springframework.security.web.authentication.AnonymousAuthenticationFilter@1a1d54e4, org.springframework.security.web.session.SessionManagementFilter@6ae20fe, org.springframework.security.web.access.ExceptionTranslationFilter@2455e5db, org.springframework.security.web.access.intercept.FilterSecurityInterceptor@7ad7fea4]
2019-02-27 22:53:06.874  INFO [bootstrap,,,] [paascloud-provider-uac,,,,] 12788 --- [           main] o.s.s.web.DefaultSecurityFilterChain     : Creating filter chain: org.springframework.security.oauth2.config.annotation.web.configuration.ResourceServerConfiguration$NotOAuthRequestMatcher@27a8e2e8, [org.springframework.security.web.context.request.async.WebAsyncManagerIntegrationFilter@3db89f2c, org.springframework.security.web.context.SecurityContextPersistenceFilter@12cd1ac0, org.springframework.security.web.header.HeaderWriterFilter@1c84a7e5, org.springframework.security.web.authentication.logout.LogoutFilter@9384073, org.springframework.security.oauth2.provider.authentication.OAuth2AuthenticationProcessingFilter@1ff7b254, com.paascloud.security.core.validate.code.ValidateCodeFilter@1ad2a76d, org.springframework.social.security.SocialAuthenticationFilter@52c5989b, org.springframework.security.web.authentication.UsernamePasswordAuthenticationFilter@100bf81, com.paascloud.security.core.authentication.mobile.SmsCodeAuthenticationFilter@254fd271, com.paascloud.security.app.authentication.openid.OpenIdAuthenticationFilter@4ac05ee1, org.springframework.security.web.savedrequest.RequestCacheAwareFilter@6660472e, org.springframework.security.web.servletapi.SecurityContextHolderAwareRequestFilter@5f626f88, org.springframework.security.web.authentication.AnonymousAuthenticationFilter@2a1f5af3, org.springframework.security.web.session.SessionManagementFilter@388dd03f, org.springframework.security.web.access.ExceptionTranslationFilter@30289e21, org.springframework.security.web.access.intercept.FilterSecurityInterceptor@7c627041]
2019-02-27 22:53:06.885  INFO [bootstrap,,,] [paascloud-provider-uac,,,,] 12788 --- [           main] o.s.s.web.DefaultSecurityFilterChain     : Creating filter chain: OrRequestMatcher [requestMatchers=[Ant [pattern='/**']]], [org.springframework.security.web.context.request.async.WebAsyncManagerIntegrationFilter@580c2088, org.springframework.security.web.context.SecurityContextPersistenceFilter@7ada1fcd, org.springframework.security.web.header.HeaderWriterFilter@675c5fff, org.springframework.security.web.authentication.logout.LogoutFilter@2447e22b, org.springframework.security.web.authentication.www.BasicAuthenticationFilter@e49a519, org.springframework.security.web.savedrequest.RequestCacheAwareFilter@437179f9, org.springframework.security.web.servletapi.SecurityContextHolderAwareRequestFilter@465765cf, org.springframework.security.web.authentication.AnonymousAuthenticationFilter@3dee033b, org.springframework.security.web.session.SessionManagementFilter@25d8e553, org.springframework.security.web.access.ExceptionTranslationFilter@4fcecb84, org.springframework.security.web.access.intercept.FilterSecurityInterceptor@63543401]
2019-02-27 22:53:07.506  INFO [bootstrap,,,] [paascloud-provider-uac,,,,] 12788 --- [           main] com.netflix.discovery.DiscoveryClient    : Shutting down DiscoveryClient ...
2019-02-27 22:53:07.509  INFO [bootstrap,,,] [paascloud-provider-uac,,,,] 12788 --- [           main] com.netflix.discovery.DiscoveryClient    : Completed shut down of DiscoveryClient
2019-02-27 22:53:07.707  INFO [bootstrap,,,] [paascloud-provider-uac,,,,] 12788 --- [           main] o.s.s.c.ThreadPoolTaskScheduler          : Initializing ExecutorService 
2019-02-27 22:53:07.940  INFO [bootstrap,,,] [paascloud-provider-uac,,,,] 12788 --- [           main] o.s.c.support.DefaultLifecycleProcessor  : Starting beans in phase 0
2019-02-27 22:53:07.941  INFO [bootstrap,,,] [paascloud-provider-uac,,,,] 12788 --- [           main] o.s.c.support.DefaultLifecycleProcessor  : Starting beans in phase 2147483647
2019-02-27 22:53:07.941  INFO [bootstrap,,,] [paascloud-provider-uac,,,,] 12788 --- [           main] d.s.w.p.DocumentationPluginsBootstrapper : Context refreshed
2019-02-27 22:53:07.943  INFO [bootstrap,,,] [paascloud-provider-uac,,,,] 12788 --- [           main] d.s.w.p.DocumentationPluginsBootstrapper : Found 1 custom documentation plugin(s)
2019-02-27 22:53:07.951  INFO [bootstrap,,,] [paascloud-provider-uac,,,,] 12788 --- [           main] s.d.s.w.s.ApiListingReferenceScanner     : Scanning for api listing references
2019-02-27 22:53:08.159  INFO [bootstrap,,,] [paascloud-provider-uac,,,,] 12788 --- [           main] .d.s.w.r.o.CachingOperationNameGenerator : Generating unique operation named: getGroupTreeByIdUsingPOST_1
2019-02-27 22:53:08.303  INFO [bootstrap,,,] [paascloud-provider-uac,,,,] 12788 --- [           main] .d.s.w.r.o.CachingOperationNameGenerator : Generating unique operation named: batchDeleteByIdListUsingPOST_1
2019-02-27 22:53:08.327  INFO [bootstrap,,,] [paascloud-provider-uac,,,,] 12788 --- [           main] .d.s.w.r.o.CachingOperationNameGenerator : Generating unique operation named: saveUsingPOST_1
2019-02-27 22:53:08.335  INFO [bootstrap,,,] [paascloud-provider-uac,,,,] 12788 --- [           main] .d.s.w.r.o.CachingOperationNameGenerator : Generating unique operation named: queryUacActionListWithPageUsingPOST_1
2019-02-27 22:53:08.419  INFO [bootstrap,,,] [paascloud-provider-uac,,,,] 12788 --- [           main] .d.s.w.r.o.CachingOperationNameGenerator : Generating unique operation named: loginAfterUsingPOST_1
2019-02-27 22:53:08.516  INFO [bootstrap,,,] [paascloud-provider-uac,,,,] 12788 --- [           main] .d.s.w.r.o.CachingOperationNameGenerator : Generating unique operation named: registerUserUsingPOST_1
2019-02-27 22:53:08.518  INFO [bootstrap,,,] [paascloud-provider-uac,,,,] 12788 --- [           main] ration$HystrixMetricsPollerConfiguration : Starting poller
2019-02-27 22:53:08.542  INFO [bootstrap,,,] [paascloud-provider-uac,,,,] 12788 --- [           main] c.p.provider.config.RedisInitRunner      : >>>>>>>>>>>>>>>鏈嶅姟鍚姩鎵ц锛屾墽琛屽姞杞芥暟鎹瓑鎿嶄綔 11111111 <<<<<<<<<<<<<
2019-02-27 22:53:08.544  INFO [bootstrap,,,] [paascloud-provider-uac,,,,] 12788 --- [           main] c.p.core.config.ZookeeperInitRunner      : ###ZookeeperInitRunner锛宨nit. HostAddress=192.168.144.1, applicationName=paascloud-provider-uac
2019-02-27 22:53:08.544  INFO [bootstrap,,,] [paascloud-provider-uac,,,,] 12788 --- [           main] o.a.c.f.imps.CuratorFrameworkImpl        : Starting
2019-02-27 22:53:08.545  INFO [bootstrap,,,] [paascloud-provider-uac,,,,] 12788 --- [           main] org.apache.zookeeper.ZooKeeper           : Initiating client connection, connectString=paascloud-provider-zk:2181 sessionTimeout=60000 watcher=org.apache.curator.ConnectionState@7bcc7901
2019-02-27 22:53:08.550  INFO [bootstrap,,,] [paascloud-provider-uac,,,,] 12788 --- [cloud.net:2181)] org.apache.zookeeper.ClientCnxn          : Opening socket connection to server dev-login.paascloud.net/127.0.0.1:2181. Will not attempt to authenticate using SASL (unknown error)
2019-02-27 22:53:09.563  WARN [bootstrap,,,] [paascloud-provider-uac,,,,] 12788 --- [cloud.net:2181)] org.apache.zookeeper.ClientCnxn          : Session 0x0 for server null, unexpected error, closing socket connection and attempting reconnect

java.net.ConnectException: Connection refused: no further information
	at sun.nio.ch.SocketChannelImpl.checkConnect(Native Method)
	at sun.nio.ch.SocketChannelImpl.finishConnect(SocketChannelImpl.java:717)
	at org.apache.zookeeper.ClientCnxnSocketNIO.doTransport(ClientCnxnSocketNIO.java:361)
	at org.apache.zookeeper.ClientCnxn$SendThread.run(ClientCnxn.java:1081)

2019-02-27 22:53:10.454  INFO [bootstrap,,,] [paascloud-provider-uac,,,,] 12788 --- [task-executor-1] RocketmqClient                           : the consumer [CID_UAC] start beginning. messageModel=CLUSTERING, isUnitMode=false
2019-02-27 22:53:10.618  INFO [bootstrap,,,] [paascloud-provider-uac,,,,] 12788 --- [task-executor-1] RocketmqRemoting                         : name server address updated. NEW : [paascloud-mq-rocket:9876] , OLD: null
2019-02-27 22:53:10.618  INFO [bootstrap,,,] [paascloud-provider-uac,,,,] 12788 --- [task-executor-1] RocketmqClient                           : user specified name server address: paascloud-mq-rocket:9876
2019-02-27 22:53:10.664  INFO [bootstrap,,,] [paascloud-provider-uac,,,,] 12788 --- [cloud.net:2181)] org.apache.zookeeper.ClientCnxn          : Opening socket connection to server dev-login.paascloud.net/127.0.0.1:2181. Will not attempt to authenticate using SASL (unknown error)
2019-02-27 22:53:10.793  INFO [bootstrap,,,] [paascloud-provider-uac,,,,] 12788 --- [task-executor-1] RocketmqClient                           : created a new client Instance, FactoryIndex: 7 ClinetID: 192.168.124.11@12788 ClientConfig [namesrvAddr=paascloud-mq-rocket:9876, clientIP=192.168.124.11, instanceName=12788, clientCallbackExecutorThreads=4, pollNameServerInterval=30000, heartbeatBrokerInterval=30000, persistConsumerOffsetInterval=5000, unitMode=false, unitName=null, vipChannelEnabled=true] V4_1_0_SNAPSHOT, serializeType=JSON
2019-02-27 22:53:10.793  INFO [bootstrap,,,] [paascloud-provider-uac,,,,] 12788 --- [task-executor-1] RocketmqClient                           : Created new MQClientInstance for clientId:[192.168.124.11@12788]
2019-02-27 22:53:10.794  INFO [bootstrap,,,] [paascloud-provider-uac,,,,] 12788 --- [task-executor-1] RocketmqClient                           : the producer [CLIENT_INNER_PRODUCER] start OK. sendMessageWithVIPChannel=true
2019-02-27 22:53:10.794  INFO [bootstrap,,,] [paascloud-provider-uac,,,,] 12788 --- [task-executor-1] RocketmqClient                           : the client factory [192.168.124.11@12788] start OK
2019-02-27 22:53:10.794  INFO [bootstrap,,,] [paascloud-provider-uac,,,,] 12788 --- [task-executor-1] RocketmqClient                           : the consumer [CID_UAC] start OK.
2019-02-27 22:53:10.794  INFO [bootstrap,,,] [paascloud-provider-uac,,,,] 12788 --- [lMessageService] RocketmqClient                           : PullMessageService service started
2019-02-27 22:53:10.794  INFO [bootstrap,,,] [paascloud-provider-uac,,,,] 12788 --- [task-executor-1] RocketmqRemoting                         : new name server is chosen. OLD: null , NEW: paascloud-mq-rocket:9876. namesrvIndex = 652
2019-02-27 22:53:10.794  INFO [bootstrap,,,] [paascloud-provider-uac,,,,] 12788 --- [ebalanceService] RocketmqClient                           : RebalanceService service started
2019-02-27 22:53:10.796  INFO [bootstrap,,,] [paascloud-provider-uac,,,,] 12788 --- [task-executor-1] RocketmqRemoting                         : createChannel: begin to connect remote host[paascloud-mq-rocket:9876] asynchronously
2019-02-27 22:53:10.797  INFO [bootstrap,,,] [paascloud-provider-uac,,,,] 12788 --- [tWorkerThread_1] RocketmqRemoting                         : NETTY CLIENT PIPELINE: CONNECT  UNKNOWN => aascloud-mq-rocket/127.0.0.1:9876
2019-02-27 22:53:10.799  INFO [bootstrap,,,] [paascloud-provider-uac,,,,] 12788 --- [task-executor-1] RocketmqRemoting                         : createChannel: connect remote host[paascloud-mq-rocket:9876] success, DefaultChannelPromise@378f2344(success)
2019-02-27 22:53:10.801  WARN [bootstrap,,,] [paascloud-provider-uac,,,,] 12788 --- [task-executor-1] RocketmqClient                           : get Topic [TPC_TOPIC] RouteInfoFromNameServer is not exist value
2019-02-27 22:53:10.801  WARN [bootstrap,,,] [paascloud-provider-uac,,,,] 12788 --- [task-executor-1] RocketmqClient                           : updateTopicRouteInfoFromNameServer Exception

org.apache.rocketmq.client.exception.MQClientException: CODE: 17  DESC: No topic route info in name server for the topic: TPC_TOPIC
See http://rocketmq.apache.org/docs/faq/ for further details.
	at org.apache.rocketmq.client.impl.MQClientAPIImpl.getTopicRouteInfoFromNameServer(MQClientAPIImpl.java:1232)
	at org.apache.rocketmq.client.impl.factory.MQClientInstance.updateTopicRouteInfoFromNameServer(MQClientInstance.java:603)
	at org.apache.rocketmq.client.impl.factory.MQClientInstance.updateTopicRouteInfoFromNameServer(MQClientInstance.java:491)
	at org.apache.rocketmq.client.impl.consumer.DefaultMQPushConsumerImpl.updateTopicSubscribeInfoWhenSubscriptionChanged(DefaultMQPushConsumerImpl.java:803)
	at org.apache.rocketmq.client.impl.consumer.DefaultMQPushConsumerImpl.start(DefaultMQPushConsumerImpl.java:619)
	at org.apache.rocketmq.client.consumer.DefaultMQPushConsumer.start(DefaultMQPushConsumer.java:456)
	at com.paascloud.provider.config.AliyunMqConfiguration.lambda$defaultMQPushConsumer$0(AliyunMqConfiguration.java:78)
	at com.paascloud.core.config.ExceptionHandlingAsyncTaskExecutor.lambda$createWrappedRunnable$2(ExceptionHandlingAsyncTaskExecutor.java:76)
	at java.util.concurrent.ThreadPoolExecutor.runWorker(ThreadPoolExecutor.java:1142)
	at java.util.concurrent.ThreadPoolExecutor$Worker.run(ThreadPoolExecutor.java:617)
	at java.lang.Thread.run(Thread.java:745)

2019-02-27 22:53:10.804  INFO [bootstrap,,,] [paascloud-provider-uac,,,,] 12788 --- [task-executor-1] RocketmqClient                           : the topic[%RETRY%CID_UAC] route info changed, old[null] ,new[TopicRouteData [orderTopicConf=null, queueDatas=[QueueData [brokerName=SC-201706010027, readQueueNums=1, writeQueueNums=1, perm=6, topicSynFlag=0]], brokerDatas=[BrokerData [brokerName=SC-201706010027, brokerAddrs={0=192.168.124.11:10911}]], filterServerTable={}]]
2019-02-27 22:53:10.804  INFO [bootstrap,,,] [paascloud-provider-uac,,,,] 12788 --- [task-executor-1] RocketmqClient                           : topicRouteTable.put. Topic = %RETRY%CID_UAC, TopicRouteData[TopicRouteData [orderTopicConf=null, queueDatas=[QueueData [brokerName=SC-201706010027, readQueueNums=1, writeQueueNums=1, perm=6, topicSynFlag=0]], brokerDatas=[BrokerData [brokerName=SC-201706010027, brokerAddrs={0=192.168.124.11:10911}]], filterServerTable={}]]
2019-02-27 22:53:10.804  INFO [bootstrap,,,] [paascloud-provider-uac,,,,] 12788 --- [task-executor-1] RocketmqRemoting                         : createChannel: begin to connect remote host[192.168.124.11:10911] asynchronously
2019-02-27 22:53:10.805  INFO [bootstrap,,,] [paascloud-provider-uac,,,,] 12788 --- [tWorkerThread_2] RocketmqRemoting                         : NETTY CLIENT PIPELINE: CONNECT  UNKNOWN => 192.168.124.11:10911
2019-02-27 22:53:10.807  INFO [bootstrap,,,] [paascloud-provider-uac,,,,] 12788 --- [task-executor-1] RocketmqRemoting                         : createChannel: connect remote host[192.168.124.11:10911] success, DefaultChannelPromise@39a97be0(success)
2019-02-27 22:53:10.807  WARN [bootstrap,,,] [paascloud-provider-uac,,,,] 12788 --- [ScheduledThread] RocketmqClient                           : get Topic [TPC_TOPIC] RouteInfoFromNameServer is not exist value
2019-02-27 22:53:10.807  WARN [bootstrap,,,] [paascloud-provider-uac,,,,] 12788 --- [ScheduledThread] RocketmqClient                           : updateTopicRouteInfoFromNameServer Exception

org.apache.rocketmq.client.exception.MQClientException: CODE: 17  DESC: No topic route info in name server for the topic: TPC_TOPIC
See http://rocketmq.apache.org/docs/faq/ for further details.
	at org.apache.rocketmq.client.impl.MQClientAPIImpl.getTopicRouteInfoFromNameServer(MQClientAPIImpl.java:1232)
	at org.apache.rocketmq.client.impl.factory.MQClientInstance.updateTopicRouteInfoFromNameServer(MQClientInstance.java:603)
	at org.apache.rocketmq.client.impl.factory.MQClientInstance.updateTopicRouteInfoFromNameServer(MQClientInstance.java:491)
	at org.apache.rocketmq.client.impl.factory.MQClientInstance.updateTopicRouteInfoFromNameServer(MQClientInstance.java:360)
	at org.apache.rocketmq.client.impl.factory.MQClientInstance$3.run(MQClientInstance.java:277)
	at java.util.concurrent.Executors$RunnableAdapter.call(Executors.java:511)
	at java.util.concurrent.FutureTask.runAndReset(FutureTask.java:308)
	at java.util.concurrent.ScheduledThreadPoolExecutor$ScheduledFutureTask.access$301(ScheduledThreadPoolExecutor.java:180)
	at java.util.concurrent.ScheduledThreadPoolExecutor$ScheduledFutureTask.run(ScheduledThreadPoolExecutor.java:294)
	at java.util.concurrent.ThreadPoolExecutor.runWorker(ThreadPoolExecutor.java:1142)
	at java.util.concurrent.ThreadPoolExecutor$Worker.run(ThreadPoolExecutor.java:617)
	at java.lang.Thread.run(Thread.java:745)

2019-02-27 22:53:10.810  INFO [bootstrap,,,] [paascloud-provider-uac,,,,] 12788 --- [task-executor-1] RocketmqClient                           : send heart beat to broker[SC-201706010027 0 192.168.124.11:10911] success
2019-02-27 22:53:10.811  INFO [bootstrap,,,] [paascloud-provider-uac,,,,] 12788 --- [task-executor-1] RocketmqClient                           : HeartbeatData [clientID=192.168.124.11@12788, producerDataSet=[ProducerData [groupName=CLIENT_INNER_PRODUCER]], consumerDataSet=[ConsumerData [groupName=CID_UAC, consumeType=CONSUME_PASSIVELY, messageModel=CLUSTERING, consumeFromWhere=CONSUME_FROM_LAST_OFFSET, unitMode=false, subscriptionDataSet=[SubscriptionData [classFilterMode=false, topic=%RETRY%CID_UAC, subString=*, tagsSet=[], codeSet=[], subVersion=1551279190454, expressionType=null], SubscriptionData [classFilterMode=false, topic=TPC_TOPIC, subString=DELETE_CONSUMER_MESSAGE||DELETE_PRODUCER_MESSAGE, tagsSet=[DELETE_CONSUMER_MESSAGE, DELETE_PRODUCER_MESSAGE], codeSet=[272065714, -1452059570], subVersion=1551279185453, expressionType=null]]]]]
2019-02-27 22:53:10.811  INFO [bootstrap,,,] [paascloud-provider-uac,,,,] 12788 --- [task-executor-1] c.p.p.config.AliyunMqConfiguration       : RocketMq UacPushConsumer OK.
2019-02-27 22:53:10.811  INFO [bootstrap,,,] [paascloud-provider-uac,,,,] 12788 --- [ublicExecutor_1] RocketmqClient                           : receive broker's notification[192.168.124.11:10911], the consumer group: CID_UAC changed, rebalance immediately
2019-02-27 22:53:10.877  INFO [bootstrap,,,] [paascloud-provider-uac,,,,] 12788 --- [ScheduledThread] RocketmqClient                           : the topic[TBW102] route info changed, old[null] ,new[TopicRouteData [orderTopicConf=null, queueDatas=[QueueData [brokerName=SC-201706010027, readQueueNums=8, writeQueueNums=8, perm=7, topicSynFlag=0]], brokerDatas=[BrokerData [brokerName=SC-201706010027, brokerAddrs={0=192.168.124.11:10911}]], filterServerTable={}]]
2019-02-27 22:53:10.877  INFO [bootstrap,,,] [paascloud-provider-uac,,,,] 12788 --- [ScheduledThread] RocketmqClient                           : updateTopicPublishInfo prev is not null, TopicPublishInfo [orderTopic=false, messageQueueList=[], sendWhichQueue=ThreadLocalIndex{threadLocalIndex=null}, haveTopicRouterInfo=false]
2019-02-27 22:53:10.878  INFO [bootstrap,,,] [paascloud-provider-uac,,,,] 12788 --- [ScheduledThread] RocketmqClient                           : topicRouteTable.put. Topic = TBW102, TopicRouteData[TopicRouteData [orderTopicConf=null, queueDatas=[QueueData [brokerName=SC-201706010027, readQueueNums=8, writeQueueNums=8, perm=7, topicSynFlag=0]], brokerDatas=[BrokerData [brokerName=SC-201706010027, brokerAddrs={0=192.168.124.11:10911}]], filterServerTable={}]]
2019-02-27 22:53:10.883  WARN [bootstrap,,,] [paascloud-provider-uac,,,,] 12788 --- [ebalanceService] RocketmqClient                           : get Topic [TPC_TOPIC] RouteInfoFromNameServer is not exist value
2019-02-27 22:53:10.883  WARN [bootstrap,,,] [paascloud-provider-uac,,,,] 12788 --- [ebalanceService] RocketmqClient                           : updateTopicRouteInfoFromNameServer Exception

org.apache.rocketmq.client.exception.MQClientException: CODE: 17  DESC: No topic route info in name server for the topic: TPC_TOPIC
See http://rocketmq.apache.org/docs/faq/ for further details.
	at org.apache.rocketmq.client.impl.MQClientAPIImpl.getTopicRouteInfoFromNameServer(MQClientAPIImpl.java:1232)
	at org.apache.rocketmq.client.impl.factory.MQClientInstance.updateTopicRouteInfoFromNameServer(MQClientInstance.java:603)
	at org.apache.rocketmq.client.impl.factory.MQClientInstance.updateTopicRouteInfoFromNameServer(MQClientInstance.java:491)
	at org.apache.rocketmq.client.impl.factory.MQClientInstance.findConsumerIdList(MQClientInstance.java:1051)
	at org.apache.rocketmq.client.impl.consumer.RebalanceImpl.rebalanceByTopic(RebalanceImpl.java:261)
	at org.apache.rocketmq.client.impl.consumer.RebalanceImpl.doRebalance(RebalanceImpl.java:224)
	at org.apache.rocketmq.client.impl.consumer.DefaultMQPushConsumerImpl.doRebalance(DefaultMQPushConsumerImpl.java:946)
	at org.apache.rocketmq.client.impl.factory.MQClientInstance.doRebalance(MQClientInstance.java:952)
	at org.apache.rocketmq.client.impl.consumer.RebalanceService.run(RebalanceService.java:44)
	at java.lang.Thread.run(Thread.java:745)

2019-02-27 22:53:10.883  WARN [bootstrap,,,] [paascloud-provider-uac,,,,] 12788 --- [ebalanceService] RocketmqClient                           : doRebalance, CID_UAC, but the topic[TPC_TOPIC] not exist.
2019-02-27 22:53:10.883  WARN [bootstrap,,,] [paascloud-provider-uac,,,,] 12788 --- [ebalanceService] RocketmqClient                           : doRebalance, CID_UAC TPC_TOPIC, get consumer id list failed
2019-02-27 22:53:10.884  INFO [bootstrap,,,] [paascloud-provider-uac,,,,] 12788 --- [ebalanceService] RocketmqRemoting                         : createChannel: begin to connect remote host[192.168.124.11:10909] asynchronously
2019-02-27 22:53:10.885  INFO [bootstrap,,,] [paascloud-provider-uac,,,,] 12788 --- [tWorkerThread_3] RocketmqRemoting                         : NETTY CLIENT PIPELINE: CONNECT  UNKNOWN => 192.168.124.11:10909
2019-02-27 22:53:10.886  INFO [bootstrap,,,] [paascloud-provider-uac,,,,] 12788 --- [ebalanceService] RocketmqRemoting                         : createChannel: connect remote host[192.168.124.11:10909] success, DefaultChannelPromise@19260f1(success)
2019-02-27 22:53:10.888  INFO [bootstrap,,,] [paascloud-provider-uac,,,,] 12788 --- [ebalanceService] RocketmqClient                           : remove unnecessary messageQueue offset. group=CID_UAC, mq=MessageQueue [topic=%RETRY%CID_UAC, brokerName=SC-201706010027, queueId=0], offsetTableSize=0
2019-02-27 22:53:10.891  INFO [bootstrap,,,] [paascloud-provider-uac,,,,] 12788 --- [ebalanceService] RocketmqClient                           : doRebalance, CID_UAC, add a new mq, MessageQueue [topic=%RETRY%CID_UAC, brokerName=SC-201706010027, queueId=0]
2019-02-27 22:53:10.891  INFO [bootstrap,,,] [paascloud-provider-uac,,,,] 12788 --- [ebalanceService] RocketmqClient                           : doRebalance, CID_UAC, add a new pull request PullRequest [consumerGroup=CID_UAC, messageQueue=MessageQueue [topic=%RETRY%CID_UAC, brokerName=SC-201706010027, queueId=0], nextOffset=0]
2019-02-27 22:53:10.891  INFO [bootstrap,,,] [paascloud-provider-uac,,,,] 12788 --- [ebalanceService] RocketmqClient                           : rebalanced result changed. allocateMessageQueueStrategyName=AVG, group=CID_UAC, topic=%RETRY%CID_UAC, clientId=192.168.124.11@12788, mqAllSize=1, cidAllSize=1, rebalanceResultSize=1, rebalanceResultSet=[MessageQueue [topic=%RETRY%CID_UAC, brokerName=SC-201706010027, queueId=0]]
2019-02-27 22:53:10.891  INFO [bootstrap,,,] [paascloud-provider-uac,,,,] 12788 --- [ebalanceService] RocketmqClient                           : %RETRY%CID_UAC Rebalance changed, also update version: 1551279190454, 1551279190891
2019-02-27 22:53:10.901  WARN [bootstrap,,,] [paascloud-provider-uac,,,,] 12788 --- [ebalanceService] RocketmqClient                           : get Topic [TPC_TOPIC] RouteInfoFromNameServer is not exist value
2019-02-27 22:53:10.902  WARN [bootstrap,,,] [paascloud-provider-uac,,,,] 12788 --- [ebalanceService] RocketmqClient                           : updateTopicRouteInfoFromNameServer Exception

org.apache.rocketmq.client.exception.MQClientException: CODE: 17  DESC: No topic route info in name server for the topic: TPC_TOPIC
See http://rocketmq.apache.org/docs/faq/ for further details.
	at org.apache.rocketmq.client.impl.MQClientAPIImpl.getTopicRouteInfoFromNameServer(MQClientAPIImpl.java:1232)
	at org.apache.rocketmq.client.impl.factory.MQClientInstance.updateTopicRouteInfoFromNameServer(MQClientInstance.java:603)
	at org.apache.rocketmq.client.impl.factory.MQClientInstance.updateTopicRouteInfoFromNameServer(MQClientInstance.java:491)
	at org.apache.rocketmq.client.impl.factory.MQClientInstance.findConsumerIdList(MQClientInstance.java:1051)
	at org.apache.rocketmq.client.impl.consumer.RebalanceImpl.rebalanceByTopic(RebalanceImpl.java:261)
	at org.apache.rocketmq.client.impl.consumer.RebalanceImpl.doRebalance(RebalanceImpl.java:224)
	at org.apache.rocketmq.client.impl.consumer.DefaultMQPushConsumerImpl.doRebalance(DefaultMQPushConsumerImpl.java:946)
	at org.apache.rocketmq.client.impl.factory.MQClientInstance.doRebalance(MQClientInstance.java:952)
	at org.apache.rocketmq.client.impl.consumer.RebalanceService.run(RebalanceService.java:44)
	at java.lang.Thread.run(Thread.java:745)

2019-02-27 22:53:10.902  WARN [bootstrap,,,] [paascloud-provider-uac,,,,] 12788 --- [ebalanceService] RocketmqClient                           : doRebalance, CID_UAC, but the topic[TPC_TOPIC] not exist.
2019-02-27 22:53:10.902  WARN [bootstrap,,,] [paascloud-provider-uac,,,,] 12788 --- [ebalanceService] RocketmqClient                           : doRebalance, CID_UAC TPC_TOPIC, get consumer id list failed
2019-02-27 22:53:11.667  WARN [bootstrap,,,] [paascloud-provider-uac,,,,] 12788 --- [cloud.net:2181)] org.apache.zookeeper.ClientCnxn          : Session 0x0 for server null, unexpected error, closing socket connection and attempting reconnect

java.net.ConnectException: Connection refused: no further information
	at sun.nio.ch.SocketChannelImpl.checkConnect(Native Method)
	at sun.nio.ch.SocketChannelImpl.finishConnect(SocketChannelImpl.java:717)
	at org.apache.zookeeper.ClientCnxnSocketNIO.doTransport(ClientCnxnSocketNIO.java:361)
	at org.apache.zookeeper.ClientCnxn$SendThread.run(ClientCnxn.java:1081)

2019-02-27 22:53:12.767  INFO [bootstrap,,,] [paascloud-provider-uac,,,,] 12788 --- [cloud.net:2181)] org.apache.zookeeper.ClientCnxn          : Opening socket connection to server dev-login.paascloud.net/127.0.0.1:2181. Will not attempt to authenticate using SASL (unknown error)
2019-02-27 22:53:13.768  WARN [bootstrap,,,] [paascloud-provider-uac,,,,] 12788 --- [cloud.net:2181)] org.apache.zookeeper.ClientCnxn          : Session 0x0 for server null, unexpected error, closing socket connection and attempting reconnect

java.net.ConnectException: Connection refused: no further information
	at sun.nio.ch.SocketChannelImpl.checkConnect(Native Method)
	at sun.nio.ch.SocketChannelImpl.finishConnect(SocketChannelImpl.java:717)
	at org.apache.zookeeper.ClientCnxnSocketNIO.doTransport(ClientCnxnSocketNIO.java:361)
	at org.apache.zookeeper.ClientCnxn$SendThread.run(ClientCnxn.java:1081)

2019-02-27 22:53:14.870  INFO [bootstrap,,,] [paascloud-provider-uac,,,,] 12788 --- [cloud.net:2181)] org.apache.zookeeper.ClientCnxn          : Opening socket connection to server dev-login.paascloud.net/127.0.0.1:2181. Will not attempt to authenticate using SASL (unknown error)
2019-02-27 22:53:15.872  WARN [bootstrap,,,] [paascloud-provider-uac,,,,] 12788 --- [cloud.net:2181)] org.apache.zookeeper.ClientCnxn          : Session 0x0 for server null, unexpected error, closing socket connection and attempting reconnect

java.net.ConnectException: Connection refused: no further information
	at sun.nio.ch.SocketChannelImpl.checkConnect(Native Method)
	at sun.nio.ch.SocketChannelImpl.finishConnect(SocketChannelImpl.java:717)
	at org.apache.zookeeper.ClientCnxnSocketNIO.doTransport(ClientCnxnSocketNIO.java:361)
	at org.apache.zookeeper.ClientCnxn$SendThread.run(ClientCnxn.java:1081)

2019-02-27 22:53:16.973  INFO [bootstrap,,,] [paascloud-provider-uac,,,,] 12788 --- [cloud.net:2181)] org.apache.zookeeper.ClientCnxn          : Opening socket connection to server dev-login.paascloud.net/127.0.0.1:2181. Will not attempt to authenticate using SASL (unknown error)
2019-02-27 22:53:17.548  INFO [bootstrap,,,] [paascloud-provider-uac,,,,] 12788 --- [tor-Framework-0] o.a.c.f.imps.CuratorFrameworkImpl        : backgroundOperationsLoop exiting
2019-02-27 22:53:18.074  INFO [bootstrap,,,] [paascloud-provider-uac,,,,] 12788 --- [           main] org.apache.zookeeper.ZooKeeper           : Session: 0x0 closed
2019-02-27 22:53:18.074  INFO [bootstrap,,,] [paascloud-provider-uac,,,,] 12788 --- [ain-EventThread] org.apache.zookeeper.ClientCnxn          : EventThread shut down
2019-02-27 22:53:18.078  INFO [bootstrap,,,] [paascloud-provider-uac,,,,] 12788 --- [           main] utoConfigurationReportLoggingInitializer : 

Error starting ApplicationContext. To display the auto-configuration report re-run your application with 'debug' enabled.
2019-02-27 22:53:18.082 ERROR [bootstrap,,,] [paascloud-provider-uac,,,,] 12788 --- [           main] o.s.boot.SpringApplication               : Application startup failed

java.lang.IllegalStateException: Failed to execute CommandLineRunner
	at org.springframework.boot.SpringApplication.callRunner(SpringApplication.java:735)
	at org.springframework.boot.SpringApplication.callRunners(SpringApplication.java:716)
	at org.springframework.boot.SpringApplication.afterRefresh(SpringApplication.java:703)
	at org.springframework.boot.SpringApplication.run(SpringApplication.java:304)
	at org.springframework.boot.test.context.SpringBootContextLoader.loadContext(SpringBootContextLoader.java:121)
	at org.springframework.test.context.cache.DefaultCacheAwareContextLoaderDelegate.loadContextInternal(DefaultCacheAwareContextLoaderDelegate.java:98)
	at org.springframework.test.context.cache.DefaultCacheAwareContextLoaderDelegate.loadContext(DefaultCacheAwareContextLoaderDelegate.java:116)
	at org.springframework.test.context.support.DefaultTestContext.getApplicationContext(DefaultTestContext.java:83)
	at org.springframework.test.context.web.ServletTestExecutionListener.setUpRequestContextIfNecessary(ServletTestExecutionListener.java:189)
	at org.springframework.test.context.web.ServletTestExecutionListener.prepareTestInstance(ServletTestExecutionListener.java:131)
	at org.springframework.test.context.TestContextManager.prepareTestInstance(TestContextManager.java:230)
	at org.springframework.test.context.junit4.SpringJUnit4ClassRunner.createTest(SpringJUnit4ClassRunner.java:228)
	at org.springframework.test.context.junit4.SpringJUnit4ClassRunner$1.runReflectiveCall(SpringJUnit4ClassRunner.java:287)
	at org.junit.internal.runners.model.ReflectiveCallable.run(ReflectiveCallable.java:12)
	at org.springframework.test.context.junit4.SpringJUnit4ClassRunner.methodBlock(SpringJUnit4ClassRunner.java:289)
	at org.springframework.test.context.junit4.SpringJUnit4ClassRunner.runChild(SpringJUnit4ClassRunner.java:247)
	at org.springframework.test.context.junit4.SpringJUnit4ClassRunner.runChild(SpringJUnit4ClassRunner.java:94)
	at org.junit.runners.ParentRunner$3.run(ParentRunner.java:290)
	at org.junit.runners.ParentRunner$1.schedule(ParentRunner.java:71)
	at org.junit.runners.ParentRunner.runChildren(ParentRunner.java:288)
	at org.junit.runners.ParentRunner.access$000(ParentRunner.java:58)
	at org.junit.runners.ParentRunner$2.evaluate(ParentRunner.java:268)
	at org.springframework.test.context.junit4.statements.RunBeforeTestClassCallbacks.evaluate(RunBeforeTestClassCallbacks.java:61)
	at org.springframework.test.context.junit4.statements.RunAfterTestClassCallbacks.evaluate(RunAfterTestClassCallbacks.java:70)
	at org.junit.runners.ParentRunner.run(ParentRunner.java:363)
	at org.springframework.test.context.junit4.SpringJUnit4ClassRunner.run(SpringJUnit4ClassRunner.java:191)
	at org.apache.maven.surefire.junit4.JUnit4Provider.execute(JUnit4Provider.java:283)
	at org.apache.maven.surefire.junit4.JUnit4Provider.executeWithRerun(JUnit4Provider.java:173)
	at org.apache.maven.surefire.junit4.JUnit4Provider.executeTestSet(JUnit4Provider.java:153)
	at org.apache.maven.surefire.junit4.JUnit4Provider.invoke(JUnit4Provider.java:128)
	at org.apache.maven.surefire.booter.ForkedBooter.invokeProviderInSameClassLoader(ForkedBooter.java:203)
	at org.apache.maven.surefire.booter.ForkedBooter.runSuitesInProcess(ForkedBooter.java:155)
	at org.apache.maven.surefire.booter.ForkedBooter.main(ForkedBooter.java:103)
Caused by: com.paascloud.core.registry.exception.RegException: org.apache.zookeeper.KeeperException$OperationTimeoutException: KeeperErrorCode = OperationTimeout
	at com.paascloud.core.registry.exception.RegExceptionHandler.handleException(RegExceptionHandler.java:35)
	at com.paascloud.core.registry.zookeeper.ZookeeperRegistryCenter.init(ZookeeperRegistryCenter.java:105)
	at com.paascloud.core.registry.RegistryCenterFactory.createCoordinatorRegistryCenter(RegistryCenterFactory.java:44)
	at com.paascloud.core.registry.RegistryCenterFactory.startup(RegistryCenterFactory.java:57)
	at com.paascloud.core.config.ZookeeperInitRunner.run(ZookeeperInitRunner.java:50)
	at org.springframework.boot.SpringApplication.callRunner(SpringApplication.java:732)
	... 32 common frames omitted
Caused by: org.apache.zookeeper.KeeperException$OperationTimeoutException: KeeperErrorCode = OperationTimeout
	at com.paascloud.core.registry.zookeeper.ZookeeperRegistryCenter.init(ZookeeperRegistryCenter.java:99)
	... 36 common frames omitted

2019-02-27 22:53:18.082  INFO [bootstrap,,,] [paascloud-provider-uac,,,,] 12788 --- [           main] o.s.w.c.s.GenericWebApplicationContext   : Closing org.springframework.web.context.support.GenericWebApplicationContext@7ef90f10: startup date [Wed Feb 27 22:52:54 CST 2019]; parent: org.springframework.context.annotation.AnnotationConfigApplicationContext@4c692b14
2019-02-27 22:53:18.086  INFO [bootstrap,,,] [paascloud-provider-uac,,,,] 12788 --- [           main] o.s.c.n.eureka.InstanceInfoFactory       : Setting initial instance status as: STARTING
2019-02-27 22:53:18.090  INFO [bootstrap,,,] [paascloud-provider-uac,,,,] 12788 --- [           main] o.s.c.n.e.s.EurekaServiceRegistry        : Unregistering application paascloud-provider-uac with eureka with status DOWN
2019-02-27 22:53:18.093  INFO [bootstrap,,,] [paascloud-provider-uac,,,,] 12788 --- [           main] o.s.c.support.DefaultLifecycleProcessor  : Stopping beans in phase 2147483647
2019-02-27 22:53:18.093  INFO [bootstrap,,,] [paascloud-provider-uac,,,,] 12788 --- [           main] o.s.c.support.DefaultLifecycleProcessor  : Stopping beans in phase 0
2019-02-27 22:53:18.094  INFO [bootstrap,,,] [paascloud-provider-uac,,,,] 12788 --- [           main] RocketmqClient                           : [persistAll] Group: CID_UAC ClientId: 192.168.124.11@12788 updateConsumeOffsetToBroker MessageQueue [topic=%RETRY%CID_UAC, brokerName=SC-201706010027, queueId=0] 0
2019-02-27 22:53:18.097  INFO [bootstrap,,,] [paascloud-provider-uac,,,,] 12788 --- [           main] RocketmqClient                           : unregister client[Producer: null Consumer: CID_UAC] from broker[SC-201706010027 0 192.168.124.11:10911] success
2019-02-27 22:53:18.100  INFO [bootstrap,,,] [paascloud-provider-uac,,,,] 12788 --- [           main] RocketmqClient                           : unregister client[Producer: CLIENT_INNER_PRODUCER Consumer: null] from broker[SC-201706010027 0 192.168.124.11:10911] success
2019-02-27 22:53:18.100  INFO [bootstrap,,,] [paascloud-provider-uac,,,,] 12788 --- [           main] RocketmqClient                           : the producer [CLIENT_INNER_PRODUCER] shutdown OK
2019-02-27 22:53:18.100  INFO [bootstrap,,,] [paascloud-provider-uac,,,,] 12788 --- [           main] RocketmqCommon                           : shutdown thread PullMessageService interrupt true
2019-02-27 22:53:18.100  INFO [bootstrap,,,] [paascloud-provider-uac,,,,] 12788 --- [lMessageService] RocketmqClient                           : PullMessageService service end
2019-02-27 22:53:18.100  INFO [bootstrap,,,] [paascloud-provider-uac,,,,] 12788 --- [           main] RocketmqCommon                           : join thread PullMessageService eclipse time(ms) 0 90000
2019-02-27 22:53:18.101  INFO [bootstrap,,,] [paascloud-provider-uac,,,,] 12788 --- [           main] RocketmqRemoting                         : closeChannel: begin close the channel[192.168.124.11:10909] Found: true
2019-02-27 22:53:18.101  INFO [bootstrap,,,] [paascloud-provider-uac,,,,] 12788 --- [           main] RocketmqRemoting                         : closeChannel: the channel[192.168.124.11:10909] was removed from channel table
2019-02-27 22:53:18.101  INFO [bootstrap,,,] [paascloud-provider-uac,,,,] 12788 --- [           main] RocketmqRemoting                         : closeChannel: begin close the channel[192.168.124.11:10911] Found: true
2019-02-27 22:53:18.101  INFO [bootstrap,,,] [paascloud-provider-uac,,,,] 12788 --- [tWorkerThread_3] RocketmqRemoting                         : NETTY CLIENT PIPELINE: CLOSE 192.168.124.11:10909
2019-02-27 22:53:18.101  INFO [bootstrap,,,] [paascloud-provider-uac,,,,] 12788 --- [           main] RocketmqRemoting                         : closeChannel: the channel[192.168.124.11:10911] was removed from channel table
2019-02-27 22:53:18.101  INFO [bootstrap,,,] [paascloud-provider-uac,,,,] 12788 --- [           main] RocketmqRemoting                         : closeChannel: begin close the channel[127.0.0.1:9876] Found: false
2019-02-27 22:53:18.101  INFO [bootstrap,,,] [paascloud-provider-uac,,,,] 12788 --- [           main] RocketmqRemoting                         : closeChannel: the channel[127.0.0.1:9876] has been removed from the channel table before
2019-02-27 22:53:18.101  INFO [bootstrap,,,] [paascloud-provider-uac,,,,] 12788 --- [tWorkerThread_2] RocketmqRemoting                         : NETTY CLIENT PIPELINE: CLOSE 192.168.124.11:10911
2019-02-27 22:53:18.101  INFO [bootstrap,,,] [paascloud-provider-uac,,,,] 12788 --- [tWorkerThread_1] RocketmqRemoting                         : NETTY CLIENT PIPELINE: CLOSE 127.0.0.1:9876
2019-02-27 22:53:18.101  INFO [bootstrap,,,] [paascloud-provider-uac,,,,] 12788 --- [           main] RocketmqRemoting                         : shutdown thread NettyEventExecutor interrupt false
2019-02-27 22:53:18.101  INFO [bootstrap,,,] [paascloud-provider-uac,,,,] 12788 --- [tWorkerThread_2] RocketmqRemoting                         : eventCloseChannel: the channel[null] has been removed from the channel table before
2019-02-27 22:53:18.102  INFO [bootstrap,,,] [paascloud-provider-uac,,,,] 12788 --- [           main] RocketmqRemoting                         : join thread NettyEventExecutor eclipse time(ms) 0 90000
2019-02-27 22:53:18.102  INFO [bootstrap,,,] [paascloud-provider-uac,,,,] 12788 --- [tWorkerThread_3] RocketmqRemoting                         : eventCloseChannel: the channel[null] has been removed from the channel table before
2019-02-27 22:53:18.102  INFO [bootstrap,,,] [paascloud-provider-uac,,,,] 12788 --- [           main] RocketmqCommon                           : shutdown thread RebalanceService interrupt false
2019-02-27 22:53:18.103  INFO [bootstrap,,,] [paascloud-provider-uac,,,,] 12788 --- [ebalanceService] RocketmqClient                           : RebalanceService service end
2019-02-27 22:53:18.102  INFO [bootstrap,,,] [paascloud-provider-uac,,,,] 12788 --- [lientSelector_1] RocketmqRemoting                         : closeChannel: close the connection to remote address[192.168.124.11:10911] result: true
2019-02-27 22:53:18.103  INFO [bootstrap,,,] [paascloud-provider-uac,,,,] 12788 --- [           main] RocketmqCommon                           : join thread RebalanceService eclipse time(ms) 1 90000
2019-02-27 22:53:18.104  INFO [bootstrap,,,] [paascloud-provider-uac,,,,] 12788 --- [tWorkerThread_1] RocketmqRemoting                         : eventCloseChannel: the channel[null] has been removed from the channel table before
2019-02-27 22:53:18.104  INFO [bootstrap,,,] [paascloud-provider-uac,,,,] 12788 --- [           main] RocketmqClient                           : the client factory [192.168.124.11@12788] shutdown OK
2019-02-27 22:53:18.104  INFO [bootstrap,,,] [paascloud-provider-uac,,,,] 12788 --- [lientSelector_1] RocketmqRemoting                         : closeChannel: close the connection to remote address[192.168.124.11:10909] result: true
2019-02-27 22:53:18.104  INFO [bootstrap,,,] [paascloud-provider-uac,,,,] 12788 --- [           main] RocketmqClient                           : the consumer [CID_UAC] shutdown OK
2019-02-27 22:53:18.104  INFO [bootstrap,,,] [paascloud-provider-uac,,,,] 12788 --- [lientSelector_1] RocketmqRemoting                         : closeChannel: close the connection to remote address[127.0.0.1:9876] result: true
2019-02-27 22:53:18.111  INFO [bootstrap,,,] [paascloud-provider-uac,,,,] 12788 --- [           main] com.netflix.discovery.DiscoveryClient    : Initializing Eureka in region us-east-1
2019-02-27 22:53:18.115  INFO [bootstrap,,,] [paascloud-provider-uac,,,,] 12788 --- [           main] c.n.d.provider.DiscoveryJerseyProvider   : Using JSON encoding codec LegacyJacksonJson
2019-02-27 22:53:18.115  INFO [bootstrap,,,] [paascloud-provider-uac,,,,] 12788 --- [           main] c.n.d.provider.DiscoveryJerseyProvider   : Using JSON decoding codec LegacyJacksonJson
2019-02-27 22:53:18.115  INFO [bootstrap,,,] [paascloud-provider-uac,,,,] 12788 --- [           main] c.n.d.provider.DiscoveryJerseyProvider   : Using XML encoding codec XStreamXml
2019-02-27 22:53:18.115  INFO [bootstrap,,,] [paascloud-provider-uac,,,,] 12788 --- [           main] c.n.d.provider.DiscoveryJerseyProvider   : Using XML decoding codec XStreamXml
2019-02-27 22:53:18.164  INFO [bootstrap,,,] [paascloud-provider-uac,,,,] 12788 --- [           main] c.n.d.s.r.aws.ConfigClusterResolver      : Resolving eureka endpoints via configuration
2019-02-27 22:53:18.166  INFO [bootstrap,,,] [paascloud-provider-uac,,,,] 12788 --- [           main] com.netflix.discovery.DiscoveryClient    : Disable delta property : false
2019-02-27 22:53:18.166  INFO [bootstrap,,,] [paascloud-provider-uac,,,,] 12788 --- [           main] com.netflix.discovery.DiscoveryClient    : Single vip registry refresh property : null
2019-02-27 22:53:18.166  INFO [bootstrap,,,] [paascloud-provider-uac,,,,] 12788 --- [           main] com.netflix.discovery.DiscoveryClient    : Force full registry fetch : false
2019-02-27 22:53:18.166  INFO [bootstrap,,,] [paascloud-provider-uac,,,,] 12788 --- [           main] com.netflix.discovery.DiscoveryClient    : Application is null : false
2019-02-27 22:53:18.166  INFO [bootstrap,,,] [paascloud-provider-uac,,,,] 12788 --- [           main] com.netflix.discovery.DiscoveryClient    : Registered Applications size is zero : true
2019-02-27 22:53:18.166  INFO [bootstrap,,,] [paascloud-provider-uac,,,,] 12788 --- [           main] com.netflix.discovery.DiscoveryClient    : Application version is -1: true
2019-02-27 22:53:18.166  INFO [bootstrap,,,] [paascloud-provider-uac,,,,] 12788 --- [           main] com.netflix.discovery.DiscoveryClient    : Getting all instance registry info from the eureka server
2019-02-27 22:53:18.222  INFO [bootstrap,,,] [paascloud-provider-uac,,,,] 12788 --- [           main] com.netflix.discovery.DiscoveryClient    : The response status is 200
2019-02-27 22:53:18.223  INFO [bootstrap,,,] [paascloud-provider-uac,,,,] 12788 --- [           main] com.netflix.discovery.DiscoveryClient    : Starting heartbeat executor: renew interval is: 30
2019-02-27 22:53:18.223  INFO [bootstrap,,,] [paascloud-provider-uac,,,,] 12788 --- [           main] c.n.discovery.InstanceInfoReplicator     : InstanceInfoReplicator onDemand update allowed rate per min is 4
2019-02-27 22:53:18.224  INFO [bootstrap,,,] [paascloud-provider-uac,,,,] 12788 --- [           main] com.netflix.discovery.DiscoveryClient    : Discovery Client initialized at timestamp 1551279198224 with initial instances count: 1
2019-02-27 22:53:18.236  INFO [bootstrap,,,] [paascloud-provider-uac,,,,] 12788 --- [           main] com.netflix.discovery.DiscoveryClient    : Shutting down DiscoveryClient ...
2019-02-27 22:53:18.237  INFO [bootstrap,,,] [paascloud-provider-uac,,,,] 12788 --- [           main] com.netflix.discovery.DiscoveryClient    : Unregistering ...
2019-02-27 22:53:18.244  INFO [bootstrap,,,] [paascloud-provider-uac,,,,] 12788 --- [           main] com.netflix.discovery.DiscoveryClient    : DiscoveryClient_PAASCLOUD-PROVIDER-UAC/paascloud-provider-uac:192.168.144.1:-1 - deregister  status: 404
2019-02-27 22:53:18.248  INFO [bootstrap,,,] [paascloud-provider-uac,,,,] 12788 --- [           main] com.netflix.discovery.DiscoveryClient    : Completed shut down of DiscoveryClient
2019-02-27 22:53:18.250  INFO [bootstrap,,,] [paascloud-provider-uac,,,,] 12788 --- [           main] s.c.a.AnnotationConfigApplicationContext : Closing org.springframework.context.annotation.AnnotationConfigApplicationContext@7a0cfdfc: startup date [Wed Feb 27 22:53:00 CST 2019]; parent: org.springframework.web.context.support.GenericWebApplicationContext@7ef90f10
2019-02-27 22:53:18.251  WARN [bootstrap,,,] [paascloud-provider-uac,,,,] 12788 --- [           main] s.c.a.AnnotationConfigApplicationContext : Exception thrown from ApplicationListener handling ContextClosedEvent

org.springframework.beans.factory.BeanCreationNotAllowedException: Error creating bean with name 'eurekaAutoServiceRegistration': Singleton bean creation not allowed while singletons of this factory are in destruction (Do not request a bean from a BeanFactory in a destroy method implementation!)
	at org.springframework.beans.factory.support.DefaultSingletonBeanRegistry.getSingleton(DefaultSingletonBeanRegistry.java:216)
	at org.springframework.beans.factory.support.AbstractBeanFactory.doGetBean(AbstractBeanFactory.java:308)
	at org.springframework.beans.factory.support.AbstractBeanFactory.getBean(AbstractBeanFactory.java:197)
	at org.springframework.context.support.AbstractApplicationContext.getBean(AbstractApplicationContext.java:1081)
	at org.springframework.context.event.ApplicationListenerMethodAdapter.getTargetBean(ApplicationListenerMethodAdapter.java:280)
	at org.springframework.context.event.ApplicationListenerMethodAdapter.doInvoke(ApplicationListenerMethodAdapter.java:250)
	at org.springframework.context.event.ApplicationListenerMethodAdapter.processEvent(ApplicationListenerMethodAdapter.java:174)
	at org.springframework.context.event.ApplicationListenerMethodAdapter.onApplicationEvent(ApplicationListenerMethodAdapter.java:137)
	at org.springframework.context.event.SimpleApplicationEventMulticaster.invokeListener(SimpleApplicationEventMulticaster.java:167)
	at org.springframework.context.event.SimpleApplicationEventMulticaster.multicastEvent(SimpleApplicationEventMulticaster.java:139)
	at org.springframework.context.support.AbstractApplicationContext.publishEvent(AbstractApplicationContext.java:383)
	at org.springframework.context.support.AbstractApplicationContext.publishEvent(AbstractApplicationContext.java:389)
	at org.springframework.context.support.AbstractApplicationContext.publishEvent(AbstractApplicationContext.java:337)
	at org.springframework.context.support.AbstractApplicationContext.doClose(AbstractApplicationContext.java:994)
	at org.springframework.context.support.AbstractApplicationContext.close(AbstractApplicationContext.java:961)
	at org.springframework.cloud.context.named.NamedContextFactory.destroy(NamedContextFactory.java:76)
	at org.springframework.beans.factory.support.DisposableBeanAdapter.destroy(DisposableBeanAdapter.java:272)
	at org.springframework.beans.factory.support.DefaultSingletonBeanRegistry.destroyBean(DefaultSingletonBeanRegistry.java:583)
	at org.springframework.beans.factory.support.DefaultSingletonBeanRegistry.destroySingleton(DefaultSingletonBeanRegistry.java:555)
	at org.springframework.beans.factory.support.DefaultListableBeanFactory.destroySingleton(DefaultListableBeanFactory.java:961)
	at org.springframework.beans.factory.support.DefaultSingletonBeanRegistry.destroySingletons(DefaultSingletonBeanRegistry.java:516)
	at org.springframework.beans.factory.support.DefaultListableBeanFactory.destroySingletons(DefaultListableBeanFactory.java:968)
	at org.springframework.context.support.AbstractApplicationContext.destroyBeans(AbstractApplicationContext.java:1033)
	at org.springframework.context.support.AbstractApplicationContext.doClose(AbstractApplicationContext.java:1009)
	at org.springframework.context.support.AbstractApplicationContext.close(AbstractApplicationContext.java:961)
	at org.springframework.boot.SpringApplication.handleRunFailure(SpringApplication.java:750)
	at org.springframework.boot.SpringApplication.run(SpringApplication.java:314)
	at org.springframework.boot.test.context.SpringBootContextLoader.loadContext(SpringBootContextLoader.java:121)
	at org.springframework.test.context.cache.DefaultCacheAwareContextLoaderDelegate.loadContextInternal(DefaultCacheAwareContextLoaderDelegate.java:98)
	at org.springframework.test.context.cache.DefaultCacheAwareContextLoaderDelegate.loadContext(DefaultCacheAwareContextLoaderDelegate.java:116)
	at org.springframework.test.context.support.DefaultTestContext.getApplicationContext(DefaultTestContext.java:83)
	at org.springframework.test.context.web.ServletTestExecutionListener.setUpRequestContextIfNecessary(ServletTestExecutionListener.java:189)
	at org.springframework.test.context.web.ServletTestExecutionListener.prepareTestInstance(ServletTestExecutionListener.java:131)
	at org.springframework.test.context.TestContextManager.prepareTestInstance(TestContextManager.java:230)
	at org.springframework.test.context.junit4.SpringJUnit4ClassRunner.createTest(SpringJUnit4ClassRunner.java:228)
	at org.springframework.test.context.junit4.SpringJUnit4ClassRunner$1.runReflectiveCall(SpringJUnit4ClassRunner.java:287)
	at org.junit.internal.runners.model.ReflectiveCallable.run(ReflectiveCallable.java:12)
	at org.springframework.test.context.junit4.SpringJUnit4ClassRunner.methodBlock(SpringJUnit4ClassRunner.java:289)
	at org.springframework.test.context.junit4.SpringJUnit4ClassRunner.runChild(SpringJUnit4ClassRunner.java:247)
	at org.springframework.test.context.junit4.SpringJUnit4ClassRunner.runChild(SpringJUnit4ClassRunner.java:94)
	at org.junit.runners.ParentRunner$3.run(ParentRunner.java:290)
	at org.junit.runners.ParentRunner$1.schedule(ParentRunner.java:71)
	at org.junit.runners.ParentRunner.runChildren(ParentRunner.java:288)
	at org.junit.runners.ParentRunner.access$000(ParentRunner.java:58)
	at org.junit.runners.ParentRunner$2.evaluate(ParentRunner.java:268)
	at org.springframework.test.context.junit4.statements.RunBeforeTestClassCallbacks.evaluate(RunBeforeTestClassCallbacks.java:61)
	at org.springframework.test.context.junit4.statements.RunAfterTestClassCallbacks.evaluate(RunAfterTestClassCallbacks.java:70)
	at org.junit.runners.ParentRunner.run(ParentRunner.java:363)
	at org.springframework.test.context.junit4.SpringJUnit4ClassRunner.run(SpringJUnit4ClassRunner.java:191)
	at org.apache.maven.surefire.junit4.JUnit4Provider.execute(JUnit4Provider.java:283)
	at org.apache.maven.surefire.junit4.JUnit4Provider.executeWithRerun(JUnit4Provider.java:173)
	at org.apache.maven.surefire.junit4.JUnit4Provider.executeTestSet(JUnit4Provider.java:153)
	at org.apache.maven.surefire.junit4.JUnit4Provider.invoke(JUnit4Provider.java:128)
	at org.apache.maven.surefire.booter.ForkedBooter.invokeProviderInSameClassLoader(ForkedBooter.java:203)
	at org.apache.maven.surefire.booter.ForkedBooter.runSuitesInProcess(ForkedBooter.java:155)
	at org.apache.maven.surefire.booter.ForkedBooter.main(ForkedBooter.java:103)

2019-02-27 22:53:18.251  INFO [bootstrap,,,] [paascloud-provider-uac,,,,] 12788 --- [           main] s.c.a.AnnotationConfigApplicationContext : Closing org.springframework.context.annotation.AnnotationConfigApplicationContext@1bbdfae5: startup date [Wed Feb 27 22:53:00 CST 2019]; parent: org.springframework.web.context.support.GenericWebApplicationContext@7ef90f10
2019-02-27 22:53:18.252  WARN [bootstrap,,,] [paascloud-provider-uac,,,,] 12788 --- [           main] s.c.a.AnnotationConfigApplicationContext : Exception thrown from ApplicationListener handling ContextClosedEvent

org.springframework.beans.factory.BeanCreationNotAllowedException: Error creating bean with name 'eurekaAutoServiceRegistration': Singleton bean creation not allowed while singletons of this factory are in destruction (Do not request a bean from a BeanFactory in a destroy method implementation!)
	at org.springframework.beans.factory.support.DefaultSingletonBeanRegistry.getSingleton(DefaultSingletonBeanRegistry.java:216)
	at org.springframework.beans.factory.support.AbstractBeanFactory.doGetBean(AbstractBeanFactory.java:308)
	at org.springframework.beans.factory.support.AbstractBeanFactory.getBean(AbstractBeanFactory.java:197)
	at org.springframework.context.support.AbstractApplicationContext.getBean(AbstractApplicationContext.java:1081)
	at org.springframework.context.event.ApplicationListenerMethodAdapter.getTargetBean(ApplicationListenerMethodAdapter.java:280)
	at org.springframework.context.event.ApplicationListenerMethodAdapter.doInvoke(ApplicationListenerMethodAdapter.java:250)
	at org.springframework.context.event.ApplicationListenerMethodAdapter.processEvent(ApplicationListenerMethodAdapter.java:174)
	at org.springframework.context.event.ApplicationListenerMethodAdapter.onApplicationEvent(ApplicationListenerMethodAdapter.java:137)
	at org.springframework.context.event.SimpleApplicationEventMulticaster.invokeListener(SimpleApplicationEventMulticaster.java:167)
	at org.springframework.context.event.SimpleApplicationEventMulticaster.multicastEvent(SimpleApplicationEventMulticaster.java:139)
	at org.springframework.context.support.AbstractApplicationContext.publishEvent(AbstractApplicationContext.java:383)
	at org.springframework.context.support.AbstractApplicationContext.publishEvent(AbstractApplicationContext.java:389)
	at org.springframework.context.support.AbstractApplicationContext.publishEvent(AbstractApplicationContext.java:337)
	at org.springframework.context.support.AbstractApplicationContext.doClose(AbstractApplicationContext.java:994)
	at org.springframework.context.support.AbstractApplicationContext.close(AbstractApplicationContext.java:961)
	at org.springframework.cloud.context.named.NamedContextFactory.destroy(NamedContextFactory.java:76)
	at org.springframework.beans.factory.support.DisposableBeanAdapter.destroy(DisposableBeanAdapter.java:272)
	at org.springframework.beans.factory.support.DefaultSingletonBeanRegistry.destroyBean(DefaultSingletonBeanRegistry.java:583)
	at org.springframework.beans.factory.support.DefaultSingletonBeanRegistry.destroySingleton(DefaultSingletonBeanRegistry.java:555)
	at org.springframework.beans.factory.support.DefaultListableBeanFactory.destroySingleton(DefaultListableBeanFactory.java:961)
	at org.springframework.beans.factory.support.DefaultSingletonBeanRegistry.destroySingletons(DefaultSingletonBeanRegistry.java:516)
	at org.springframework.beans.factory.support.DefaultListableBeanFactory.destroySingletons(DefaultListableBeanFactory.java:968)
	at org.springframework.context.support.AbstractApplicationContext.destroyBeans(AbstractApplicationContext.java:1033)
	at org.springframework.context.support.AbstractApplicationContext.doClose(AbstractApplicationContext.java:1009)
	at org.springframework.context.support.AbstractApplicationContext.close(AbstractApplicationContext.java:961)
	at org.springframework.boot.SpringApplication.handleRunFailure(SpringApplication.java:750)
	at org.springframework.boot.SpringApplication.run(SpringApplication.java:314)
	at org.springframework.boot.test.context.SpringBootContextLoader.loadContext(SpringBootContextLoader.java:121)
	at org.springframework.test.context.cache.DefaultCacheAwareContextLoaderDelegate.loadContextInternal(DefaultCacheAwareContextLoaderDelegate.java:98)
	at org.springframework.test.context.cache.DefaultCacheAwareContextLoaderDelegate.loadContext(DefaultCacheAwareContextLoaderDelegate.java:116)
	at org.springframework.test.context.support.DefaultTestContext.getApplicationContext(DefaultTestContext.java:83)
	at org.springframework.test.context.web.ServletTestExecutionListener.setUpRequestContextIfNecessary(ServletTestExecutionListener.java:189)
	at org.springframework.test.context.web.ServletTestExecutionListener.prepareTestInstance(ServletTestExecutionListener.java:131)
	at org.springframework.test.context.TestContextManager.prepareTestInstance(TestContextManager.java:230)
	at org.springframework.test.context.junit4.SpringJUnit4ClassRunner.createTest(SpringJUnit4ClassRunner.java:228)
	at org.springframework.test.context.junit4.SpringJUnit4ClassRunner$1.runReflectiveCall(SpringJUnit4ClassRunner.java:287)
	at org.junit.internal.runners.model.ReflectiveCallable.run(ReflectiveCallable.java:12)
	at org.springframework.test.context.junit4.SpringJUnit4ClassRunner.methodBlock(SpringJUnit4ClassRunner.java:289)
	at org.springframework.test.context.junit4.SpringJUnit4ClassRunner.runChild(SpringJUnit4ClassRunner.java:247)
	at org.springframework.test.context.junit4.SpringJUnit4ClassRunner.runChild(SpringJUnit4ClassRunner.java:94)
	at org.junit.runners.ParentRunner$3.run(ParentRunner.java:290)
	at org.junit.runners.ParentRunner$1.schedule(ParentRunner.java:71)
	at org.junit.runners.ParentRunner.runChildren(ParentRunner.java:288)
	at org.junit.runners.ParentRunner.access$000(ParentRunner.java:58)
	at org.junit.runners.ParentRunner$2.evaluate(ParentRunner.java:268)
	at org.springframework.test.context.junit4.statements.RunBeforeTestClassCallbacks.evaluate(RunBeforeTestClassCallbacks.java:61)
	at org.springframework.test.context.junit4.statements.RunAfterTestClassCallbacks.evaluate(RunAfterTestClassCallbacks.java:70)
	at org.junit.runners.ParentRunner.run(ParentRunner.java:363)
	at org.springframework.test.context.junit4.SpringJUnit4ClassRunner.run(SpringJUnit4ClassRunner.java:191)
	at org.apache.maven.surefire.junit4.JUnit4Provider.execute(JUnit4Provider.java:283)
	at org.apache.maven.surefire.junit4.JUnit4Provider.executeWithRerun(JUnit4Provider.java:173)
	at org.apache.maven.surefire.junit4.JUnit4Provider.executeTestSet(JUnit4Provider.java:153)
	at org.apache.maven.surefire.junit4.JUnit4Provider.invoke(JUnit4Provider.java:128)
	at org.apache.maven.surefire.booter.ForkedBooter.invokeProviderInSameClassLoader(ForkedBooter.java:203)
	at org.apache.maven.surefire.booter.ForkedBooter.runSuitesInProcess(ForkedBooter.java:155)
	at org.apache.maven.surefire.booter.ForkedBooter.main(ForkedBooter.java:103)

2019-02-27 22:53:18.252  INFO [bootstrap,,,] [paascloud-provider-uac,,,,] 12788 --- [           main] s.c.a.AnnotationConfigApplicationContext : Closing org.springframework.context.annotation.AnnotationConfigApplicationContext@7d93aa1c: startup date [Wed Feb 27 22:52:58 CST 2019]; parent: org.springframework.web.context.support.GenericWebApplicationContext@7ef90f10
2019-02-27 22:53:18.252  WARN [bootstrap,,,] [paascloud-provider-uac,,,,] 12788 --- [           main] s.c.a.AnnotationConfigApplicationContext : Exception thrown from ApplicationListener handling ContextClosedEvent

org.springframework.beans.factory.BeanCreationNotAllowedException: Error creating bean with name 'eurekaAutoServiceRegistration': Singleton bean creation not allowed while singletons of this factory are in destruction (Do not request a bean from a BeanFactory in a destroy method implementation!)
	at org.springframework.beans.factory.support.DefaultSingletonBeanRegistry.getSingleton(DefaultSingletonBeanRegistry.java:216)
	at org.springframework.beans.factory.support.AbstractBeanFactory.doGetBean(AbstractBeanFactory.java:308)
	at org.springframework.beans.factory.support.AbstractBeanFactory.getBean(AbstractBeanFactory.java:197)
	at org.springframework.context.support.AbstractApplicationContext.getBean(AbstractApplicationContext.java:1081)
	at org.springframework.context.event.ApplicationListenerMethodAdapter.getTargetBean(ApplicationListenerMethodAdapter.java:280)
	at org.springframework.context.event.ApplicationListenerMethodAdapter.doInvoke(ApplicationListenerMethodAdapter.java:250)
	at org.springframework.context.event.ApplicationListenerMethodAdapter.processEvent(ApplicationListenerMethodAdapter.java:174)
	at org.springframework.context.event.ApplicationListenerMethodAdapter.onApplicationEvent(ApplicationListenerMethodAdapter.java:137)
	at org.springframework.context.event.SimpleApplicationEventMulticaster.invokeListener(SimpleApplicationEventMulticaster.java:167)
	at org.springframework.context.event.SimpleApplicationEventMulticaster.multicastEvent(SimpleApplicationEventMulticaster.java:139)
	at org.springframework.context.support.AbstractApplicationContext.publishEvent(AbstractApplicationContext.java:383)
	at org.springframework.context.support.AbstractApplicationContext.publishEvent(AbstractApplicationContext.java:389)
	at org.springframework.context.support.AbstractApplicationContext.publishEvent(AbstractApplicationContext.java:337)
	at org.springframework.context.support.AbstractApplicationContext.doClose(AbstractApplicationContext.java:994)
	at org.springframework.context.support.AbstractApplicationContext.close(AbstractApplicationContext.java:961)
	at org.springframework.cloud.context.named.NamedContextFactory.destroy(NamedContextFactory.java:76)
	at org.springframework.beans.factory.support.DisposableBeanAdapter.destroy(DisposableBeanAdapter.java:272)
	at org.springframework.beans.factory.support.DefaultSingletonBeanRegistry.destroyBean(DefaultSingletonBeanRegistry.java:583)
	at org.springframework.beans.factory.support.DefaultSingletonBeanRegistry.destroySingleton(DefaultSingletonBeanRegistry.java:555)
	at org.springframework.beans.factory.support.DefaultListableBeanFactory.destroySingleton(DefaultListableBeanFactory.java:961)
	at org.springframework.beans.factory.support.DefaultSingletonBeanRegistry.destroySingletons(DefaultSingletonBeanRegistry.java:516)
	at org.springframework.beans.factory.support.DefaultListableBeanFactory.destroySingletons(DefaultListableBeanFactory.java:968)
	at org.springframework.context.support.AbstractApplicationContext.destroyBeans(AbstractApplicationContext.java:1033)
	at org.springframework.context.support.AbstractApplicationContext.doClose(AbstractApplicationContext.java:1009)
	at org.springframework.context.support.AbstractApplicationContext.close(AbstractApplicationContext.java:961)
	at org.springframework.boot.SpringApplication.handleRunFailure(SpringApplication.java:750)
	at org.springframework.boot.SpringApplication.run(SpringApplication.java:314)
	at org.springframework.boot.test.context.SpringBootContextLoader.loadContext(SpringBootContextLoader.java:121)
	at org.springframework.test.context.cache.DefaultCacheAwareContextLoaderDelegate.loadContextInternal(DefaultCacheAwareContextLoaderDelegate.java:98)
	at org.springframework.test.context.cache.DefaultCacheAwareContextLoaderDelegate.loadContext(DefaultCacheAwareContextLoaderDelegate.java:116)
	at org.springframework.test.context.support.DefaultTestContext.getApplicationContext(DefaultTestContext.java:83)
	at org.springframework.test.context.web.ServletTestExecutionListener.setUpRequestContextIfNecessary(ServletTestExecutionListener.java:189)
	at org.springframework.test.context.web.ServletTestExecutionListener.prepareTestInstance(ServletTestExecutionListener.java:131)
	at org.springframework.test.context.TestContextManager.prepareTestInstance(TestContextManager.java:230)
	at org.springframework.test.context.junit4.SpringJUnit4ClassRunner.createTest(SpringJUnit4ClassRunner.java:228)
	at org.springframework.test.context.junit4.SpringJUnit4ClassRunner$1.runReflectiveCall(SpringJUnit4ClassRunner.java:287)
	at org.junit.internal.runners.model.ReflectiveCallable.run(ReflectiveCallable.java:12)
	at org.springframework.test.context.junit4.SpringJUnit4ClassRunner.methodBlock(SpringJUnit4ClassRunner.java:289)
	at org.springframework.test.context.junit4.SpringJUnit4ClassRunner.runChild(SpringJUnit4ClassRunner.java:247)
	at org.springframework.test.context.junit4.SpringJUnit4ClassRunner.runChild(SpringJUnit4ClassRunner.java:94)
	at org.junit.runners.ParentRunner$3.run(ParentRunner.java:290)
	at org.junit.runners.ParentRunner$1.schedule(ParentRunner.java:71)
	at org.junit.runners.ParentRunner.runChildren(ParentRunner.java:288)
	at org.junit.runners.ParentRunner.access$000(ParentRunner.java:58)
	at org.junit.runners.ParentRunner$2.evaluate(ParentRunner.java:268)
	at org.springframework.test.context.junit4.statements.RunBeforeTestClassCallbacks.evaluate(RunBeforeTestClassCallbacks.java:61)
	at org.springframework.test.context.junit4.statements.RunAfterTestClassCallbacks.evaluate(RunAfterTestClassCallbacks.java:70)
	at org.junit.runners.ParentRunner.run(ParentRunner.java:363)
	at org.springframework.test.context.junit4.SpringJUnit4ClassRunner.run(SpringJUnit4ClassRunner.java:191)
	at org.apache.maven.surefire.junit4.JUnit4Provider.execute(JUnit4Provider.java:283)
	at org.apache.maven.surefire.junit4.JUnit4Provider.executeWithRerun(JUnit4Provider.java:173)
	at org.apache.maven.surefire.junit4.JUnit4Provider.executeTestSet(JUnit4Provider.java:153)
	at org.apache.maven.surefire.junit4.JUnit4Provider.invoke(JUnit4Provider.java:128)
	at org.apache.maven.surefire.booter.ForkedBooter.invokeProviderInSameClassLoader(ForkedBooter.java:203)
	at org.apache.maven.surefire.booter.ForkedBooter.runSuitesInProcess(ForkedBooter.java:155)
	at org.apache.maven.surefire.booter.ForkedBooter.main(ForkedBooter.java:103)

2019-02-27 22:53:18.253  INFO [bootstrap,,,] [paascloud-provider-uac,,,,] 12788 --- [           main] s.c.a.AnnotationConfigApplicationContext : Closing org.springframework.context.annotation.AnnotationConfigApplicationContext@3f9f7994: startup date [Wed Feb 27 22:52:59 CST 2019]; parent: org.springframework.web.context.support.GenericWebApplicationContext@7ef90f10
2019-02-27 22:53:18.253  WARN [bootstrap,,,] [paascloud-provider-uac,,,,] 12788 --- [           main] s.c.a.AnnotationConfigApplicationContext : Exception thrown from ApplicationListener handling ContextClosedEvent

org.springframework.beans.factory.BeanCreationNotAllowedException: Error creating bean with name 'eurekaAutoServiceRegistration': Singleton bean creation not allowed while singletons of this factory are in destruction (Do not request a bean from a BeanFactory in a destroy method implementation!)
	at org.springframework.beans.factory.support.DefaultSingletonBeanRegistry.getSingleton(DefaultSingletonBeanRegistry.java:216)
	at org.springframework.beans.factory.support.AbstractBeanFactory.doGetBean(AbstractBeanFactory.java:308)
	at org.springframework.beans.factory.support.AbstractBeanFactory.getBean(AbstractBeanFactory.java:197)
	at org.springframework.context.support.AbstractApplicationContext.getBean(AbstractApplicationContext.java:1081)
	at org.springframework.context.event.ApplicationListenerMethodAdapter.getTargetBean(ApplicationListenerMethodAdapter.java:280)
	at org.springframework.context.event.ApplicationListenerMethodAdapter.doInvoke(ApplicationListenerMethodAdapter.java:250)
	at org.springframework.context.event.ApplicationListenerMethodAdapter.processEvent(ApplicationListenerMethodAdapter.java:174)
	at org.springframework.context.event.ApplicationListenerMethodAdapter.onApplicationEvent(ApplicationListenerMethodAdapter.java:137)
	at org.springframework.context.event.SimpleApplicationEventMulticaster.invokeListener(SimpleApplicationEventMulticaster.java:167)
	at org.springframework.context.event.SimpleApplicationEventMulticaster.multicastEvent(SimpleApplicationEventMulticaster.java:139)
	at org.springframework.context.support.AbstractApplicationContext.publishEvent(AbstractApplicationContext.java:383)
	at org.springframework.context.support.AbstractApplicationContext.publishEvent(AbstractApplicationContext.java:389)
	at org.springframework.context.support.AbstractApplicationContext.publishEvent(AbstractApplicationContext.java:337)
	at org.springframework.context.support.AbstractApplicationContext.doClose(AbstractApplicationContext.java:994)
	at org.springframework.context.support.AbstractApplicationContext.close(AbstractApplicationContext.java:961)
	at org.springframework.cloud.context.named.NamedContextFactory.destroy(NamedContextFactory.java:76)
	at org.springframework.beans.factory.support.DisposableBeanAdapter.destroy(DisposableBeanAdapter.java:272)
	at org.springframework.beans.factory.support.DefaultSingletonBeanRegistry.destroyBean(DefaultSingletonBeanRegistry.java:583)
	at org.springframework.beans.factory.support.DefaultSingletonBeanRegistry.destroySingleton(DefaultSingletonBeanRegistry.java:555)
	at org.springframework.beans.factory.support.DefaultListableBeanFactory.destroySingleton(DefaultListableBeanFactory.java:961)
	at org.springframework.beans.factory.support.DefaultSingletonBeanRegistry.destroySingletons(DefaultSingletonBeanRegistry.java:516)
	at org.springframework.beans.factory.support.DefaultListableBeanFactory.destroySingletons(DefaultListableBeanFactory.java:968)
	at org.springframework.context.support.AbstractApplicationContext.destroyBeans(AbstractApplicationContext.java:1033)
	at org.springframework.context.support.AbstractApplicationContext.doClose(AbstractApplicationContext.java:1009)
	at org.springframework.context.support.AbstractApplicationContext.close(AbstractApplicationContext.java:961)
	at org.springframework.boot.SpringApplication.handleRunFailure(SpringApplication.java:750)
	at org.springframework.boot.SpringApplication.run(SpringApplication.java:314)
	at org.springframework.boot.test.context.SpringBootContextLoader.loadContext(SpringBootContextLoader.java:121)
	at org.springframework.test.context.cache.DefaultCacheAwareContextLoaderDelegate.loadContextInternal(DefaultCacheAwareContextLoaderDelegate.java:98)
	at org.springframework.test.context.cache.DefaultCacheAwareContextLoaderDelegate.loadContext(DefaultCacheAwareContextLoaderDelegate.java:116)
	at org.springframework.test.context.support.DefaultTestContext.getApplicationContext(DefaultTestContext.java:83)
	at org.springframework.test.context.web.ServletTestExecutionListener.setUpRequestContextIfNecessary(ServletTestExecutionListener.java:189)
	at org.springframework.test.context.web.ServletTestExecutionListener.prepareTestInstance(ServletTestExecutionListener.java:131)
	at org.springframework.test.context.TestContextManager.prepareTestInstance(TestContextManager.java:230)
	at org.springframework.test.context.junit4.SpringJUnit4ClassRunner.createTest(SpringJUnit4ClassRunner.java:228)
	at org.springframework.test.context.junit4.SpringJUnit4ClassRunner$1.runReflectiveCall(SpringJUnit4ClassRunner.java:287)
	at org.junit.internal.runners.model.ReflectiveCallable.run(ReflectiveCallable.java:12)
	at org.springframework.test.context.junit4.SpringJUnit4ClassRunner.methodBlock(SpringJUnit4ClassRunner.java:289)
	at org.springframework.test.context.junit4.SpringJUnit4ClassRunner.runChild(SpringJUnit4ClassRunner.java:247)
	at org.springframework.test.context.junit4.SpringJUnit4ClassRunner.runChild(SpringJUnit4ClassRunner.java:94)
	at org.junit.runners.ParentRunner$3.run(ParentRunner.java:290)
	at org.junit.runners.ParentRunner$1.schedule(ParentRunner.java:71)
	at org.junit.runners.ParentRunner.runChildren(ParentRunner.java:288)
	at org.junit.runners.ParentRunner.access$000(ParentRunner.java:58)
	at org.junit.runners.ParentRunner$2.evaluate(ParentRunner.java:268)
	at org.springframework.test.context.junit4.statements.RunBeforeTestClassCallbacks.evaluate(RunBeforeTestClassCallbacks.java:61)
	at org.springframework.test.context.junit4.statements.RunAfterTestClassCallbacks.evaluate(RunAfterTestClassCallbacks.java:70)
	at org.junit.runners.ParentRunner.run(ParentRunner.java:363)
	at org.springframework.test.context.junit4.SpringJUnit4ClassRunner.run(SpringJUnit4ClassRunner.java:191)
	at org.apache.maven.surefire.junit4.JUnit4Provider.execute(JUnit4Provider.java:283)
	at org.apache.maven.surefire.junit4.JUnit4Provider.executeWithRerun(JUnit4Provider.java:173)
	at org.apache.maven.surefire.junit4.JUnit4Provider.executeTestSet(JUnit4Provider.java:153)
	at org.apache.maven.surefire.junit4.JUnit4Provider.invoke(JUnit4Provider.java:128)
	at org.apache.maven.surefire.booter.ForkedBooter.invokeProviderInSameClassLoader(ForkedBooter.java:203)
	at org.apache.maven.surefire.booter.ForkedBooter.runSuitesInProcess(ForkedBooter.java:155)
	at org.apache.maven.surefire.booter.ForkedBooter.main(ForkedBooter.java:103)

2019-02-27 22:53:18.264  INFO [bootstrap,,,] [paascloud-provider-uac,,,,] 12788 --- [           main] com.alibaba.druid.pool.DruidDataSource   : {dataSource-8} closed
2019-02-27 22:53:18.593  INFO [bootstrap,,,] [paascloud-provider-uac,,,,] 12788 --- [           main] o.s.s.concurrent.ThreadPoolTaskExecutor  : Shutting down ExecutorService
2019-02-27 22:53:18.594 ERROR [bootstrap,,,] [paascloud-provider-uac,,,,] 12788 --- [           main] o.s.test.context.TestContextManager      : Caught exception while allowing TestExecutionListener [org.springframework.test.context.web.ServletTestExecutionListener@770eb86a] to prepare test instance [com.paascloud.provider.UacUserServiceTest@604c81e4]

java.lang.IllegalStateException: Failed to load ApplicationContext
	at org.springframework.test.context.cache.DefaultCacheAwareContextLoaderDelegate.loadContext(DefaultCacheAwareContextLoaderDelegate.java:124)
	at org.springframework.test.context.support.DefaultTestContext.getApplicationContext(DefaultTestContext.java:83)
	at org.springframework.test.context.web.ServletTestExecutionListener.setUpRequestContextIfNecessary(ServletTestExecutionListener.java:189)
	at org.springframework.test.context.web.ServletTestExecutionListener.prepareTestInstance(ServletTestExecutionListener.java:131)
	at org.springframework.test.context.TestContextManager.prepareTestInstance(TestContextManager.java:230)
	at org.springframework.test.context.junit4.SpringJUnit4ClassRunner.createTest(SpringJUnit4ClassRunner.java:228)
	at org.springframework.test.context.junit4.SpringJUnit4ClassRunner$1.runReflectiveCall(SpringJUnit4ClassRunner.java:287)
	at org.junit.internal.runners.model.ReflectiveCallable.run(ReflectiveCallable.java:12)
	at org.springframework.test.context.junit4.SpringJUnit4ClassRunner.methodBlock(SpringJUnit4ClassRunner.java:289)
	at org.springframework.test.context.junit4.SpringJUnit4ClassRunner.runChild(SpringJUnit4ClassRunner.java:247)
	at org.springframework.test.context.junit4.SpringJUnit4ClassRunner.runChild(SpringJUnit4ClassRunner.java:94)
	at org.junit.runners.ParentRunner$3.run(ParentRunner.java:290)
	at org.junit.runners.ParentRunner$1.schedule(ParentRunner.java:71)
	at org.junit.runners.ParentRunner.runChildren(ParentRunner.java:288)
	at org.junit.runners.ParentRunner.access$000(ParentRunner.java:58)
	at org.junit.runners.ParentRunner$2.evaluate(ParentRunner.java:268)
	at org.springframework.test.context.junit4.statements.RunBeforeTestClassCallbacks.evaluate(RunBeforeTestClassCallbacks.java:61)
	at org.springframework.test.context.junit4.statements.RunAfterTestClassCallbacks.evaluate(RunAfterTestClassCallbacks.java:70)
	at org.junit.runners.ParentRunner.run(ParentRunner.java:363)
	at org.springframework.test.context.junit4.SpringJUnit4ClassRunner.run(SpringJUnit4ClassRunner.java:191)
	at org.apache.maven.surefire.junit4.JUnit4Provider.execute(JUnit4Provider.java:283)
	at org.apache.maven.surefire.junit4.JUnit4Provider.executeWithRerun(JUnit4Provider.java:173)
	at org.apache.maven.surefire.junit4.JUnit4Provider.executeTestSet(JUnit4Provider.java:153)
	at org.apache.maven.surefire.junit4.JUnit4Provider.invoke(JUnit4Provider.java:128)
	at org.apache.maven.surefire.booter.ForkedBooter.invokeProviderInSameClassLoader(ForkedBooter.java:203)
	at org.apache.maven.surefire.booter.ForkedBooter.runSuitesInProcess(ForkedBooter.java:155)
	at org.apache.maven.surefire.booter.ForkedBooter.main(ForkedBooter.java:103)
Caused by: java.lang.IllegalStateException: Failed to execute CommandLineRunner
	at org.springframework.boot.SpringApplication.callRunner(SpringApplication.java:735)
	at org.springframework.boot.SpringApplication.callRunners(SpringApplication.java:716)
	at org.springframework.boot.SpringApplication.afterRefresh(SpringApplication.java:703)
	at org.springframework.boot.SpringApplication.run(SpringApplication.java:304)
	at org.springframework.boot.test.context.SpringBootContextLoader.loadContext(SpringBootContextLoader.java:121)
	at org.springframework.test.context.cache.DefaultCacheAwareContextLoaderDelegate.loadContextInternal(DefaultCacheAwareContextLoaderDelegate.java:98)
	at org.springframework.test.context.cache.DefaultCacheAwareContextLoaderDelegate.loadContext(DefaultCacheAwareContextLoaderDelegate.java:116)
	... 26 common frames omitted
Caused by: com.paascloud.core.registry.exception.RegException: org.apache.zookeeper.KeeperException$OperationTimeoutException: KeeperErrorCode = OperationTimeout
	at com.paascloud.core.registry.exception.RegExceptionHandler.handleException(RegExceptionHandler.java:35)
	at com.paascloud.core.registry.zookeeper.ZookeeperRegistryCenter.init(ZookeeperRegistryCenter.java:105)
	at com.paascloud.core.registry.RegistryCenterFactory.createCoordinatorRegistryCenter(RegistryCenterFactory.java:44)
	at com.paascloud.core.registry.RegistryCenterFactory.startup(RegistryCenterFactory.java:57)
	at com.paascloud.core.config.ZookeeperInitRunner.run(ZookeeperInitRunner.java:50)
	at org.springframework.boot.SpringApplication.callRunner(SpringApplication.java:732)
	... 32 common frames omitted
Caused by: org.apache.zookeeper.KeeperException$OperationTimeoutException: KeeperErrorCode = OperationTimeout
	at com.paascloud.core.registry.zookeeper.ZookeeperRegistryCenter.init(ZookeeperRegistryCenter.java:99)
	... 36 common frames omitted

]]></system-out>
  </testcase>
</testsuite>