<?xml version="1.0" encoding="UTF-8"?>
<testsuite name="com.paascloud.provider.UacMenuServiceTest" time="0.024" tests="2" errors="2" skipped="0" failures="0">
  <properties>
    <property name="java.runtime.name" value="Java(TM) SE Runtime Environment"/>
    <property name="sun.boot.library.path" value="C:\Program Files\Java\jdk1.8.0_66\jre\bin"/>
    <property name="java.vm.version" value="25.66-b18"/>
    <property name="java.vm.vendor" value="Oracle Corporation"/>
    <property name="maven.multiModuleProjectDirectory" value="G:\paascloud-master\paascloud-provider\paascloud-provider-uac"/>
    <property name="java.vendor.url" value="http://java.oracle.com/"/>
    <property name="path.separator" value=";"/>
    <property name="guice.disable.misplaced.annotation.check" value="true"/>
    <property name="java.vm.name" value="Java HotSpot(TM) 64-Bit Server VM"/>
    <property name="file.encoding.pkg" value="sun.io"/>
    <property name="user.script" value=""/>
    <property name="user.country" value="CN"/>
    <property name="sun.java.launcher" value="SUN_STANDARD"/>
    <property name="sun.os.patch.level" value=""/>
    <property name="java.vm.specification.name" value="Java Virtual Machine Specification"/>
    <property name="user.dir" value="G:\paascloud-master\paascloud-provider\paascloud-provider-uac"/>
    <property name="java.runtime.version" value="1.8.0_66-b18"/>
    <property name="java.awt.graphicsenv" value="sun.awt.Win32GraphicsEnvironment"/>
    <property name="java.endorsed.dirs" value="C:\Program Files\Java\jdk1.8.0_66\jre\lib\endorsed"/>
    <property name="os.arch" value="amd64"/>
    <property name="java.io.tmpdir" value="C:\Users\ADMINI~1\AppData\Local\Temp\"/>
    <property name="line.separator" value="&#10;"/>
    <property name="java.vm.specification.vendor" value="Oracle Corporation"/>
    <property name="user.variant" value=""/>
    <property name="os.name" value="Windows 10"/>
    <property name="classworlds.conf" value="G:\SpringCloud\eclipsePro\.metadata\.plugins\org.eclipse.m2e.launching\launches\m2conf6589916014359190596.tmp"/>
    <property name="sun.jnu.encoding" value="GBK"/>
    <property name="java.library.path" value="C:\Program Files\Java\jdk1.8.0_66\bin;C:\WINDOWS\Sun\Java\bin;C:\WINDOWS\system32;C:\WINDOWS;C:/Program Files/Java/jre1.8.0_66/bin/server;C:/Program Files/Java/jre1.8.0_66/bin;C:/Program Files/Java/jre1.8.0_66/lib/amd64;C:\tools\Anaconda2;C:\tools\Anaconda2\Library\mingw-w64\bin;C:\tools\Anaconda2\Library\usr\bin;C:\tools\Anaconda2\Library\bin;C:\tools\Anaconda2\Scripts;C:\ProgramData\Oracle\Java\javapath;C:\Program Files\Java\jdk1.8.0_66\bin;C:\Program Files\Java\jdk1.8.0_66\jre\bin;E:\soft\apache-maven-3.5.2\bin;C:\Program Files\MySQL\MySQL Server 5.7\bin;C:\WINDOWS\system32;C:\WINDOWS;C:\WINDOWS\System32\Wbem;C:\WINDOWS\System32\WindowsPowerShell\v1.0\;C:\Program Files\TortoiseGit\bin;C:\Program Files\Python27;C:\Program Files\Python27\Scripts;E:\Program Files\nodejs\;C:\OpenSSL-Win64\bin;E:\soft\apache-tomcat-8.5.29\lib;E:\soft\apache-tomcat-8.5.29\bin;C:\ProgramData\chocolatey\bin;C:\Program Files\Git\cmd;C:\Program Files\Anaconda2\;C:\Program Files\Anaconda2\Scripts\;C:\ProgramData\Oracle\Java\javapath;C:\Program Files\Java\jdk1.8.0_66\bin;C:\Program Files\Java\jdk1.8.0_66\jre\bin;E:\soft\apache-maven-3.5.2\bin;C:\Program Files\MySQL\MySQL Server 5.7\bin;C:\WINDOWS\system32;C:\WINDOWS;C:\WINDOWS\System32\Wbem;C:\WINDOWS\System32\WindowsPowerShell\v1.0\;C:\Program Files\TortoiseGit\bin;E:\Program Files\nodejs\;C:\OpenSSL-Win64\bin;E:\soft\apache-tomcat-8.5.29\lib;E:\soft\apache-tomcat-8.5.29\bin;C:\Users\Administrator\AppData\Local\Microsoft\WindowsApps;C:\Users\Administrator\AppData\Roaming\npm;C:\Program Files\Anaconda2\;;F:\eclipse;;."/>
    <property name="java.specification.name" value="Java Platform API Specification"/>
    <property name="java.class.version" value="52.0"/>
    <property name="sun.management.compiler" value="HotSpot 64-Bit Tiered Compilers"/>
    <property name="os.version" value="10.0"/>
    <property name="user.home" value="C:\Users\Administrator"/>
    <property name="user.timezone" value="Asia/Shanghai"/>
    <property name="java.awt.printerjob" value="sun.awt.windows.WPrinterJob"/>
    <property name="java.specification.version" value="1.8"/>
    <property name="file.encoding" value="GBK"/>
    <property name="user.name" value="Administrator"/>
    <property name="java.class.path" value="/F:/eclipse/plugins/org.eclipse.m2e.maven.runtime_1.6.2.20150902-0001/jars/plexus-classworlds-2.5.2.jar"/>
    <property name="java.vm.specification.version" value="1.8"/>
    <property name="sun.arch.data.model" value="64"/>
    <property name="java.home" value="C:\Program Files\Java\jdk1.8.0_66\jre"/>
    <property name="sun.java.command" value="org.codehaus.plexus.classworlds.launcher.Launcher -B install"/>
    <property name="java.specification.vendor" value="Oracle Corporation"/>
    <property name="user.language" value="zh"/>
    <property name="awt.toolkit" value="sun.awt.windows.WToolkit"/>
    <property name="java.vm.info" value="mixed mode"/>
    <property name="java.version" value="1.8.0_66"/>
    <property name="java.ext.dirs" value="C:\Program Files\Java\jdk1.8.0_66\jre\lib\ext;C:\WINDOWS\Sun\Java\lib\ext"/>
    <property name="sun.boot.class.path" value="C:\Program Files\Java\jdk1.8.0_66\jre\lib\resources.jar;C:\Program Files\Java\jdk1.8.0_66\jre\lib\rt.jar;C:\Program Files\Java\jdk1.8.0_66\jre\lib\sunrsasign.jar;C:\Program Files\Java\jdk1.8.0_66\jre\lib\jsse.jar;C:\Program Files\Java\jdk1.8.0_66\jre\lib\jce.jar;C:\Program Files\Java\jdk1.8.0_66\jre\lib\charsets.jar;C:\Program Files\Java\jdk1.8.0_66\jre\lib\jfr.jar;C:\Program Files\Java\jdk1.8.0_66\jre\classes"/>
    <property name="java.vendor" value="Oracle Corporation"/>
    <property name="maven.home" value="G:\paascloud-master\paascloud-provider\paascloud-provider-uac\EMBEDDED"/>
    <property name="file.separator" value="\"/>
    <property name="java.vendor.url.bug" value="http://bugreport.sun.com/bugreport/"/>
    <property name="sun.cpu.endian" value="little"/>
    <property name="sun.io.unicode.encoding" value="UnicodeLittle"/>
    <property name="sun.desktop" value="windows"/>
    <property name="sun.cpu.isalist" value="amd64"/>
  </properties>
  <testcase name="findMenuListByUserIdTest" classname="com.paascloud.provider.UacMenuServiceTest" time="0.008">
    <error message="Failed to load ApplicationContext" type="java.lang.IllegalStateException">java.lang.IllegalStateException: Failed to load ApplicationContext
	at org.springframework.test.context.cache.DefaultCacheAwareContextLoaderDelegate.loadContext(DefaultCacheAwareContextLoaderDelegate.java:124)
	at org.springframework.test.context.support.DefaultTestContext.getApplicationContext(DefaultTestContext.java:83)
	at org.springframework.test.context.web.ServletTestExecutionListener.setUpRequestContextIfNecessary(ServletTestExecutionListener.java:189)
	at org.springframework.test.context.web.ServletTestExecutionListener.prepareTestInstance(ServletTestExecutionListener.java:131)
	at org.springframework.test.context.TestContextManager.prepareTestInstance(TestContextManager.java:230)
	at org.springframework.test.context.junit4.SpringJUnit4ClassRunner.createTest(SpringJUnit4ClassRunner.java:228)
	at org.springframework.test.context.junit4.SpringJUnit4ClassRunner$1.runReflectiveCall(SpringJUnit4ClassRunner.java:287)
	at org.junit.internal.runners.model.ReflectiveCallable.run(ReflectiveCallable.java:12)
	at org.springframework.test.context.junit4.SpringJUnit4ClassRunner.methodBlock(SpringJUnit4ClassRunner.java:289)
	at org.springframework.test.context.junit4.SpringJUnit4ClassRunner.runChild(SpringJUnit4ClassRunner.java:247)
	at org.springframework.test.context.junit4.SpringJUnit4ClassRunner.runChild(SpringJUnit4ClassRunner.java:94)
	at org.junit.runners.ParentRunner$3.run(ParentRunner.java:290)
	at org.junit.runners.ParentRunner$1.schedule(ParentRunner.java:71)
	at org.junit.runners.ParentRunner.runChildren(ParentRunner.java:288)
	at org.junit.runners.ParentRunner.access$000(ParentRunner.java:58)
	at org.junit.runners.ParentRunner$2.evaluate(ParentRunner.java:268)
	at org.springframework.test.context.junit4.statements.RunBeforeTestClassCallbacks.evaluate(RunBeforeTestClassCallbacks.java:61)
	at org.springframework.test.context.junit4.statements.RunAfterTestClassCallbacks.evaluate(RunAfterTestClassCallbacks.java:70)
	at org.junit.runners.ParentRunner.run(ParentRunner.java:363)
	at org.springframework.test.context.junit4.SpringJUnit4ClassRunner.run(SpringJUnit4ClassRunner.java:191)
	at org.apache.maven.surefire.junit4.JUnit4Provider.execute(JUnit4Provider.java:283)
	at org.apache.maven.surefire.junit4.JUnit4Provider.executeWithRerun(JUnit4Provider.java:173)
	at org.apache.maven.surefire.junit4.JUnit4Provider.executeTestSet(JUnit4Provider.java:153)
	at org.apache.maven.surefire.junit4.JUnit4Provider.invoke(JUnit4Provider.java:128)
	at org.apache.maven.surefire.booter.ForkedBooter.invokeProviderInSameClassLoader(ForkedBooter.java:203)
	at org.apache.maven.surefire.booter.ForkedBooter.runSuitesInProcess(ForkedBooter.java:155)
	at org.apache.maven.surefire.booter.ForkedBooter.main(ForkedBooter.java:103)
Caused by: java.lang.IllegalStateException: Failed to execute CommandLineRunner
	at org.springframework.boot.SpringApplication.callRunner(SpringApplication.java:735)
	at org.springframework.boot.SpringApplication.callRunners(SpringApplication.java:716)
	at org.springframework.boot.SpringApplication.afterRefresh(SpringApplication.java:703)
	at org.springframework.boot.SpringApplication.run(SpringApplication.java:304)
	at org.springframework.boot.test.context.SpringBootContextLoader.loadContext(SpringBootContextLoader.java:121)
	at org.springframework.test.context.cache.DefaultCacheAwareContextLoaderDelegate.loadContextInternal(DefaultCacheAwareContextLoaderDelegate.java:98)
	at org.springframework.test.context.cache.DefaultCacheAwareContextLoaderDelegate.loadContext(DefaultCacheAwareContextLoaderDelegate.java:116)
	at org.springframework.test.context.support.DefaultTestContext.getApplicationContext(DefaultTestContext.java:83)
	at org.springframework.test.context.web.ServletTestExecutionListener.setUpRequestContextIfNecessary(ServletTestExecutionListener.java:189)
	at org.springframework.test.context.web.ServletTestExecutionListener.prepareTestInstance(ServletTestExecutionListener.java:131)
	at org.springframework.test.context.TestContextManager.prepareTestInstance(TestContextManager.java:230)
	at org.springframework.test.context.junit4.SpringJUnit4ClassRunner.createTest(SpringJUnit4ClassRunner.java:228)
	at org.springframework.test.context.junit4.SpringJUnit4ClassRunner$1.runReflectiveCall(SpringJUnit4ClassRunner.java:287)
	at org.junit.internal.runners.model.ReflectiveCallable.run(ReflectiveCallable.java:12)
	at org.springframework.test.context.junit4.SpringJUnit4ClassRunner.methodBlock(SpringJUnit4ClassRunner.java:289)
	at org.springframework.test.context.junit4.SpringJUnit4ClassRunner.runChild(SpringJUnit4ClassRunner.java:247)
	at org.springframework.test.context.junit4.SpringJUnit4ClassRunner.runChild(SpringJUnit4ClassRunner.java:94)
	at org.junit.runners.ParentRunner$3.run(ParentRunner.java:290)
	at org.junit.runners.ParentRunner$1.schedule(ParentRunner.java:71)
	at org.junit.runners.ParentRunner.runChildren(ParentRunner.java:288)
	at org.junit.runners.ParentRunner.access$000(ParentRunner.java:58)
	at org.junit.runners.ParentRunner$2.evaluate(ParentRunner.java:268)
	at org.springframework.test.context.junit4.statements.RunBeforeTestClassCallbacks.evaluate(RunBeforeTestClassCallbacks.java:61)
	at org.springframework.test.context.junit4.statements.RunAfterTestClassCallbacks.evaluate(RunAfterTestClassCallbacks.java:70)
	at org.junit.runners.ParentRunner.run(ParentRunner.java:363)
	at org.springframework.test.context.junit4.SpringJUnit4ClassRunner.run(SpringJUnit4ClassRunner.java:191)
	at org.apache.maven.surefire.junit4.JUnit4Provider.execute(JUnit4Provider.java:283)
	at org.apache.maven.surefire.junit4.JUnit4Provider.executeWithRerun(JUnit4Provider.java:173)
	at org.apache.maven.surefire.junit4.JUnit4Provider.executeTestSet(JUnit4Provider.java:153)
	at org.apache.maven.surefire.junit4.JUnit4Provider.invoke(JUnit4Provider.java:128)
	at org.apache.maven.surefire.booter.ForkedBooter.invokeProviderInSameClassLoader(ForkedBooter.java:203)
	at org.apache.maven.surefire.booter.ForkedBooter.runSuitesInProcess(ForkedBooter.java:155)
	at org.apache.maven.surefire.booter.ForkedBooter.main(ForkedBooter.java:103)
Caused by: com.paascloud.core.registry.exception.RegException: org.apache.zookeeper.KeeperException$OperationTimeoutException: KeeperErrorCode = OperationTimeout
	at com.paascloud.core.registry.exception.RegExceptionHandler.handleException(RegExceptionHandler.java:35)
	at com.paascloud.core.registry.zookeeper.ZookeeperRegistryCenter.init(ZookeeperRegistryCenter.java:105)
	at com.paascloud.core.registry.RegistryCenterFactory.createCoordinatorRegistryCenter(RegistryCenterFactory.java:44)
	at com.paascloud.core.registry.RegistryCenterFactory.startup(RegistryCenterFactory.java:57)
	at com.paascloud.core.config.ZookeeperInitRunner.run(ZookeeperInitRunner.java:50)
	at org.springframework.boot.SpringApplication.callRunner(SpringApplication.java:732)
	at org.springframework.boot.SpringApplication.callRunners(SpringApplication.java:716)
	at org.springframework.boot.SpringApplication.afterRefresh(SpringApplication.java:703)
	at org.springframework.boot.SpringApplication.run(SpringApplication.java:304)
	at org.springframework.boot.test.context.SpringBootContextLoader.loadContext(SpringBootContextLoader.java:121)
	at org.springframework.test.context.cache.DefaultCacheAwareContextLoaderDelegate.loadContextInternal(DefaultCacheAwareContextLoaderDelegate.java:98)
	at org.springframework.test.context.cache.DefaultCacheAwareContextLoaderDelegate.loadContext(DefaultCacheAwareContextLoaderDelegate.java:116)
	at org.springframework.test.context.support.DefaultTestContext.getApplicationContext(DefaultTestContext.java:83)
	at org.springframework.test.context.web.ServletTestExecutionListener.setUpRequestContextIfNecessary(ServletTestExecutionListener.java:189)
	at org.springframework.test.context.web.ServletTestExecutionListener.prepareTestInstance(ServletTestExecutionListener.java:131)
	at org.springframework.test.context.TestContextManager.prepareTestInstance(TestContextManager.java:230)
	at org.springframework.test.context.junit4.SpringJUnit4ClassRunner.createTest(SpringJUnit4ClassRunner.java:228)
	at org.springframework.test.context.junit4.SpringJUnit4ClassRunner$1.runReflectiveCall(SpringJUnit4ClassRunner.java:287)
	at org.junit.internal.runners.model.ReflectiveCallable.run(ReflectiveCallable.java:12)
	at org.springframework.test.context.junit4.SpringJUnit4ClassRunner.methodBlock(SpringJUnit4ClassRunner.java:289)
	at org.springframework.test.context.junit4.SpringJUnit4ClassRunner.runChild(SpringJUnit4ClassRunner.java:247)
	at org.springframework.test.context.junit4.SpringJUnit4ClassRunner.runChild(SpringJUnit4ClassRunner.java:94)
	at org.junit.runners.ParentRunner$3.run(ParentRunner.java:290)
	at org.junit.runners.ParentRunner$1.schedule(ParentRunner.java:71)
	at org.junit.runners.ParentRunner.runChildren(ParentRunner.java:288)
	at org.junit.runners.ParentRunner.access$000(ParentRunner.java:58)
	at org.junit.runners.ParentRunner$2.evaluate(ParentRunner.java:268)
	at org.springframework.test.context.junit4.statements.RunBeforeTestClassCallbacks.evaluate(RunBeforeTestClassCallbacks.java:61)
	at org.springframework.test.context.junit4.statements.RunAfterTestClassCallbacks.evaluate(RunAfterTestClassCallbacks.java:70)
	at org.junit.runners.ParentRunner.run(ParentRunner.java:363)
	at org.springframework.test.context.junit4.SpringJUnit4ClassRunner.run(SpringJUnit4ClassRunner.java:191)
	at org.apache.maven.surefire.junit4.JUnit4Provider.execute(JUnit4Provider.java:283)
	at org.apache.maven.surefire.junit4.JUnit4Provider.executeWithRerun(JUnit4Provider.java:173)
	at org.apache.maven.surefire.junit4.JUnit4Provider.executeTestSet(JUnit4Provider.java:153)
	at org.apache.maven.surefire.junit4.JUnit4Provider.invoke(JUnit4Provider.java:128)
	at org.apache.maven.surefire.booter.ForkedBooter.invokeProviderInSameClassLoader(ForkedBooter.java:203)
	at org.apache.maven.surefire.booter.ForkedBooter.runSuitesInProcess(ForkedBooter.java:155)
	at org.apache.maven.surefire.booter.ForkedBooter.main(ForkedBooter.java:103)
Caused by: org.apache.zookeeper.KeeperException$OperationTimeoutException: KeeperErrorCode = OperationTimeout
	at com.paascloud.core.registry.zookeeper.ZookeeperRegistryCenter.init(ZookeeperRegistryCenter.java:99)
	at com.paascloud.core.registry.RegistryCenterFactory.createCoordinatorRegistryCenter(RegistryCenterFactory.java:44)
	at com.paascloud.core.registry.RegistryCenterFactory.startup(RegistryCenterFactory.java:57)
	at com.paascloud.core.config.ZookeeperInitRunner.run(ZookeeperInitRunner.java:50)
	at org.springframework.boot.SpringApplication.callRunner(SpringApplication.java:732)
	at org.springframework.boot.SpringApplication.callRunners(SpringApplication.java:716)
	at org.springframework.boot.SpringApplication.afterRefresh(SpringApplication.java:703)
	at org.springframework.boot.SpringApplication.run(SpringApplication.java:304)
	at org.springframework.boot.test.context.SpringBootContextLoader.loadContext(SpringBootContextLoader.java:121)
	at org.springframework.test.context.cache.DefaultCacheAwareContextLoaderDelegate.loadContextInternal(DefaultCacheAwareContextLoaderDelegate.java:98)
	at org.springframework.test.context.cache.DefaultCacheAwareContextLoaderDelegate.loadContext(DefaultCacheAwareContextLoaderDelegate.java:116)
	at org.springframework.test.context.support.DefaultTestContext.getApplicationContext(DefaultTestContext.java:83)
	at org.springframework.test.context.web.ServletTestExecutionListener.setUpRequestContextIfNecessary(ServletTestExecutionListener.java:189)
	at org.springframework.test.context.web.ServletTestExecutionListener.prepareTestInstance(ServletTestExecutionListener.java:131)
	at org.springframework.test.context.TestContextManager.prepareTestInstance(TestContextManager.java:230)
	at org.springframework.test.context.junit4.SpringJUnit4ClassRunner.createTest(SpringJUnit4ClassRunner.java:228)
	at org.springframework.test.context.junit4.SpringJUnit4ClassRunner$1.runReflectiveCall(SpringJUnit4ClassRunner.java:287)
	at org.junit.internal.runners.model.ReflectiveCallable.run(ReflectiveCallable.java:12)
	at org.springframework.test.context.junit4.SpringJUnit4ClassRunner.methodBlock(SpringJUnit4ClassRunner.java:289)
	at org.springframework.test.context.junit4.SpringJUnit4ClassRunner.runChild(SpringJUnit4ClassRunner.java:247)
	at org.springframework.test.context.junit4.SpringJUnit4ClassRunner.runChild(SpringJUnit4ClassRunner.java:94)
	at org.junit.runners.ParentRunner$3.run(ParentRunner.java:290)
	at org.junit.runners.ParentRunner$1.schedule(ParentRunner.java:71)
	at org.junit.runners.ParentRunner.runChildren(ParentRunner.java:288)
	at org.junit.runners.ParentRunner.access$000(ParentRunner.java:58)
	at org.junit.runners.ParentRunner$2.evaluate(ParentRunner.java:268)
	at org.springframework.test.context.junit4.statements.RunBeforeTestClassCallbacks.evaluate(RunBeforeTestClassCallbacks.java:61)
	at org.springframework.test.context.junit4.statements.RunAfterTestClassCallbacks.evaluate(RunAfterTestClassCallbacks.java:70)
	at org.junit.runners.ParentRunner.run(ParentRunner.java:363)
	at org.springframework.test.context.junit4.SpringJUnit4ClassRunner.run(SpringJUnit4ClassRunner.java:191)
	at org.apache.maven.surefire.junit4.JUnit4Provider.execute(JUnit4Provider.java:283)
	at org.apache.maven.surefire.junit4.JUnit4Provider.executeWithRerun(JUnit4Provider.java:173)
	at org.apache.maven.surefire.junit4.JUnit4Provider.executeTestSet(JUnit4Provider.java:153)
	at org.apache.maven.surefire.junit4.JUnit4Provider.invoke(JUnit4Provider.java:128)
	at org.apache.maven.surefire.booter.ForkedBooter.invokeProviderInSameClassLoader(ForkedBooter.java:203)
	at org.apache.maven.surefire.booter.ForkedBooter.runSuitesInProcess(ForkedBooter.java:155)
	at org.apache.maven.surefire.booter.ForkedBooter.main(ForkedBooter.java:103)
</error>
    <system-out><![CDATA[2019-02-27 22:48:59.964  INFO [bootstrap,,,] [paascloud-provider-uac,,,,] 12788 --- [           main] .b.t.c.SpringBootTestContextBootstrapper : Neither @ContextConfiguration nor @ContextHierarchy found for test class [com.paascloud.provider.UacMenuServiceTest], using SpringBootContextLoader
2019-02-27 22:48:59.966  INFO [bootstrap,,,] [paascloud-provider-uac,,,,] 12788 --- [           main] o.s.t.c.support.AbstractContextLoader    : Could not detect default resource locations for test class [com.paascloud.provider.UacMenuServiceTest]: no resource found for suffixes {-context.xml, Context.groovy}.
2019-02-27 22:48:59.966  INFO [bootstrap,,,] [paascloud-provider-uac,,,,] 12788 --- [           main] t.c.s.AnnotationConfigContextLoaderUtils : Could not detect default configuration classes for test class [com.paascloud.provider.UacMenuServiceTest]: UacMenuServiceTest does not declare any static, non-private, non-final, nested classes annotated with @Configuration.
2019-02-27 22:48:59.981  INFO [bootstrap,,,] [paascloud-provider-uac,,,,] 12788 --- [           main] .b.t.c.SpringBootTestContextBootstrapper : Found @SpringBootConfiguration com.paascloud.PaasCloudUacApplication for test class com.paascloud.provider.UacMenuServiceTest
2019-02-27 22:48:59.998  INFO [bootstrap,,,] [paascloud-provider-uac,,,,] 12788 --- [           main] .b.t.c.SpringBootTestContextBootstrapper : Loaded default TestExecutionListener class names from location [META-INF/spring.factories]: [org.springframework.boot.test.mock.mockito.MockitoTestExecutionListener, org.springframework.boot.test.mock.mockito.ResetMocksTestExecutionListener, org.springframework.boot.test.autoconfigure.restdocs.RestDocsTestExecutionListener, org.springframework.boot.test.autoconfigure.web.client.MockRestServiceServerResetTestExecutionListener, org.springframework.boot.test.autoconfigure.web.servlet.MockMvcPrintOnlyOnFailureTestExecutionListener, org.springframework.boot.test.autoconfigure.web.servlet.WebDriverTestExecutionListener, org.springframework.test.context.web.ServletTestExecutionListener, org.springframework.test.context.support.DirtiesContextBeforeModesTestExecutionListener, org.springframework.test.context.support.DependencyInjectionTestExecutionListener, org.springframework.test.context.support.DirtiesContextTestExecutionListener, org.springframework.test.context.transaction.TransactionalTestExecutionListener, org.springframework.test.context.jdbc.SqlScriptsTestExecutionListener]
2019-02-27 22:49:00.010  INFO [bootstrap,,,] [paascloud-provider-uac,,,,] 12788 --- [           main] .b.t.c.SpringBootTestContextBootstrapper : Using TestExecutionListeners: [org.springframework.test.context.web.ServletTestExecutionListener@4260f222, org.springframework.test.context.support.DirtiesContextBeforeModesTestExecutionListener@5ec32f69, org.springframework.boot.test.mock.mockito.MockitoTestExecutionListener@74409dc9, org.springframework.boot.test.autoconfigure.SpringBootDependencyInjectionTestExecutionListener@5d4c616, org.springframework.test.context.support.DirtiesContextTestExecutionListener@40e0d56c, org.springframework.test.context.transaction.TransactionalTestExecutionListener@79f127e, org.springframework.test.context.jdbc.SqlScriptsTestExecutionListener@77416991, org.springframework.boot.test.mock.mockito.ResetMocksTestExecutionListener@5406f519, org.springframework.boot.test.autoconfigure.restdocs.RestDocsTestExecutionListener@128b1140, org.springframework.boot.test.autoconfigure.web.client.MockRestServiceServerResetTestExecutionListener@6d78fd8d, org.springframework.boot.test.autoconfigure.web.servlet.MockMvcPrintOnlyOnFailureTestExecutionListener@11090c52, org.springframework.boot.test.autoconfigure.web.servlet.WebDriverTestExecutionListener@72448d57]
2019-02-27 22:49:02.963  INFO [bootstrap,,,] [bootstrap,,,,] 12788 --- [           main] s.c.a.AnnotationConfigApplicationContext : Refreshing org.springframework.context.annotation.AnnotationConfigApplicationContext@70dc8c9a: startup date [Wed Feb 27 22:49:02 CST 2019]; root of context hierarchy
2019-02-27 22:49:03.074  INFO [bootstrap,,,] [bootstrap,,,,] 12788 --- [           main] f.a.AutowiredAnnotationBeanPostProcessor : JSR-330 'javax.inject.Inject' annotation found and supported for autowiring
2019-02-27 22:49:03.130  INFO [bootstrap,,,] [bootstrap,,,,] 12788 --- [           main] trationDelegate$BeanPostProcessorChecker : Bean 'org.springframework.retry.annotation.RetryConfiguration' of type [org.springframework.retry.annotation.RetryConfiguration$$EnhancerBySpringCGLIB$$f5bbee5f] is not eligible for getting processed by all BeanPostProcessors (for example: not eligible for auto-proxying)
2019-02-27 22:49:03.134  INFO [bootstrap,,,] [bootstrap,,,,] 12788 --- [           main] trationDelegate$BeanPostProcessorChecker : Bean 'configurationPropertiesRebinderAutoConfiguration' of type [org.springframework.cloud.autoconfigure.ConfigurationPropertiesRebinderAutoConfiguration$$EnhancerBySpringCGLIB$$1c125937] is not eligible for getting processed by all BeanPostProcessors (for example: not eligible for auto-proxying)
2019-02-27 22:49:04.654  INFO [bootstrap,,,] [bootstrap,,,,] 12788 --- [           main] o.s.cloud.commons.util.InetUtils         : Cannot determine local hostname
2019-02-27 22:49:04.682  INFO [bootstrap,,,] [bootstrap,,,,] 12788 --- [           main] o.s.c.n.eureka.InstanceInfoFactory       : Setting initial instance status as: STARTING
2019-02-27 22:49:04.710  INFO [bootstrap,,,] [bootstrap,,,,] 12788 --- [           main] com.netflix.discovery.DiscoveryClient    : Initializing Eureka in region us-east-1
2019-02-27 22:49:04.714  INFO [bootstrap,,,] [bootstrap,,,,] 12788 --- [           main] c.n.d.provider.DiscoveryJerseyProvider   : Using JSON encoding codec LegacyJacksonJson
2019-02-27 22:49:04.714  INFO [bootstrap,,,] [bootstrap,,,,] 12788 --- [           main] c.n.d.provider.DiscoveryJerseyProvider   : Using JSON decoding codec LegacyJacksonJson
2019-02-27 22:49:04.714  INFO [bootstrap,,,] [bootstrap,,,,] 12788 --- [           main] c.n.d.provider.DiscoveryJerseyProvider   : Using XML encoding codec XStreamXml
2019-02-27 22:49:04.715  INFO [bootstrap,,,] [bootstrap,,,,] 12788 --- [           main] c.n.d.provider.DiscoveryJerseyProvider   : Using XML decoding codec XStreamXml
2019-02-27 22:49:04.810  INFO [bootstrap,,,] [bootstrap,,,,] 12788 --- [           main] c.n.d.s.r.aws.ConfigClusterResolver      : Resolving eureka endpoints via configuration
2019-02-27 22:49:04.832  INFO [bootstrap,,,] [bootstrap,,,,] 12788 --- [           main] com.netflix.discovery.DiscoveryClient    : Disable delta property : false
2019-02-27 22:49:04.832  INFO [bootstrap,,,] [bootstrap,,,,] 12788 --- [           main] com.netflix.discovery.DiscoveryClient    : Single vip registry refresh property : null
2019-02-27 22:49:04.832  INFO [bootstrap,,,] [bootstrap,,,,] 12788 --- [           main] com.netflix.discovery.DiscoveryClient    : Force full registry fetch : false
2019-02-27 22:49:04.833  INFO [bootstrap,,,] [bootstrap,,,,] 12788 --- [           main] com.netflix.discovery.DiscoveryClient    : Application is null : false
2019-02-27 22:49:04.833  INFO [bootstrap,,,] [bootstrap,,,,] 12788 --- [           main] com.netflix.discovery.DiscoveryClient    : Registered Applications size is zero : true
2019-02-27 22:49:04.833  INFO [bootstrap,,,] [bootstrap,,,,] 12788 --- [           main] com.netflix.discovery.DiscoveryClient    : Application version is -1: true
2019-02-27 22:49:04.833  INFO [bootstrap,,,] [bootstrap,,,,] 12788 --- [           main] com.netflix.discovery.DiscoveryClient    : Getting all instance registry info from the eureka server
2019-02-27 22:49:04.855  INFO [bootstrap,,,] [bootstrap,,,,] 12788 --- [           main] com.netflix.discovery.DiscoveryClient    : The response status is 200
2019-02-27 22:49:04.856  INFO [bootstrap,,,] [bootstrap,,,,] 12788 --- [           main] com.netflix.discovery.DiscoveryClient    : Not registering with Eureka server per configuration
2019-02-27 22:49:04.857  INFO [bootstrap,,,] [bootstrap,,,,] 12788 --- [           main] com.netflix.discovery.DiscoveryClient    : Discovery Client initialized at timestamp 1551278944857 with initial instances count: 1

                                  .__                   .___                  __
___________  _____    ______ ____ |  |   ____  __ __  __| _/     ____   _____/  |_
\____ \__  \ \__  \  /  ___// ___\|  |  /  _ \|  |  \/ __ |     /    \_/ __ \   __\
|  |_> > __ \_/ __ \_\___ \\  \___|  |_(  <_> )  |  / /_/ |    |   |  \  ___/|  |
|   __(____  (____  /____  >\___  >____/\____/|____/\____ | /\ |___|  /\___  >__|
|__|       \/     \/     \/     \/ Powered by liuzhaoming\/ \/      \/     \/
2019-02-27 22:49:06.255  INFO [bootstrap,,,] [paascloud-provider-uac,,,,] 12788 --- [           main] c.c.c.ConfigServicePropertySourceLocator : Fetching config from server at: http://localhost:8080/
2019-02-27 22:49:13.348  INFO [bootstrap,,,] [paascloud-provider-uac,,,,] 12788 --- [           main] c.c.c.ConfigServicePropertySourceLocator : Located environment: name=paascloud-provider-uac, profiles=[dev], label=dev, version=fa6a348e2e1c8d5c2ff460509f7fa4deade889cf, state=null
2019-02-27 22:49:13.348  INFO [bootstrap,,,] [paascloud-provider-uac,,,,] 12788 --- [           main] b.c.PropertySourceBootstrapConfiguration : Located property source: CompositePropertySource [name='configService', propertySources=[MapPropertySource {name='configClient'}, MapPropertySource {name='https://github.com/l00251692/paascloud-config-repo.git/paascloud-provider-uac-dev.yml'}, MapPropertySource {name='https://github.com/l00251692/paascloud-config-repo.git/application-dev.yml'}]]
2019-02-27 22:49:13.391  INFO [bootstrap,,,] [paascloud-provider-uac,,,,] 12788 --- [           main] c.paascloud.provider.UacMenuServiceTest  : The following profiles are active: dev
2019-02-27 22:49:13.396  INFO [bootstrap,,,] [paascloud-provider-uac,,,,] 12788 --- [           main] o.s.w.c.s.GenericWebApplicationContext   : Refreshing org.springframework.web.context.support.GenericWebApplicationContext@27f3b5ba: startup date [Wed Feb 27 22:49:13 CST 2019]; parent: org.springframework.context.annotation.AnnotationConfigApplicationContext@70dc8c9a
2019-02-27 22:49:15.307  INFO [bootstrap,,,] [paascloud-provider-uac,,,,] 12788 --- [           main] o.s.b.f.s.DefaultListableBeanFactory     : Overriding bean definition for bean 'smsCodeSender' with a different definition: replacing [Root bean: class [null]; scope=; abstract=false; lazyInit=false; autowireMode=3; dependencyCheck=0; autowireCandidate=true; primary=false; factoryBeanName=validateCodeBeanConfig; factoryMethodName=smsCodeSender; initMethodName=null; destroyMethodName=(inferred); defined in class path resource [com/paascloud/security/core/validate/code/ValidateCodeBeanConfig.class]] with [Root bean: class [null]; scope=; abstract=false; lazyInit=false; autowireMode=3; dependencyCheck=0; autowireCandidate=true; primary=false; factoryBeanName=paasCloudUacApplication; factoryMethodName=smsCodeSender; initMethodName=null; destroyMethodName=(inferred); defined in com.paascloud.PaasCloudUacApplication]
2019-02-27 22:49:15.764  INFO [bootstrap,,,] [paascloud-provider-uac,,,,] 12788 --- [           main] .s.d.r.c.RepositoryConfigurationDelegate : Multiple Spring Data modules found, entering strict repository configuration mode!
2019-02-27 22:49:16.244  INFO [bootstrap,,,] [paascloud-provider-uac,,,,] 12788 --- [           main] o.s.cloud.context.scope.GenericScope     : BeanFactory id=665041e3-b049-3f59-bb02-1c8381782c07
2019-02-27 22:49:16.293  INFO [bootstrap,,,] [paascloud-provider-uac,,,,] 12788 --- [           main] f.a.AutowiredAnnotationBeanPostProcessor : JSR-330 'javax.inject.Inject' annotation found and supported for autowiring
2019-02-27 22:49:16.365  INFO [bootstrap,,,] [paascloud-provider-uac,,,,] 12788 --- [           main] trationDelegate$BeanPostProcessorChecker : Bean 'paascloud-com.paascloud.config.properties.PaascloudProperties' of type [com.paascloud.config.properties.PaascloudProperties] is not eligible for getting processed by all BeanPostProcessors (for example: not eligible for auto-proxying)
2019-02-27 22:49:16.365  INFO [bootstrap,,,] [paascloud-provider-uac,,,,] 12788 --- [           main] trationDelegate$BeanPostProcessorChecker : Bean 'asyncTaskExecutorConfiguration' of type [com.paascloud.core.config.AsyncTaskExecutorConfiguration$$EnhancerBySpringCGLIB$$3ace86a7] is not eligible for getting processed by all BeanPostProcessors (for example: not eligible for auto-proxying)
2019-02-27 22:49:16.370  INFO [bootstrap,,,] [paascloud-provider-uac,,,,] 12788 --- [           main] o.s.s.concurrent.ThreadPoolTaskExecutor  : Initializing ExecutorService 
2019-02-27 22:49:16.370  INFO [bootstrap,,,] [paascloud-provider-uac,,,,] 12788 --- [           main] trationDelegate$BeanPostProcessorChecker : Bean 'taskExecutor' of type [com.paascloud.core.config.ExceptionHandlingAsyncTaskExecutor] is not eligible for getting processed by all BeanPostProcessors (for example: not eligible for auto-proxying)
2019-02-27 22:49:16.417  INFO [bootstrap,,,] [paascloud-provider-uac,,,,] 12788 --- [           main] trationDelegate$BeanPostProcessorChecker : Bean 'org.springframework.amqp.rabbit.annotation.RabbitBootstrapConfiguration' of type [org.springframework.amqp.rabbit.annotation.RabbitBootstrapConfiguration$$EnhancerBySpringCGLIB$$c6641468] is not eligible for getting processed by all BeanPostProcessors (for example: not eligible for auto-proxying)
2019-02-27 22:49:16.483  INFO [bootstrap,,,] [paascloud-provider-uac,,,,] 12788 --- [           main] trationDelegate$BeanPostProcessorChecker : Bean 'org.springframework.cloud.sleuth.annotation.SleuthAnnotationAutoConfiguration' of type [org.springframework.cloud.sleuth.annotation.SleuthAnnotationAutoConfiguration$$EnhancerBySpringCGLIB$$25d9c6c] is not eligible for getting processed by all BeanPostProcessors (for example: not eligible for auto-proxying)
2019-02-27 22:49:16.557  INFO [bootstrap,,,] [paascloud-provider-uac,,,,] 12788 --- [           main] trationDelegate$BeanPostProcessorChecker : Bean 'sleuthAdvisorConfig' of type [org.springframework.cloud.sleuth.annotation.SleuthAdvisorConfig] is not eligible for getting processed by all BeanPostProcessors (for example: not eligible for auto-proxying)
2019-02-27 22:49:16.567  INFO [bootstrap,,,] [paascloud-provider-uac,,,,] 12788 --- [           main] trationDelegate$BeanPostProcessorChecker : Bean 'org.springframework.transaction.annotation.ProxyTransactionManagementConfiguration' of type [org.springframework.transaction.annotation.ProxyTransactionManagementConfiguration$$EnhancerBySpringCGLIB$$fff8563a] is not eligible for getting processed by all BeanPostProcessors (for example: not eligible for auto-proxying)
2019-02-27 22:49:16.610  INFO [bootstrap,,,] [paascloud-provider-uac,,,,] 12788 --- [           main] trationDelegate$BeanPostProcessorChecker : Bean 'org.springframework.cache.annotation.ProxyCachingConfiguration' of type [org.springframework.cache.annotation.ProxyCachingConfiguration$$EnhancerBySpringCGLIB$$490a8c58] is not eligible for getting processed by all BeanPostProcessors (for example: not eligible for auto-proxying)
2019-02-27 22:49:16.674  INFO [bootstrap,,,] [paascloud-provider-uac,,,,] 12788 --- [           main] trationDelegate$BeanPostProcessorChecker : Bean 'security.oauth2.client-org.springframework.boot.autoconfigure.security.oauth2.OAuth2ClientProperties' of type [org.springframework.boot.autoconfigure.security.oauth2.OAuth2ClientProperties] is not eligible for getting processed by all BeanPostProcessors (for example: not eligible for auto-proxying)
2019-02-27 22:49:16.679  INFO [bootstrap,,,] [paascloud-provider-uac,,,,] 12788 --- [           main] trationDelegate$BeanPostProcessorChecker : Bean 'org.springframework.boot.autoconfigure.security.oauth2.OAuth2AutoConfiguration' of type [org.springframework.boot.autoconfigure.security.oauth2.OAuth2AutoConfiguration$$EnhancerBySpringCGLIB$$b742123a] is not eligible for getting processed by all BeanPostProcessors (for example: not eligible for auto-proxying)
2019-02-27 22:49:16.708  INFO [bootstrap,,,] [paascloud-provider-uac,,,,] 12788 --- [           main] trationDelegate$BeanPostProcessorChecker : Bean 'resourceServerProperties' of type [org.springframework.boot.autoconfigure.security.oauth2.resource.ResourceServerProperties] is not eligible for getting processed by all BeanPostProcessors (for example: not eligible for auto-proxying)
2019-02-27 22:49:16.715  INFO [bootstrap,,,] [paascloud-provider-uac,,,,] 12788 --- [           main] trationDelegate$BeanPostProcessorChecker : Bean 'org.springframework.cloud.netflix.metrics.MetricsInterceptorConfiguration$MetricsRestTemplateConfiguration' of type [org.springframework.cloud.netflix.metrics.MetricsInterceptorConfiguration$MetricsRestTemplateConfiguration$$EnhancerBySpringCGLIB$$3224fc7b] is not eligible for getting processed by all BeanPostProcessors (for example: not eligible for auto-proxying)
2019-02-27 22:49:16.742  INFO [bootstrap,,,] [paascloud-provider-uac,,,,] 12788 --- [           main] trationDelegate$BeanPostProcessorChecker : Bean 'org.springframework.cloud.autoconfigure.ConfigurationPropertiesRebinderAutoConfiguration' of type [org.springframework.cloud.autoconfigure.ConfigurationPropertiesRebinderAutoConfiguration$$EnhancerBySpringCGLIB$$1c125937] is not eligible for getting processed by all BeanPostProcessors (for example: not eligible for auto-proxying)
2019-02-27 22:49:16.764  INFO [bootstrap,,,] [paascloud-provider-uac,,,,] 12788 --- [           main] trationDelegate$BeanPostProcessorChecker : Bean 'org.springframework.cloud.sleuth.instrument.web.client.feign.TraceFeignClientAutoConfiguration$FeignBeanPostProcessorConfiguration' of type [org.springframework.cloud.sleuth.instrument.web.client.feign.TraceFeignClientAutoConfiguration$FeignBeanPostProcessorConfiguration$$EnhancerBySpringCGLIB$$3f8a2f00] is not eligible for getting processed by all BeanPostProcessors (for example: not eligible for auto-proxying)
2019-02-27 22:49:16.801  INFO [bootstrap,,,] [paascloud-provider-uac,,,,] 12788 --- [           main] trationDelegate$BeanPostProcessorChecker : Bean 'org.springframework.cloud.sleuth.instrument.async.AsyncDefaultAutoConfiguration' of type [org.springframework.cloud.sleuth.instrument.async.AsyncDefaultAutoConfiguration$$EnhancerBySpringCGLIB$$e7dc0259] is not eligible for getting processed by all BeanPostProcessors (for example: not eligible for auto-proxying)
2019-02-27 22:49:16.825  INFO [bootstrap,,,] [paascloud-provider-uac,,,,] 12788 --- [           main] trationDelegate$BeanPostProcessorChecker : Bean 'org.springframework.cloud.sleuth.instrument.web.client.TraceWebClientAutoConfiguration$TraceOAuthConfiguration' of type [org.springframework.cloud.sleuth.instrument.web.client.TraceWebClientAutoConfiguration$TraceOAuthConfiguration$$EnhancerBySpringCGLIB$$44f4e899] is not eligible for getting processed by all BeanPostProcessors (for example: not eligible for auto-proxying)
2019-02-27 22:49:16.840  INFO [bootstrap,,,] [paascloud-provider-uac,,,,] 12788 --- [           main] trationDelegate$BeanPostProcessorChecker : Bean 'org.springframework.cloud.sleuth.instrument.web.client.TraceWebClientAutoConfiguration' of type [org.springframework.cloud.sleuth.instrument.web.client.TraceWebClientAutoConfiguration$$EnhancerBySpringCGLIB$$ac8b21b9] is not eligible for getting processed by all BeanPostProcessors (for example: not eligible for auto-proxying)
2019-02-27 22:49:16.867  INFO [bootstrap,,,] [paascloud-provider-uac,,,,] 12788 --- [           main] trationDelegate$BeanPostProcessorChecker : Bean 'spring.sleuth-org.springframework.cloud.sleuth.autoconfig.SleuthProperties' of type [org.springframework.cloud.sleuth.autoconfig.SleuthProperties] is not eligible for getting processed by all BeanPostProcessors (for example: not eligible for auto-proxying)
2019-02-27 22:49:16.869  INFO [bootstrap,,,] [paascloud-provider-uac,,,,] 12788 --- [           main] trationDelegate$BeanPostProcessorChecker : Bean 'org.springframework.cloud.sleuth.autoconfig.TraceAutoConfiguration' of type [org.springframework.cloud.sleuth.autoconfig.TraceAutoConfiguration$$EnhancerBySpringCGLIB$$38f5734d] is not eligible for getting processed by all BeanPostProcessors (for example: not eligible for auto-proxying)
2019-02-27 22:49:16.888  INFO [bootstrap,,,] [paascloud-provider-uac,,,,] 12788 --- [           main] trationDelegate$BeanPostProcessorChecker : Bean 'defaultTraceSampler' of type [org.springframework.cloud.context.scope.GenericScope$LockedScopedProxyFactoryBean] is not eligible for getting processed by all BeanPostProcessors (for example: not eligible for auto-proxying)
2019-02-27 22:49:16.889  INFO [bootstrap,,,] [paascloud-provider-uac,,,,] 12788 --- [           main] trationDelegate$BeanPostProcessorChecker : Bean 'defaultTraceSampler' of type [com.sun.proxy.$Proxy173] is not eligible for getting processed by all BeanPostProcessors (for example: not eligible for auto-proxying)
2019-02-27 22:49:16.894  INFO [bootstrap,,,] [paascloud-provider-uac,,,,] 12788 --- [           main] trationDelegate$BeanPostProcessorChecker : Bean 'randomForSpanIds' of type [java.util.Random] is not eligible for getting processed by all BeanPostProcessors (for example: not eligible for auto-proxying)
2019-02-27 22:49:16.901  INFO [bootstrap,,,] [paascloud-provider-uac,,,,] 12788 --- [           main] trationDelegate$BeanPostProcessorChecker : Bean 'spanNamer' of type [org.springframework.cloud.sleuth.DefaultSpanNamer] is not eligible for getting processed by all BeanPostProcessors (for example: not eligible for auto-proxying)
2019-02-27 22:49:16.909  INFO [bootstrap,,,] [paascloud-provider-uac,,,,] 12788 --- [           main] trationDelegate$BeanPostProcessorChecker : Bean 'org.springframework.cloud.sleuth.log.SleuthLogAutoConfiguration$Slf4jConfiguration' of type [org.springframework.cloud.sleuth.log.SleuthLogAutoConfiguration$Slf4jConfiguration$$EnhancerBySpringCGLIB$$86607d1b] is not eligible for getting processed by all BeanPostProcessors (for example: not eligible for auto-proxying)
2019-02-27 22:49:16.924  INFO [bootstrap,,,] [paascloud-provider-uac,,,,] 12788 --- [           main] trationDelegate$BeanPostProcessorChecker : Bean 'spring.sleuth.log.slf4j-org.springframework.cloud.sleuth.log.SleuthSlf4jProperties' of type [org.springframework.cloud.sleuth.log.SleuthSlf4jProperties] is not eligible for getting processed by all BeanPostProcessors (for example: not eligible for auto-proxying)
2019-02-27 22:49:16.927  INFO [bootstrap,,,] [paascloud-provider-uac,,,,] 12788 --- [           main] trationDelegate$BeanPostProcessorChecker : Bean 'slf4jSpanLogger' of type [org.springframework.cloud.sleuth.log.Slf4jSpanLogger] is not eligible for getting processed by all BeanPostProcessors (for example: not eligible for auto-proxying)
2019-02-27 22:49:16.939  INFO [bootstrap,,,] [paascloud-provider-uac,,,,] 12788 --- [           main] trationDelegate$BeanPostProcessorChecker : Bean 'defaultSpanAdjuster' of type [org.springframework.cloud.sleuth.NoOpSpanAdjuster] is not eligible for getting processed by all BeanPostProcessors (for example: not eligible for auto-proxying)
2019-02-27 22:49:16.942  INFO [bootstrap,,,] [paascloud-provider-uac,,,,] 12788 --- [           main] trationDelegate$BeanPostProcessorChecker : Bean 'org.springframework.cloud.sleuth.zipkin2.ZipkinAutoConfiguration' of type [org.springframework.cloud.sleuth.zipkin2.ZipkinAutoConfiguration$$EnhancerBySpringCGLIB$$730dc13b] is not eligible for getting processed by all BeanPostProcessors (for example: not eligible for auto-proxying)
2019-02-27 22:49:16.961  INFO [bootstrap,,,] [paascloud-provider-uac,,,,] 12788 --- [           main] trationDelegate$BeanPostProcessorChecker : Bean 'org.springframework.cloud.sleuth.metric.TraceMetricsAutoConfiguration$CounterServiceSpanReporterConfig' of type [org.springframework.cloud.sleuth.metric.TraceMetricsAutoConfiguration$CounterServiceSpanReporterConfig$$EnhancerBySpringCGLIB$$b2242e8d] is not eligible for getting processed by all BeanPostProcessors (for example: not eligible for auto-proxying)
2019-02-27 22:49:16.971  INFO [bootstrap,,,] [paascloud-provider-uac,,,,] 12788 --- [           main] trationDelegate$BeanPostProcessorChecker : Bean 'org.springframework.cloud.netflix.metrics.servo.ServoMetricsAutoConfiguration' of type [org.springframework.cloud.netflix.metrics.servo.ServoMetricsAutoConfiguration$$EnhancerBySpringCGLIB$$f67964e0] is not eligible for getting processed by all BeanPostProcessors (for example: not eligible for auto-proxying)
2019-02-27 22:49:16.993  INFO [bootstrap,,,] [paascloud-provider-uac,,,,] 12788 --- [           main] trationDelegate$BeanPostProcessorChecker : Bean 'servoMetricsConfig' of type [org.springframework.cloud.netflix.metrics.servo.ServoMetricsConfigBean] is not eligible for getting processed by all BeanPostProcessors (for example: not eligible for auto-proxying)
2019-02-27 22:49:16.998  INFO [bootstrap,,,] [paascloud-provider-uac,,,,] 12788 --- [           main] trationDelegate$BeanPostProcessorChecker : Bean 'monitorRegistry' of type [com.netflix.servo.DefaultMonitorRegistry] is not eligible for getting processed by all BeanPostProcessors (for example: not eligible for auto-proxying)
2019-02-27 22:49:17.017  INFO [bootstrap,,,] [paascloud-provider-uac,,,,] 12788 --- [           main] trationDelegate$BeanPostProcessorChecker : Bean 'servoMetricServices' of type [org.springframework.cloud.netflix.metrics.servo.ServoMetricServices] is not eligible for getting processed by all BeanPostProcessors (for example: not eligible for auto-proxying)
2019-02-27 22:49:17.051  INFO [bootstrap,,,] [paascloud-provider-uac,,,,] 12788 --- [           main] trationDelegate$BeanPostProcessorChecker : Bean 'org.springframework.cloud.sleuth.metric.TraceMetricsAutoConfiguration' of type [org.springframework.cloud.sleuth.metric.TraceMetricsAutoConfiguration$$EnhancerBySpringCGLIB$$2682621b] is not eligible for getting processed by all BeanPostProcessors (for example: not eligible for auto-proxying)
2019-02-27 22:49:17.071  INFO [bootstrap,,,] [paascloud-provider-uac,,,,] 12788 --- [           main] trationDelegate$BeanPostProcessorChecker : Bean 'sleuthMetricProperties' of type [org.springframework.cloud.sleuth.metric.SleuthMetricProperties] is not eligible for getting processed by all BeanPostProcessors (for example: not eligible for auto-proxying)
2019-02-27 22:49:17.078  INFO [bootstrap,,,] [paascloud-provider-uac,,,,] 12788 --- [           main] trationDelegate$BeanPostProcessorChecker : Bean 'spanReporterCounterService' of type [org.springframework.cloud.sleuth.metric.CounterServiceBasedSpanMetricReporter] is not eligible for getting processed by all BeanPostProcessors (for example: not eligible for auto-proxying)
2019-02-27 22:49:17.097  INFO [bootstrap,,,] [paascloud-provider-uac,,,,] 12788 --- [           main] trationDelegate$BeanPostProcessorChecker : Bean 'spring.zipkin-org.springframework.cloud.sleuth.zipkin2.ZipkinProperties' of type [org.springframework.cloud.sleuth.zipkin2.ZipkinProperties] is not eligible for getting processed by all BeanPostProcessors (for example: not eligible for auto-proxying)
2019-02-27 22:49:17.109  INFO [bootstrap,,,] [paascloud-provider-uac,,,,] 12788 --- [           main] trationDelegate$BeanPostProcessorChecker : Bean 'org.springframework.cloud.sleuth.zipkin2.sender.ZipkinRabbitSenderConfiguration' of type [org.springframework.cloud.sleuth.zipkin2.sender.ZipkinRabbitSenderConfiguration$$EnhancerBySpringCGLIB$$b4dd859a] is not eligible for getting processed by all BeanPostProcessors (for example: not eligible for auto-proxying)
2019-02-27 22:49:17.121  INFO [bootstrap,,,] [paascloud-provider-uac,,,,] 12788 --- [           main] trationDelegate$BeanPostProcessorChecker : Bean 'org.springframework.boot.autoconfigure.amqp.RabbitAutoConfiguration$RabbitConnectionFactoryCreator' of type [org.springframework.boot.autoconfigure.amqp.RabbitAutoConfiguration$RabbitConnectionFactoryCreator$$EnhancerBySpringCGLIB$$88e2cc47] is not eligible for getting processed by all BeanPostProcessors (for example: not eligible for auto-proxying)
2019-02-27 22:49:17.138  INFO [bootstrap,,,] [paascloud-provider-uac,,,,] 12788 --- [           main] trationDelegate$BeanPostProcessorChecker : Bean 'spring.rabbitmq-org.springframework.boot.autoconfigure.amqp.RabbitProperties' of type [org.springframework.boot.autoconfigure.amqp.RabbitProperties] is not eligible for getting processed by all BeanPostProcessors (for example: not eligible for auto-proxying)
2019-02-27 22:49:17.149  INFO [bootstrap,,,] [paascloud-provider-uac,,,,] 12788 --- [           main] trationDelegate$BeanPostProcessorChecker : Bean 'rabbitConnectionFactory' of type [org.springframework.amqp.rabbit.connection.CachingConnectionFactory] is not eligible for getting processed by all BeanPostProcessors (for example: not eligible for auto-proxying)
2019-02-27 22:49:17.175  INFO [bootstrap,,,] [paascloud-provider-uac,,,,] 12788 --- [           main] trationDelegate$BeanPostProcessorChecker : Bean 'rabbitSender' of type [zipkin2.reporter.amqp.AutoValue_RabbitMQSender] is not eligible for getting processed by all BeanPostProcessors (for example: not eligible for auto-proxying)
2019-02-27 22:49:17.190  INFO [bootstrap,,,] [paascloud-provider-uac,,,,] 12788 --- [           main] trationDelegate$BeanPostProcessorChecker : Bean 'reporter' of type [zipkin2.reporter.AsyncReporter$BoundedAsyncReporter] is not eligible for getting processed by all BeanPostProcessors (for example: not eligible for auto-proxying)
2019-02-27 22:49:17.207  INFO [bootstrap,,,] [paascloud-provider-uac,,,,] 12788 --- [           main] trationDelegate$BeanPostProcessorChecker : Bean 'org.springframework.boot.autoconfigure.web.ServerPropertiesAutoConfiguration' of type [org.springframework.boot.autoconfigure.web.ServerPropertiesAutoConfiguration$$EnhancerBySpringCGLIB$$b64dd20a] is not eligible for getting processed by all BeanPostProcessors (for example: not eligible for auto-proxying)
2019-02-27 22:49:17.219  INFO [bootstrap,,,] [paascloud-provider-uac,,,,] 12788 --- [           main] trationDelegate$BeanPostProcessorChecker : Bean 'serverProperties' of type [org.springframework.boot.autoconfigure.web.ServerProperties] is not eligible for getting processed by all BeanPostProcessors (for example: not eligible for auto-proxying)
2019-02-27 22:49:17.239  INFO [bootstrap,,,] [paascloud-provider-uac,,,,] 12788 --- [           main] trationDelegate$BeanPostProcessorChecker : Bean 'org.springframework.cloud.sleuth.zipkin2.ZipkinAutoConfiguration$DefaultEndpointLocatorConfiguration' of type [org.springframework.cloud.sleuth.zipkin2.ZipkinAutoConfiguration$DefaultEndpointLocatorConfiguration$$EnhancerBySpringCGLIB$$52b708cd] is not eligible for getting processed by all BeanPostProcessors (for example: not eligible for auto-proxying)
2019-02-27 22:49:17.519  INFO [bootstrap,,,] [paascloud-provider-uac,,,,] 12788 --- [           main] trationDelegate$BeanPostProcessorChecker : Bean 'zipkinEndpointLocator' of type [org.springframework.cloud.sleuth.zipkin2.DefaultEndpointLocator] is not eligible for getting processed by all BeanPostProcessors (for example: not eligible for auto-proxying)
2019-02-27 22:49:17.525  INFO [bootstrap,,,] [paascloud-provider-uac,,,,] 12788 --- [           main] trationDelegate$BeanPostProcessorChecker : Bean 'zipkinSpanListener' of type [org.springframework.cloud.sleuth.zipkin2.ZipkinSpanReporter] is not eligible for getting processed by all BeanPostProcessors (for example: not eligible for auto-proxying)
2019-02-27 22:49:17.534  INFO [bootstrap,,,] [paascloud-provider-uac,,,,] 12788 --- [           main] trationDelegate$BeanPostProcessorChecker : Bean 'spring.sleuth.keys-org.springframework.cloud.sleuth.TraceKeys' of type [org.springframework.cloud.sleuth.TraceKeys] is not eligible for getting processed by all BeanPostProcessors (for example: not eligible for auto-proxying)
2019-02-27 22:49:17.539  INFO [bootstrap,,,] [paascloud-provider-uac,,,,] 12788 --- [           main] trationDelegate$BeanPostProcessorChecker : Bean 'sleuthTracer' of type [org.springframework.cloud.sleuth.trace.DefaultTracer] is not eligible for getting processed by all BeanPostProcessors (for example: not eligible for auto-proxying)
2019-02-27 22:49:17.546  INFO [bootstrap,,,] [paascloud-provider-uac,,,,] 12788 --- [           main] trationDelegate$BeanPostProcessorChecker : Bean 'org.springframework.cloud.sleuth.instrument.web.TraceHttpAutoConfiguration' of type [org.springframework.cloud.sleuth.instrument.web.TraceHttpAutoConfiguration$$EnhancerBySpringCGLIB$$e6765f89] is not eligible for getting processed by all BeanPostProcessors (for example: not eligible for auto-proxying)
2019-02-27 22:49:17.552  INFO [bootstrap,,,] [paascloud-provider-uac,,,,] 12788 --- [           main] trationDelegate$BeanPostProcessorChecker : Bean 'httpSpanInjector' of type [org.springframework.cloud.sleuth.instrument.web.ZipkinHttpSpanInjector] is not eligible for getting processed by all BeanPostProcessors (for example: not eligible for auto-proxying)
2019-02-27 22:49:17.562  INFO [bootstrap,,,] [paascloud-provider-uac,,,,] 12788 --- [           main] trationDelegate$BeanPostProcessorChecker : Bean 'httpTraceKeysInjector' of type [org.springframework.cloud.sleuth.instrument.web.HttpTraceKeysInjector] is not eligible for getting processed by all BeanPostProcessors (for example: not eligible for auto-proxying)
2019-02-27 22:49:17.567  INFO [bootstrap,,,] [paascloud-provider-uac,,,,] 12788 --- [           main] trationDelegate$BeanPostProcessorChecker : Bean 'defaultErrorParser' of type [org.springframework.cloud.sleuth.ExceptionMessageErrorParser] is not eligible for getting processed by all BeanPostProcessors (for example: not eligible for auto-proxying)
2019-02-27 22:49:17.570  INFO [bootstrap,,,] [paascloud-provider-uac,,,,] 12788 --- [           main] trationDelegate$BeanPostProcessorChecker : Bean 'traceRestTemplateInterceptor' of type [org.springframework.cloud.sleuth.instrument.web.client.TraceRestTemplateInterceptor] is not eligible for getting processed by all BeanPostProcessors (for example: not eligible for auto-proxying)
2019-02-27 22:49:17.572  INFO [bootstrap,,,] [paascloud-provider-uac,,,,] 12788 --- [           main] trationDelegate$BeanPostProcessorChecker : Bean 'org.springframework.cloud.sleuth.instrument.web.client.TraceWebClientAutoConfiguration$TraceInterceptorConfiguration' of type [org.springframework.cloud.sleuth.instrument.web.client.TraceWebClientAutoConfiguration$TraceInterceptorConfiguration$$EnhancerBySpringCGLIB$$aa6867eb] is not eligible for getting processed by all BeanPostProcessors (for example: not eligible for auto-proxying)
2019-02-27 22:49:17.654  INFO [bootstrap,,,] [paascloud-provider-uac,,,,] 12788 --- [           main] c.p.core.interceptor.SqlLogInterceptor   : [鎵撳嵃SQL鎷︽埅鍣ㄥ垱寤篯noticeTime=5.0绉�
2019-02-27 22:49:18.357  INFO [bootstrap,,,] [paascloud-provider-uac,,,,] 12788 --- [           main] s.c.a.AnnotationConfigApplicationContext : Refreshing org.springframework.context.annotation.AnnotationConfigApplicationContext@67fd5b98: startup date [Wed Feb 27 22:49:18 CST 2019]; parent: org.springframework.web.context.support.GenericWebApplicationContext@27f3b5ba
2019-02-27 22:49:18.368  INFO [bootstrap,,,] [paascloud-provider-uac,,,,] 12788 --- [           main] f.a.AutowiredAnnotationBeanPostProcessor : JSR-330 'javax.inject.Inject' annotation found and supported for autowiring
2019-02-27 22:49:18.789  INFO [bootstrap,,,] [paascloud-provider-uac,,,,] 12788 --- [           main] o.s.b.t.m.w.SpringBootMockServletContext : jolokia: No access restrictor found, access to any MBean is allowed
2019-02-27 22:49:19.417  INFO [bootstrap,,,] [paascloud-provider-uac,,,,] 12788 --- [           main] o.s.w.s.v.f.FreeMarkerConfigurer         : ClassTemplateLoader for Spring macros added to FreeMarker configuration
2019-02-27 22:49:19.770  INFO [bootstrap,,,] [paascloud-provider-uac,,,,] 12788 --- [           main] s.c.a.AnnotationConfigApplicationContext : Refreshing org.springframework.context.annotation.AnnotationConfigApplicationContext@100c57c9: startup date [Wed Feb 27 22:49:19 CST 2019]; parent: org.springframework.web.context.support.GenericWebApplicationContext@27f3b5ba
2019-02-27 22:49:19.782  INFO [bootstrap,,,] [paascloud-provider-uac,,,,] 12788 --- [           main] f.a.AutowiredAnnotationBeanPostProcessor : JSR-330 'javax.inject.Inject' annotation found and supported for autowiring
2019-02-27 22:49:20.024  WARN [bootstrap,,,] [paascloud-provider-uac,,,,] 12788 --- [           main] o.s.s.o.p.t.s.JwtAccessTokenConverter    : Unable to create an RSA verifier from verifierKey (ignoreable if using MAC)
2019-02-27 22:49:20.288  INFO [bootstrap,,,] [paascloud-provider-uac,,,,] 12788 --- [           main] s.c.a.AnnotationConfigApplicationContext : Refreshing org.springframework.context.annotation.AnnotationConfigApplicationContext@e29a07f: startup date [Wed Feb 27 22:49:20 CST 2019]; parent: org.springframework.web.context.support.GenericWebApplicationContext@27f3b5ba
2019-02-27 22:49:20.298  INFO [bootstrap,,,] [paascloud-provider-uac,,,,] 12788 --- [           main] f.a.AutowiredAnnotationBeanPostProcessor : JSR-330 'javax.inject.Inject' annotation found and supported for autowiring
2019-02-27 22:49:20.566  INFO [bootstrap,,,] [paascloud-provider-uac,,,,] 12788 --- [           main] s.c.a.AnnotationConfigApplicationContext : Refreshing org.springframework.context.annotation.AnnotationConfigApplicationContext@27342c75: startup date [Wed Feb 27 22:49:20 CST 2019]; parent: org.springframework.web.context.support.GenericWebApplicationContext@27f3b5ba
2019-02-27 22:49:20.582  INFO [bootstrap,,,] [paascloud-provider-uac,,,,] 12788 --- [           main] f.a.AutowiredAnnotationBeanPostProcessor : JSR-330 'javax.inject.Inject' annotation found and supported for autowiring
2019-02-27 22:49:21.484  INFO [bootstrap,,,] [paascloud-provider-uac,,,,] 12788 --- [           main] s.w.s.m.m.a.RequestMappingHandlerMapping : Mapped "{[/auth/activeUser/{activeUserToken}],methods=[GET]}" onto public com.paascloud.wrapper.Wrapper com.paascloud.provider.web.admin.AuthRestController.activeUser(java.lang.String)
2019-02-27 22:49:21.485  INFO [bootstrap,,,] [paascloud-provider-uac,,,,] 12788 --- [           main] s.w.s.m.m.a.RequestMappingHandlerMapping : Mapped "{[/auth/submitResetPwdPhone],methods=[POST]}" onto public com.paascloud.wrapper.Wrapper<java.lang.String> com.paascloud.provider.web.admin.AuthRestController.submitResetPwdPhone(java.lang.String,javax.servlet.http.HttpServletResponse)
2019-02-27 22:49:21.486  INFO [bootstrap,,,] [paascloud-provider-uac,,,,] 12788 --- [           main] s.w.s.m.m.a.RequestMappingHandlerMapping : Mapped "{[/auth/submitResetPwdEmail],methods=[POST]}" onto public com.paascloud.wrapper.Wrapper<java.lang.String> com.paascloud.provider.web.admin.AuthRestController.submitResetPwdEmail(java.lang.String)
2019-02-27 22:49:21.486  INFO [bootstrap,,,] [paascloud-provider-uac,,,,] 12788 --- [           main] s.w.s.m.m.a.RequestMappingHandlerMapping : Mapped "{[/auth/resetLoginPwd],methods=[POST]}" onto public com.paascloud.wrapper.Wrapper<java.lang.Boolean> com.paascloud.provider.web.admin.AuthRestController.checkResetSmsCode(com.paascloud.provider.model.dto.user.ResetLoginPwdDto)
2019-02-27 22:49:21.486  INFO [bootstrap,,,] [paascloud-provider-uac,,,,] 12788 --- [           main] s.w.s.m.m.a.RequestMappingHandlerMapping : Mapped "{[/auth/saveLog],methods=[POST]}" onto public java.lang.Integer com.paascloud.provider.web.admin.AuthRestController.saveLog(com.paascloud.core.annotation.OperationLogDto)
2019-02-27 22:49:21.486  INFO [bootstrap,,,] [paascloud-provider-uac,,,,] 12788 --- [           main] s.w.s.m.m.a.RequestMappingHandlerMapping : Mapped "{[/auth/callback/qq],methods=[POST]}" onto public void com.paascloud.provider.web.admin.AuthRestController.callbackQQ(javax.servlet.http.HttpServletRequest)
2019-02-27 22:49:21.487  INFO [bootstrap,,,] [paascloud-provider-uac,,,,] 12788 --- [           main] s.w.s.m.m.a.RequestMappingHandlerMapping : Mapped "{[/auth/register],methods=[POST]}" onto public com.paascloud.wrapper.Wrapper com.paascloud.provider.web.admin.AuthRestController.registerUser(com.paascloud.provider.model.dto.user.UserRegisterDto)
2019-02-27 22:49:21.487  INFO [bootstrap,,,] [paascloud-provider-uac,,,,] 12788 --- [           main] s.w.s.m.m.a.RequestMappingHandlerMapping : Mapped "{[/auth/checkPhoneActive/{mobileNo}],methods=[POST]}" onto public com.paascloud.wrapper.Wrapper<java.lang.Boolean> com.paascloud.provider.web.admin.AuthRestController.checkPhoneActive(java.lang.String)
2019-02-27 22:49:21.487  INFO [bootstrap,,,] [paascloud-provider-uac,,,,] 12788 --- [           main] s.w.s.m.m.a.RequestMappingHandlerMapping : Mapped "{[/auth/checkValid],methods=[POST]}" onto public com.paascloud.wrapper.Wrapper com.paascloud.provider.web.admin.AuthRestController.checkValid(com.paascloud.base.dto.CheckValidDto)
2019-02-27 22:49:21.487  INFO [bootstrap,,,] [paascloud-provider-uac,,,,] 12788 --- [           main] s.w.s.m.m.a.RequestMappingHandlerMapping : Mapped "{[/auth/checkEmailActive/{email:.+}],methods=[POST]}" onto public com.paascloud.wrapper.Wrapper<java.lang.Boolean> com.paascloud.provider.web.admin.AuthRestController.checkEmailActive(java.lang.String)
2019-02-27 22:49:21.488  INFO [bootstrap,,,] [paascloud-provider-uac,,,,] 12788 --- [           main] s.w.s.m.m.a.RequestMappingHandlerMapping : Mapped "{[/action/checkActionCode],methods=[POST],produces=[application/json;charset=UTF-8]}" onto public com.paascloud.wrapper.Wrapper<java.lang.Boolean> com.paascloud.provider.web.admin.UacActionCommonController.checkActionCode(com.paascloud.provider.model.dto.action.UacActionCheckCodeDto)
2019-02-27 22:49:21.488  INFO [bootstrap,,,] [paascloud-provider-uac,,,,] 12788 --- [           main] s.w.s.m.m.a.RequestMappingHandlerMapping : Mapped "{[/action/checkUrl],methods=[POST],produces=[application/json;charset=UTF-8]}" onto public com.paascloud.wrapper.Wrapper<java.lang.Boolean> com.paascloud.provider.web.admin.UacActionCommonController.checkActionUrl(com.paascloud.provider.model.dto.action.UacActionCheckUrlDto)
2019-02-27 22:49:21.489  INFO [bootstrap,,,] [paascloud-provider-uac,,,,] 12788 --- [           main] s.w.s.m.m.a.RequestMappingHandlerMapping : Mapped "{[/action/save],methods=[POST],produces=[application/json;charset=UTF-8]}" onto public com.paascloud.wrapper.Wrapper com.paascloud.provider.web.admin.UacActionMainController.save(com.paascloud.provider.model.domain.UacAction)
2019-02-27 22:49:21.490  INFO [bootstrap,,,] [paascloud-provider-uac,,,,] 12788 --- [           main] s.w.s.m.m.a.RequestMappingHandlerMapping : Mapped "{[/action/batchDeleteByIdList],methods=[POST],produces=[application/json;charset=UTF-8]}" onto public com.paascloud.wrapper.Wrapper com.paascloud.provider.web.admin.UacActionMainController.batchDeleteByIdList(java.util.List<java.lang.Long>)
2019-02-27 22:49:21.490  INFO [bootstrap,,,] [paascloud-provider-uac,,,,] 12788 --- [           main] s.w.s.m.m.a.RequestMappingHandlerMapping : Mapped "{[/action/modifyStatus],methods=[POST],produces=[application/json;charset=UTF-8]}" onto public com.paascloud.wrapper.Wrapper com.paascloud.provider.web.admin.UacActionMainController.modifyActionStatus(com.paascloud.provider.model.dto.base.ModifyStatusDto)
2019-02-27 22:49:21.491  INFO [bootstrap,,,] [paascloud-provider-uac,,,,] 12788 --- [           main] s.w.s.m.m.a.RequestMappingHandlerMapping : Mapped "{[/action/queryListWithPage],methods=[POST],produces=[application/json;charset=UTF-8]}" onto public com.paascloud.wrapper.Wrapper com.paascloud.provider.web.admin.UacActionMainController.queryUacActionListWithPage(com.paascloud.provider.model.dto.action.ActionMainQueryDto)
2019-02-27 22:49:21.491  INFO [bootstrap,,,] [paascloud-provider-uac,,,,] 12788 --- [           main] s.w.s.m.m.a.RequestMappingHandlerMapping : Mapped "{[/action/deleteActionById/{id}],methods=[POST],produces=[application/json;charset=UTF-8]}" onto public com.paascloud.wrapper.Wrapper com.paascloud.provider.web.admin.UacActionMainController.deleteUacActionById(java.lang.Long)
2019-02-27 22:49:21.491  INFO [bootstrap,,,] [paascloud-provider-uac,,,,] 12788 --- [           main] s.w.s.m.m.a.RequestMappingHandlerMapping : Mapped "{[/role/bindMenu],methods=[POST],produces=[application/json;charset=UTF-8]}" onto public com.paascloud.wrapper.Wrapper com.paascloud.provider.web.admin.UacGrantAuth4RoleController.bindMenu(com.paascloud.provider.model.dto.role.RoleBindMenuDto)
2019-02-27 22:49:21.492  INFO [bootstrap,,,] [paascloud-provider-uac,,,,] 12788 --- [           main] s.w.s.m.m.a.RequestMappingHandlerMapping : Mapped "{[/role/bindAction],methods=[POST],produces=[application/json;charset=UTF-8]}" onto public com.paascloud.wrapper.Wrapper com.paascloud.provider.web.admin.UacGrantAuth4RoleController.bindAction(com.paascloud.provider.model.dto.role.RoleBindActionDto)
2019-02-27 22:49:21.492  INFO [bootstrap,,,] [paascloud-provider-uac,,,,] 12788 --- [           main] s.w.s.m.m.a.RequestMappingHandlerMapping : Mapped "{[/group/bindUser],methods=[POST],produces=[application/json;charset=UTF-8]}" onto public com.paascloud.wrapper.Wrapper com.paascloud.provider.web.admin.UacGroupBindUserController.bindUser4Role(com.paascloud.provider.model.dto.group.GroupBindUserReqDto)
2019-02-27 22:49:21.493  INFO [bootstrap,,,] [paascloud-provider-uac,,,,] 12788 --- [           main] s.w.s.m.m.a.RequestMappingHandlerMapping : Mapped "{[/group/getBindUser/{groupId}],methods=[POST],produces=[application/json;charset=UTF-8]}" onto public com.paascloud.wrapper.Wrapper<com.paascloud.provider.model.dto.group.GroupBindUserDto> com.paascloud.provider.web.admin.UacGroupBindUserController.getGroupBindUserPageInfo(java.lang.Long)
2019-02-27 22:49:21.493  INFO [bootstrap,,,] [paascloud-provider-uac,,,,] 12788 --- [           main] s.w.s.m.m.a.RequestMappingHandlerMapping : Mapped "{[/group/checkGroupName],methods=[POST],produces=[application/json;charset=UTF-8]}" onto public com.paascloud.wrapper.Wrapper<java.lang.Boolean> com.paascloud.provider.web.admin.UacGroupCommonController.checkGroupName(com.paascloud.provider.model.dto.group.CheckGroupNameDto)
2019-02-27 22:49:21.494  INFO [bootstrap,,,] [paascloud-provider-uac,,,,] 12788 --- [           main] s.w.s.m.m.a.RequestMappingHandlerMapping : Mapped "{[/group/checkGroupCode],methods=[POST],produces=[application/json;charset=UTF-8]}" onto public com.paascloud.wrapper.Wrapper<java.lang.Boolean> com.paascloud.provider.web.admin.UacGroupCommonController.checkGroupCode(com.paascloud.provider.model.dto.group.CheckGroupCodeDto)
2019-02-27 22:49:21.494  INFO [bootstrap,,,] [paascloud-provider-uac,,,,] 12788 --- [           main] s.w.s.m.m.a.RequestMappingHandlerMapping : Mapped "{[/group/queryGroupType],methods=[POST],produces=[application/json;charset=UTF-8]}" onto public com.paascloud.wrapper.Wrapper<java.util.List<java.util.Map<java.lang.String, java.lang.String>>> com.paascloud.provider.web.admin.UacGroupCommonController.queryGroupType()
2019-02-27 22:49:21.494  INFO [bootstrap,,,] [paascloud-provider-uac,,,,] 12788 --- [           main] s.w.s.m.m.a.RequestMappingHandlerMapping : Mapped "{[/group/getGroupTree],methods=[POST],produces=[application/json;charset=UTF-8]}" onto public com.paascloud.wrapper.Wrapper<java.util.List<com.paascloud.provider.model.vo.GroupZtreeVo>> com.paascloud.provider.web.admin.UacGroupCommonController.getGroupTreeById()
2019-02-27 22:49:21.494  INFO [bootstrap,,,] [paascloud-provider-uac,,,,] 12788 --- [           main] s.w.s.m.m.a.RequestMappingHandlerMapping : Mapped "{[/group/getGroupTree/{groupId}],methods=[POST],produces=[application/json;charset=UTF-8]}" onto public com.paascloud.wrapper.Wrapper<java.util.List<com.paascloud.provider.model.vo.GroupZtreeVo>> com.paascloud.provider.web.admin.UacGroupCommonController.getGroupTreeById(java.lang.Long)
2019-02-27 22:49:21.496  INFO [bootstrap,,,] [paascloud-provider-uac,,,,] 12788 --- [           main] s.w.s.m.m.a.RequestMappingHandlerMapping : Mapped "{[/group/getTree],methods=[POST],produces=[application/json;charset=UTF-8]}" onto public com.paascloud.wrapper.Wrapper<java.util.List<com.paascloud.provider.model.vo.MenuVo>> com.paascloud.provider.web.admin.UacGroupMainController.getTree()
2019-02-27 22:49:21.497  INFO [bootstrap,,,] [paascloud-provider-uac,,,,] 12788 --- [           main] s.w.s.m.m.a.RequestMappingHandlerMapping : Mapped "{[/group/queryById/{id}],methods=[POST],produces=[application/json;charset=UTF-8]}" onto public com.paascloud.wrapper.Wrapper<com.paascloud.provider.model.domain.UacGroup> com.paascloud.provider.web.admin.UacGroupMainController.getEditGroupPageInfo(java.lang.Long)
2019-02-27 22:49:21.497  INFO [bootstrap,,,] [paascloud-provider-uac,,,,] 12788 --- [           main] s.w.s.m.m.a.RequestMappingHandlerMapping : Mapped "{[/group/modifyStatus],methods=[POST],produces=[application/json;charset=UTF-8]}" onto public com.paascloud.wrapper.Wrapper com.paascloud.provider.web.admin.UacGroupMainController.modifyGroupStatus(com.paascloud.provider.model.dto.user.IdStatusDto)
2019-02-27 22:49:21.497  INFO [bootstrap,,,] [paascloud-provider-uac,,,,] 12788 --- [           main] s.w.s.m.m.a.RequestMappingHandlerMapping : Mapped "{[/group/save],methods=[POST],produces=[application/json;charset=UTF-8]}" onto public com.paascloud.wrapper.Wrapper com.paascloud.provider.web.admin.UacGroupMainController.editGroup(com.paascloud.provider.model.domain.UacGroup)
2019-02-27 22:49:21.497  INFO [bootstrap,,,] [paascloud-provider-uac,,,,] 12788 --- [           main] s.w.s.m.m.a.RequestMappingHandlerMapping : Mapped "{[/group/deleteById/{id}],methods=[POST],produces=[application/json;charset=UTF-8]}" onto public com.paascloud.wrapper.Wrapper com.paascloud.provider.web.admin.UacGroupMainController.deleteGroupById(java.lang.Long)
2019-02-27 22:49:21.498  INFO [bootstrap,,,] [paascloud-provider-uac,,,,] 12788 --- [           main] s.w.s.m.m.a.RequestMappingHandlerMapping : Mapped "{[/log/queryListWithPage],methods=[POST],produces=[application/json;charset=UTF-8]}" onto public com.paascloud.wrapper.Wrapper com.paascloud.provider.web.admin.UacLogMainController.queryLogListWithPage(com.paascloud.provider.model.dto.log.UacLogMainDto)
2019-02-27 22:49:21.499  INFO [bootstrap,,,] [paascloud-provider-uac,,,,] 12788 --- [           main] s.w.s.m.m.a.RequestMappingHandlerMapping : Mapped "{[/menu/checkMenuCode],methods=[POST],produces=[application/json;charset=UTF-8]}" onto public com.paascloud.wrapper.Wrapper<java.lang.Boolean> com.paascloud.provider.web.admin.UacMenuCommonController.checkUacMenuActionCode(com.paascloud.provider.model.dto.menu.UacMenuCheckCodeDto)
2019-02-27 22:49:21.499  INFO [bootstrap,,,] [paascloud-provider-uac,,,,] 12788 --- [           main] s.w.s.m.m.a.RequestMappingHandlerMapping : Mapped "{[/menu/checkMenuUrl],methods=[POST],produces=[application/json;charset=UTF-8]}" onto public com.paascloud.wrapper.Wrapper<java.lang.Boolean> com.paascloud.provider.web.admin.UacMenuCommonController.checkUacMenuUrl(com.paascloud.provider.model.dto.menu.UacMenuCheckUrlDto)
2019-02-27 22:49:21.500  INFO [bootstrap,,,] [paascloud-provider-uac,,,,] 12788 --- [           main] s.w.s.m.m.a.RequestMappingHandlerMapping : Mapped "{[/menu/checkMenuName],methods=[POST],produces=[application/json;charset=UTF-8]}" onto public com.paascloud.wrapper.Wrapper<java.lang.Boolean> com.paascloud.provider.web.admin.UacMenuCommonController.checkUacMenuName(com.paascloud.provider.model.dto.menu.UacMenuCheckNameDto)
2019-02-27 22:49:21.503  INFO [bootstrap,,,] [paascloud-provider-uac,,,,] 12788 --- [           main] s.w.s.m.m.a.RequestMappingHandlerMapping : Mapped "{[/menu/deleteById/{id}],methods=[POST],produces=[application/json;charset=UTF-8]}" onto public com.paascloud.wrapper.Wrapper<java.lang.Integer> com.paascloud.provider.web.admin.UacMenuMainController.deleteUacMenuById(java.lang.Long)
2019-02-27 22:49:21.504  INFO [bootstrap,,,] [paascloud-provider-uac,,,,] 12788 --- [           main] s.w.s.m.m.a.RequestMappingHandlerMapping : Mapped "{[/menu/modifyStatus],methods=[POST],produces=[application/json;charset=UTF-8]}" onto public com.paascloud.wrapper.Wrapper com.paascloud.provider.web.admin.UacMenuMainController.updateUacMenuStatusById(com.paascloud.provider.model.dto.menu.UacMenuStatusDto)
2019-02-27 22:49:21.504  INFO [bootstrap,,,] [paascloud-provider-uac,,,,] 12788 --- [           main] s.w.s.m.m.a.RequestMappingHandlerMapping : Mapped "{[/menu/getTree],methods=[POST],produces=[application/json;charset=UTF-8]}" onto public com.paascloud.wrapper.Wrapper<java.util.List<com.paascloud.provider.model.vo.MenuVo>> com.paascloud.provider.web.admin.UacMenuMainController.queryMenuTreeList()
2019-02-27 22:49:21.505  INFO [bootstrap,,,] [paascloud-provider-uac,,,,] 12788 --- [           main] s.w.s.m.m.a.RequestMappingHandlerMapping : Mapped "{[/menu/queryById/{id}],methods=[POST],produces=[application/json;charset=UTF-8]}" onto public com.paascloud.wrapper.Wrapper<com.paascloud.provider.model.vo.ViewMenuVo> com.paascloud.provider.web.admin.UacMenuMainController.queryMenuVoById(java.lang.Long)
2019-02-27 22:49:21.505  INFO [bootstrap,,,] [paascloud-provider-uac,,,,] 12788 --- [           main] s.w.s.m.m.a.RequestMappingHandlerMapping : Mapped "{[/menu/save],methods=[POST],produces=[application/json;charset=UTF-8]}" onto public com.paascloud.wrapper.Wrapper com.paascloud.provider.web.admin.UacMenuMainController.saveMenu(com.paascloud.provider.model.dto.menu.UacEditMenuDto)
2019-02-27 22:49:21.506  INFO [bootstrap,,,] [paascloud-provider-uac,,,,] 12788 --- [           main] s.w.s.m.m.a.RequestMappingHandlerMapping : Mapped "{[/role/bindUser],methods=[POST],produces=[application/json;charset=UTF-8]}" onto public com.paascloud.wrapper.Wrapper com.paascloud.provider.web.admin.UacRoleBindUserController.bindUser(com.paascloud.provider.model.dto.role.RoleBindUserReqDto)
2019-02-27 22:49:21.506  INFO [bootstrap,,,] [paascloud-provider-uac,,,,] 12788 --- [           main] s.w.s.m.m.a.RequestMappingHandlerMapping : Mapped "{[/role/getBindUser/{roleId}],methods=[POST],produces=[application/json;charset=UTF-8]}" onto public com.paascloud.wrapper.Wrapper<com.paascloud.provider.model.dto.role.RoleBindUserDto> com.paascloud.provider.web.admin.UacRoleBindUserController.getBindUser(java.lang.Long)
2019-02-27 22:49:21.507  INFO [bootstrap,,,] [paascloud-provider-uac,,,,] 12788 --- [           main] s.w.s.m.m.a.RequestMappingHandlerMapping : Mapped "{[/role/getMenuTreeByRoleId/{roleId}],methods=[POST],produces=[application/json;charset=UTF-8]}" onto public com.paascloud.wrapper.Wrapper<com.paascloud.provider.model.vo.BindAuthVo> com.paascloud.provider.web.admin.UacRoleCommonController.getMenuTreeByRoleId(java.lang.Long)
2019-02-27 22:49:21.508  INFO [bootstrap,,,] [paascloud-provider-uac,,,,] 12788 --- [           main] s.w.s.m.m.a.RequestMappingHandlerMapping : Mapped "{[/role/getActionTreeByRoleId/{roleId}],methods=[POST],produces=[application/json;charset=UTF-8]}" onto public com.paascloud.wrapper.Wrapper<com.paascloud.provider.model.vo.BindAuthVo> com.paascloud.provider.web.admin.UacRoleCommonController.getActionTreeByRoleId(java.lang.Long)
2019-02-27 22:49:21.508  INFO [bootstrap,,,] [paascloud-provider-uac,,,,] 12788 --- [           main] s.w.s.m.m.a.RequestMappingHandlerMapping : Mapped "{[/role/queryRoleInfoById/{id}],methods=[POST],produces=[application/json;charset=UTF-8]}" onto public com.paascloud.wrapper.Wrapper<com.paascloud.provider.model.domain.UacRole> com.paascloud.provider.web.admin.UacRoleCommonController.queryRoleInfo(java.lang.Long)
2019-02-27 22:49:21.509  INFO [bootstrap,,,] [paascloud-provider-uac,,,,] 12788 --- [           main] s.w.s.m.m.a.RequestMappingHandlerMapping : Mapped "{[/role/checkRoleCode],methods=[POST],produces=[application/json;charset=UTF-8]}" onto public com.paascloud.wrapper.Wrapper<java.lang.Boolean> com.paascloud.provider.web.admin.UacRoleCommonController.checkUacRoleCode(com.paascloud.provider.model.dto.role.CheckRoleCodeDto)
2019-02-27 22:49:21.510  INFO [bootstrap,,,] [paascloud-provider-uac,,,,] 12788 --- [           main] s.w.s.m.m.a.RequestMappingHandlerMapping : Mapped "{[/role/save],methods=[POST],produces=[application/json;charset=UTF-8]}" onto public com.paascloud.wrapper.Wrapper com.paascloud.provider.web.admin.UacRoleMainController.save(com.paascloud.provider.model.domain.UacRole)
2019-02-27 22:49:21.511  INFO [bootstrap,,,] [paascloud-provider-uac,,,,] 12788 --- [           main] s.w.s.m.m.a.RequestMappingHandlerMapping : Mapped "{[/role/batchDeleteByIdList],methods=[POST],produces=[application/json;charset=UTF-8]}" onto public com.paascloud.wrapper.Wrapper com.paascloud.provider.web.admin.UacRoleMainController.batchDeleteByIdList(java.util.List<java.lang.Long>)
2019-02-27 22:49:21.511  INFO [bootstrap,,,] [paascloud-provider-uac,,,,] 12788 --- [           main] s.w.s.m.m.a.RequestMappingHandlerMapping : Mapped "{[/role/deleteRoleById/{id}],methods=[POST],produces=[application/json;charset=UTF-8]}" onto public com.paascloud.wrapper.Wrapper com.paascloud.provider.web.admin.UacRoleMainController.deleteUacRoleById(java.lang.Long)
2019-02-27 22:49:21.512  INFO [bootstrap,,,] [paascloud-provider-uac,,,,] 12788 --- [           main] s.w.s.m.m.a.RequestMappingHandlerMapping : Mapped "{[/role/modifyRoleStatusById],methods=[POST],produces=[application/json;charset=UTF-8]}" onto public com.paascloud.wrapper.Wrapper com.paascloud.provider.web.admin.UacRoleMainController.modifyUacRoleStatusById(com.paascloud.provider.model.dto.base.ModifyStatusDto)
2019-02-27 22:49:21.512  INFO [bootstrap,,,] [paascloud-provider-uac,,,,] 12788 --- [           main] s.w.s.m.m.a.RequestMappingHandlerMapping : Mapped "{[/role/queryRoleListWithPage],methods=[POST],produces=[application/json;charset=UTF-8]}" onto public com.paascloud.wrapper.Wrapper<com.github.pagehelper.PageInfo<com.paascloud.provider.model.vo.RoleVo>> com.paascloud.provider.web.admin.UacRoleMainController.queryUacRoleListWithPage(com.paascloud.provider.model.domain.UacRole)
2019-02-27 22:49:21.512  INFO [bootstrap,,,] [paascloud-provider-uac,,,,] 12788 --- [           main] s.w.s.m.m.a.RequestMappingHandlerMapping : Mapped "{[/token/queryListWithPage],methods=[POST],produces=[application/json;charset=UTF-8]}" onto public com.paascloud.wrapper.Wrapper com.paascloud.provider.web.admin.UacTokenMainController.queryUacActionListWithPage(com.paascloud.provider.model.dto.token.TokenMainQueryDto)
2019-02-27 22:49:21.514  INFO [bootstrap,,,] [paascloud-provider-uac,,,,] 12788 --- [           main] s.w.s.m.m.a.RequestMappingHandlerMapping : Mapped "{[/user/modifyUserEmail/{email}/{emailCode}],methods=[POST],produces=[application/json;charset=UTF-8]}" onto public com.paascloud.wrapper.Wrapper<java.lang.Integer> com.paascloud.provider.web.admin.UacUserCommonController.modifyUserEmail(java.lang.String,java.lang.String)
2019-02-27 22:49:21.515  INFO [bootstrap,,,] [paascloud-provider-uac,,,,] 12788 --- [           main] s.w.s.m.m.a.RequestMappingHandlerMapping : Mapped "{[/user/checkEmail],methods=[POST],produces=[application/json;charset=UTF-8]}" onto public com.paascloud.wrapper.Wrapper<java.lang.Boolean> com.paascloud.provider.web.admin.UacUserCommonController.checkEmail(com.paascloud.provider.model.dto.user.CheckEmailDto)
2019-02-27 22:49:21.516  INFO [bootstrap,,,] [paascloud-provider-uac,,,,] 12788 --- [           main] s.w.s.m.m.a.RequestMappingHandlerMapping : Mapped "{[/user/getOwnAuthTree],methods=[POST],produces=[application/json;charset=UTF-8]}" onto public com.paascloud.wrapper.Wrapper<java.util.List<com.paascloud.provider.model.vo.MenuVo>> com.paascloud.provider.web.admin.UacUserCommonController.getOwnAuthTree()
2019-02-27 22:49:21.516  INFO [bootstrap,,,] [paascloud-provider-uac,,,,] 12788 --- [           main] s.w.s.m.m.a.RequestMappingHandlerMapping : Mapped "{[/user/checkLoginName],methods=[POST],produces=[application/json;charset=UTF-8]}" onto public com.paascloud.wrapper.Wrapper<java.lang.Boolean> com.paascloud.provider.web.admin.UacUserCommonController.checkLoginName(com.paascloud.provider.model.dto.user.CheckLoginNameDto)
2019-02-27 22:49:21.517  INFO [bootstrap,,,] [paascloud-provider-uac,,,,] 12788 --- [           main] s.w.s.m.m.a.RequestMappingHandlerMapping : Mapped "{[/user/checkNewPassword],methods=[POST],produces=[application/json;charset=UTF-8]}" onto public com.paascloud.wrapper.Wrapper<java.lang.Boolean> com.paascloud.provider.web.admin.UacUserCommonController.checkNewPassword(com.paascloud.provider.model.dto.user.CheckNewPasswordDto)
2019-02-27 22:49:21.518  INFO [bootstrap,,,] [paascloud-provider-uac,,,,] 12788 --- [           main] s.w.s.m.m.a.RequestMappingHandlerMapping : Mapped "{[/user/checkUserPhone],methods=[POST],produces=[application/json;charset=UTF-8]}" onto public com.paascloud.wrapper.Wrapper<java.lang.Boolean> com.paascloud.provider.web.admin.UacUserCommonController.checkUserPhone(com.paascloud.provider.model.dto.user.CheckUserPhoneDto)
2019-02-27 22:49:21.518  INFO [bootstrap,,,] [paascloud-provider-uac,,,,] 12788 --- [           main] s.w.s.m.m.a.RequestMappingHandlerMapping : Mapped "{[/user/checkUserName],methods=[POST],produces=[application/json;charset=UTF-8]}" onto public com.paascloud.wrapper.Wrapper<java.lang.Boolean> com.paascloud.provider.web.admin.UacUserCommonController.checkUserName(com.paascloud.provider.model.dto.user.CheckUserNameDto)
2019-02-27 22:49:21.519  INFO [bootstrap,,,] [paascloud-provider-uac,,,,] 12788 --- [           main] s.w.s.m.m.a.RequestMappingHandlerMapping : Mapped "{[/user/queryUserInfo/{loginName}],methods=[POST],produces=[application/json;charset=UTF-8]}" onto public com.paascloud.wrapper.Wrapper<com.paascloud.provider.model.vo.UserVo> com.paascloud.provider.web.admin.UacUserCommonController.queryUserInfo(java.lang.String)
2019-02-27 22:49:21.520  INFO [bootstrap,,,] [paascloud-provider-uac,,,,] 12788 --- [           main] s.w.s.m.m.a.RequestMappingHandlerMapping : Mapped "{[/user/loginAfter/{applicationId}],methods=[POST],produces=[application/json;charset=UTF-8]}" onto public com.paascloud.wrapper.Wrapper<com.paascloud.provider.model.dto.user.LoginRespDto> com.paascloud.provider.web.admin.UacUserLoginController.loginAfter(java.lang.Long)
2019-02-27 22:49:21.521  INFO [bootstrap,,,] [paascloud-provider-uac,,,,] 12788 --- [           main] s.w.s.m.m.a.RequestMappingHandlerMapping : Mapped "{[/user/logout],methods=[POST],produces=[application/json;charset=UTF-8]}" onto public com.paascloud.wrapper.Wrapper com.paascloud.provider.web.admin.UacUserLoginController.loginAfter(java.lang.String)
2019-02-27 22:49:21.521  INFO [bootstrap,,,] [paascloud-provider-uac,,,,] 12788 --- [           main] s.w.s.m.m.a.RequestMappingHandlerMapping : Mapped "{[/auth/user/refreshToken],methods=[GET],produces=[application/json;charset=UTF-8]}" onto public com.paascloud.wrapper.Wrapper<java.lang.String> com.paascloud.provider.web.admin.UacUserLoginController.refreshToken(javax.servlet.http.HttpServletRequest,java.lang.String,java.lang.String)
2019-02-27 22:49:21.523  INFO [bootstrap,,,] [paascloud-provider-uac,,,,] 12788 --- [           main] s.w.s.m.m.a.RequestMappingHandlerMapping : Mapped "{[/user/queryListWithPage],methods=[POST],produces=[application/json;charset=UTF-8]}" onto public com.paascloud.wrapper.Wrapper<com.github.pagehelper.PageInfo> com.paascloud.provider.web.admin.UacUserMainController.queryUserListWithPage(com.paascloud.provider.model.domain.UacUser)
2019-02-27 22:49:21.524  INFO [bootstrap,,,] [paascloud-provider-uac,,,,] 12788 --- [           main] s.w.s.m.m.a.RequestMappingHandlerMapping : Mapped "{[/user/resetLoginPwd/{userId}],methods=[POST],produces=[application/json;charset=UTF-8]}" onto public com.paascloud.wrapper.Wrapper<com.paascloud.provider.model.domain.UacUser> com.paascloud.provider.web.admin.UacUserMainController.resetLoginPwd(java.lang.Long)
2019-02-27 22:49:21.525  INFO [bootstrap,,,] [paascloud-provider-uac,,,,] 12788 --- [           main] s.w.s.m.m.a.RequestMappingHandlerMapping : Mapped "{[/user/bindRole],methods=[POST],produces=[application/json;charset=UTF-8]}" onto public com.paascloud.wrapper.Wrapper<java.lang.Integer> com.paascloud.provider.web.admin.UacUserMainController.bindUserRoles(com.paascloud.provider.model.dto.user.BindUserRolesDto)
2019-02-27 22:49:21.529  INFO [bootstrap,,,] [paascloud-provider-uac,,,,] 12788 --- [           main] s.w.s.m.m.a.RequestMappingHandlerMapping : Mapped "{[/user/bindUserMenus],methods=[POST],produces=[application/json;charset=UTF-8]}" onto public com.paascloud.wrapper.Wrapper<java.lang.Integer> com.paascloud.provider.web.admin.UacUserMainController.bindUserMenus(com.paascloud.provider.model.dto.user.BindUserMenusDto)
2019-02-27 22:49:21.530  INFO [bootstrap,,,] [paascloud-provider-uac,,,,] 12788 --- [           main] s.w.s.m.m.a.RequestMappingHandlerMapping : Mapped "{[/user/deleteUserById/{userId}],methods=[POST],produces=[application/json;charset=UTF-8]}" onto public com.paascloud.wrapper.Wrapper<java.lang.Integer> com.paascloud.provider.web.admin.UacUserMainController.deleteUserById(java.lang.Long)
2019-02-27 22:49:21.530  INFO [bootstrap,,,] [paascloud-provider-uac,,,,] 12788 --- [           main] s.w.s.m.m.a.RequestMappingHandlerMapping : Mapped "{[/user/modifyUserStatusById],methods=[POST],produces=[application/json;charset=UTF-8]}" onto public com.paascloud.wrapper.Wrapper<java.lang.Integer> com.paascloud.provider.web.admin.UacUserMainController.modifyUserStatusById(com.paascloud.provider.model.dto.user.ModifyUserStatusDto)
2019-02-27 22:49:21.531  INFO [bootstrap,,,] [paascloud-provider-uac,,,,] 12788 --- [           main] s.w.s.m.m.a.RequestMappingHandlerMapping : Mapped "{[/user/queryUserMenuDtoData],methods=[POST],produces=[application/json;charset=UTF-8]}" onto public com.paascloud.wrapper.Wrapper<java.util.List<com.paascloud.provider.model.dto.menu.UserMenuDto>> com.paascloud.provider.web.admin.UacUserMainController.queryUserMenuDtoData()
2019-02-27 22:49:21.531  INFO [bootstrap,,,] [paascloud-provider-uac,,,,] 12788 --- [           main] s.w.s.m.m.a.RequestMappingHandlerMapping : Mapped "{[/user/user],methods=[GET],produces=[application/json;charset=UTF-8]}" onto public com.paascloud.security.core.SecurityUser com.paascloud.provider.web.admin.UacUserMainController.user()
2019-02-27 22:49:21.531  INFO [bootstrap,,,] [paascloud-provider-uac,,,,] 12788 --- [           main] s.w.s.m.m.a.RequestMappingHandlerMapping : Mapped "{[/user/queryUserLogListWithPage],methods=[POST],produces=[application/json;charset=UTF-8]}" onto public com.paascloud.wrapper.Wrapper<com.github.pagehelper.PageInfo<com.paascloud.provider.model.domain.UacLog>> com.paascloud.provider.web.admin.UacUserMainController.queryUserLogListWithPage(com.paascloud.provider.model.domain.UacLog)
2019-02-27 22:49:21.532  INFO [bootstrap,,,] [paascloud-provider-uac,,,,] 12788 --- [           main] s.w.s.m.m.a.RequestMappingHandlerMapping : Mapped "{[/user/getUacUserById/{userId}],methods=[POST],produces=[application/json;charset=UTF-8]}" onto public com.paascloud.wrapper.Wrapper<com.paascloud.provider.model.domain.UacUser> com.paascloud.provider.web.admin.UacUserMainController.getUacUserById(java.lang.Long)
2019-02-27 22:49:21.532  INFO [bootstrap,,,] [paascloud-provider-uac,,,,] 12788 --- [           main] s.w.s.m.m.a.RequestMappingHandlerMapping : Mapped "{[/user/save],methods=[POST],produces=[application/json;charset=UTF-8]}" onto public com.paascloud.wrapper.Wrapper<java.lang.Integer> com.paascloud.provider.web.admin.UacUserMainController.addUacUser(com.paascloud.provider.model.domain.UacUser)
2019-02-27 22:49:21.533  INFO [bootstrap,,,] [paascloud-provider-uac,,,,] 12788 --- [           main] s.w.s.m.m.a.RequestMappingHandlerMapping : Mapped "{[/user/getBindRole/{userId}],methods=[POST],produces=[application/json;charset=UTF-8]}" onto public com.paascloud.wrapper.Wrapper<com.paascloud.provider.model.vo.UserBindRoleVo> com.paascloud.provider.web.admin.UacUserMainController.getBindRole(java.lang.Long)
2019-02-27 22:49:21.534  INFO [bootstrap,,,] [paascloud-provider-uac,,,,] 12788 --- [           main] s.w.s.m.m.a.RequestMappingHandlerMapping : Mapped "{[/user/modifyUserPwd],methods=[POST],produces=[application/json;charset=UTF-8]}" onto public com.paascloud.wrapper.Wrapper<java.lang.Integer> com.paascloud.provider.web.admin.UacUserPasswordController.modifyUserPwd(com.paascloud.provider.model.dto.user.UserModifyPwdDto)
2019-02-27 22:49:21.535  INFO [bootstrap,,,] [paascloud-provider-uac,,,,] 12788 --- [           main] s.w.s.m.m.a.RequestMappingHandlerMapping : Mapped "{[/user/registerUser],methods=[POST],produces=[application/json;charset=UTF-8]}" onto public com.paascloud.wrapper.Wrapper com.paascloud.provider.web.admin.UacUserPasswordController.registerUser(com.paascloud.provider.model.dto.user.UserRegisterDto)
2019-02-27 22:49:21.536  INFO [bootstrap,,,] [paascloud-provider-uac,,,,] 12788 --- [           main] s.w.s.m.m.a.RequestMappingHandlerMapping : Mapped "{[/email/checkRestEmailCode],methods=[POST],produces=[application/json;charset=UTF-8]}" onto public com.paascloud.wrapper.Wrapper com.paascloud.provider.web.mall.EmailController.checkRestEmailCode(com.paascloud.provider.model.dto.email.SendEmailMessage)
2019-02-27 22:49:21.537  INFO [bootstrap,,,] [paascloud-provider-uac,,,,] 12788 --- [           main] s.w.s.m.m.a.RequestMappingHandlerMapping : Mapped "{[/email/sendRestEmailCode],methods=[POST],produces=[application/json;charset=UTF-8]}" onto public com.paascloud.wrapper.Wrapper<java.lang.String> com.paascloud.provider.web.mall.EmailController.sendRestEmailCode(com.paascloud.provider.model.dto.email.SendEmailMessage)
2019-02-27 22:49:21.538  INFO [bootstrap,,,] [paascloud-provider-uac,,,,] 12788 --- [           main] s.w.s.m.m.a.RequestMappingHandlerMapping : Mapped "{[/auth/category/getProductCategoryDtoByPid/{pid}],methods=[GET],produces=[application/json;charset=UTF-8]}" onto public com.paascloud.wrapper.Wrapper<java.util.List<com.paascloud.provider.model.dto.ProductCategoryDto>> com.paascloud.provider.web.mall.MallAuthRestController.getProductCategoryDtoByPid(java.lang.Long)
2019-02-27 22:49:21.538  INFO [bootstrap,,,] [paascloud-provider-uac,,,,] 12788 --- [           main] s.w.s.m.m.a.RequestMappingHandlerMapping : Mapped "{[/auth/product/queryProductDetail/{productId}],methods=[GET],produces=[application/json;charset=UTF-8]}" onto public com.paascloud.wrapper.Wrapper<com.paascloud.provider.model.vo.ProductDetailVo> com.paascloud.provider.web.mall.MallAuthRestController.queryProductDetail(java.lang.Long)
2019-02-27 22:49:21.538  INFO [bootstrap,,,] [paascloud-provider-uac,,,,] 12788 --- [           main] s.w.s.m.m.a.RequestMappingHandlerMapping : Mapped "{[/auth/product/queryProductList],methods=[POST],produces=[application/json;charset=UTF-8]}" onto public com.paascloud.wrapper.Wrapper<com.github.pagehelper.PageInfo> com.paascloud.provider.web.mall.MallAuthRestController.queryProductList(com.paascloud.provider.model.dto.ProductReqDto)
2019-02-27 22:49:21.540  INFO [bootstrap,,,] [paascloud-provider-uac,,,,] 12788 --- [           main] s.w.s.m.m.a.RequestMappingHandlerMapping : Mapped "{[/cart/selectAllProduct],methods=[POST],produces=[application/json;charset=UTF-8]}" onto public com.paascloud.wrapper.Wrapper com.paascloud.provider.web.mall.MallCartController.selectAll()
2019-02-27 22:49:21.540  INFO [bootstrap,,,] [paascloud-provider-uac,,,,] 12788 --- [           main] s.w.s.m.m.a.RequestMappingHandlerMapping : Mapped "{[/cart/selectProduct/{productId}],methods=[POST],produces=[application/json;charset=UTF-8]}" onto public com.paascloud.wrapper.Wrapper com.paascloud.provider.web.mall.MallCartController.select(java.lang.Long)
2019-02-27 22:49:21.540  INFO [bootstrap,,,] [paascloud-provider-uac,,,,] 12788 --- [           main] s.w.s.m.m.a.RequestMappingHandlerMapping : Mapped "{[/cart/deleteProduct/{productIds}],methods=[POST],produces=[application/json;charset=UTF-8]}" onto public com.paascloud.wrapper.Wrapper com.paascloud.provider.web.mall.MallCartController.deleteProduct(java.lang.String)
2019-02-27 22:49:21.540  INFO [bootstrap,,,] [paascloud-provider-uac,,,,] 12788 --- [           main] s.w.s.m.m.a.RequestMappingHandlerMapping : Mapped "{[/cart/unSelectProduct/{productId}],methods=[POST],produces=[application/json;charset=UTF-8]}" onto public com.paascloud.wrapper.Wrapper com.paascloud.provider.web.mall.MallCartController.unSelect(java.lang.Long)
2019-02-27 22:49:21.541  INFO [bootstrap,,,] [paascloud-provider-uac,,,,] 12788 --- [           main] s.w.s.m.m.a.RequestMappingHandlerMapping : Mapped "{[/cart/mergeUserCart],methods=[POST],produces=[application/json;charset=UTF-8]}" onto public com.paascloud.wrapper.Wrapper<com.paascloud.provider.model.vo.CartVo> com.paascloud.provider.web.mall.MallCartController.mergeUserCart(com.paascloud.provider.model.dto.omc.CartListQuery)
2019-02-27 22:49:21.541  INFO [bootstrap,,,] [paascloud-provider-uac,,,,] 12788 --- [           main] s.w.s.m.m.a.RequestMappingHandlerMapping : Mapped "{[/cart/unSelectAllProduct],methods=[POST],produces=[application/json;charset=UTF-8]}" onto public com.paascloud.wrapper.Wrapper com.paascloud.provider.web.mall.MallCartController.unSelectAll()
2019-02-27 22:49:21.541  INFO [bootstrap,,,] [paascloud-provider-uac,,,,] 12788 --- [           main] s.w.s.m.m.a.RequestMappingHandlerMapping : Mapped "{[/cart/addProduct/{productId}/{count}],methods=[POST],produces=[application/json;charset=UTF-8]}" onto public com.paascloud.wrapper.Wrapper com.paascloud.provider.web.mall.MallCartController.addProduct(java.lang.Long,java.lang.Integer)
2019-02-27 22:49:21.541  INFO [bootstrap,,,] [paascloud-provider-uac,,,,] 12788 --- [           main] s.w.s.m.m.a.RequestMappingHandlerMapping : Mapped "{[/cart/updateProduct/{productId}/{count}],methods=[POST],produces=[application/json;charset=UTF-8]}" onto public com.paascloud.wrapper.Wrapper com.paascloud.provider.web.mall.MallCartController.updateProduct(java.lang.Long,java.lang.Integer)
2019-02-27 22:49:21.542  INFO [bootstrap,,,] [paascloud-provider-uac,,,,] 12788 --- [           main] s.w.s.m.m.a.RequestMappingHandlerMapping : Mapped "{[/user/updateInformation],methods=[POST],produces=[application/json;charset=UTF-8]}" onto public com.paascloud.wrapper.Wrapper<com.paascloud.provider.model.dto.user.UserInfoDto> com.paascloud.provider.web.mall.MallUserController.updateInformation(com.paascloud.provider.model.dto.user.UserInfoDto)
2019-02-27 22:49:21.542  INFO [bootstrap,,,] [paascloud-provider-uac,,,,] 12788 --- [           main] s.w.s.m.m.a.RequestMappingHandlerMapping : Mapped "{[/user/getInformation],methods=[POST],produces=[application/json;charset=UTF-8]}" onto public com.paascloud.wrapper.Wrapper<com.paascloud.provider.model.dto.user.UserInfoDto> com.paascloud.provider.web.mall.MallUserController.getInformation()
2019-02-27 22:49:21.543  INFO [bootstrap,,,] [paascloud-provider-uac,,,,] 12788 --- [           main] s.w.s.m.m.a.RequestMappingHandlerMapping : Mapped "{[/api/uac/message/queryMessageListWithPage],methods=[POST]}" onto public com.paascloud.wrapper.Wrapper<com.github.pagehelper.PageInfo<com.paascloud.base.dto.MqMessageVo>> com.paascloud.provider.web.rpc.UacMqMessageFeignClient.queryMessageListWithPage(com.paascloud.base.dto.MessageQueryDto)
2019-02-27 22:49:21.543  INFO [bootstrap,,,] [paascloud-provider-uac,,,,] 12788 --- [           main] s.w.s.m.m.a.RequestMappingHandlerMapping : Mapped "{[/api/uac/message/queryMessageKeyList],methods=[POST]}" onto public com.paascloud.wrapper.Wrapper<java.util.List<java.lang.String>> com.paascloud.provider.web.rpc.UacMqMessageFeignClient.queryMessageKeyList(java.util.List<java.lang.String>)
2019-02-27 22:49:21.544  INFO [bootstrap,,,] [paascloud-provider-uac,,,,] 12788 --- [           main] s.w.s.m.m.a.RequestMappingHandlerMapping : Mapped "{[/api/uac/token/updateTokenOffLine],methods=[POST]}" onto public com.paascloud.wrapper.Wrapper<java.lang.Integer> com.paascloud.provider.web.rpc.UacUserTokenFeignClient.updateTokenOffLine()
2019-02-27 22:49:21.544  INFO [bootstrap,,,] [paascloud-provider-uac,,,,] 12788 --- [           main] s.w.s.m.m.a.RequestMappingHandlerMapping : Mapped "{[/social/user],methods=[GET]}" onto public com.paascloud.security.core.social.support.SocialUserInfo com.paascloud.security.app.AppSecurityController.getSocialUserInfo(javax.servlet.http.HttpServletRequest)
2019-02-27 22:49:21.545  INFO [bootstrap,,,] [paascloud-provider-uac,,,,] 12788 --- [           main] s.w.s.m.m.a.RequestMappingHandlerMapping : Mapped "{[/auth/code/{type}],methods=[POST]}" onto public void com.paascloud.security.core.validate.code.ValidateCodeController.createCode(javax.servlet.http.HttpServletRequest,javax.servlet.http.HttpServletResponse,java.lang.String) throws java.lang.Exception
2019-02-27 22:49:21.546  INFO [bootstrap,,,] [paascloud-provider-uac,,,,] 12788 --- [           main] s.w.s.m.m.a.RequestMappingHandlerMapping : Mapped "{[/auth/code/{type}],methods=[GET]}" onto public java.lang.Object com.paascloud.security.core.validate.code.ValidateCodeController.checkCode(javax.servlet.http.HttpServletRequest,javax.servlet.http.HttpServletResponse,java.lang.String)
2019-02-27 22:49:21.547  INFO [bootstrap,,,] [paascloud-provider-uac,,,,] 12788 --- [           main] s.w.s.m.m.a.RequestMappingHandlerMapping : Mapped "{[/v2/api-docs],methods=[GET],produces=[application/json || application/hal+json]}" onto public org.springframework.http.ResponseEntity<springfox.documentation.spring.web.json.Json> springfox.documentation.swagger2.web.Swagger2Controller.getDocumentation(java.lang.String,javax.servlet.http.HttpServletRequest)
2019-02-27 22:49:21.548  INFO [bootstrap,,,] [paascloud-provider-uac,,,,] 12788 --- [           main] s.w.s.m.m.a.RequestMappingHandlerMapping : Mapped "{[/swagger-resources]}" onto org.springframework.http.ResponseEntity<java.util.List<springfox.documentation.swagger.web.SwaggerResource>> springfox.documentation.swagger.web.ApiResourceController.swaggerResources()
2019-02-27 22:49:21.550  INFO [bootstrap,,,] [paascloud-provider-uac,,,,] 12788 --- [           main] s.w.s.m.m.a.RequestMappingHandlerMapping : Mapped "{[/swagger-resources/configuration/ui]}" onto org.springframework.http.ResponseEntity<springfox.documentation.swagger.web.UiConfiguration> springfox.documentation.swagger.web.ApiResourceController.uiConfiguration()
2019-02-27 22:49:21.550  INFO [bootstrap,,,] [paascloud-provider-uac,,,,] 12788 --- [           main] s.w.s.m.m.a.RequestMappingHandlerMapping : Mapped "{[/swagger-resources/configuration/security]}" onto org.springframework.http.ResponseEntity<springfox.documentation.swagger.web.SecurityConfiguration> springfox.documentation.swagger.web.ApiResourceController.securityConfiguration()
2019-02-27 22:49:21.552  INFO [bootstrap,,,] [paascloud-provider-uac,,,,] 12788 --- [           main] s.w.s.m.m.a.RequestMappingHandlerMapping : Mapped "{[/error]}" onto public org.springframework.http.ResponseEntity<java.util.Map<java.lang.String, java.lang.Object>> org.springframework.boot.autoconfigure.web.BasicErrorController.error(javax.servlet.http.HttpServletRequest)
2019-02-27 22:49:21.552  INFO [bootstrap,,,] [paascloud-provider-uac,,,,] 12788 --- [           main] s.w.s.m.m.a.RequestMappingHandlerMapping : Mapped "{[/error],produces=[text/html]}" onto public org.springframework.web.servlet.ModelAndView org.springframework.boot.autoconfigure.web.BasicErrorController.errorHtml(javax.servlet.http.HttpServletRequest,javax.servlet.http.HttpServletResponse)
2019-02-27 22:49:21.556  INFO [bootstrap,,,] [paascloud-provider-uac,,,,] 12788 --- [           main] s.w.s.m.m.a.RequestMappingHandlerMapping : Mapped "{[/connect/{providerId}],methods=[POST]}" onto public org.springframework.web.servlet.view.RedirectView org.springframework.social.connect.web.ConnectController.connect(java.lang.String,org.springframework.web.context.request.NativeWebRequest)
2019-02-27 22:49:21.557  INFO [bootstrap,,,] [paascloud-provider-uac,,,,] 12788 --- [           main] s.w.s.m.m.a.RequestMappingHandlerMapping : Mapped "{[/connect],methods=[GET]}" onto public java.lang.String org.springframework.social.connect.web.ConnectController.connectionStatus(org.springframework.web.context.request.NativeWebRequest,org.springframework.ui.Model)
2019-02-27 22:49:21.557  INFO [bootstrap,,,] [paascloud-provider-uac,,,,] 12788 --- [           main] s.w.s.m.m.a.RequestMappingHandlerMapping : Mapped "{[/connect/{providerId}],methods=[GET]}" onto public java.lang.String org.springframework.social.connect.web.ConnectController.connectionStatus(java.lang.String,org.springframework.web.context.request.NativeWebRequest,org.springframework.ui.Model)
2019-02-27 22:49:21.557  INFO [bootstrap,,,] [paascloud-provider-uac,,,,] 12788 --- [           main] s.w.s.m.m.a.RequestMappingHandlerMapping : Mapped "{[/connect/{providerId}/{providerUserId}],methods=[DELETE]}" onto public org.springframework.web.servlet.view.RedirectView org.springframework.social.connect.web.ConnectController.removeConnection(java.lang.String,java.lang.String,org.springframework.web.context.request.NativeWebRequest)
2019-02-27 22:49:21.557  INFO [bootstrap,,,] [paascloud-provider-uac,,,,] 12788 --- [           main] s.w.s.m.m.a.RequestMappingHandlerMapping : Mapped "{[/connect/{providerId}],methods=[GET],params=[oauth_token]}" onto public org.springframework.web.servlet.view.RedirectView org.springframework.social.connect.web.ConnectController.oauth1Callback(java.lang.String,org.springframework.web.context.request.NativeWebRequest)
2019-02-27 22:49:21.558  INFO [bootstrap,,,] [paascloud-provider-uac,,,,] 12788 --- [           main] s.w.s.m.m.a.RequestMappingHandlerMapping : Mapped "{[/connect/{providerId}],methods=[GET],params=[code]}" onto public org.springframework.web.servlet.view.RedirectView org.springframework.social.connect.web.ConnectController.oauth2Callback(java.lang.String,org.springframework.web.context.request.NativeWebRequest)
2019-02-27 22:49:21.558  INFO [bootstrap,,,] [paascloud-provider-uac,,,,] 12788 --- [           main] s.w.s.m.m.a.RequestMappingHandlerMapping : Mapped "{[/connect/{providerId}],methods=[GET],params=[error]}" onto public org.springframework.web.servlet.view.RedirectView org.springframework.social.connect.web.ConnectController.oauth2ErrorCallback(java.lang.String,java.lang.String,java.lang.String,java.lang.String,org.springframework.web.context.request.NativeWebRequest)
2019-02-27 22:49:21.558  INFO [bootstrap,,,] [paascloud-provider-uac,,,,] 12788 --- [           main] s.w.s.m.m.a.RequestMappingHandlerMapping : Mapped "{[/connect/{providerId}],methods=[DELETE]}" onto public org.springframework.web.servlet.view.RedirectView org.springframework.social.connect.web.ConnectController.removeConnections(java.lang.String,org.springframework.web.context.request.NativeWebRequest)
2019-02-27 22:49:21.614  INFO [bootstrap,,,] [paascloud-provider-uac,,,,] 12788 --- [           main] .s.o.p.e.FrameworkEndpointHandlerMapping : Mapped "{[/oauth/authorize],methods=[POST],params=[user_oauth_approval]}" onto public org.springframework.web.servlet.View org.springframework.security.oauth2.provider.endpoint.AuthorizationEndpoint.approveOrDeny(java.util.Map<java.lang.String, java.lang.String>,java.util.Map<java.lang.String, ?>,org.springframework.web.bind.support.SessionStatus,java.security.Principal)
2019-02-27 22:49:21.614  INFO [bootstrap,,,] [paascloud-provider-uac,,,,] 12788 --- [           main] .s.o.p.e.FrameworkEndpointHandlerMapping : Mapped "{[/oauth/authorize]}" onto public org.springframework.web.servlet.ModelAndView org.springframework.security.oauth2.provider.endpoint.AuthorizationEndpoint.authorize(java.util.Map<java.lang.String, java.lang.Object>,java.util.Map<java.lang.String, java.lang.String>,org.springframework.web.bind.support.SessionStatus,java.security.Principal)
2019-02-27 22:49:21.615  INFO [bootstrap,,,] [paascloud-provider-uac,,,,] 12788 --- [           main] .s.o.p.e.FrameworkEndpointHandlerMapping : Mapped "{[/oauth/token],methods=[POST]}" onto public org.springframework.http.ResponseEntity<org.springframework.security.oauth2.common.OAuth2AccessToken> org.springframework.security.oauth2.provider.endpoint.TokenEndpoint.postAccessToken(java.security.Principal,java.util.Map<java.lang.String, java.lang.String>) throws org.springframework.web.HttpRequestMethodNotSupportedException
2019-02-27 22:49:21.615  INFO [bootstrap,,,] [paascloud-provider-uac,,,,] 12788 --- [           main] .s.o.p.e.FrameworkEndpointHandlerMapping : Mapped "{[/oauth/token],methods=[GET]}" onto public org.springframework.http.ResponseEntity<org.springframework.security.oauth2.common.OAuth2AccessToken> org.springframework.security.oauth2.provider.endpoint.TokenEndpoint.getAccessToken(java.security.Principal,java.util.Map<java.lang.String, java.lang.String>) throws org.springframework.web.HttpRequestMethodNotSupportedException
2019-02-27 22:49:21.615  INFO [bootstrap,,,] [paascloud-provider-uac,,,,] 12788 --- [           main] .s.o.p.e.FrameworkEndpointHandlerMapping : Mapped "{[/oauth/check_token]}" onto public java.util.Map<java.lang.String, ?> org.springframework.security.oauth2.provider.endpoint.CheckTokenEndpoint.checkToken(java.lang.String)
2019-02-27 22:49:21.615  INFO [bootstrap,,,] [paascloud-provider-uac,,,,] 12788 --- [           main] .s.o.p.e.FrameworkEndpointHandlerMapping : Mapped "{[/oauth/confirm_access]}" onto public org.springframework.web.servlet.ModelAndView org.springframework.security.oauth2.provider.endpoint.WhitelabelApprovalEndpoint.getAccessConfirmation(java.util.Map<java.lang.String, java.lang.Object>,javax.servlet.http.HttpServletRequest) throws java.lang.Exception
2019-02-27 22:49:21.616  INFO [bootstrap,,,] [paascloud-provider-uac,,,,] 12788 --- [           main] .s.o.p.e.FrameworkEndpointHandlerMapping : Mapped "{[/oauth/error]}" onto public org.springframework.web.servlet.ModelAndView org.springframework.security.oauth2.provider.endpoint.WhitelabelErrorEndpoint.handleError(javax.servlet.http.HttpServletRequest)
2019-02-27 22:49:21.619  INFO [bootstrap,,,] [paascloud-provider-uac,,,,] 12788 --- [           main] .s.o.p.e.FrameworkEndpointHandlerMapping : Mapped "{[/oauth/token_key],methods=[GET]}" onto public java.util.Map<java.lang.String, java.lang.String> org.springframework.security.oauth2.provider.endpoint.TokenKeyEndpoint.getKey(java.security.Principal)
2019-02-27 22:49:22.987  INFO [bootstrap,,,] [paascloud-provider-uac,,,,] 12788 --- [           main] o.s.cloud.commons.util.InetUtils         : Cannot determine local hostname
2019-02-27 22:49:24.307  INFO [bootstrap,,,] [paascloud-provider-uac,,,,] 12788 --- [           main] o.s.cloud.commons.util.InetUtils         : Cannot determine local hostname
2019-02-27 22:49:25.364  INFO [bootstrap,,,] [paascloud-provider-uac,,,,] 12788 --- [           main] com.alibaba.druid.pool.DruidDataSource   : {dataSource-2} inited
2019-02-27 22:49:25.430  INFO [bootstrap,,,] [paascloud-provider-uac,,,,] 12788 --- [           main] liquibase                                : Successfully acquired change log lock
2019-02-27 22:49:25.474  INFO [bootstrap,,,] [paascloud-provider-uac,,,,] 12788 --- [           main] liquibase                                : Reading from paascloud_uac.DATABASECHANGELOG
2019-02-27 22:49:25.545  INFO [bootstrap,,,] [paascloud-provider-uac,,,,] 12788 --- [           main] liquibase                                : Successfully released change log lock
2019-02-27 22:49:25.649  INFO [bootstrap,,,] [paascloud-provider-uac,,,,] 12788 --- [           main] o.s.b.a.e.mvc.EndpointHandlerMapping     : Mapped "{[/auditevents || /auditevents.json],methods=[GET],produces=[application/vnd.spring-boot.actuator.v1+json || application/json]}" onto public org.springframework.http.ResponseEntity<?> org.springframework.boot.actuate.endpoint.mvc.AuditEventsMvcEndpoint.findByPrincipalAndAfterAndType(java.lang.String,java.util.Date,java.lang.String)
2019-02-27 22:49:25.649  INFO [bootstrap,,,] [paascloud-provider-uac,,,,] 12788 --- [           main] o.s.b.a.e.mvc.EndpointHandlerMapping     : Mapped "{[/liquibase || /liquibase.json],methods=[GET],produces=[application/vnd.spring-boot.actuator.v1+json || application/json]}" onto public java.lang.Object org.springframework.boot.actuate.endpoint.mvc.EndpointMvcAdapter.invoke()
2019-02-27 22:49:25.650  INFO [bootstrap,,,] [paascloud-provider-uac,,,,] 12788 --- [           main] o.s.b.a.e.mvc.EndpointHandlerMapping     : Mapped "{[/loggers/{name:.*}],methods=[GET],produces=[application/vnd.spring-boot.actuator.v1+json || application/json]}" onto public java.lang.Object org.springframework.boot.actuate.endpoint.mvc.LoggersMvcEndpoint.get(java.lang.String)
2019-02-27 22:49:25.650  INFO [bootstrap,,,] [paascloud-provider-uac,,,,] 12788 --- [           main] o.s.b.a.e.mvc.EndpointHandlerMapping     : Mapped "{[/loggers/{name:.*}],methods=[POST],consumes=[application/vnd.spring-boot.actuator.v1+json || application/json],produces=[application/vnd.spring-boot.actuator.v1+json || application/json]}" onto public java.lang.Object org.springframework.boot.actuate.endpoint.mvc.LoggersMvcEndpoint.set(java.lang.String,java.util.Map<java.lang.String, java.lang.String>)
2019-02-27 22:49:25.650  INFO [bootstrap,,,] [paascloud-provider-uac,,,,] 12788 --- [           main] o.s.b.a.e.mvc.EndpointHandlerMapping     : Mapped "{[/loggers || /loggers.json],methods=[GET],produces=[application/vnd.spring-boot.actuator.v1+json || application/json]}" onto public java.lang.Object org.springframework.boot.actuate.endpoint.mvc.EndpointMvcAdapter.invoke()
2019-02-27 22:49:25.651  INFO [bootstrap,,,] [paascloud-provider-uac,,,,] 12788 --- [           main] o.s.b.a.e.mvc.EndpointHandlerMapping     : Mapped "{[/autoconfig || /autoconfig.json],methods=[GET],produces=[application/vnd.spring-boot.actuator.v1+json || application/json]}" onto public java.lang.Object org.springframework.boot.actuate.endpoint.mvc.EndpointMvcAdapter.invoke()
2019-02-27 22:49:25.651  INFO [bootstrap,,,] [paascloud-provider-uac,,,,] 12788 --- [           main] o.s.b.a.e.mvc.EndpointHandlerMapping     : Mapped "{[/metrics/{name:.*}],methods=[GET],produces=[application/vnd.spring-boot.actuator.v1+json || application/json]}" onto public java.lang.Object org.springframework.boot.actuate.endpoint.mvc.MetricsMvcEndpoint.value(java.lang.String)
2019-02-27 22:49:25.651  INFO [bootstrap,,,] [paascloud-provider-uac,,,,] 12788 --- [           main] o.s.b.a.e.mvc.EndpointHandlerMapping     : Mapped "{[/metrics || /metrics.json],methods=[GET],produces=[application/vnd.spring-boot.actuator.v1+json || application/json]}" onto public java.lang.Object org.springframework.boot.actuate.endpoint.mvc.EndpointMvcAdapter.invoke()
2019-02-27 22:49:25.652  INFO [bootstrap,,,] [paascloud-provider-uac,,,,] 12788 --- [           main] o.s.b.a.e.mvc.EndpointHandlerMapping     : Mapped "{[/info || /info.json],methods=[GET],produces=[application/vnd.spring-boot.actuator.v1+json || application/json]}" onto public java.lang.Object org.springframework.boot.actuate.endpoint.mvc.EndpointMvcAdapter.invoke()
2019-02-27 22:49:25.652  INFO [bootstrap,,,] [paascloud-provider-uac,,,,] 12788 --- [           main] o.s.b.a.e.mvc.EndpointHandlerMapping     : Mapped "{[/archaius || /archaius.json],methods=[GET],produces=[application/vnd.spring-boot.actuator.v1+json || application/json]}" onto public java.lang.Object org.springframework.boot.actuate.endpoint.mvc.EndpointMvcAdapter.invoke()
2019-02-27 22:49:25.653  INFO [bootstrap,,,] [paascloud-provider-uac,,,,] 12788 --- [           main] o.s.b.a.e.mvc.EndpointHandlerMapping     : Mapped "{[/configprops || /configprops.json],methods=[GET],produces=[application/vnd.spring-boot.actuator.v1+json || application/json]}" onto public java.lang.Object org.springframework.boot.actuate.endpoint.mvc.EndpointMvcAdapter.invoke()
2019-02-27 22:49:25.653  INFO [bootstrap,,,] [paascloud-provider-uac,,,,] 12788 --- [           main] o.s.b.a.e.mvc.EndpointHandlerMapping     : Mapped "{[/mappings || /mappings.json],methods=[GET],produces=[application/vnd.spring-boot.actuator.v1+json || application/json]}" onto public java.lang.Object org.springframework.boot.actuate.endpoint.mvc.EndpointMvcAdapter.invoke()
2019-02-27 22:49:25.653  INFO [bootstrap,,,] [paascloud-provider-uac,,,,] 12788 --- [           main] o.s.b.a.e.mvc.EndpointHandlerMapping     : Mapped "{[/beans || /beans.json],methods=[GET],produces=[application/vnd.spring-boot.actuator.v1+json || application/json]}" onto public java.lang.Object org.springframework.boot.actuate.endpoint.mvc.EndpointMvcAdapter.invoke()
2019-02-27 22:49:25.654  INFO [bootstrap,,,] [paascloud-provider-uac,,,,] 12788 --- [           main] o.s.b.a.e.mvc.EndpointHandlerMapping     : Mapped "{[/env/{name:.*}],methods=[GET],produces=[application/vnd.spring-boot.actuator.v1+json || application/json]}" onto public java.lang.Object org.springframework.boot.actuate.endpoint.mvc.EnvironmentMvcEndpoint.value(java.lang.String)
2019-02-27 22:49:25.654  INFO [bootstrap,,,] [paascloud-provider-uac,,,,] 12788 --- [           main] o.s.b.a.e.mvc.EndpointHandlerMapping     : Mapped "{[/env || /env.json],methods=[GET],produces=[application/vnd.spring-boot.actuator.v1+json || application/json]}" onto public java.lang.Object org.springframework.boot.actuate.endpoint.mvc.EndpointMvcAdapter.invoke()
2019-02-27 22:49:25.655  INFO [bootstrap,,,] [paascloud-provider-uac,,,,] 12788 --- [           main] o.s.b.a.e.mvc.EndpointHandlerMapping     : Mapped "{[/dump || /dump.json],methods=[GET],produces=[application/vnd.spring-boot.actuator.v1+json || application/json]}" onto public java.lang.Object org.springframework.boot.actuate.endpoint.mvc.EndpointMvcAdapter.invoke()
2019-02-27 22:49:25.656  INFO [bootstrap,,,] [paascloud-provider-uac,,,,] 12788 --- [           main] o.s.b.a.e.mvc.EndpointHandlerMapping     : Mapped "{[/health || /health.json],methods=[GET],produces=[application/vnd.spring-boot.actuator.v1+json || application/json]}" onto public java.lang.Object org.springframework.boot.actuate.endpoint.mvc.HealthMvcEndpoint.invoke(javax.servlet.http.HttpServletRequest,java.security.Principal)
2019-02-27 22:49:25.656  INFO [bootstrap,,,] [paascloud-provider-uac,,,,] 12788 --- [           main] o.s.b.a.e.mvc.EndpointHandlerMapping     : Mapped "{[/service-registry/instance-status],methods=[POST]}" onto public org.springframework.http.ResponseEntity<?> org.springframework.cloud.client.serviceregistry.endpoint.ServiceRegistryEndpoint.setStatus(java.lang.String)
2019-02-27 22:49:25.656  INFO [bootstrap,,,] [paascloud-provider-uac,,,,] 12788 --- [           main] o.s.b.a.e.mvc.EndpointHandlerMapping     : Mapped "{[/service-registry/instance-status],methods=[GET]}" onto public org.springframework.http.ResponseEntity org.springframework.cloud.client.serviceregistry.endpoint.ServiceRegistryEndpoint.getStatus()
2019-02-27 22:49:25.656  INFO [bootstrap,,,] [paascloud-provider-uac,,,,] 12788 --- [           main] o.s.b.a.e.mvc.EndpointHandlerMapping     : Mapped "{[/refresh || /refresh.json],methods=[POST]}" onto public java.lang.Object org.springframework.cloud.endpoint.GenericPostableMvcEndpoint.invoke()
2019-02-27 22:49:25.657  INFO [bootstrap,,,] [paascloud-provider-uac,,,,] 12788 --- [           main] o.s.b.a.e.mvc.EndpointHandlerMapping     : Mapped "{[/trace || /trace.json],methods=[GET],produces=[application/vnd.spring-boot.actuator.v1+json || application/json]}" onto public java.lang.Object org.springframework.boot.actuate.endpoint.mvc.EndpointMvcAdapter.invoke()
2019-02-27 22:49:25.657  INFO [bootstrap,,,] [paascloud-provider-uac,,,,] 12788 --- [           main] o.s.b.a.e.mvc.EndpointHandlerMapping     : Mapped "{[/heapdump || /heapdump.json],methods=[GET],produces=[application/octet-stream]}" onto public void org.springframework.boot.actuate.endpoint.mvc.HeapdumpMvcEndpoint.invoke(boolean,javax.servlet.http.HttpServletRequest,javax.servlet.http.HttpServletResponse) throws java.io.IOException,javax.servlet.ServletException
2019-02-27 22:49:25.658  INFO [bootstrap,,,] [paascloud-provider-uac,,,,] 12788 --- [           main] o.s.b.a.e.mvc.EndpointHandlerMapping     : Mapped "{[/jolokia/**]}" onto public org.springframework.web.servlet.ModelAndView org.springframework.boot.actuate.endpoint.mvc.JolokiaMvcEndpoint.handle(javax.servlet.http.HttpServletRequest,javax.servlet.http.HttpServletResponse) throws java.lang.Exception
2019-02-27 22:49:25.658  INFO [bootstrap,,,] [paascloud-provider-uac,,,,] 12788 --- [           main] o.s.b.a.e.mvc.EndpointHandlerMapping     : Mapped "{[/env],methods=[POST]}" onto public java.lang.Object org.springframework.cloud.context.environment.EnvironmentManagerMvcEndpoint.value(java.util.Map<java.lang.String, java.lang.String>)
2019-02-27 22:49:25.659  INFO [bootstrap,,,] [paascloud-provider-uac,,,,] 12788 --- [           main] o.s.b.a.e.mvc.EndpointHandlerMapping     : Mapped "{[/env/reset],methods=[POST]}" onto public java.util.Map<java.lang.String, java.lang.Object> org.springframework.cloud.context.environment.EnvironmentManagerMvcEndpoint.reset()
2019-02-27 22:49:25.659  INFO [bootstrap,,,] [paascloud-provider-uac,,,,] 12788 --- [           main] o.s.b.a.e.mvc.EndpointHandlerMapping     : Mapped "{[/hystrix.stream/**]}" onto public org.springframework.web.servlet.ModelAndView org.springframework.cloud.netflix.endpoint.ServletWrappingEndpoint.handle(javax.servlet.http.HttpServletRequest,javax.servlet.http.HttpServletResponse) throws java.lang.Exception
2019-02-27 22:49:25.659  INFO [bootstrap,,,] [paascloud-provider-uac,,,,] 12788 --- [           main] o.s.b.a.e.mvc.EndpointHandlerMapping     : Mapped "{[/features || /features.json],methods=[GET],produces=[application/vnd.spring-boot.actuator.v1+json || application/json]}" onto public java.lang.Object org.springframework.boot.actuate.endpoint.mvc.EndpointMvcAdapter.invoke()
2019-02-27 22:49:25.962  INFO [bootstrap,,,] [paascloud-provider-uac,,,,] 12788 --- [           main] c.p.p.config.AliyunMqConfiguration       : RocketMq UacPushConsumer topic = TPC_TOPIC, tags=DELETE_CONSUMER_MESSAGE||DELETE_PRODUCER_MESSAGE
2019-02-27 22:49:26.018  INFO [bootstrap,,,] [paascloud-provider-uac,,,,] 12788 --- [           main] o.s.w.s.handler.SimpleUrlHandlerMapping  : Mapped URL path [/**] onto handler of type [class org.springframework.web.servlet.resource.ResourceHttpRequestHandler]
2019-02-27 22:49:26.066  INFO [bootstrap,,,] [paascloud-provider-uac,,,,] 12788 --- [           main] s.w.s.m.m.a.RequestMappingHandlerAdapter : Looking for @ControllerAdvice: org.springframework.web.context.support.GenericWebApplicationContext@27f3b5ba: startup date [Wed Feb 27 22:49:13 CST 2019]; parent: org.springframework.context.annotation.AnnotationConfigApplicationContext@70dc8c9a
2019-02-27 22:49:26.106  INFO [bootstrap,,,] [paascloud-provider-uac,,,,] 12788 --- [           main] .m.m.a.ExceptionHandlerExceptionResolver : Detected @ExceptionHandler methods in globalExceptionHandler
2019-02-27 22:49:26.516  WARN [bootstrap,,,] [paascloud-provider-uac,,,,] 12788 --- [           main] c.n.c.sources.URLConfigurationSource     : No URLs will be polled as dynamic configuration sources.
2019-02-27 22:49:26.517  INFO [bootstrap,,,] [paascloud-provider-uac,,,,] 12788 --- [           main] c.n.c.sources.URLConfigurationSource     : To enable URLs as dynamic configuration sources, define System property archaius.configurationSource.additionalUrls or make config.properties available on classpath.
2019-02-27 22:49:27.742  INFO [bootstrap,,,] [paascloud-provider-uac,,,,] 12788 --- [           main] o.s.s.web.DefaultSecurityFilterChain     : Creating filter chain: OrRequestMatcher [requestMatchers=[Ant [pattern='/css/**'], Ant [pattern='/js/**'], Ant [pattern='/images/**'], Ant [pattern='/webjars/**'], Ant [pattern='/**/favicon.ico'], Ant [pattern='/error']]], []
2019-02-27 22:49:27.743  INFO [bootstrap,,,] [paascloud-provider-uac,,,,] 12788 --- [           main] o.s.s.web.DefaultSecurityFilterChain     : Creating filter chain: org.springframework.boot.actuate.autoconfigure.ManagementWebSecurityAutoConfiguration$LazyEndpointPathRequestMatcher@5ee05b9b, []
2019-02-27 22:49:27.898  INFO [bootstrap,,,] [paascloud-provider-uac,,,,] 12788 --- [           main] o.s.s.web.DefaultSecurityFilterChain     : Creating filter chain: OrRequestMatcher [requestMatchers=[Ant [pattern='/oauth/token'], Ant [pattern='/oauth/token_key'], Ant [pattern='/oauth/check_token']]], [org.springframework.security.web.context.request.async.WebAsyncManagerIntegrationFilter@70222dd0, org.springframework.security.web.context.SecurityContextPersistenceFilter@14ced6a2, org.springframework.security.web.header.HeaderWriterFilter@5fd3a30a, org.springframework.security.web.authentication.logout.LogoutFilter@71c88cdf, org.springframework.security.oauth2.provider.client.ClientCredentialsTokenEndpointFilter@57d33377, org.springframework.security.web.authentication.www.BasicAuthenticationFilter@1051b86f, org.springframework.security.web.savedrequest.RequestCacheAwareFilter@5d9e0453, org.springframework.security.web.servletapi.SecurityContextHolderAwareRequestFilter@3daada72, org.springframework.security.web.authentication.AnonymousAuthenticationFilter@68a4a6c8, org.springframework.security.web.session.SessionManagementFilter@26428470, org.springframework.security.web.access.ExceptionTranslationFilter@d8fb506, org.springframework.security.web.access.intercept.FilterSecurityInterceptor@8d4bc4b]
2019-02-27 22:49:27.951  INFO [bootstrap,,,] [paascloud-provider-uac,,,,] 12788 --- [           main] o.s.s.web.DefaultSecurityFilterChain     : Creating filter chain: org.springframework.security.oauth2.config.annotation.web.configuration.ResourceServerConfiguration$NotOAuthRequestMatcher@a7b1800, [org.springframework.security.web.context.request.async.WebAsyncManagerIntegrationFilter@39717093, org.springframework.security.web.context.SecurityContextPersistenceFilter@5b437829, org.springframework.security.web.header.HeaderWriterFilter@75375c4b, org.springframework.security.web.authentication.logout.LogoutFilter@6fd6fdc1, org.springframework.security.oauth2.provider.authentication.OAuth2AuthenticationProcessingFilter@3ec8ac8e, com.paascloud.security.core.validate.code.ValidateCodeFilter@19d3c7bb, org.springframework.social.security.SocialAuthenticationFilter@760fe54a, org.springframework.security.web.authentication.UsernamePasswordAuthenticationFilter@5de303f8, com.paascloud.security.core.authentication.mobile.SmsCodeAuthenticationFilter@5cb96779, com.paascloud.security.app.authentication.openid.OpenIdAuthenticationFilter@6792d90f, org.springframework.security.web.savedrequest.RequestCacheAwareFilter@4c3ec26, org.springframework.security.web.servletapi.SecurityContextHolderAwareRequestFilter@4bd93df1, org.springframework.security.web.authentication.AnonymousAuthenticationFilter@35fb66e5, org.springframework.security.web.session.SessionManagementFilter@717aba39, org.springframework.security.web.access.ExceptionTranslationFilter@c1a68b7, org.springframework.security.web.access.intercept.FilterSecurityInterceptor@4bbe05c4]
2019-02-27 22:49:27.963  INFO [bootstrap,,,] [paascloud-provider-uac,,,,] 12788 --- [           main] o.s.s.web.DefaultSecurityFilterChain     : Creating filter chain: OrRequestMatcher [requestMatchers=[Ant [pattern='/**']]], [org.springframework.security.web.context.request.async.WebAsyncManagerIntegrationFilter@4ddc2bf3, org.springframework.security.web.context.SecurityContextPersistenceFilter@a59c2d6, org.springframework.security.web.header.HeaderWriterFilter@4b4eece8, org.springframework.security.web.authentication.logout.LogoutFilter@77ba729c, org.springframework.security.web.authentication.www.BasicAuthenticationFilter@33b151cf, org.springframework.security.web.savedrequest.RequestCacheAwareFilter@55936a3, org.springframework.security.web.servletapi.SecurityContextHolderAwareRequestFilter@39cca34c, org.springframework.security.web.authentication.AnonymousAuthenticationFilter@32429456, org.springframework.security.web.session.SessionManagementFilter@2c0c5687, org.springframework.security.web.access.ExceptionTranslationFilter@45594ad4, org.springframework.security.web.access.intercept.FilterSecurityInterceptor@3e972130]
2019-02-27 22:49:28.523  INFO [bootstrap,,,] [paascloud-provider-uac,,,,] 12788 --- [           main] com.netflix.discovery.DiscoveryClient    : Shutting down DiscoveryClient ...
2019-02-27 22:49:28.527  INFO [bootstrap,,,] [paascloud-provider-uac,,,,] 12788 --- [           main] com.netflix.discovery.DiscoveryClient    : Completed shut down of DiscoveryClient
2019-02-27 22:49:28.702  INFO [bootstrap,,,] [paascloud-provider-uac,,,,] 12788 --- [           main] o.s.s.c.ThreadPoolTaskScheduler          : Initializing ExecutorService 
2019-02-27 22:49:28.923  INFO [bootstrap,,,] [paascloud-provider-uac,,,,] 12788 --- [           main] o.s.c.support.DefaultLifecycleProcessor  : Starting beans in phase 0
2019-02-27 22:49:28.923  INFO [bootstrap,,,] [paascloud-provider-uac,,,,] 12788 --- [           main] o.s.c.support.DefaultLifecycleProcessor  : Starting beans in phase 2147483647
2019-02-27 22:49:28.924  INFO [bootstrap,,,] [paascloud-provider-uac,,,,] 12788 --- [           main] d.s.w.p.DocumentationPluginsBootstrapper : Context refreshed
2019-02-27 22:49:28.927  INFO [bootstrap,,,] [paascloud-provider-uac,,,,] 12788 --- [           main] d.s.w.p.DocumentationPluginsBootstrapper : Found 1 custom documentation plugin(s)
2019-02-27 22:49:28.934  INFO [bootstrap,,,] [paascloud-provider-uac,,,,] 12788 --- [           main] s.d.s.w.s.ApiListingReferenceScanner     : Scanning for api listing references
2019-02-27 22:49:29.272  INFO [bootstrap,,,] [paascloud-provider-uac,,,,] 12788 --- [           main] .d.s.w.r.o.CachingOperationNameGenerator : Generating unique operation named: getGroupTreeByIdUsingPOST_1
2019-02-27 22:49:29.497  INFO [bootstrap,,,] [paascloud-provider-uac,,,,] 12788 --- [           main] .d.s.w.r.o.CachingOperationNameGenerator : Generating unique operation named: batchDeleteByIdListUsingPOST_1
2019-02-27 22:49:29.529  INFO [bootstrap,,,] [paascloud-provider-uac,,,,] 12788 --- [           main] .d.s.w.r.o.CachingOperationNameGenerator : Generating unique operation named: saveUsingPOST_1
2019-02-27 22:49:29.535  INFO [bootstrap,,,] [paascloud-provider-uac,,,,] 12788 --- [           main] .d.s.w.r.o.CachingOperationNameGenerator : Generating unique operation named: queryUacActionListWithPageUsingPOST_1
2019-02-27 22:49:29.628  INFO [bootstrap,,,] [paascloud-provider-uac,,,,] 12788 --- [           main] .d.s.w.r.o.CachingOperationNameGenerator : Generating unique operation named: loginAfterUsingPOST_1
2019-02-27 22:49:29.792  INFO [bootstrap,,,] [paascloud-provider-uac,,,,] 12788 --- [           main] .d.s.w.r.o.CachingOperationNameGenerator : Generating unique operation named: registerUserUsingPOST_1
2019-02-27 22:49:29.804  INFO [bootstrap,,,] [paascloud-provider-uac,,,,] 12788 --- [           main] ration$HystrixMetricsPollerConfiguration : Starting poller
2019-02-27 22:49:29.835  INFO [bootstrap,,,] [paascloud-provider-uac,,,,] 12788 --- [           main] c.p.provider.config.RedisInitRunner      : >>>>>>>>>>>>>>>鏈嶅姟鍚姩鎵ц锛屾墽琛屽姞杞芥暟鎹瓑鎿嶄綔 11111111 <<<<<<<<<<<<<
2019-02-27 22:49:29.837  INFO [bootstrap,,,] [paascloud-provider-uac,,,,] 12788 --- [           main] c.p.core.config.ZookeeperInitRunner      : ###ZookeeperInitRunner锛宨nit. HostAddress=192.168.144.1, applicationName=paascloud-provider-uac
2019-02-27 22:49:29.838  INFO [bootstrap,,,] [paascloud-provider-uac,,,,] 12788 --- [           main] o.a.c.f.imps.CuratorFrameworkImpl        : Starting
2019-02-27 22:49:29.840  INFO [bootstrap,,,] [paascloud-provider-uac,,,,] 12788 --- [           main] org.apache.zookeeper.ZooKeeper           : Initiating client connection, connectString=paascloud-provider-zk:2181 sessionTimeout=60000 watcher=org.apache.curator.ConnectionState@2312e8a0
2019-02-27 22:49:29.848  INFO [bootstrap,,,] [paascloud-provider-uac,,,,] 12788 --- [cloud.net:2181)] org.apache.zookeeper.ClientCnxn          : Opening socket connection to server dev-login.paascloud.net/127.0.0.1:2181. Will not attempt to authenticate using SASL (unknown error)
2019-02-27 22:49:30.851  WARN [bootstrap,,,] [paascloud-provider-uac,,,,] 12788 --- [cloud.net:2181)] org.apache.zookeeper.ClientCnxn          : Session 0x0 for server null, unexpected error, closing socket connection and attempting reconnect

java.net.ConnectException: Connection refused: no further information
	at sun.nio.ch.SocketChannelImpl.checkConnect(Native Method)
	at sun.nio.ch.SocketChannelImpl.finishConnect(SocketChannelImpl.java:717)
	at org.apache.zookeeper.ClientCnxnSocketNIO.doTransport(ClientCnxnSocketNIO.java:361)
	at org.apache.zookeeper.ClientCnxn$SendThread.run(ClientCnxn.java:1081)

2019-02-27 22:49:30.963  INFO [bootstrap,,,] [paascloud-provider-uac,,,,] 12788 --- [task-executor-1] RocketmqClient                           : the consumer [CID_UAC] start beginning. messageModel=CLUSTERING, isUnitMode=false
2019-02-27 22:49:31.209  INFO [bootstrap,,,] [paascloud-provider-uac,,,,] 12788 --- [task-executor-1] RocketmqRemoting                         : name server address updated. NEW : [paascloud-mq-rocket:9876] , OLD: null
2019-02-27 22:49:31.209  INFO [bootstrap,,,] [paascloud-provider-uac,,,,] 12788 --- [task-executor-1] RocketmqClient                           : user specified name server address: paascloud-mq-rocket:9876
2019-02-27 22:49:31.389  INFO [bootstrap,,,] [paascloud-provider-uac,,,,] 12788 --- [task-executor-1] RocketmqClient                           : created a new client Instance, FactoryIndex: 1 ClinetID: 192.168.124.11@12788 ClientConfig [namesrvAddr=paascloud-mq-rocket:9876, clientIP=192.168.124.11, instanceName=12788, clientCallbackExecutorThreads=4, pollNameServerInterval=30000, heartbeatBrokerInterval=30000, persistConsumerOffsetInterval=5000, unitMode=false, unitName=null, vipChannelEnabled=true] V4_1_0_SNAPSHOT, serializeType=JSON
2019-02-27 22:49:31.390  INFO [bootstrap,,,] [paascloud-provider-uac,,,,] 12788 --- [task-executor-1] RocketmqClient                           : Created new MQClientInstance for clientId:[192.168.124.11@12788]
2019-02-27 22:49:31.391  INFO [bootstrap,,,] [paascloud-provider-uac,,,,] 12788 --- [task-executor-1] RocketmqClient                           : the producer [CLIENT_INNER_PRODUCER] start OK. sendMessageWithVIPChannel=true
2019-02-27 22:49:31.391  INFO [bootstrap,,,] [paascloud-provider-uac,,,,] 12788 --- [task-executor-1] RocketmqClient                           : the client factory [192.168.124.11@12788] start OK
2019-02-27 22:49:31.392  INFO [bootstrap,,,] [paascloud-provider-uac,,,,] 12788 --- [task-executor-1] RocketmqClient                           : the consumer [CID_UAC] start OK.
2019-02-27 22:49:31.392  INFO [bootstrap,,,] [paascloud-provider-uac,,,,] 12788 --- [task-executor-1] RocketmqRemoting                         : new name server is chosen. OLD: null , NEW: paascloud-mq-rocket:9876. namesrvIndex = 170
2019-02-27 22:49:31.394  INFO [bootstrap,,,] [paascloud-provider-uac,,,,] 12788 --- [lMessageService] RocketmqClient                           : PullMessageService service started
2019-02-27 22:49:31.395  INFO [bootstrap,,,] [paascloud-provider-uac,,,,] 12788 --- [ebalanceService] RocketmqClient                           : RebalanceService service started
2019-02-27 22:49:31.399  INFO [bootstrap,,,] [paascloud-provider-uac,,,,] 12788 --- [task-executor-1] RocketmqRemoting                         : createChannel: begin to connect remote host[paascloud-mq-rocket:9876] asynchronously
2019-02-27 22:49:31.403  INFO [bootstrap,,,] [paascloud-provider-uac,,,,] 12788 --- [tWorkerThread_1] RocketmqRemoting                         : NETTY CLIENT PIPELINE: CONNECT  UNKNOWN => aascloud-mq-rocket/127.0.0.1:9876
2019-02-27 22:49:31.406  INFO [bootstrap,,,] [paascloud-provider-uac,,,,] 12788 --- [task-executor-1] RocketmqRemoting                         : createChannel: connect remote host[paascloud-mq-rocket:9876] success, DefaultChannelPromise@5de96964(success)
2019-02-27 22:49:31.412  WARN [bootstrap,,,] [paascloud-provider-uac,,,,] 12788 --- [task-executor-1] RocketmqClient                           : get Topic [TPC_TOPIC] RouteInfoFromNameServer is not exist value
2019-02-27 22:49:31.413  WARN [bootstrap,,,] [paascloud-provider-uac,,,,] 12788 --- [task-executor-1] RocketmqClient                           : updateTopicRouteInfoFromNameServer Exception

org.apache.rocketmq.client.exception.MQClientException: CODE: 17  DESC: No topic route info in name server for the topic: TPC_TOPIC
See http://rocketmq.apache.org/docs/faq/ for further details.
	at org.apache.rocketmq.client.impl.MQClientAPIImpl.getTopicRouteInfoFromNameServer(MQClientAPIImpl.java:1232)
	at org.apache.rocketmq.client.impl.factory.MQClientInstance.updateTopicRouteInfoFromNameServer(MQClientInstance.java:603)
	at org.apache.rocketmq.client.impl.factory.MQClientInstance.updateTopicRouteInfoFromNameServer(MQClientInstance.java:491)
	at org.apache.rocketmq.client.impl.consumer.DefaultMQPushConsumerImpl.updateTopicSubscribeInfoWhenSubscriptionChanged(DefaultMQPushConsumerImpl.java:803)
	at org.apache.rocketmq.client.impl.consumer.DefaultMQPushConsumerImpl.start(DefaultMQPushConsumerImpl.java:619)
	at org.apache.rocketmq.client.consumer.DefaultMQPushConsumer.start(DefaultMQPushConsumer.java:456)
	at com.paascloud.provider.config.AliyunMqConfiguration.lambda$defaultMQPushConsumer$0(AliyunMqConfiguration.java:78)
	at com.paascloud.core.config.ExceptionHandlingAsyncTaskExecutor.lambda$createWrappedRunnable$2(ExceptionHandlingAsyncTaskExecutor.java:76)
	at java.util.concurrent.ThreadPoolExecutor.runWorker(ThreadPoolExecutor.java:1142)
	at java.util.concurrent.ThreadPoolExecutor$Worker.run(ThreadPoolExecutor.java:617)
	at java.lang.Thread.run(Thread.java:745)

2019-02-27 22:49:31.417  INFO [bootstrap,,,] [paascloud-provider-uac,,,,] 12788 --- [task-executor-1] RocketmqClient                           : the topic[%RETRY%CID_UAC] route info changed, old[null] ,new[TopicRouteData [orderTopicConf=null, queueDatas=[QueueData [brokerName=SC-201706010027, readQueueNums=1, writeQueueNums=1, perm=6, topicSynFlag=0]], brokerDatas=[BrokerData [brokerName=SC-201706010027, brokerAddrs={0=192.168.124.11:10911}]], filterServerTable={}]]
2019-02-27 22:49:31.417  INFO [bootstrap,,,] [paascloud-provider-uac,,,,] 12788 --- [task-executor-1] RocketmqClient                           : topicRouteTable.put. Topic = %RETRY%CID_UAC, TopicRouteData[TopicRouteData [orderTopicConf=null, queueDatas=[QueueData [brokerName=SC-201706010027, readQueueNums=1, writeQueueNums=1, perm=6, topicSynFlag=0]], brokerDatas=[BrokerData [brokerName=SC-201706010027, brokerAddrs={0=192.168.124.11:10911}]], filterServerTable={}]]
2019-02-27 22:49:31.418  INFO [bootstrap,,,] [paascloud-provider-uac,,,,] 12788 --- [task-executor-1] RocketmqRemoting                         : createChannel: begin to connect remote host[192.168.124.11:10911] asynchronously
2019-02-27 22:49:31.420  INFO [bootstrap,,,] [paascloud-provider-uac,,,,] 12788 --- [tWorkerThread_2] RocketmqRemoting                         : NETTY CLIENT PIPELINE: CONNECT  UNKNOWN => 192.168.124.11:10911
2019-02-27 22:49:31.421  INFO [bootstrap,,,] [paascloud-provider-uac,,,,] 12788 --- [task-executor-1] RocketmqRemoting                         : createChannel: connect remote host[192.168.124.11:10911] success, DefaultChannelPromise@28ac30d8(success)
2019-02-27 22:49:31.471  INFO [bootstrap,,,] [paascloud-provider-uac,,,,] 12788 --- [task-executor-1] RocketmqClient                           : send heart beat to broker[SC-201706010027 0 192.168.124.11:10911] success
2019-02-27 22:49:31.472  INFO [bootstrap,,,] [paascloud-provider-uac,,,,] 12788 --- [task-executor-1] RocketmqClient                           : HeartbeatData [clientID=192.168.124.11@12788, producerDataSet=[ProducerData [groupName=CLIENT_INNER_PRODUCER]], consumerDataSet=[ConsumerData [groupName=CID_UAC, consumeType=CONSUME_PASSIVELY, messageModel=CLUSTERING, consumeFromWhere=CONSUME_FROM_LAST_OFFSET, unitMode=false, subscriptionDataSet=[SubscriptionData [classFilterMode=false, topic=%RETRY%CID_UAC, subString=*, tagsSet=[], codeSet=[], subVersion=1551278970963, expressionType=null], SubscriptionData [classFilterMode=false, topic=TPC_TOPIC, subString=DELETE_CONSUMER_MESSAGE||DELETE_PRODUCER_MESSAGE, tagsSet=[DELETE_CONSUMER_MESSAGE, DELETE_PRODUCER_MESSAGE], codeSet=[272065714, -1452059570], subVersion=1551278965962, expressionType=null]]]]]
2019-02-27 22:49:31.472  INFO [bootstrap,,,] [paascloud-provider-uac,,,,] 12788 --- [task-executor-1] c.p.p.config.AliyunMqConfiguration       : RocketMq UacPushConsumer OK.
2019-02-27 22:49:31.473  INFO [bootstrap,,,] [paascloud-provider-uac,,,,] 12788 --- [ublicExecutor_1] RocketmqClient                           : receive broker's notification[192.168.124.11:10911], the consumer group: CID_UAC changed, rebalance immediately
2019-02-27 22:49:31.484  WARN [bootstrap,,,] [paascloud-provider-uac,,,,] 12788 --- [ScheduledThread] RocketmqClient                           : get Topic [TPC_TOPIC] RouteInfoFromNameServer is not exist value
2019-02-27 22:49:31.485  WARN [bootstrap,,,] [paascloud-provider-uac,,,,] 12788 --- [ScheduledThread] RocketmqClient                           : updateTopicRouteInfoFromNameServer Exception

org.apache.rocketmq.client.exception.MQClientException: CODE: 17  DESC: No topic route info in name server for the topic: TPC_TOPIC
See http://rocketmq.apache.org/docs/faq/ for further details.
	at org.apache.rocketmq.client.impl.MQClientAPIImpl.getTopicRouteInfoFromNameServer(MQClientAPIImpl.java:1232)
	at org.apache.rocketmq.client.impl.factory.MQClientInstance.updateTopicRouteInfoFromNameServer(MQClientInstance.java:603)
	at org.apache.rocketmq.client.impl.factory.MQClientInstance.updateTopicRouteInfoFromNameServer(MQClientInstance.java:491)
	at org.apache.rocketmq.client.impl.factory.MQClientInstance.updateTopicRouteInfoFromNameServer(MQClientInstance.java:360)
	at org.apache.rocketmq.client.impl.factory.MQClientInstance$3.run(MQClientInstance.java:277)
	at java.util.concurrent.Executors$RunnableAdapter.call(Executors.java:511)
	at java.util.concurrent.FutureTask.runAndReset(FutureTask.java:308)
	at java.util.concurrent.ScheduledThreadPoolExecutor$ScheduledFutureTask.access$301(ScheduledThreadPoolExecutor.java:180)
	at java.util.concurrent.ScheduledThreadPoolExecutor$ScheduledFutureTask.run(ScheduledThreadPoolExecutor.java:294)
	at java.util.concurrent.ThreadPoolExecutor.runWorker(ThreadPoolExecutor.java:1142)
	at java.util.concurrent.ThreadPoolExecutor$Worker.run(ThreadPoolExecutor.java:617)
	at java.lang.Thread.run(Thread.java:745)

2019-02-27 22:49:31.507  INFO [bootstrap,,,] [paascloud-provider-uac,,,,] 12788 --- [ScheduledThread] RocketmqClient                           : the topic[TBW102] route info changed, old[null] ,new[TopicRouteData [orderTopicConf=null, queueDatas=[QueueData [brokerName=SC-201706010027, readQueueNums=8, writeQueueNums=8, perm=7, topicSynFlag=0]], brokerDatas=[BrokerData [brokerName=SC-201706010027, brokerAddrs={0=192.168.124.11:10911}]], filterServerTable={}]]
2019-02-27 22:49:31.512  INFO [bootstrap,,,] [paascloud-provider-uac,,,,] 12788 --- [ScheduledThread] RocketmqClient                           : updateTopicPublishInfo prev is not null, TopicPublishInfo [orderTopic=false, messageQueueList=[], sendWhichQueue=ThreadLocalIndex{threadLocalIndex=null}, haveTopicRouterInfo=false]
2019-02-27 22:49:31.513  INFO [bootstrap,,,] [paascloud-provider-uac,,,,] 12788 --- [ScheduledThread] RocketmqClient                           : topicRouteTable.put. Topic = TBW102, TopicRouteData[TopicRouteData [orderTopicConf=null, queueDatas=[QueueData [brokerName=SC-201706010027, readQueueNums=8, writeQueueNums=8, perm=7, topicSynFlag=0]], brokerDatas=[BrokerData [brokerName=SC-201706010027, brokerAddrs={0=192.168.124.11:10911}]], filterServerTable={}]]
2019-02-27 22:49:31.536  WARN [bootstrap,,,] [paascloud-provider-uac,,,,] 12788 --- [ebalanceService] RocketmqClient                           : get Topic [TPC_TOPIC] RouteInfoFromNameServer is not exist value
2019-02-27 22:49:31.537  WARN [bootstrap,,,] [paascloud-provider-uac,,,,] 12788 --- [ebalanceService] RocketmqClient                           : updateTopicRouteInfoFromNameServer Exception

org.apache.rocketmq.client.exception.MQClientException: CODE: 17  DESC: No topic route info in name server for the topic: TPC_TOPIC
See http://rocketmq.apache.org/docs/faq/ for further details.
	at org.apache.rocketmq.client.impl.MQClientAPIImpl.getTopicRouteInfoFromNameServer(MQClientAPIImpl.java:1232)
	at org.apache.rocketmq.client.impl.factory.MQClientInstance.updateTopicRouteInfoFromNameServer(MQClientInstance.java:603)
	at org.apache.rocketmq.client.impl.factory.MQClientInstance.updateTopicRouteInfoFromNameServer(MQClientInstance.java:491)
	at org.apache.rocketmq.client.impl.factory.MQClientInstance.findConsumerIdList(MQClientInstance.java:1051)
	at org.apache.rocketmq.client.impl.consumer.RebalanceImpl.rebalanceByTopic(RebalanceImpl.java:261)
	at org.apache.rocketmq.client.impl.consumer.RebalanceImpl.doRebalance(RebalanceImpl.java:224)
	at org.apache.rocketmq.client.impl.consumer.DefaultMQPushConsumerImpl.doRebalance(DefaultMQPushConsumerImpl.java:946)
	at org.apache.rocketmq.client.impl.factory.MQClientInstance.doRebalance(MQClientInstance.java:952)
	at org.apache.rocketmq.client.impl.consumer.RebalanceService.run(RebalanceService.java:44)
	at java.lang.Thread.run(Thread.java:745)

2019-02-27 22:49:31.537  WARN [bootstrap,,,] [paascloud-provider-uac,,,,] 12788 --- [ebalanceService] RocketmqClient                           : doRebalance, CID_UAC, but the topic[TPC_TOPIC] not exist.
2019-02-27 22:49:31.537  WARN [bootstrap,,,] [paascloud-provider-uac,,,,] 12788 --- [ebalanceService] RocketmqClient                           : doRebalance, CID_UAC TPC_TOPIC, get consumer id list failed
2019-02-27 22:49:31.538  INFO [bootstrap,,,] [paascloud-provider-uac,,,,] 12788 --- [ebalanceService] RocketmqRemoting                         : createChannel: begin to connect remote host[192.168.124.11:10909] asynchronously
2019-02-27 22:49:31.539  INFO [bootstrap,,,] [paascloud-provider-uac,,,,] 12788 --- [tWorkerThread_3] RocketmqRemoting                         : NETTY CLIENT PIPELINE: CONNECT  UNKNOWN => 192.168.124.11:10909
2019-02-27 22:49:31.540  INFO [bootstrap,,,] [paascloud-provider-uac,,,,] 12788 --- [ebalanceService] RocketmqRemoting                         : createChannel: connect remote host[192.168.124.11:10909] success, DefaultChannelPromise@4d205705(success)
2019-02-27 22:49:31.543  INFO [bootstrap,,,] [paascloud-provider-uac,,,,] 12788 --- [ebalanceService] RocketmqClient                           : remove unnecessary messageQueue offset. group=CID_UAC, mq=MessageQueue [topic=%RETRY%CID_UAC, brokerName=SC-201706010027, queueId=0], offsetTableSize=0
2019-02-27 22:49:31.545  INFO [bootstrap,,,] [paascloud-provider-uac,,,,] 12788 --- [ebalanceService] RocketmqClient                           : doRebalance, CID_UAC, add a new mq, MessageQueue [topic=%RETRY%CID_UAC, brokerName=SC-201706010027, queueId=0]
2019-02-27 22:49:31.546  INFO [bootstrap,,,] [paascloud-provider-uac,,,,] 12788 --- [ebalanceService] RocketmqClient                           : doRebalance, CID_UAC, add a new pull request PullRequest [consumerGroup=CID_UAC, messageQueue=MessageQueue [topic=%RETRY%CID_UAC, brokerName=SC-201706010027, queueId=0], nextOffset=0]
2019-02-27 22:49:31.546  INFO [bootstrap,,,] [paascloud-provider-uac,,,,] 12788 --- [ebalanceService] RocketmqClient                           : rebalanced result changed. allocateMessageQueueStrategyName=AVG, group=CID_UAC, topic=%RETRY%CID_UAC, clientId=192.168.124.11@12788, mqAllSize=1, cidAllSize=1, rebalanceResultSize=1, rebalanceResultSet=[MessageQueue [topic=%RETRY%CID_UAC, brokerName=SC-201706010027, queueId=0]]
2019-02-27 22:49:31.546  INFO [bootstrap,,,] [paascloud-provider-uac,,,,] 12788 --- [ebalanceService] RocketmqClient                           : %RETRY%CID_UAC Rebalance changed, also update version: 1551278970963, 1551278971546
2019-02-27 22:49:31.626  WARN [bootstrap,,,] [paascloud-provider-uac,,,,] 12788 --- [ebalanceService] RocketmqClient                           : get Topic [TPC_TOPIC] RouteInfoFromNameServer is not exist value
2019-02-27 22:49:31.626  WARN [bootstrap,,,] [paascloud-provider-uac,,,,] 12788 --- [ebalanceService] RocketmqClient                           : updateTopicRouteInfoFromNameServer Exception

org.apache.rocketmq.client.exception.MQClientException: CODE: 17  DESC: No topic route info in name server for the topic: TPC_TOPIC
See http://rocketmq.apache.org/docs/faq/ for further details.
	at org.apache.rocketmq.client.impl.MQClientAPIImpl.getTopicRouteInfoFromNameServer(MQClientAPIImpl.java:1232)
	at org.apache.rocketmq.client.impl.factory.MQClientInstance.updateTopicRouteInfoFromNameServer(MQClientInstance.java:603)
	at org.apache.rocketmq.client.impl.factory.MQClientInstance.updateTopicRouteInfoFromNameServer(MQClientInstance.java:491)
	at org.apache.rocketmq.client.impl.factory.MQClientInstance.findConsumerIdList(MQClientInstance.java:1051)
	at org.apache.rocketmq.client.impl.consumer.RebalanceImpl.rebalanceByTopic(RebalanceImpl.java:261)
	at org.apache.rocketmq.client.impl.consumer.RebalanceImpl.doRebalance(RebalanceImpl.java:224)
	at org.apache.rocketmq.client.impl.consumer.DefaultMQPushConsumerImpl.doRebalance(DefaultMQPushConsumerImpl.java:946)
	at org.apache.rocketmq.client.impl.factory.MQClientInstance.doRebalance(MQClientInstance.java:952)
	at org.apache.rocketmq.client.impl.consumer.RebalanceService.run(RebalanceService.java:44)
	at java.lang.Thread.run(Thread.java:745)

2019-02-27 22:49:31.626  WARN [bootstrap,,,] [paascloud-provider-uac,,,,] 12788 --- [ebalanceService] RocketmqClient                           : doRebalance, CID_UAC, but the topic[TPC_TOPIC] not exist.
2019-02-27 22:49:31.626  WARN [bootstrap,,,] [paascloud-provider-uac,,,,] 12788 --- [ebalanceService] RocketmqClient                           : doRebalance, CID_UAC TPC_TOPIC, get consumer id list failed
2019-02-27 22:49:31.953  INFO [bootstrap,,,] [paascloud-provider-uac,,,,] 12788 --- [cloud.net:2181)] org.apache.zookeeper.ClientCnxn          : Opening socket connection to server dev-login.paascloud.net/127.0.0.1:2181. Will not attempt to authenticate using SASL (unknown error)
2019-02-27 22:49:32.960  WARN [bootstrap,,,] [paascloud-provider-uac,,,,] 12788 --- [cloud.net:2181)] org.apache.zookeeper.ClientCnxn          : Session 0x0 for server null, unexpected error, closing socket connection and attempting reconnect

java.net.ConnectException: Connection refused: no further information
	at sun.nio.ch.SocketChannelImpl.checkConnect(Native Method)
	at sun.nio.ch.SocketChannelImpl.finishConnect(SocketChannelImpl.java:717)
	at org.apache.zookeeper.ClientCnxnSocketNIO.doTransport(ClientCnxnSocketNIO.java:361)
	at org.apache.zookeeper.ClientCnxn$SendThread.run(ClientCnxn.java:1081)

2019-02-27 22:49:34.060  INFO [bootstrap,,,] [paascloud-provider-uac,,,,] 12788 --- [cloud.net:2181)] org.apache.zookeeper.ClientCnxn          : Opening socket connection to server dev-login.paascloud.net/127.0.0.1:2181. Will not attempt to authenticate using SASL (unknown error)
2019-02-27 22:49:35.061  WARN [bootstrap,,,] [paascloud-provider-uac,,,,] 12788 --- [cloud.net:2181)] org.apache.zookeeper.ClientCnxn          : Session 0x0 for server null, unexpected error, closing socket connection and attempting reconnect

java.net.ConnectException: Connection refused: no further information
	at sun.nio.ch.SocketChannelImpl.checkConnect(Native Method)
	at sun.nio.ch.SocketChannelImpl.finishConnect(SocketChannelImpl.java:717)
	at org.apache.zookeeper.ClientCnxnSocketNIO.doTransport(ClientCnxnSocketNIO.java:361)
	at org.apache.zookeeper.ClientCnxn$SendThread.run(ClientCnxn.java:1081)

2019-02-27 22:49:36.162  INFO [bootstrap,,,] [paascloud-provider-uac,,,,] 12788 --- [cloud.net:2181)] org.apache.zookeeper.ClientCnxn          : Opening socket connection to server dev-login.paascloud.net/127.0.0.1:2181. Will not attempt to authenticate using SASL (unknown error)
2019-02-27 22:49:37.163  WARN [bootstrap,,,] [paascloud-provider-uac,,,,] 12788 --- [cloud.net:2181)] org.apache.zookeeper.ClientCnxn          : Session 0x0 for server null, unexpected error, closing socket connection and attempting reconnect

java.net.ConnectException: Connection refused: no further information
	at sun.nio.ch.SocketChannelImpl.checkConnect(Native Method)
	at sun.nio.ch.SocketChannelImpl.finishConnect(SocketChannelImpl.java:717)
	at org.apache.zookeeper.ClientCnxnSocketNIO.doTransport(ClientCnxnSocketNIO.java:361)
	at org.apache.zookeeper.ClientCnxn$SendThread.run(ClientCnxn.java:1081)

2019-02-27 22:49:38.264  INFO [bootstrap,,,] [paascloud-provider-uac,,,,] 12788 --- [cloud.net:2181)] org.apache.zookeeper.ClientCnxn          : Opening socket connection to server dev-login.paascloud.net/127.0.0.1:2181. Will not attempt to authenticate using SASL (unknown error)
2019-02-27 22:49:38.845  INFO [bootstrap,,,] [paascloud-provider-uac,,,,] 12788 --- [tor-Framework-0] o.a.c.f.imps.CuratorFrameworkImpl        : backgroundOperationsLoop exiting
2019-02-27 22:49:39.365  INFO [bootstrap,,,] [paascloud-provider-uac,,,,] 12788 --- [           main] org.apache.zookeeper.ZooKeeper           : Session: 0x0 closed
2019-02-27 22:49:39.365  INFO [bootstrap,,,] [paascloud-provider-uac,,,,] 12788 --- [ain-EventThread] org.apache.zookeeper.ClientCnxn          : EventThread shut down
2019-02-27 22:49:39.368  INFO [bootstrap,,,] [paascloud-provider-uac,,,,] 12788 --- [           main] utoConfigurationReportLoggingInitializer : 

Error starting ApplicationContext. To display the auto-configuration report re-run your application with 'debug' enabled.
2019-02-27 22:49:39.373 ERROR [bootstrap,,,] [paascloud-provider-uac,,,,] 12788 --- [           main] o.s.boot.SpringApplication               : Application startup failed

java.lang.IllegalStateException: Failed to execute CommandLineRunner
	at org.springframework.boot.SpringApplication.callRunner(SpringApplication.java:735)
	at org.springframework.boot.SpringApplication.callRunners(SpringApplication.java:716)
	at org.springframework.boot.SpringApplication.afterRefresh(SpringApplication.java:703)
	at org.springframework.boot.SpringApplication.run(SpringApplication.java:304)
	at org.springframework.boot.test.context.SpringBootContextLoader.loadContext(SpringBootContextLoader.java:121)
	at org.springframework.test.context.cache.DefaultCacheAwareContextLoaderDelegate.loadContextInternal(DefaultCacheAwareContextLoaderDelegate.java:98)
	at org.springframework.test.context.cache.DefaultCacheAwareContextLoaderDelegate.loadContext(DefaultCacheAwareContextLoaderDelegate.java:116)
	at org.springframework.test.context.support.DefaultTestContext.getApplicationContext(DefaultTestContext.java:83)
	at org.springframework.test.context.web.ServletTestExecutionListener.setUpRequestContextIfNecessary(ServletTestExecutionListener.java:189)
	at org.springframework.test.context.web.ServletTestExecutionListener.prepareTestInstance(ServletTestExecutionListener.java:131)
	at org.springframework.test.context.TestContextManager.prepareTestInstance(TestContextManager.java:230)
	at org.springframework.test.context.junit4.SpringJUnit4ClassRunner.createTest(SpringJUnit4ClassRunner.java:228)
	at org.springframework.test.context.junit4.SpringJUnit4ClassRunner$1.runReflectiveCall(SpringJUnit4ClassRunner.java:287)
	at org.junit.internal.runners.model.ReflectiveCallable.run(ReflectiveCallable.java:12)
	at org.springframework.test.context.junit4.SpringJUnit4ClassRunner.methodBlock(SpringJUnit4ClassRunner.java:289)
	at org.springframework.test.context.junit4.SpringJUnit4ClassRunner.runChild(SpringJUnit4ClassRunner.java:247)
	at org.springframework.test.context.junit4.SpringJUnit4ClassRunner.runChild(SpringJUnit4ClassRunner.java:94)
	at org.junit.runners.ParentRunner$3.run(ParentRunner.java:290)
	at org.junit.runners.ParentRunner$1.schedule(ParentRunner.java:71)
	at org.junit.runners.ParentRunner.runChildren(ParentRunner.java:288)
	at org.junit.runners.ParentRunner.access$000(ParentRunner.java:58)
	at org.junit.runners.ParentRunner$2.evaluate(ParentRunner.java:268)
	at org.springframework.test.context.junit4.statements.RunBeforeTestClassCallbacks.evaluate(RunBeforeTestClassCallbacks.java:61)
	at org.springframework.test.context.junit4.statements.RunAfterTestClassCallbacks.evaluate(RunAfterTestClassCallbacks.java:70)
	at org.junit.runners.ParentRunner.run(ParentRunner.java:363)
	at org.springframework.test.context.junit4.SpringJUnit4ClassRunner.run(SpringJUnit4ClassRunner.java:191)
	at org.apache.maven.surefire.junit4.JUnit4Provider.execute(JUnit4Provider.java:283)
	at org.apache.maven.surefire.junit4.JUnit4Provider.executeWithRerun(JUnit4Provider.java:173)
	at org.apache.maven.surefire.junit4.JUnit4Provider.executeTestSet(JUnit4Provider.java:153)
	at org.apache.maven.surefire.junit4.JUnit4Provider.invoke(JUnit4Provider.java:128)
	at org.apache.maven.surefire.booter.ForkedBooter.invokeProviderInSameClassLoader(ForkedBooter.java:203)
	at org.apache.maven.surefire.booter.ForkedBooter.runSuitesInProcess(ForkedBooter.java:155)
	at org.apache.maven.surefire.booter.ForkedBooter.main(ForkedBooter.java:103)
Caused by: com.paascloud.core.registry.exception.RegException: org.apache.zookeeper.KeeperException$OperationTimeoutException: KeeperErrorCode = OperationTimeout
	at com.paascloud.core.registry.exception.RegExceptionHandler.handleException(RegExceptionHandler.java:35)
	at com.paascloud.core.registry.zookeeper.ZookeeperRegistryCenter.init(ZookeeperRegistryCenter.java:105)
	at com.paascloud.core.registry.RegistryCenterFactory.createCoordinatorRegistryCenter(RegistryCenterFactory.java:44)
	at com.paascloud.core.registry.RegistryCenterFactory.startup(RegistryCenterFactory.java:57)
	at com.paascloud.core.config.ZookeeperInitRunner.run(ZookeeperInitRunner.java:50)
	at org.springframework.boot.SpringApplication.callRunner(SpringApplication.java:732)
	... 32 common frames omitted
Caused by: org.apache.zookeeper.KeeperException$OperationTimeoutException: KeeperErrorCode = OperationTimeout
	at com.paascloud.core.registry.zookeeper.ZookeeperRegistryCenter.init(ZookeeperRegistryCenter.java:99)
	... 36 common frames omitted

2019-02-27 22:49:39.373  INFO [bootstrap,,,] [paascloud-provider-uac,,,,] 12788 --- [           main] o.s.w.c.s.GenericWebApplicationContext   : Closing org.springframework.web.context.support.GenericWebApplicationContext@27f3b5ba: startup date [Wed Feb 27 22:49:13 CST 2019]; parent: org.springframework.context.annotation.AnnotationConfigApplicationContext@70dc8c9a
2019-02-27 22:49:39.377  INFO [bootstrap,,,] [paascloud-provider-uac,,,,] 12788 --- [           main] o.s.c.n.eureka.InstanceInfoFactory       : Setting initial instance status as: STARTING
2019-02-27 22:49:39.380  INFO [bootstrap,,,] [paascloud-provider-uac,,,,] 12788 --- [           main] o.s.c.n.e.s.EurekaServiceRegistry        : Unregistering application paascloud-provider-uac with eureka with status DOWN
2019-02-27 22:49:39.383  INFO [bootstrap,,,] [paascloud-provider-uac,,,,] 12788 --- [           main] o.s.c.support.DefaultLifecycleProcessor  : Stopping beans in phase 2147483647
2019-02-27 22:49:39.384  INFO [bootstrap,,,] [paascloud-provider-uac,,,,] 12788 --- [           main] o.s.c.support.DefaultLifecycleProcessor  : Stopping beans in phase 0
2019-02-27 22:49:39.385  INFO [bootstrap,,,] [paascloud-provider-uac,,,,] 12788 --- [           main] RocketmqClient                           : [persistAll] Group: CID_UAC ClientId: 192.168.124.11@12788 updateConsumeOffsetToBroker MessageQueue [topic=%RETRY%CID_UAC, brokerName=SC-201706010027, queueId=0] 0
2019-02-27 22:49:39.388  INFO [bootstrap,,,] [paascloud-provider-uac,,,,] 12788 --- [           main] RocketmqClient                           : unregister client[Producer: null Consumer: CID_UAC] from broker[SC-201706010027 0 192.168.124.11:10911] success
2019-02-27 22:49:39.391  INFO [bootstrap,,,] [paascloud-provider-uac,,,,] 12788 --- [           main] RocketmqClient                           : unregister client[Producer: CLIENT_INNER_PRODUCER Consumer: null] from broker[SC-201706010027 0 192.168.124.11:10911] success
2019-02-27 22:49:39.391  INFO [bootstrap,,,] [paascloud-provider-uac,,,,] 12788 --- [           main] RocketmqClient                           : the producer [CLIENT_INNER_PRODUCER] shutdown OK
2019-02-27 22:49:39.391  INFO [bootstrap,,,] [paascloud-provider-uac,,,,] 12788 --- [           main] RocketmqCommon                           : shutdown thread PullMessageService interrupt true
2019-02-27 22:49:39.392  INFO [bootstrap,,,] [paascloud-provider-uac,,,,] 12788 --- [lMessageService] RocketmqClient                           : PullMessageService service end
2019-02-27 22:49:39.392  INFO [bootstrap,,,] [paascloud-provider-uac,,,,] 12788 --- [           main] RocketmqCommon                           : join thread PullMessageService eclipse time(ms) 0 90000
2019-02-27 22:49:39.392  INFO [bootstrap,,,] [paascloud-provider-uac,,,,] 12788 --- [           main] RocketmqRemoting                         : closeChannel: begin close the channel[192.168.124.11:10909] Found: true
2019-02-27 22:49:39.392  INFO [bootstrap,,,] [paascloud-provider-uac,,,,] 12788 --- [           main] RocketmqRemoting                         : closeChannel: the channel[192.168.124.11:10909] was removed from channel table
2019-02-27 22:49:39.393  INFO [bootstrap,,,] [paascloud-provider-uac,,,,] 12788 --- [           main] RocketmqRemoting                         : closeChannel: begin close the channel[192.168.124.11:10911] Found: true
2019-02-27 22:49:39.393  INFO [bootstrap,,,] [paascloud-provider-uac,,,,] 12788 --- [tWorkerThread_3] RocketmqRemoting                         : NETTY CLIENT PIPELINE: CLOSE 192.168.124.11:10909
2019-02-27 22:49:39.393  INFO [bootstrap,,,] [paascloud-provider-uac,,,,] 12788 --- [           main] RocketmqRemoting                         : closeChannel: the channel[192.168.124.11:10911] was removed from channel table
2019-02-27 22:49:39.393  INFO [bootstrap,,,] [paascloud-provider-uac,,,,] 12788 --- [           main] RocketmqRemoting                         : closeChannel: begin close the channel[127.0.0.1:9876] Found: false
2019-02-27 22:49:39.393  INFO [bootstrap,,,] [paascloud-provider-uac,,,,] 12788 --- [tWorkerThread_2] RocketmqRemoting                         : NETTY CLIENT PIPELINE: CLOSE 192.168.124.11:10911
2019-02-27 22:49:39.393  INFO [bootstrap,,,] [paascloud-provider-uac,,,,] 12788 --- [           main] RocketmqRemoting                         : closeChannel: the channel[127.0.0.1:9876] has been removed from the channel table before
2019-02-27 22:49:39.393  INFO [bootstrap,,,] [paascloud-provider-uac,,,,] 12788 --- [tWorkerThread_3] RocketmqRemoting                         : eventCloseChannel: the channel[null] has been removed from the channel table before
2019-02-27 22:49:39.393  INFO [bootstrap,,,] [paascloud-provider-uac,,,,] 12788 --- [           main] RocketmqRemoting                         : shutdown thread NettyEventExecutor interrupt false
2019-02-27 22:49:39.393  INFO [bootstrap,,,] [paascloud-provider-uac,,,,] 12788 --- [tWorkerThread_1] RocketmqRemoting                         : NETTY CLIENT PIPELINE: CLOSE 127.0.0.1:9876
2019-02-27 22:49:39.394  INFO [bootstrap,,,] [paascloud-provider-uac,,,,] 12788 --- [           main] RocketmqRemoting                         : join thread NettyEventExecutor eclipse time(ms) 0 90000
2019-02-27 22:49:39.395  INFO [bootstrap,,,] [paascloud-provider-uac,,,,] 12788 --- [lientSelector_1] RocketmqRemoting                         : closeChannel: close the connection to remote address[192.168.124.11:10909] result: true
2019-02-27 22:49:39.395  INFO [bootstrap,,,] [paascloud-provider-uac,,,,] 12788 --- [           main] RocketmqCommon                           : shutdown thread RebalanceService interrupt false
2019-02-27 22:49:39.395  INFO [bootstrap,,,] [paascloud-provider-uac,,,,] 12788 --- [tWorkerThread_1] RocketmqRemoting                         : eventCloseChannel: the channel[null] has been removed from the channel table before
2019-02-27 22:49:39.397  INFO [bootstrap,,,] [paascloud-provider-uac,,,,] 12788 --- [ebalanceService] RocketmqClient                           : RebalanceService service end
2019-02-27 22:49:39.397  INFO [bootstrap,,,] [paascloud-provider-uac,,,,] 12788 --- [tWorkerThread_2] RocketmqRemoting                         : eventCloseChannel: the channel[null] has been removed from the channel table before
2019-02-27 22:49:39.397  INFO [bootstrap,,,] [paascloud-provider-uac,,,,] 12788 --- [           main] RocketmqCommon                           : join thread RebalanceService eclipse time(ms) 1 90000
2019-02-27 22:49:39.398  INFO [bootstrap,,,] [paascloud-provider-uac,,,,] 12788 --- [           main] RocketmqClient                           : the client factory [192.168.124.11@12788] shutdown OK
2019-02-27 22:49:39.398  INFO [bootstrap,,,] [paascloud-provider-uac,,,,] 12788 --- [           main] RocketmqClient                           : the consumer [CID_UAC] shutdown OK
2019-02-27 22:49:39.407  INFO [bootstrap,,,] [paascloud-provider-uac,,,,] 12788 --- [           main] com.netflix.discovery.DiscoveryClient    : Initializing Eureka in region us-east-1
2019-02-27 22:49:39.411  INFO [bootstrap,,,] [paascloud-provider-uac,,,,] 12788 --- [           main] c.n.d.provider.DiscoveryJerseyProvider   : Using JSON encoding codec LegacyJacksonJson
2019-02-27 22:49:39.411  INFO [bootstrap,,,] [paascloud-provider-uac,,,,] 12788 --- [           main] c.n.d.provider.DiscoveryJerseyProvider   : Using JSON decoding codec LegacyJacksonJson
2019-02-27 22:49:39.411  INFO [bootstrap,,,] [paascloud-provider-uac,,,,] 12788 --- [           main] c.n.d.provider.DiscoveryJerseyProvider   : Using XML encoding codec XStreamXml
2019-02-27 22:49:39.411  INFO [bootstrap,,,] [paascloud-provider-uac,,,,] 12788 --- [           main] c.n.d.provider.DiscoveryJerseyProvider   : Using XML decoding codec XStreamXml
2019-02-27 22:49:39.472  INFO [bootstrap,,,] [paascloud-provider-uac,,,,] 12788 --- [           main] c.n.d.s.r.aws.ConfigClusterResolver      : Resolving eureka endpoints via configuration
2019-02-27 22:49:39.473  INFO [bootstrap,,,] [paascloud-provider-uac,,,,] 12788 --- [           main] com.netflix.discovery.DiscoveryClient    : Disable delta property : false
2019-02-27 22:49:39.473  INFO [bootstrap,,,] [paascloud-provider-uac,,,,] 12788 --- [           main] com.netflix.discovery.DiscoveryClient    : Single vip registry refresh property : null
2019-02-27 22:49:39.473  INFO [bootstrap,,,] [paascloud-provider-uac,,,,] 12788 --- [           main] com.netflix.discovery.DiscoveryClient    : Force full registry fetch : false
2019-02-27 22:49:39.473  INFO [bootstrap,,,] [paascloud-provider-uac,,,,] 12788 --- [           main] com.netflix.discovery.DiscoveryClient    : Application is null : false
2019-02-27 22:49:39.473  INFO [bootstrap,,,] [paascloud-provider-uac,,,,] 12788 --- [           main] com.netflix.discovery.DiscoveryClient    : Registered Applications size is zero : true
2019-02-27 22:49:39.473  INFO [bootstrap,,,] [paascloud-provider-uac,,,,] 12788 --- [           main] com.netflix.discovery.DiscoveryClient    : Application version is -1: true
2019-02-27 22:49:39.473  INFO [bootstrap,,,] [paascloud-provider-uac,,,,] 12788 --- [           main] com.netflix.discovery.DiscoveryClient    : Getting all instance registry info from the eureka server
2019-02-27 22:49:39.496  INFO [bootstrap,,,] [paascloud-provider-uac,,,,] 12788 --- [lientSelector_1] RocketmqRemoting                         : closeChannel: close the connection to remote address[127.0.0.1:9876] result: true
2019-02-27 22:49:39.496  INFO [bootstrap,,,] [paascloud-provider-uac,,,,] 12788 --- [lientSelector_1] RocketmqRemoting                         : closeChannel: close the connection to remote address[192.168.124.11:10911] result: true
2019-02-27 22:49:39.723  INFO [bootstrap,,,] [paascloud-provider-uac,,,,] 12788 --- [           main] com.netflix.discovery.DiscoveryClient    : The response status is 200
2019-02-27 22:49:39.724  INFO [bootstrap,,,] [paascloud-provider-uac,,,,] 12788 --- [           main] com.netflix.discovery.DiscoveryClient    : Starting heartbeat executor: renew interval is: 30
2019-02-27 22:49:39.725  INFO [bootstrap,,,] [paascloud-provider-uac,,,,] 12788 --- [           main] c.n.discovery.InstanceInfoReplicator     : InstanceInfoReplicator onDemand update allowed rate per min is 4
2019-02-27 22:49:39.726  INFO [bootstrap,,,] [paascloud-provider-uac,,,,] 12788 --- [           main] com.netflix.discovery.DiscoveryClient    : Discovery Client initialized at timestamp 1551278979726 with initial instances count: 1
2019-02-27 22:49:39.742  INFO [bootstrap,,,] [paascloud-provider-uac,,,,] 12788 --- [           main] com.netflix.discovery.DiscoveryClient    : Shutting down DiscoveryClient ...
2019-02-27 22:49:39.743  INFO [bootstrap,,,] [paascloud-provider-uac,,,,] 12788 --- [           main] com.netflix.discovery.DiscoveryClient    : Unregistering ...
2019-02-27 22:49:39.803  INFO [bootstrap,,,] [paascloud-provider-uac,,,,] 12788 --- [           main] com.netflix.discovery.DiscoveryClient    : DiscoveryClient_PAASCLOUD-PROVIDER-UAC/paascloud-provider-uac:192.168.144.1:-1 - deregister  status: 404
2019-02-27 22:49:39.817  INFO [bootstrap,,,] [paascloud-provider-uac,,,,] 12788 --- [           main] com.netflix.discovery.DiscoveryClient    : Completed shut down of DiscoveryClient
2019-02-27 22:49:39.826  INFO [bootstrap,,,] [paascloud-provider-uac,,,,] 12788 --- [           main] s.c.a.AnnotationConfigApplicationContext : Closing org.springframework.context.annotation.AnnotationConfigApplicationContext@e29a07f: startup date [Wed Feb 27 22:49:20 CST 2019]; parent: org.springframework.web.context.support.GenericWebApplicationContext@27f3b5ba
2019-02-27 22:49:39.827  WARN [bootstrap,,,] [paascloud-provider-uac,,,,] 12788 --- [           main] s.c.a.AnnotationConfigApplicationContext : Exception thrown from ApplicationListener handling ContextClosedEvent

org.springframework.beans.factory.BeanCreationNotAllowedException: Error creating bean with name 'eurekaAutoServiceRegistration': Singleton bean creation not allowed while singletons of this factory are in destruction (Do not request a bean from a BeanFactory in a destroy method implementation!)
	at org.springframework.beans.factory.support.DefaultSingletonBeanRegistry.getSingleton(DefaultSingletonBeanRegistry.java:216)
	at org.springframework.beans.factory.support.AbstractBeanFactory.doGetBean(AbstractBeanFactory.java:308)
	at org.springframework.beans.factory.support.AbstractBeanFactory.getBean(AbstractBeanFactory.java:197)
	at org.springframework.context.support.AbstractApplicationContext.getBean(AbstractApplicationContext.java:1081)
	at org.springframework.context.event.ApplicationListenerMethodAdapter.getTargetBean(ApplicationListenerMethodAdapter.java:280)
	at org.springframework.context.event.ApplicationListenerMethodAdapter.doInvoke(ApplicationListenerMethodAdapter.java:250)
	at org.springframework.context.event.ApplicationListenerMethodAdapter.processEvent(ApplicationListenerMethodAdapter.java:174)
	at org.springframework.context.event.ApplicationListenerMethodAdapter.onApplicationEvent(ApplicationListenerMethodAdapter.java:137)
	at org.springframework.context.event.SimpleApplicationEventMulticaster.invokeListener(SimpleApplicationEventMulticaster.java:167)
	at org.springframework.context.event.SimpleApplicationEventMulticaster.multicastEvent(SimpleApplicationEventMulticaster.java:139)
	at org.springframework.context.support.AbstractApplicationContext.publishEvent(AbstractApplicationContext.java:383)
	at org.springframework.context.support.AbstractApplicationContext.publishEvent(AbstractApplicationContext.java:389)
	at org.springframework.context.support.AbstractApplicationContext.publishEvent(AbstractApplicationContext.java:337)
	at org.springframework.context.support.AbstractApplicationContext.doClose(AbstractApplicationContext.java:994)
	at org.springframework.context.support.AbstractApplicationContext.close(AbstractApplicationContext.java:961)
	at org.springframework.cloud.context.named.NamedContextFactory.destroy(NamedContextFactory.java:76)
	at org.springframework.beans.factory.support.DisposableBeanAdapter.destroy(DisposableBeanAdapter.java:272)
	at org.springframework.beans.factory.support.DefaultSingletonBeanRegistry.destroyBean(DefaultSingletonBeanRegistry.java:583)
	at org.springframework.beans.factory.support.DefaultSingletonBeanRegistry.destroySingleton(DefaultSingletonBeanRegistry.java:555)
	at org.springframework.beans.factory.support.DefaultListableBeanFactory.destroySingleton(DefaultListableBeanFactory.java:961)
	at org.springframework.beans.factory.support.DefaultSingletonBeanRegistry.destroySingletons(DefaultSingletonBeanRegistry.java:516)
	at org.springframework.beans.factory.support.DefaultListableBeanFactory.destroySingletons(DefaultListableBeanFactory.java:968)
	at org.springframework.context.support.AbstractApplicationContext.destroyBeans(AbstractApplicationContext.java:1033)
	at org.springframework.context.support.AbstractApplicationContext.doClose(AbstractApplicationContext.java:1009)
	at org.springframework.context.support.AbstractApplicationContext.close(AbstractApplicationContext.java:961)
	at org.springframework.boot.SpringApplication.handleRunFailure(SpringApplication.java:750)
	at org.springframework.boot.SpringApplication.run(SpringApplication.java:314)
	at org.springframework.boot.test.context.SpringBootContextLoader.loadContext(SpringBootContextLoader.java:121)
	at org.springframework.test.context.cache.DefaultCacheAwareContextLoaderDelegate.loadContextInternal(DefaultCacheAwareContextLoaderDelegate.java:98)
	at org.springframework.test.context.cache.DefaultCacheAwareContextLoaderDelegate.loadContext(DefaultCacheAwareContextLoaderDelegate.java:116)
	at org.springframework.test.context.support.DefaultTestContext.getApplicationContext(DefaultTestContext.java:83)
	at org.springframework.test.context.web.ServletTestExecutionListener.setUpRequestContextIfNecessary(ServletTestExecutionListener.java:189)
	at org.springframework.test.context.web.ServletTestExecutionListener.prepareTestInstance(ServletTestExecutionListener.java:131)
	at org.springframework.test.context.TestContextManager.prepareTestInstance(TestContextManager.java:230)
	at org.springframework.test.context.junit4.SpringJUnit4ClassRunner.createTest(SpringJUnit4ClassRunner.java:228)
	at org.springframework.test.context.junit4.SpringJUnit4ClassRunner$1.runReflectiveCall(SpringJUnit4ClassRunner.java:287)
	at org.junit.internal.runners.model.ReflectiveCallable.run(ReflectiveCallable.java:12)
	at org.springframework.test.context.junit4.SpringJUnit4ClassRunner.methodBlock(SpringJUnit4ClassRunner.java:289)
	at org.springframework.test.context.junit4.SpringJUnit4ClassRunner.runChild(SpringJUnit4ClassRunner.java:247)
	at org.springframework.test.context.junit4.SpringJUnit4ClassRunner.runChild(SpringJUnit4ClassRunner.java:94)
	at org.junit.runners.ParentRunner$3.run(ParentRunner.java:290)
	at org.junit.runners.ParentRunner$1.schedule(ParentRunner.java:71)
	at org.junit.runners.ParentRunner.runChildren(ParentRunner.java:288)
	at org.junit.runners.ParentRunner.access$000(ParentRunner.java:58)
	at org.junit.runners.ParentRunner$2.evaluate(ParentRunner.java:268)
	at org.springframework.test.context.junit4.statements.RunBeforeTestClassCallbacks.evaluate(RunBeforeTestClassCallbacks.java:61)
	at org.springframework.test.context.junit4.statements.RunAfterTestClassCallbacks.evaluate(RunAfterTestClassCallbacks.java:70)
	at org.junit.runners.ParentRunner.run(ParentRunner.java:363)
	at org.springframework.test.context.junit4.SpringJUnit4ClassRunner.run(SpringJUnit4ClassRunner.java:191)
	at org.apache.maven.surefire.junit4.JUnit4Provider.execute(JUnit4Provider.java:283)
	at org.apache.maven.surefire.junit4.JUnit4Provider.executeWithRerun(JUnit4Provider.java:173)
	at org.apache.maven.surefire.junit4.JUnit4Provider.executeTestSet(JUnit4Provider.java:153)
	at org.apache.maven.surefire.junit4.JUnit4Provider.invoke(JUnit4Provider.java:128)
	at org.apache.maven.surefire.booter.ForkedBooter.invokeProviderInSameClassLoader(ForkedBooter.java:203)
	at org.apache.maven.surefire.booter.ForkedBooter.runSuitesInProcess(ForkedBooter.java:155)
	at org.apache.maven.surefire.booter.ForkedBooter.main(ForkedBooter.java:103)

2019-02-27 22:49:39.827  INFO [bootstrap,,,] [paascloud-provider-uac,,,,] 12788 --- [           main] s.c.a.AnnotationConfigApplicationContext : Closing org.springframework.context.annotation.AnnotationConfigApplicationContext@27342c75: startup date [Wed Feb 27 22:49:20 CST 2019]; parent: org.springframework.web.context.support.GenericWebApplicationContext@27f3b5ba
2019-02-27 22:49:39.828  WARN [bootstrap,,,] [paascloud-provider-uac,,,,] 12788 --- [           main] s.c.a.AnnotationConfigApplicationContext : Exception thrown from ApplicationListener handling ContextClosedEvent

org.springframework.beans.factory.BeanCreationNotAllowedException: Error creating bean with name 'eurekaAutoServiceRegistration': Singleton bean creation not allowed while singletons of this factory are in destruction (Do not request a bean from a BeanFactory in a destroy method implementation!)
	at org.springframework.beans.factory.support.DefaultSingletonBeanRegistry.getSingleton(DefaultSingletonBeanRegistry.java:216)
	at org.springframework.beans.factory.support.AbstractBeanFactory.doGetBean(AbstractBeanFactory.java:308)
	at org.springframework.beans.factory.support.AbstractBeanFactory.getBean(AbstractBeanFactory.java:197)
	at org.springframework.context.support.AbstractApplicationContext.getBean(AbstractApplicationContext.java:1081)
	at org.springframework.context.event.ApplicationListenerMethodAdapter.getTargetBean(ApplicationListenerMethodAdapter.java:280)
	at org.springframework.context.event.ApplicationListenerMethodAdapter.doInvoke(ApplicationListenerMethodAdapter.java:250)
	at org.springframework.context.event.ApplicationListenerMethodAdapter.processEvent(ApplicationListenerMethodAdapter.java:174)
	at org.springframework.context.event.ApplicationListenerMethodAdapter.onApplicationEvent(ApplicationListenerMethodAdapter.java:137)
	at org.springframework.context.event.SimpleApplicationEventMulticaster.invokeListener(SimpleApplicationEventMulticaster.java:167)
	at org.springframework.context.event.SimpleApplicationEventMulticaster.multicastEvent(SimpleApplicationEventMulticaster.java:139)
	at org.springframework.context.support.AbstractApplicationContext.publishEvent(AbstractApplicationContext.java:383)
	at org.springframework.context.support.AbstractApplicationContext.publishEvent(AbstractApplicationContext.java:389)
	at org.springframework.context.support.AbstractApplicationContext.publishEvent(AbstractApplicationContext.java:337)
	at org.springframework.context.support.AbstractApplicationContext.doClose(AbstractApplicationContext.java:994)
	at org.springframework.context.support.AbstractApplicationContext.close(AbstractApplicationContext.java:961)
	at org.springframework.cloud.context.named.NamedContextFactory.destroy(NamedContextFactory.java:76)
	at org.springframework.beans.factory.support.DisposableBeanAdapter.destroy(DisposableBeanAdapter.java:272)
	at org.springframework.beans.factory.support.DefaultSingletonBeanRegistry.destroyBean(DefaultSingletonBeanRegistry.java:583)
	at org.springframework.beans.factory.support.DefaultSingletonBeanRegistry.destroySingleton(DefaultSingletonBeanRegistry.java:555)
	at org.springframework.beans.factory.support.DefaultListableBeanFactory.destroySingleton(DefaultListableBeanFactory.java:961)
	at org.springframework.beans.factory.support.DefaultSingletonBeanRegistry.destroySingletons(DefaultSingletonBeanRegistry.java:516)
	at org.springframework.beans.factory.support.DefaultListableBeanFactory.destroySingletons(DefaultListableBeanFactory.java:968)
	at org.springframework.context.support.AbstractApplicationContext.destroyBeans(AbstractApplicationContext.java:1033)
	at org.springframework.context.support.AbstractApplicationContext.doClose(AbstractApplicationContext.java:1009)
	at org.springframework.context.support.AbstractApplicationContext.close(AbstractApplicationContext.java:961)
	at org.springframework.boot.SpringApplication.handleRunFailure(SpringApplication.java:750)
	at org.springframework.boot.SpringApplication.run(SpringApplication.java:314)
	at org.springframework.boot.test.context.SpringBootContextLoader.loadContext(SpringBootContextLoader.java:121)
	at org.springframework.test.context.cache.DefaultCacheAwareContextLoaderDelegate.loadContextInternal(DefaultCacheAwareContextLoaderDelegate.java:98)
	at org.springframework.test.context.cache.DefaultCacheAwareContextLoaderDelegate.loadContext(DefaultCacheAwareContextLoaderDelegate.java:116)
	at org.springframework.test.context.support.DefaultTestContext.getApplicationContext(DefaultTestContext.java:83)
	at org.springframework.test.context.web.ServletTestExecutionListener.setUpRequestContextIfNecessary(ServletTestExecutionListener.java:189)
	at org.springframework.test.context.web.ServletTestExecutionListener.prepareTestInstance(ServletTestExecutionListener.java:131)
	at org.springframework.test.context.TestContextManager.prepareTestInstance(TestContextManager.java:230)
	at org.springframework.test.context.junit4.SpringJUnit4ClassRunner.createTest(SpringJUnit4ClassRunner.java:228)
	at org.springframework.test.context.junit4.SpringJUnit4ClassRunner$1.runReflectiveCall(SpringJUnit4ClassRunner.java:287)
	at org.junit.internal.runners.model.ReflectiveCallable.run(ReflectiveCallable.java:12)
	at org.springframework.test.context.junit4.SpringJUnit4ClassRunner.methodBlock(SpringJUnit4ClassRunner.java:289)
	at org.springframework.test.context.junit4.SpringJUnit4ClassRunner.runChild(SpringJUnit4ClassRunner.java:247)
	at org.springframework.test.context.junit4.SpringJUnit4ClassRunner.runChild(SpringJUnit4ClassRunner.java:94)
	at org.junit.runners.ParentRunner$3.run(ParentRunner.java:290)
	at org.junit.runners.ParentRunner$1.schedule(ParentRunner.java:71)
	at org.junit.runners.ParentRunner.runChildren(ParentRunner.java:288)
	at org.junit.runners.ParentRunner.access$000(ParentRunner.java:58)
	at org.junit.runners.ParentRunner$2.evaluate(ParentRunner.java:268)
	at org.springframework.test.context.junit4.statements.RunBeforeTestClassCallbacks.evaluate(RunBeforeTestClassCallbacks.java:61)
	at org.springframework.test.context.junit4.statements.RunAfterTestClassCallbacks.evaluate(RunAfterTestClassCallbacks.java:70)
	at org.junit.runners.ParentRunner.run(ParentRunner.java:363)
	at org.springframework.test.context.junit4.SpringJUnit4ClassRunner.run(SpringJUnit4ClassRunner.java:191)
	at org.apache.maven.surefire.junit4.JUnit4Provider.execute(JUnit4Provider.java:283)
	at org.apache.maven.surefire.junit4.JUnit4Provider.executeWithRerun(JUnit4Provider.java:173)
	at org.apache.maven.surefire.junit4.JUnit4Provider.executeTestSet(JUnit4Provider.java:153)
	at org.apache.maven.surefire.junit4.JUnit4Provider.invoke(JUnit4Provider.java:128)
	at org.apache.maven.surefire.booter.ForkedBooter.invokeProviderInSameClassLoader(ForkedBooter.java:203)
	at org.apache.maven.surefire.booter.ForkedBooter.runSuitesInProcess(ForkedBooter.java:155)
	at org.apache.maven.surefire.booter.ForkedBooter.main(ForkedBooter.java:103)

2019-02-27 22:49:39.829  INFO [bootstrap,,,] [paascloud-provider-uac,,,,] 12788 --- [           main] s.c.a.AnnotationConfigApplicationContext : Closing org.springframework.context.annotation.AnnotationConfigApplicationContext@67fd5b98: startup date [Wed Feb 27 22:49:18 CST 2019]; parent: org.springframework.web.context.support.GenericWebApplicationContext@27f3b5ba
2019-02-27 22:49:39.830  WARN [bootstrap,,,] [paascloud-provider-uac,,,,] 12788 --- [           main] s.c.a.AnnotationConfigApplicationContext : Exception thrown from ApplicationListener handling ContextClosedEvent

org.springframework.beans.factory.BeanCreationNotAllowedException: Error creating bean with name 'eurekaAutoServiceRegistration': Singleton bean creation not allowed while singletons of this factory are in destruction (Do not request a bean from a BeanFactory in a destroy method implementation!)
	at org.springframework.beans.factory.support.DefaultSingletonBeanRegistry.getSingleton(DefaultSingletonBeanRegistry.java:216)
	at org.springframework.beans.factory.support.AbstractBeanFactory.doGetBean(AbstractBeanFactory.java:308)
	at org.springframework.beans.factory.support.AbstractBeanFactory.getBean(AbstractBeanFactory.java:197)
	at org.springframework.context.support.AbstractApplicationContext.getBean(AbstractApplicationContext.java:1081)
	at org.springframework.context.event.ApplicationListenerMethodAdapter.getTargetBean(ApplicationListenerMethodAdapter.java:280)
	at org.springframework.context.event.ApplicationListenerMethodAdapter.doInvoke(ApplicationListenerMethodAdapter.java:250)
	at org.springframework.context.event.ApplicationListenerMethodAdapter.processEvent(ApplicationListenerMethodAdapter.java:174)
	at org.springframework.context.event.ApplicationListenerMethodAdapter.onApplicationEvent(ApplicationListenerMethodAdapter.java:137)
	at org.springframework.context.event.SimpleApplicationEventMulticaster.invokeListener(SimpleApplicationEventMulticaster.java:167)
	at org.springframework.context.event.SimpleApplicationEventMulticaster.multicastEvent(SimpleApplicationEventMulticaster.java:139)
	at org.springframework.context.support.AbstractApplicationContext.publishEvent(AbstractApplicationContext.java:383)
	at org.springframework.context.support.AbstractApplicationContext.publishEvent(AbstractApplicationContext.java:389)
	at org.springframework.context.support.AbstractApplicationContext.publishEvent(AbstractApplicationContext.java:337)
	at org.springframework.context.support.AbstractApplicationContext.doClose(AbstractApplicationContext.java:994)
	at org.springframework.context.support.AbstractApplicationContext.close(AbstractApplicationContext.java:961)
	at org.springframework.cloud.context.named.NamedContextFactory.destroy(NamedContextFactory.java:76)
	at org.springframework.beans.factory.support.DisposableBeanAdapter.destroy(DisposableBeanAdapter.java:272)
	at org.springframework.beans.factory.support.DefaultSingletonBeanRegistry.destroyBean(DefaultSingletonBeanRegistry.java:583)
	at org.springframework.beans.factory.support.DefaultSingletonBeanRegistry.destroySingleton(DefaultSingletonBeanRegistry.java:555)
	at org.springframework.beans.factory.support.DefaultListableBeanFactory.destroySingleton(DefaultListableBeanFactory.java:961)
	at org.springframework.beans.factory.support.DefaultSingletonBeanRegistry.destroySingletons(DefaultSingletonBeanRegistry.java:516)
	at org.springframework.beans.factory.support.DefaultListableBeanFactory.destroySingletons(DefaultListableBeanFactory.java:968)
	at org.springframework.context.support.AbstractApplicationContext.destroyBeans(AbstractApplicationContext.java:1033)
	at org.springframework.context.support.AbstractApplicationContext.doClose(AbstractApplicationContext.java:1009)
	at org.springframework.context.support.AbstractApplicationContext.close(AbstractApplicationContext.java:961)
	at org.springframework.boot.SpringApplication.handleRunFailure(SpringApplication.java:750)
	at org.springframework.boot.SpringApplication.run(SpringApplication.java:314)
	at org.springframework.boot.test.context.SpringBootContextLoader.loadContext(SpringBootContextLoader.java:121)
	at org.springframework.test.context.cache.DefaultCacheAwareContextLoaderDelegate.loadContextInternal(DefaultCacheAwareContextLoaderDelegate.java:98)
	at org.springframework.test.context.cache.DefaultCacheAwareContextLoaderDelegate.loadContext(DefaultCacheAwareContextLoaderDelegate.java:116)
	at org.springframework.test.context.support.DefaultTestContext.getApplicationContext(DefaultTestContext.java:83)
	at org.springframework.test.context.web.ServletTestExecutionListener.setUpRequestContextIfNecessary(ServletTestExecutionListener.java:189)
	at org.springframework.test.context.web.ServletTestExecutionListener.prepareTestInstance(ServletTestExecutionListener.java:131)
	at org.springframework.test.context.TestContextManager.prepareTestInstance(TestContextManager.java:230)
	at org.springframework.test.context.junit4.SpringJUnit4ClassRunner.createTest(SpringJUnit4ClassRunner.java:228)
	at org.springframework.test.context.junit4.SpringJUnit4ClassRunner$1.runReflectiveCall(SpringJUnit4ClassRunner.java:287)
	at org.junit.internal.runners.model.ReflectiveCallable.run(ReflectiveCallable.java:12)
	at org.springframework.test.context.junit4.SpringJUnit4ClassRunner.methodBlock(SpringJUnit4ClassRunner.java:289)
	at org.springframework.test.context.junit4.SpringJUnit4ClassRunner.runChild(SpringJUnit4ClassRunner.java:247)
	at org.springframework.test.context.junit4.SpringJUnit4ClassRunner.runChild(SpringJUnit4ClassRunner.java:94)
	at org.junit.runners.ParentRunner$3.run(ParentRunner.java:290)
	at org.junit.runners.ParentRunner$1.schedule(ParentRunner.java:71)
	at org.junit.runners.ParentRunner.runChildren(ParentRunner.java:288)
	at org.junit.runners.ParentRunner.access$000(ParentRunner.java:58)
	at org.junit.runners.ParentRunner$2.evaluate(ParentRunner.java:268)
	at org.springframework.test.context.junit4.statements.RunBeforeTestClassCallbacks.evaluate(RunBeforeTestClassCallbacks.java:61)
	at org.springframework.test.context.junit4.statements.RunAfterTestClassCallbacks.evaluate(RunAfterTestClassCallbacks.java:70)
	at org.junit.runners.ParentRunner.run(ParentRunner.java:363)
	at org.springframework.test.context.junit4.SpringJUnit4ClassRunner.run(SpringJUnit4ClassRunner.java:191)
	at org.apache.maven.surefire.junit4.JUnit4Provider.execute(JUnit4Provider.java:283)
	at org.apache.maven.surefire.junit4.JUnit4Provider.executeWithRerun(JUnit4Provider.java:173)
	at org.apache.maven.surefire.junit4.JUnit4Provider.executeTestSet(JUnit4Provider.java:153)
	at org.apache.maven.surefire.junit4.JUnit4Provider.invoke(JUnit4Provider.java:128)
	at org.apache.maven.surefire.booter.ForkedBooter.invokeProviderInSameClassLoader(ForkedBooter.java:203)
	at org.apache.maven.surefire.booter.ForkedBooter.runSuitesInProcess(ForkedBooter.java:155)
	at org.apache.maven.surefire.booter.ForkedBooter.main(ForkedBooter.java:103)

2019-02-27 22:49:39.830  INFO [bootstrap,,,] [paascloud-provider-uac,,,,] 12788 --- [           main] s.c.a.AnnotationConfigApplicationContext : Closing org.springframework.context.annotation.AnnotationConfigApplicationContext@100c57c9: startup date [Wed Feb 27 22:49:19 CST 2019]; parent: org.springframework.web.context.support.GenericWebApplicationContext@27f3b5ba
2019-02-27 22:49:39.831  WARN [bootstrap,,,] [paascloud-provider-uac,,,,] 12788 --- [           main] s.c.a.AnnotationConfigApplicationContext : Exception thrown from ApplicationListener handling ContextClosedEvent

org.springframework.beans.factory.BeanCreationNotAllowedException: Error creating bean with name 'eurekaAutoServiceRegistration': Singleton bean creation not allowed while singletons of this factory are in destruction (Do not request a bean from a BeanFactory in a destroy method implementation!)
	at org.springframework.beans.factory.support.DefaultSingletonBeanRegistry.getSingleton(DefaultSingletonBeanRegistry.java:216)
	at org.springframework.beans.factory.support.AbstractBeanFactory.doGetBean(AbstractBeanFactory.java:308)
	at org.springframework.beans.factory.support.AbstractBeanFactory.getBean(AbstractBeanFactory.java:197)
	at org.springframework.context.support.AbstractApplicationContext.getBean(AbstractApplicationContext.java:1081)
	at org.springframework.context.event.ApplicationListenerMethodAdapter.getTargetBean(ApplicationListenerMethodAdapter.java:280)
	at org.springframework.context.event.ApplicationListenerMethodAdapter.doInvoke(ApplicationListenerMethodAdapter.java:250)
	at org.springframework.context.event.ApplicationListenerMethodAdapter.processEvent(ApplicationListenerMethodAdapter.java:174)
	at org.springframework.context.event.ApplicationListenerMethodAdapter.onApplicationEvent(ApplicationListenerMethodAdapter.java:137)
	at org.springframework.context.event.SimpleApplicationEventMulticaster.invokeListener(SimpleApplicationEventMulticaster.java:167)
	at org.springframework.context.event.SimpleApplicationEventMulticaster.multicastEvent(SimpleApplicationEventMulticaster.java:139)
	at org.springframework.context.support.AbstractApplicationContext.publishEvent(AbstractApplicationContext.java:383)
	at org.springframework.context.support.AbstractApplicationContext.publishEvent(AbstractApplicationContext.java:389)
	at org.springframework.context.support.AbstractApplicationContext.publishEvent(AbstractApplicationContext.java:337)
	at org.springframework.context.support.AbstractApplicationContext.doClose(AbstractApplicationContext.java:994)
	at org.springframework.context.support.AbstractApplicationContext.close(AbstractApplicationContext.java:961)
	at org.springframework.cloud.context.named.NamedContextFactory.destroy(NamedContextFactory.java:76)
	at org.springframework.beans.factory.support.DisposableBeanAdapter.destroy(DisposableBeanAdapter.java:272)
	at org.springframework.beans.factory.support.DefaultSingletonBeanRegistry.destroyBean(DefaultSingletonBeanRegistry.java:583)
	at org.springframework.beans.factory.support.DefaultSingletonBeanRegistry.destroySingleton(DefaultSingletonBeanRegistry.java:555)
	at org.springframework.beans.factory.support.DefaultListableBeanFactory.destroySingleton(DefaultListableBeanFactory.java:961)
	at org.springframework.beans.factory.support.DefaultSingletonBeanRegistry.destroySingletons(DefaultSingletonBeanRegistry.java:516)
	at org.springframework.beans.factory.support.DefaultListableBeanFactory.destroySingletons(DefaultListableBeanFactory.java:968)
	at org.springframework.context.support.AbstractApplicationContext.destroyBeans(AbstractApplicationContext.java:1033)
	at org.springframework.context.support.AbstractApplicationContext.doClose(AbstractApplicationContext.java:1009)
	at org.springframework.context.support.AbstractApplicationContext.close(AbstractApplicationContext.java:961)
	at org.springframework.boot.SpringApplication.handleRunFailure(SpringApplication.java:750)
	at org.springframework.boot.SpringApplication.run(SpringApplication.java:314)
	at org.springframework.boot.test.context.SpringBootContextLoader.loadContext(SpringBootContextLoader.java:121)
	at org.springframework.test.context.cache.DefaultCacheAwareContextLoaderDelegate.loadContextInternal(DefaultCacheAwareContextLoaderDelegate.java:98)
	at org.springframework.test.context.cache.DefaultCacheAwareContextLoaderDelegate.loadContext(DefaultCacheAwareContextLoaderDelegate.java:116)
	at org.springframework.test.context.support.DefaultTestContext.getApplicationContext(DefaultTestContext.java:83)
	at org.springframework.test.context.web.ServletTestExecutionListener.setUpRequestContextIfNecessary(ServletTestExecutionListener.java:189)
	at org.springframework.test.context.web.ServletTestExecutionListener.prepareTestInstance(ServletTestExecutionListener.java:131)
	at org.springframework.test.context.TestContextManager.prepareTestInstance(TestContextManager.java:230)
	at org.springframework.test.context.junit4.SpringJUnit4ClassRunner.createTest(SpringJUnit4ClassRunner.java:228)
	at org.springframework.test.context.junit4.SpringJUnit4ClassRunner$1.runReflectiveCall(SpringJUnit4ClassRunner.java:287)
	at org.junit.internal.runners.model.ReflectiveCallable.run(ReflectiveCallable.java:12)
	at org.springframework.test.context.junit4.SpringJUnit4ClassRunner.methodBlock(SpringJUnit4ClassRunner.java:289)
	at org.springframework.test.context.junit4.SpringJUnit4ClassRunner.runChild(SpringJUnit4ClassRunner.java:247)
	at org.springframework.test.context.junit4.SpringJUnit4ClassRunner.runChild(SpringJUnit4ClassRunner.java:94)
	at org.junit.runners.ParentRunner$3.run(ParentRunner.java:290)
	at org.junit.runners.ParentRunner$1.schedule(ParentRunner.java:71)
	at org.junit.runners.ParentRunner.runChildren(ParentRunner.java:288)
	at org.junit.runners.ParentRunner.access$000(ParentRunner.java:58)
	at org.junit.runners.ParentRunner$2.evaluate(ParentRunner.java:268)
	at org.springframework.test.context.junit4.statements.RunBeforeTestClassCallbacks.evaluate(RunBeforeTestClassCallbacks.java:61)
	at org.springframework.test.context.junit4.statements.RunAfterTestClassCallbacks.evaluate(RunAfterTestClassCallbacks.java:70)
	at org.junit.runners.ParentRunner.run(ParentRunner.java:363)
	at org.springframework.test.context.junit4.SpringJUnit4ClassRunner.run(SpringJUnit4ClassRunner.java:191)
	at org.apache.maven.surefire.junit4.JUnit4Provider.execute(JUnit4Provider.java:283)
	at org.apache.maven.surefire.junit4.JUnit4Provider.executeWithRerun(JUnit4Provider.java:173)
	at org.apache.maven.surefire.junit4.JUnit4Provider.executeTestSet(JUnit4Provider.java:153)
	at org.apache.maven.surefire.junit4.JUnit4Provider.invoke(JUnit4Provider.java:128)
	at org.apache.maven.surefire.booter.ForkedBooter.invokeProviderInSameClassLoader(ForkedBooter.java:203)
	at org.apache.maven.surefire.booter.ForkedBooter.runSuitesInProcess(ForkedBooter.java:155)
	at org.apache.maven.surefire.booter.ForkedBooter.main(ForkedBooter.java:103)

2019-02-27 22:49:39.845  INFO [bootstrap,,,] [paascloud-provider-uac,,,,] 12788 --- [           main] com.alibaba.druid.pool.DruidDataSource   : {dataSource-2} closed
2019-02-27 22:49:40.230  INFO [bootstrap,,,] [paascloud-provider-uac,,,,] 12788 --- [           main] o.s.s.concurrent.ThreadPoolTaskExecutor  : Shutting down ExecutorService
2019-02-27 22:49:40.231 ERROR [bootstrap,,,] [paascloud-provider-uac,,,,] 12788 --- [           main] o.s.test.context.TestContextManager      : Caught exception while allowing TestExecutionListener [org.springframework.test.context.web.ServletTestExecutionListener@4260f222] to prepare test instance [com.paascloud.provider.UacMenuServiceTest@2d3650fe]

java.lang.IllegalStateException: Failed to load ApplicationContext
	at org.springframework.test.context.cache.DefaultCacheAwareContextLoaderDelegate.loadContext(DefaultCacheAwareContextLoaderDelegate.java:124)
	at org.springframework.test.context.support.DefaultTestContext.getApplicationContext(DefaultTestContext.java:83)
	at org.springframework.test.context.web.ServletTestExecutionListener.setUpRequestContextIfNecessary(ServletTestExecutionListener.java:189)
	at org.springframework.test.context.web.ServletTestExecutionListener.prepareTestInstance(ServletTestExecutionListener.java:131)
	at org.springframework.test.context.TestContextManager.prepareTestInstance(TestContextManager.java:230)
	at org.springframework.test.context.junit4.SpringJUnit4ClassRunner.createTest(SpringJUnit4ClassRunner.java:228)
	at org.springframework.test.context.junit4.SpringJUnit4ClassRunner$1.runReflectiveCall(SpringJUnit4ClassRunner.java:287)
	at org.junit.internal.runners.model.ReflectiveCallable.run(ReflectiveCallable.java:12)
	at org.springframework.test.context.junit4.SpringJUnit4ClassRunner.methodBlock(SpringJUnit4ClassRunner.java:289)
	at org.springframework.test.context.junit4.SpringJUnit4ClassRunner.runChild(SpringJUnit4ClassRunner.java:247)
	at org.springframework.test.context.junit4.SpringJUnit4ClassRunner.runChild(SpringJUnit4ClassRunner.java:94)
	at org.junit.runners.ParentRunner$3.run(ParentRunner.java:290)
	at org.junit.runners.ParentRunner$1.schedule(ParentRunner.java:71)
	at org.junit.runners.ParentRunner.runChildren(ParentRunner.java:288)
	at org.junit.runners.ParentRunner.access$000(ParentRunner.java:58)
	at org.junit.runners.ParentRunner$2.evaluate(ParentRunner.java:268)
	at org.springframework.test.context.junit4.statements.RunBeforeTestClassCallbacks.evaluate(RunBeforeTestClassCallbacks.java:61)
	at org.springframework.test.context.junit4.statements.RunAfterTestClassCallbacks.evaluate(RunAfterTestClassCallbacks.java:70)
	at org.junit.runners.ParentRunner.run(ParentRunner.java:363)
	at org.springframework.test.context.junit4.SpringJUnit4ClassRunner.run(SpringJUnit4ClassRunner.java:191)
	at org.apache.maven.surefire.junit4.JUnit4Provider.execute(JUnit4Provider.java:283)
	at org.apache.maven.surefire.junit4.JUnit4Provider.executeWithRerun(JUnit4Provider.java:173)
	at org.apache.maven.surefire.junit4.JUnit4Provider.executeTestSet(JUnit4Provider.java:153)
	at org.apache.maven.surefire.junit4.JUnit4Provider.invoke(JUnit4Provider.java:128)
	at org.apache.maven.surefire.booter.ForkedBooter.invokeProviderInSameClassLoader(ForkedBooter.java:203)
	at org.apache.maven.surefire.booter.ForkedBooter.runSuitesInProcess(ForkedBooter.java:155)
	at org.apache.maven.surefire.booter.ForkedBooter.main(ForkedBooter.java:103)
Caused by: java.lang.IllegalStateException: Failed to execute CommandLineRunner
	at org.springframework.boot.SpringApplication.callRunner(SpringApplication.java:735)
	at org.springframework.boot.SpringApplication.callRunners(SpringApplication.java:716)
	at org.springframework.boot.SpringApplication.afterRefresh(SpringApplication.java:703)
	at org.springframework.boot.SpringApplication.run(SpringApplication.java:304)
	at org.springframework.boot.test.context.SpringBootContextLoader.loadContext(SpringBootContextLoader.java:121)
	at org.springframework.test.context.cache.DefaultCacheAwareContextLoaderDelegate.loadContextInternal(DefaultCacheAwareContextLoaderDelegate.java:98)
	at org.springframework.test.context.cache.DefaultCacheAwareContextLoaderDelegate.loadContext(DefaultCacheAwareContextLoaderDelegate.java:116)
	... 26 common frames omitted
Caused by: com.paascloud.core.registry.exception.RegException: org.apache.zookeeper.KeeperException$OperationTimeoutException: KeeperErrorCode = OperationTimeout
	at com.paascloud.core.registry.exception.RegExceptionHandler.handleException(RegExceptionHandler.java:35)
	at com.paascloud.core.registry.zookeeper.ZookeeperRegistryCenter.init(ZookeeperRegistryCenter.java:105)
	at com.paascloud.core.registry.RegistryCenterFactory.createCoordinatorRegistryCenter(RegistryCenterFactory.java:44)
	at com.paascloud.core.registry.RegistryCenterFactory.startup(RegistryCenterFactory.java:57)
	at com.paascloud.core.config.ZookeeperInitRunner.run(ZookeeperInitRunner.java:50)
	at org.springframework.boot.SpringApplication.callRunner(SpringApplication.java:732)
	... 32 common frames omitted
Caused by: org.apache.zookeeper.KeeperException$OperationTimeoutException: KeeperErrorCode = OperationTimeout
	at com.paascloud.core.registry.zookeeper.ZookeeperRegistryCenter.init(ZookeeperRegistryCenter.java:99)
	... 36 common frames omitted

]]></system-out>
  </testcase>
  <testcase name="contextLoads" classname="com.paascloud.provider.UacMenuServiceTest" time="0.016">
    <error message="Failed to load ApplicationContext" type="java.lang.IllegalStateException">java.lang.IllegalStateException: Failed to load ApplicationContext
	at org.springframework.test.context.cache.DefaultCacheAwareContextLoaderDelegate.loadContext(DefaultCacheAwareContextLoaderDelegate.java:124)
	at org.springframework.test.context.support.DefaultTestContext.getApplicationContext(DefaultTestContext.java:83)
	at org.springframework.test.context.web.ServletTestExecutionListener.setUpRequestContextIfNecessary(ServletTestExecutionListener.java:189)
	at org.springframework.test.context.web.ServletTestExecutionListener.prepareTestInstance(ServletTestExecutionListener.java:131)
	at org.springframework.test.context.TestContextManager.prepareTestInstance(TestContextManager.java:230)
	at org.springframework.test.context.junit4.SpringJUnit4ClassRunner.createTest(SpringJUnit4ClassRunner.java:228)
	at org.springframework.test.context.junit4.SpringJUnit4ClassRunner$1.runReflectiveCall(SpringJUnit4ClassRunner.java:287)
	at org.junit.internal.runners.model.ReflectiveCallable.run(ReflectiveCallable.java:12)
	at org.springframework.test.context.junit4.SpringJUnit4ClassRunner.methodBlock(SpringJUnit4ClassRunner.java:289)
	at org.springframework.test.context.junit4.SpringJUnit4ClassRunner.runChild(SpringJUnit4ClassRunner.java:247)
	at org.springframework.test.context.junit4.SpringJUnit4ClassRunner.runChild(SpringJUnit4ClassRunner.java:94)
	at org.junit.runners.ParentRunner$3.run(ParentRunner.java:290)
	at org.junit.runners.ParentRunner$1.schedule(ParentRunner.java:71)
	at org.junit.runners.ParentRunner.runChildren(ParentRunner.java:288)
	at org.junit.runners.ParentRunner.access$000(ParentRunner.java:58)
	at org.junit.runners.ParentRunner$2.evaluate(ParentRunner.java:268)
	at org.springframework.test.context.junit4.statements.RunBeforeTestClassCallbacks.evaluate(RunBeforeTestClassCallbacks.java:61)
	at org.springframework.test.context.junit4.statements.RunAfterTestClassCallbacks.evaluate(RunAfterTestClassCallbacks.java:70)
	at org.junit.runners.ParentRunner.run(ParentRunner.java:363)
	at org.springframework.test.context.junit4.SpringJUnit4ClassRunner.run(SpringJUnit4ClassRunner.java:191)
	at org.apache.maven.surefire.junit4.JUnit4Provider.execute(JUnit4Provider.java:283)
	at org.apache.maven.surefire.junit4.JUnit4Provider.executeWithRerun(JUnit4Provider.java:173)
	at org.apache.maven.surefire.junit4.JUnit4Provider.executeTestSet(JUnit4Provider.java:153)
	at org.apache.maven.surefire.junit4.JUnit4Provider.invoke(JUnit4Provider.java:128)
	at org.apache.maven.surefire.booter.ForkedBooter.invokeProviderInSameClassLoader(ForkedBooter.java:203)
	at org.apache.maven.surefire.booter.ForkedBooter.runSuitesInProcess(ForkedBooter.java:155)
	at org.apache.maven.surefire.booter.ForkedBooter.main(ForkedBooter.java:103)
Caused by: java.lang.IllegalStateException: Failed to execute CommandLineRunner
	at org.springframework.boot.SpringApplication.callRunner(SpringApplication.java:735)
	at org.springframework.boot.SpringApplication.callRunners(SpringApplication.java:716)
	at org.springframework.boot.SpringApplication.afterRefresh(SpringApplication.java:703)
	at org.springframework.boot.SpringApplication.run(SpringApplication.java:304)
	at org.springframework.boot.test.context.SpringBootContextLoader.loadContext(SpringBootContextLoader.java:121)
	at org.springframework.test.context.cache.DefaultCacheAwareContextLoaderDelegate.loadContextInternal(DefaultCacheAwareContextLoaderDelegate.java:98)
	at org.springframework.test.context.cache.DefaultCacheAwareContextLoaderDelegate.loadContext(DefaultCacheAwareContextLoaderDelegate.java:116)
	at org.springframework.test.context.support.DefaultTestContext.getApplicationContext(DefaultTestContext.java:83)
	at org.springframework.test.context.web.ServletTestExecutionListener.setUpRequestContextIfNecessary(ServletTestExecutionListener.java:189)
	at org.springframework.test.context.web.ServletTestExecutionListener.prepareTestInstance(ServletTestExecutionListener.java:131)
	at org.springframework.test.context.TestContextManager.prepareTestInstance(TestContextManager.java:230)
	at org.springframework.test.context.junit4.SpringJUnit4ClassRunner.createTest(SpringJUnit4ClassRunner.java:228)
	at org.springframework.test.context.junit4.SpringJUnit4ClassRunner$1.runReflectiveCall(SpringJUnit4ClassRunner.java:287)
	at org.junit.internal.runners.model.ReflectiveCallable.run(ReflectiveCallable.java:12)
	at org.springframework.test.context.junit4.SpringJUnit4ClassRunner.methodBlock(SpringJUnit4ClassRunner.java:289)
	at org.springframework.test.context.junit4.SpringJUnit4ClassRunner.runChild(SpringJUnit4ClassRunner.java:247)
	at org.springframework.test.context.junit4.SpringJUnit4ClassRunner.runChild(SpringJUnit4ClassRunner.java:94)
	at org.junit.runners.ParentRunner$3.run(ParentRunner.java:290)
	at org.junit.runners.ParentRunner$1.schedule(ParentRunner.java:71)
	at org.junit.runners.ParentRunner.runChildren(ParentRunner.java:288)
	at org.junit.runners.ParentRunner.access$000(ParentRunner.java:58)
	at org.junit.runners.ParentRunner$2.evaluate(ParentRunner.java:268)
	at org.springframework.test.context.junit4.statements.RunBeforeTestClassCallbacks.evaluate(RunBeforeTestClassCallbacks.java:61)
	at org.springframework.test.context.junit4.statements.RunAfterTestClassCallbacks.evaluate(RunAfterTestClassCallbacks.java:70)
	at org.junit.runners.ParentRunner.run(ParentRunner.java:363)
	at org.springframework.test.context.junit4.SpringJUnit4ClassRunner.run(SpringJUnit4ClassRunner.java:191)
	at org.apache.maven.surefire.junit4.JUnit4Provider.execute(JUnit4Provider.java:283)
	at org.apache.maven.surefire.junit4.JUnit4Provider.executeWithRerun(JUnit4Provider.java:173)
	at org.apache.maven.surefire.junit4.JUnit4Provider.executeTestSet(JUnit4Provider.java:153)
	at org.apache.maven.surefire.junit4.JUnit4Provider.invoke(JUnit4Provider.java:128)
	at org.apache.maven.surefire.booter.ForkedBooter.invokeProviderInSameClassLoader(ForkedBooter.java:203)
	at org.apache.maven.surefire.booter.ForkedBooter.runSuitesInProcess(ForkedBooter.java:155)
	at org.apache.maven.surefire.booter.ForkedBooter.main(ForkedBooter.java:103)
Caused by: com.paascloud.core.registry.exception.RegException: org.apache.zookeeper.KeeperException$OperationTimeoutException: KeeperErrorCode = OperationTimeout
	at com.paascloud.core.registry.exception.RegExceptionHandler.handleException(RegExceptionHandler.java:35)
	at com.paascloud.core.registry.zookeeper.ZookeeperRegistryCenter.init(ZookeeperRegistryCenter.java:105)
	at com.paascloud.core.registry.RegistryCenterFactory.createCoordinatorRegistryCenter(RegistryCenterFactory.java:44)
	at com.paascloud.core.registry.RegistryCenterFactory.startup(RegistryCenterFactory.java:57)
	at com.paascloud.core.config.ZookeeperInitRunner.run(ZookeeperInitRunner.java:50)
	at org.springframework.boot.SpringApplication.callRunner(SpringApplication.java:732)
	at org.springframework.boot.SpringApplication.callRunners(SpringApplication.java:716)
	at org.springframework.boot.SpringApplication.afterRefresh(SpringApplication.java:703)
	at org.springframework.boot.SpringApplication.run(SpringApplication.java:304)
	at org.springframework.boot.test.context.SpringBootContextLoader.loadContext(SpringBootContextLoader.java:121)
	at org.springframework.test.context.cache.DefaultCacheAwareContextLoaderDelegate.loadContextInternal(DefaultCacheAwareContextLoaderDelegate.java:98)
	at org.springframework.test.context.cache.DefaultCacheAwareContextLoaderDelegate.loadContext(DefaultCacheAwareContextLoaderDelegate.java:116)
	at org.springframework.test.context.support.DefaultTestContext.getApplicationContext(DefaultTestContext.java:83)
	at org.springframework.test.context.web.ServletTestExecutionListener.setUpRequestContextIfNecessary(ServletTestExecutionListener.java:189)
	at org.springframework.test.context.web.ServletTestExecutionListener.prepareTestInstance(ServletTestExecutionListener.java:131)
	at org.springframework.test.context.TestContextManager.prepareTestInstance(TestContextManager.java:230)
	at org.springframework.test.context.junit4.SpringJUnit4ClassRunner.createTest(SpringJUnit4ClassRunner.java:228)
	at org.springframework.test.context.junit4.SpringJUnit4ClassRunner$1.runReflectiveCall(SpringJUnit4ClassRunner.java:287)
	at org.junit.internal.runners.model.ReflectiveCallable.run(ReflectiveCallable.java:12)
	at org.springframework.test.context.junit4.SpringJUnit4ClassRunner.methodBlock(SpringJUnit4ClassRunner.java:289)
	at org.springframework.test.context.junit4.SpringJUnit4ClassRunner.runChild(SpringJUnit4ClassRunner.java:247)
	at org.springframework.test.context.junit4.SpringJUnit4ClassRunner.runChild(SpringJUnit4ClassRunner.java:94)
	at org.junit.runners.ParentRunner$3.run(ParentRunner.java:290)
	at org.junit.runners.ParentRunner$1.schedule(ParentRunner.java:71)
	at org.junit.runners.ParentRunner.runChildren(ParentRunner.java:288)
	at org.junit.runners.ParentRunner.access$000(ParentRunner.java:58)
	at org.junit.runners.ParentRunner$2.evaluate(ParentRunner.java:268)
	at org.springframework.test.context.junit4.statements.RunBeforeTestClassCallbacks.evaluate(RunBeforeTestClassCallbacks.java:61)
	at org.springframework.test.context.junit4.statements.RunAfterTestClassCallbacks.evaluate(RunAfterTestClassCallbacks.java:70)
	at org.junit.runners.ParentRunner.run(ParentRunner.java:363)
	at org.springframework.test.context.junit4.SpringJUnit4ClassRunner.run(SpringJUnit4ClassRunner.java:191)
	at org.apache.maven.surefire.junit4.JUnit4Provider.execute(JUnit4Provider.java:283)
	at org.apache.maven.surefire.junit4.JUnit4Provider.executeWithRerun(JUnit4Provider.java:173)
	at org.apache.maven.surefire.junit4.JUnit4Provider.executeTestSet(JUnit4Provider.java:153)
	at org.apache.maven.surefire.junit4.JUnit4Provider.invoke(JUnit4Provider.java:128)
	at org.apache.maven.surefire.booter.ForkedBooter.invokeProviderInSameClassLoader(ForkedBooter.java:203)
	at org.apache.maven.surefire.booter.ForkedBooter.runSuitesInProcess(ForkedBooter.java:155)
	at org.apache.maven.surefire.booter.ForkedBooter.main(ForkedBooter.java:103)
Caused by: org.apache.zookeeper.KeeperException$OperationTimeoutException: KeeperErrorCode = OperationTimeout
	at com.paascloud.core.registry.zookeeper.ZookeeperRegistryCenter.init(ZookeeperRegistryCenter.java:99)
	at com.paascloud.core.registry.RegistryCenterFactory.createCoordinatorRegistryCenter(RegistryCenterFactory.java:44)
	at com.paascloud.core.registry.RegistryCenterFactory.startup(RegistryCenterFactory.java:57)
	at com.paascloud.core.config.ZookeeperInitRunner.run(ZookeeperInitRunner.java:50)
	at org.springframework.boot.SpringApplication.callRunner(SpringApplication.java:732)
	at org.springframework.boot.SpringApplication.callRunners(SpringApplication.java:716)
	at org.springframework.boot.SpringApplication.afterRefresh(SpringApplication.java:703)
	at org.springframework.boot.SpringApplication.run(SpringApplication.java:304)
	at org.springframework.boot.test.context.SpringBootContextLoader.loadContext(SpringBootContextLoader.java:121)
	at org.springframework.test.context.cache.DefaultCacheAwareContextLoaderDelegate.loadContextInternal(DefaultCacheAwareContextLoaderDelegate.java:98)
	at org.springframework.test.context.cache.DefaultCacheAwareContextLoaderDelegate.loadContext(DefaultCacheAwareContextLoaderDelegate.java:116)
	at org.springframework.test.context.support.DefaultTestContext.getApplicationContext(DefaultTestContext.java:83)
	at org.springframework.test.context.web.ServletTestExecutionListener.setUpRequestContextIfNecessary(ServletTestExecutionListener.java:189)
	at org.springframework.test.context.web.ServletTestExecutionListener.prepareTestInstance(ServletTestExecutionListener.java:131)
	at org.springframework.test.context.TestContextManager.prepareTestInstance(TestContextManager.java:230)
	at org.springframework.test.context.junit4.SpringJUnit4ClassRunner.createTest(SpringJUnit4ClassRunner.java:228)
	at org.springframework.test.context.junit4.SpringJUnit4ClassRunner$1.runReflectiveCall(SpringJUnit4ClassRunner.java:287)
	at org.junit.internal.runners.model.ReflectiveCallable.run(ReflectiveCallable.java:12)
	at org.springframework.test.context.junit4.SpringJUnit4ClassRunner.methodBlock(SpringJUnit4ClassRunner.java:289)
	at org.springframework.test.context.junit4.SpringJUnit4ClassRunner.runChild(SpringJUnit4ClassRunner.java:247)
	at org.springframework.test.context.junit4.SpringJUnit4ClassRunner.runChild(SpringJUnit4ClassRunner.java:94)
	at org.junit.runners.ParentRunner$3.run(ParentRunner.java:290)
	at org.junit.runners.ParentRunner$1.schedule(ParentRunner.java:71)
	at org.junit.runners.ParentRunner.runChildren(ParentRunner.java:288)
	at org.junit.runners.ParentRunner.access$000(ParentRunner.java:58)
	at org.junit.runners.ParentRunner$2.evaluate(ParentRunner.java:268)
	at org.springframework.test.context.junit4.statements.RunBeforeTestClassCallbacks.evaluate(RunBeforeTestClassCallbacks.java:61)
	at org.springframework.test.context.junit4.statements.RunAfterTestClassCallbacks.evaluate(RunAfterTestClassCallbacks.java:70)
	at org.junit.runners.ParentRunner.run(ParentRunner.java:363)
	at org.springframework.test.context.junit4.SpringJUnit4ClassRunner.run(SpringJUnit4ClassRunner.java:191)
	at org.apache.maven.surefire.junit4.JUnit4Provider.execute(JUnit4Provider.java:283)
	at org.apache.maven.surefire.junit4.JUnit4Provider.executeWithRerun(JUnit4Provider.java:173)
	at org.apache.maven.surefire.junit4.JUnit4Provider.executeTestSet(JUnit4Provider.java:153)
	at org.apache.maven.surefire.junit4.JUnit4Provider.invoke(JUnit4Provider.java:128)
	at org.apache.maven.surefire.booter.ForkedBooter.invokeProviderInSameClassLoader(ForkedBooter.java:203)
	at org.apache.maven.surefire.booter.ForkedBooter.runSuitesInProcess(ForkedBooter.java:155)
	at org.apache.maven.surefire.booter.ForkedBooter.main(ForkedBooter.java:103)
</error>
    <system-out><![CDATA[2019-02-27 22:49:42.042  INFO [bootstrap,,,] [bootstrap,,,,] 12788 --- [           main] s.c.a.AnnotationConfigApplicationContext : Refreshing org.springframework.context.annotation.AnnotationConfigApplicationContext@422ca9ec: startup date [Wed Feb 27 22:49:42 CST 2019]; root of context hierarchy
2019-02-27 22:49:42.097  INFO [bootstrap,,,] [bootstrap,,,,] 12788 --- [           main] f.a.AutowiredAnnotationBeanPostProcessor : JSR-330 'javax.inject.Inject' annotation found and supported for autowiring
2019-02-27 22:49:42.121  INFO [bootstrap,,,] [bootstrap,,,,] 12788 --- [           main] trationDelegate$BeanPostProcessorChecker : Bean 'org.springframework.retry.annotation.RetryConfiguration' of type [org.springframework.retry.annotation.RetryConfiguration$$EnhancerBySpringCGLIB$$f5bbee5f] is not eligible for getting processed by all BeanPostProcessors (for example: not eligible for auto-proxying)
2019-02-27 22:49:42.124  INFO [bootstrap,,,] [bootstrap,,,,] 12788 --- [           main] trationDelegate$BeanPostProcessorChecker : Bean 'configurationPropertiesRebinderAutoConfiguration' of type [org.springframework.cloud.autoconfigure.ConfigurationPropertiesRebinderAutoConfiguration$$EnhancerBySpringCGLIB$$1c125937] is not eligible for getting processed by all BeanPostProcessors (for example: not eligible for auto-proxying)
2019-02-27 22:49:43.419  INFO [bootstrap,,,] [bootstrap,,,,] 12788 --- [           main] o.s.cloud.commons.util.InetUtils         : Cannot determine local hostname
2019-02-27 22:49:43.435  INFO [bootstrap,,,] [bootstrap,,,,] 12788 --- [           main] o.s.c.n.eureka.InstanceInfoFactory       : Setting initial instance status as: STARTING
2019-02-27 22:49:43.462  INFO [bootstrap,,,] [bootstrap,,,,] 12788 --- [           main] com.netflix.discovery.DiscoveryClient    : Initializing Eureka in region us-east-1
2019-02-27 22:49:43.465  INFO [bootstrap,,,] [bootstrap,,,,] 12788 --- [           main] c.n.d.provider.DiscoveryJerseyProvider   : Using JSON encoding codec LegacyJacksonJson
2019-02-27 22:49:43.466  INFO [bootstrap,,,] [bootstrap,,,,] 12788 --- [           main] c.n.d.provider.DiscoveryJerseyProvider   : Using JSON decoding codec LegacyJacksonJson
2019-02-27 22:49:43.466  INFO [bootstrap,,,] [bootstrap,,,,] 12788 --- [           main] c.n.d.provider.DiscoveryJerseyProvider   : Using XML encoding codec XStreamXml
2019-02-27 22:49:43.466  INFO [bootstrap,,,] [bootstrap,,,,] 12788 --- [           main] c.n.d.provider.DiscoveryJerseyProvider   : Using XML decoding codec XStreamXml
2019-02-27 22:49:43.547  INFO [bootstrap,,,] [bootstrap,,,,] 12788 --- [           main] c.n.d.s.r.aws.ConfigClusterResolver      : Resolving eureka endpoints via configuration
2019-02-27 22:49:43.548  INFO [bootstrap,,,] [bootstrap,,,,] 12788 --- [           main] com.netflix.discovery.DiscoveryClient    : Disable delta property : false
2019-02-27 22:49:43.549  INFO [bootstrap,,,] [bootstrap,,,,] 12788 --- [           main] com.netflix.discovery.DiscoveryClient    : Single vip registry refresh property : null
2019-02-27 22:49:43.549  INFO [bootstrap,,,] [bootstrap,,,,] 12788 --- [           main] com.netflix.discovery.DiscoveryClient    : Force full registry fetch : false
2019-02-27 22:49:43.549  INFO [bootstrap,,,] [bootstrap,,,,] 12788 --- [           main] com.netflix.discovery.DiscoveryClient    : Application is null : false
2019-02-27 22:49:43.549  INFO [bootstrap,,,] [bootstrap,,,,] 12788 --- [           main] com.netflix.discovery.DiscoveryClient    : Registered Applications size is zero : true
2019-02-27 22:49:43.551  INFO [bootstrap,,,] [bootstrap,,,,] 12788 --- [           main] com.netflix.discovery.DiscoveryClient    : Application version is -1: true
2019-02-27 22:49:43.551  INFO [bootstrap,,,] [bootstrap,,,,] 12788 --- [           main] com.netflix.discovery.DiscoveryClient    : Getting all instance registry info from the eureka server
2019-02-27 22:49:43.604  INFO [bootstrap,,,] [bootstrap,,,,] 12788 --- [           main] com.netflix.discovery.DiscoveryClient    : The response status is 200
2019-02-27 22:49:43.605  INFO [bootstrap,,,] [bootstrap,,,,] 12788 --- [           main] com.netflix.discovery.DiscoveryClient    : Not registering with Eureka server per configuration
2019-02-27 22:49:43.606  INFO [bootstrap,,,] [bootstrap,,,,] 12788 --- [           main] com.netflix.discovery.DiscoveryClient    : Discovery Client initialized at timestamp 1551278983606 with initial instances count: 1

                                  .__                   .___                  __
___________  _____    ______ ____ |  |   ____  __ __  __| _/     ____   _____/  |_
\____ \__  \ \__  \  /  ___// ___\|  |  /  _ \|  |  \/ __ |     /    \_/ __ \   __\
|  |_> > __ \_/ __ \_\___ \\  \___|  |_(  <_> )  |  / /_/ |    |   |  \  ___/|  |
|   __(____  (____  /____  >\___  >____/\____/|____/\____ | /\ |___|  /\___  >__|
|__|       \/     \/     \/     \/ Powered by liuzhaoming\/ \/      \/     \/
2019-02-27 22:49:44.982  INFO [bootstrap,,,] [paascloud-provider-uac,,,,] 12788 --- [           main] c.c.c.ConfigServicePropertySourceLocator : Fetching config from server at: http://localhost:8080/
2019-02-27 22:49:51.561  INFO [bootstrap,,,] [paascloud-provider-uac,,,,] 12788 --- [           main] c.c.c.ConfigServicePropertySourceLocator : Located environment: name=paascloud-provider-uac, profiles=[dev], label=dev, version=fa6a348e2e1c8d5c2ff460509f7fa4deade889cf, state=null
2019-02-27 22:49:51.561  INFO [bootstrap,,,] [paascloud-provider-uac,,,,] 12788 --- [           main] b.c.PropertySourceBootstrapConfiguration : Located property source: CompositePropertySource [name='configService', propertySources=[MapPropertySource {name='configClient'}, MapPropertySource {name='https://github.com/l00251692/paascloud-config-repo.git/paascloud-provider-uac-dev.yml'}, MapPropertySource {name='https://github.com/l00251692/paascloud-config-repo.git/application-dev.yml'}]]
2019-02-27 22:49:51.589  INFO [bootstrap,,,] [paascloud-provider-uac,,,,] 12788 --- [           main] c.paascloud.provider.UacMenuServiceTest  : The following profiles are active: dev
2019-02-27 22:49:51.593  INFO [bootstrap,,,] [paascloud-provider-uac,,,,] 12788 --- [           main] o.s.w.c.s.GenericWebApplicationContext   : Refreshing org.springframework.web.context.support.GenericWebApplicationContext@4ccb9af4: startup date [Wed Feb 27 22:49:51 CST 2019]; parent: org.springframework.context.annotation.AnnotationConfigApplicationContext@422ca9ec
2019-02-27 22:49:53.128  INFO [bootstrap,,,] [paascloud-provider-uac,,,,] 12788 --- [           main] o.s.b.f.s.DefaultListableBeanFactory     : Overriding bean definition for bean 'smsCodeSender' with a different definition: replacing [Root bean: class [null]; scope=; abstract=false; lazyInit=false; autowireMode=3; dependencyCheck=0; autowireCandidate=true; primary=false; factoryBeanName=validateCodeBeanConfig; factoryMethodName=smsCodeSender; initMethodName=null; destroyMethodName=(inferred); defined in class path resource [com/paascloud/security/core/validate/code/ValidateCodeBeanConfig.class]] with [Root bean: class [null]; scope=; abstract=false; lazyInit=false; autowireMode=3; dependencyCheck=0; autowireCandidate=true; primary=false; factoryBeanName=paasCloudUacApplication; factoryMethodName=smsCodeSender; initMethodName=null; destroyMethodName=(inferred); defined in com.paascloud.PaasCloudUacApplication]
2019-02-27 22:49:53.496  INFO [bootstrap,,,] [paascloud-provider-uac,,,,] 12788 --- [           main] .s.d.r.c.RepositoryConfigurationDelegate : Multiple Spring Data modules found, entering strict repository configuration mode!
2019-02-27 22:49:53.896  INFO [bootstrap,,,] [paascloud-provider-uac,,,,] 12788 --- [           main] o.s.cloud.context.scope.GenericScope     : BeanFactory id=665041e3-b049-3f59-bb02-1c8381782c07
2019-02-27 22:49:53.933  INFO [bootstrap,,,] [paascloud-provider-uac,,,,] 12788 --- [           main] f.a.AutowiredAnnotationBeanPostProcessor : JSR-330 'javax.inject.Inject' annotation found and supported for autowiring
2019-02-27 22:49:53.978  INFO [bootstrap,,,] [paascloud-provider-uac,,,,] 12788 --- [           main] trationDelegate$BeanPostProcessorChecker : Bean 'paascloud-com.paascloud.config.properties.PaascloudProperties' of type [com.paascloud.config.properties.PaascloudProperties] is not eligible for getting processed by all BeanPostProcessors (for example: not eligible for auto-proxying)
2019-02-27 22:49:53.978  INFO [bootstrap,,,] [paascloud-provider-uac,,,,] 12788 --- [           main] trationDelegate$BeanPostProcessorChecker : Bean 'asyncTaskExecutorConfiguration' of type [com.paascloud.core.config.AsyncTaskExecutorConfiguration$$EnhancerBySpringCGLIB$$3ace86a7] is not eligible for getting processed by all BeanPostProcessors (for example: not eligible for auto-proxying)
2019-02-27 22:49:53.983  INFO [bootstrap,,,] [paascloud-provider-uac,,,,] 12788 --- [           main] o.s.s.concurrent.ThreadPoolTaskExecutor  : Initializing ExecutorService 
2019-02-27 22:49:53.983  INFO [bootstrap,,,] [paascloud-provider-uac,,,,] 12788 --- [           main] trationDelegate$BeanPostProcessorChecker : Bean 'taskExecutor' of type [com.paascloud.core.config.ExceptionHandlingAsyncTaskExecutor] is not eligible for getting processed by all BeanPostProcessors (for example: not eligible for auto-proxying)
2019-02-27 22:49:54.018  INFO [bootstrap,,,] [paascloud-provider-uac,,,,] 12788 --- [           main] trationDelegate$BeanPostProcessorChecker : Bean 'org.springframework.amqp.rabbit.annotation.RabbitBootstrapConfiguration' of type [org.springframework.amqp.rabbit.annotation.RabbitBootstrapConfiguration$$EnhancerBySpringCGLIB$$c6641468] is not eligible for getting processed by all BeanPostProcessors (for example: not eligible for auto-proxying)
2019-02-27 22:49:54.053  INFO [bootstrap,,,] [paascloud-provider-uac,,,,] 12788 --- [           main] trationDelegate$BeanPostProcessorChecker : Bean 'org.springframework.cloud.sleuth.annotation.SleuthAnnotationAutoConfiguration' of type [org.springframework.cloud.sleuth.annotation.SleuthAnnotationAutoConfiguration$$EnhancerBySpringCGLIB$$25d9c6c] is not eligible for getting processed by all BeanPostProcessors (for example: not eligible for auto-proxying)
2019-02-27 22:49:54.082  INFO [bootstrap,,,] [paascloud-provider-uac,,,,] 12788 --- [           main] trationDelegate$BeanPostProcessorChecker : Bean 'sleuthAdvisorConfig' of type [org.springframework.cloud.sleuth.annotation.SleuthAdvisorConfig] is not eligible for getting processed by all BeanPostProcessors (for example: not eligible for auto-proxying)
2019-02-27 22:49:54.090  INFO [bootstrap,,,] [paascloud-provider-uac,,,,] 12788 --- [           main] trationDelegate$BeanPostProcessorChecker : Bean 'org.springframework.transaction.annotation.ProxyTransactionManagementConfiguration' of type [org.springframework.transaction.annotation.ProxyTransactionManagementConfiguration$$EnhancerBySpringCGLIB$$fff8563a] is not eligible for getting processed by all BeanPostProcessors (for example: not eligible for auto-proxying)
2019-02-27 22:49:54.114  INFO [bootstrap,,,] [paascloud-provider-uac,,,,] 12788 --- [           main] trationDelegate$BeanPostProcessorChecker : Bean 'org.springframework.cache.annotation.ProxyCachingConfiguration' of type [org.springframework.cache.annotation.ProxyCachingConfiguration$$EnhancerBySpringCGLIB$$490a8c58] is not eligible for getting processed by all BeanPostProcessors (for example: not eligible for auto-proxying)
2019-02-27 22:49:54.165  INFO [bootstrap,,,] [paascloud-provider-uac,,,,] 12788 --- [           main] trationDelegate$BeanPostProcessorChecker : Bean 'security.oauth2.client-org.springframework.boot.autoconfigure.security.oauth2.OAuth2ClientProperties' of type [org.springframework.boot.autoconfigure.security.oauth2.OAuth2ClientProperties] is not eligible for getting processed by all BeanPostProcessors (for example: not eligible for auto-proxying)
2019-02-27 22:49:54.167  INFO [bootstrap,,,] [paascloud-provider-uac,,,,] 12788 --- [           main] trationDelegate$BeanPostProcessorChecker : Bean 'org.springframework.boot.autoconfigure.security.oauth2.OAuth2AutoConfiguration' of type [org.springframework.boot.autoconfigure.security.oauth2.OAuth2AutoConfiguration$$EnhancerBySpringCGLIB$$b742123a] is not eligible for getting processed by all BeanPostProcessors (for example: not eligible for auto-proxying)
2019-02-27 22:49:54.183  INFO [bootstrap,,,] [paascloud-provider-uac,,,,] 12788 --- [           main] trationDelegate$BeanPostProcessorChecker : Bean 'resourceServerProperties' of type [org.springframework.boot.autoconfigure.security.oauth2.resource.ResourceServerProperties] is not eligible for getting processed by all BeanPostProcessors (for example: not eligible for auto-proxying)
2019-02-27 22:49:54.190  INFO [bootstrap,,,] [paascloud-provider-uac,,,,] 12788 --- [           main] trationDelegate$BeanPostProcessorChecker : Bean 'org.springframework.cloud.netflix.metrics.MetricsInterceptorConfiguration$MetricsRestTemplateConfiguration' of type [org.springframework.cloud.netflix.metrics.MetricsInterceptorConfiguration$MetricsRestTemplateConfiguration$$EnhancerBySpringCGLIB$$3224fc7b] is not eligible for getting processed by all BeanPostProcessors (for example: not eligible for auto-proxying)
2019-02-27 22:49:54.203  INFO [bootstrap,,,] [paascloud-provider-uac,,,,] 12788 --- [           main] trationDelegate$BeanPostProcessorChecker : Bean 'org.springframework.cloud.autoconfigure.ConfigurationPropertiesRebinderAutoConfiguration' of type [org.springframework.cloud.autoconfigure.ConfigurationPropertiesRebinderAutoConfiguration$$EnhancerBySpringCGLIB$$1c125937] is not eligible for getting processed by all BeanPostProcessors (for example: not eligible for auto-proxying)
2019-02-27 22:49:54.211  INFO [bootstrap,,,] [paascloud-provider-uac,,,,] 12788 --- [           main] trationDelegate$BeanPostProcessorChecker : Bean 'org.springframework.cloud.sleuth.instrument.web.client.feign.TraceFeignClientAutoConfiguration$FeignBeanPostProcessorConfiguration' of type [org.springframework.cloud.sleuth.instrument.web.client.feign.TraceFeignClientAutoConfiguration$FeignBeanPostProcessorConfiguration$$EnhancerBySpringCGLIB$$3f8a2f00] is not eligible for getting processed by all BeanPostProcessors (for example: not eligible for auto-proxying)
2019-02-27 22:49:54.230  INFO [bootstrap,,,] [paascloud-provider-uac,,,,] 12788 --- [           main] trationDelegate$BeanPostProcessorChecker : Bean 'org.springframework.cloud.sleuth.instrument.async.AsyncDefaultAutoConfiguration' of type [org.springframework.cloud.sleuth.instrument.async.AsyncDefaultAutoConfiguration$$EnhancerBySpringCGLIB$$e7dc0259] is not eligible for getting processed by all BeanPostProcessors (for example: not eligible for auto-proxying)
2019-02-27 22:49:54.240  INFO [bootstrap,,,] [paascloud-provider-uac,,,,] 12788 --- [           main] trationDelegate$BeanPostProcessorChecker : Bean 'org.springframework.cloud.sleuth.instrument.web.client.TraceWebClientAutoConfiguration$TraceOAuthConfiguration' of type [org.springframework.cloud.sleuth.instrument.web.client.TraceWebClientAutoConfiguration$TraceOAuthConfiguration$$EnhancerBySpringCGLIB$$44f4e899] is not eligible for getting processed by all BeanPostProcessors (for example: not eligible for auto-proxying)
2019-02-27 22:49:54.249  INFO [bootstrap,,,] [paascloud-provider-uac,,,,] 12788 --- [           main] trationDelegate$BeanPostProcessorChecker : Bean 'org.springframework.cloud.sleuth.instrument.web.client.TraceWebClientAutoConfiguration' of type [org.springframework.cloud.sleuth.instrument.web.client.TraceWebClientAutoConfiguration$$EnhancerBySpringCGLIB$$ac8b21b9] is not eligible for getting processed by all BeanPostProcessors (for example: not eligible for auto-proxying)
2019-02-27 22:49:54.266  INFO [bootstrap,,,] [paascloud-provider-uac,,,,] 12788 --- [           main] trationDelegate$BeanPostProcessorChecker : Bean 'spring.sleuth-org.springframework.cloud.sleuth.autoconfig.SleuthProperties' of type [org.springframework.cloud.sleuth.autoconfig.SleuthProperties] is not eligible for getting processed by all BeanPostProcessors (for example: not eligible for auto-proxying)
2019-02-27 22:49:54.268  INFO [bootstrap,,,] [paascloud-provider-uac,,,,] 12788 --- [           main] trationDelegate$BeanPostProcessorChecker : Bean 'org.springframework.cloud.sleuth.autoconfig.TraceAutoConfiguration' of type [org.springframework.cloud.sleuth.autoconfig.TraceAutoConfiguration$$EnhancerBySpringCGLIB$$38f5734d] is not eligible for getting processed by all BeanPostProcessors (for example: not eligible for auto-proxying)
2019-02-27 22:49:54.286  INFO [bootstrap,,,] [paascloud-provider-uac,,,,] 12788 --- [           main] trationDelegate$BeanPostProcessorChecker : Bean 'defaultTraceSampler' of type [org.springframework.cloud.context.scope.GenericScope$LockedScopedProxyFactoryBean] is not eligible for getting processed by all BeanPostProcessors (for example: not eligible for auto-proxying)
2019-02-27 22:49:54.287  INFO [bootstrap,,,] [paascloud-provider-uac,,,,] 12788 --- [           main] trationDelegate$BeanPostProcessorChecker : Bean 'defaultTraceSampler' of type [com.sun.proxy.$Proxy173] is not eligible for getting processed by all BeanPostProcessors (for example: not eligible for auto-proxying)
2019-02-27 22:49:54.290  INFO [bootstrap,,,] [paascloud-provider-uac,,,,] 12788 --- [           main] trationDelegate$BeanPostProcessorChecker : Bean 'randomForSpanIds' of type [java.util.Random] is not eligible for getting processed by all BeanPostProcessors (for example: not eligible for auto-proxying)
2019-02-27 22:49:54.295  INFO [bootstrap,,,] [paascloud-provider-uac,,,,] 12788 --- [           main] trationDelegate$BeanPostProcessorChecker : Bean 'spanNamer' of type [org.springframework.cloud.sleuth.DefaultSpanNamer] is not eligible for getting processed by all BeanPostProcessors (for example: not eligible for auto-proxying)
2019-02-27 22:49:54.300  INFO [bootstrap,,,] [paascloud-provider-uac,,,,] 12788 --- [           main] trationDelegate$BeanPostProcessorChecker : Bean 'org.springframework.cloud.sleuth.log.SleuthLogAutoConfiguration$Slf4jConfiguration' of type [org.springframework.cloud.sleuth.log.SleuthLogAutoConfiguration$Slf4jConfiguration$$EnhancerBySpringCGLIB$$86607d1b] is not eligible for getting processed by all BeanPostProcessors (for example: not eligible for auto-proxying)
2019-02-27 22:49:54.308  INFO [bootstrap,,,] [paascloud-provider-uac,,,,] 12788 --- [           main] trationDelegate$BeanPostProcessorChecker : Bean 'spring.sleuth.log.slf4j-org.springframework.cloud.sleuth.log.SleuthSlf4jProperties' of type [org.springframework.cloud.sleuth.log.SleuthSlf4jProperties] is not eligible for getting processed by all BeanPostProcessors (for example: not eligible for auto-proxying)
2019-02-27 22:49:54.311  INFO [bootstrap,,,] [paascloud-provider-uac,,,,] 12788 --- [           main] trationDelegate$BeanPostProcessorChecker : Bean 'slf4jSpanLogger' of type [org.springframework.cloud.sleuth.log.Slf4jSpanLogger] is not eligible for getting processed by all BeanPostProcessors (for example: not eligible for auto-proxying)
2019-02-27 22:49:54.320  INFO [bootstrap,,,] [paascloud-provider-uac,,,,] 12788 --- [           main] trationDelegate$BeanPostProcessorChecker : Bean 'defaultSpanAdjuster' of type [org.springframework.cloud.sleuth.NoOpSpanAdjuster] is not eligible for getting processed by all BeanPostProcessors (for example: not eligible for auto-proxying)
2019-02-27 22:49:54.321  INFO [bootstrap,,,] [paascloud-provider-uac,,,,] 12788 --- [           main] trationDelegate$BeanPostProcessorChecker : Bean 'org.springframework.cloud.sleuth.zipkin2.ZipkinAutoConfiguration' of type [org.springframework.cloud.sleuth.zipkin2.ZipkinAutoConfiguration$$EnhancerBySpringCGLIB$$730dc13b] is not eligible for getting processed by all BeanPostProcessors (for example: not eligible for auto-proxying)
2019-02-27 22:49:54.332  INFO [bootstrap,,,] [paascloud-provider-uac,,,,] 12788 --- [           main] trationDelegate$BeanPostProcessorChecker : Bean 'org.springframework.cloud.sleuth.metric.TraceMetricsAutoConfiguration$CounterServiceSpanReporterConfig' of type [org.springframework.cloud.sleuth.metric.TraceMetricsAutoConfiguration$CounterServiceSpanReporterConfig$$EnhancerBySpringCGLIB$$b2242e8d] is not eligible for getting processed by all BeanPostProcessors (for example: not eligible for auto-proxying)
2019-02-27 22:49:54.341  INFO [bootstrap,,,] [paascloud-provider-uac,,,,] 12788 --- [           main] trationDelegate$BeanPostProcessorChecker : Bean 'org.springframework.cloud.netflix.metrics.servo.ServoMetricsAutoConfiguration' of type [org.springframework.cloud.netflix.metrics.servo.ServoMetricsAutoConfiguration$$EnhancerBySpringCGLIB$$f67964e0] is not eligible for getting processed by all BeanPostProcessors (for example: not eligible for auto-proxying)
2019-02-27 22:49:54.356  INFO [bootstrap,,,] [paascloud-provider-uac,,,,] 12788 --- [           main] trationDelegate$BeanPostProcessorChecker : Bean 'servoMetricsConfig' of type [org.springframework.cloud.netflix.metrics.servo.ServoMetricsConfigBean] is not eligible for getting processed by all BeanPostProcessors (for example: not eligible for auto-proxying)
2019-02-27 22:49:54.358  INFO [bootstrap,,,] [paascloud-provider-uac,,,,] 12788 --- [           main] trationDelegate$BeanPostProcessorChecker : Bean 'monitorRegistry' of type [com.netflix.servo.DefaultMonitorRegistry] is not eligible for getting processed by all BeanPostProcessors (for example: not eligible for auto-proxying)
2019-02-27 22:49:54.363  INFO [bootstrap,,,] [paascloud-provider-uac,,,,] 12788 --- [           main] trationDelegate$BeanPostProcessorChecker : Bean 'servoMetricServices' of type [org.springframework.cloud.netflix.metrics.servo.ServoMetricServices] is not eligible for getting processed by all BeanPostProcessors (for example: not eligible for auto-proxying)
2019-02-27 22:49:54.368  INFO [bootstrap,,,] [paascloud-provider-uac,,,,] 12788 --- [           main] trationDelegate$BeanPostProcessorChecker : Bean 'org.springframework.cloud.sleuth.metric.TraceMetricsAutoConfiguration' of type [org.springframework.cloud.sleuth.metric.TraceMetricsAutoConfiguration$$EnhancerBySpringCGLIB$$2682621b] is not eligible for getting processed by all BeanPostProcessors (for example: not eligible for auto-proxying)
2019-02-27 22:49:54.374  INFO [bootstrap,,,] [paascloud-provider-uac,,,,] 12788 --- [           main] trationDelegate$BeanPostProcessorChecker : Bean 'sleuthMetricProperties' of type [org.springframework.cloud.sleuth.metric.SleuthMetricProperties] is not eligible for getting processed by all BeanPostProcessors (for example: not eligible for auto-proxying)
2019-02-27 22:49:54.376  INFO [bootstrap,,,] [paascloud-provider-uac,,,,] 12788 --- [           main] trationDelegate$BeanPostProcessorChecker : Bean 'spanReporterCounterService' of type [org.springframework.cloud.sleuth.metric.CounterServiceBasedSpanMetricReporter] is not eligible for getting processed by all BeanPostProcessors (for example: not eligible for auto-proxying)
2019-02-27 22:49:54.385  INFO [bootstrap,,,] [paascloud-provider-uac,,,,] 12788 --- [           main] trationDelegate$BeanPostProcessorChecker : Bean 'spring.zipkin-org.springframework.cloud.sleuth.zipkin2.ZipkinProperties' of type [org.springframework.cloud.sleuth.zipkin2.ZipkinProperties] is not eligible for getting processed by all BeanPostProcessors (for example: not eligible for auto-proxying)
2019-02-27 22:49:54.391  INFO [bootstrap,,,] [paascloud-provider-uac,,,,] 12788 --- [           main] trationDelegate$BeanPostProcessorChecker : Bean 'org.springframework.cloud.sleuth.zipkin2.sender.ZipkinRabbitSenderConfiguration' of type [org.springframework.cloud.sleuth.zipkin2.sender.ZipkinRabbitSenderConfiguration$$EnhancerBySpringCGLIB$$b4dd859a] is not eligible for getting processed by all BeanPostProcessors (for example: not eligible for auto-proxying)
2019-02-27 22:49:54.397  INFO [bootstrap,,,] [paascloud-provider-uac,,,,] 12788 --- [           main] trationDelegate$BeanPostProcessorChecker : Bean 'org.springframework.boot.autoconfigure.amqp.RabbitAutoConfiguration$RabbitConnectionFactoryCreator' of type [org.springframework.boot.autoconfigure.amqp.RabbitAutoConfiguration$RabbitConnectionFactoryCreator$$EnhancerBySpringCGLIB$$88e2cc47] is not eligible for getting processed by all BeanPostProcessors (for example: not eligible for auto-proxying)
2019-02-27 22:49:54.411  INFO [bootstrap,,,] [paascloud-provider-uac,,,,] 12788 --- [           main] trationDelegate$BeanPostProcessorChecker : Bean 'spring.rabbitmq-org.springframework.boot.autoconfigure.amqp.RabbitProperties' of type [org.springframework.boot.autoconfigure.amqp.RabbitProperties] is not eligible for getting processed by all BeanPostProcessors (for example: not eligible for auto-proxying)
2019-02-27 22:49:54.420  INFO [bootstrap,,,] [paascloud-provider-uac,,,,] 12788 --- [           main] trationDelegate$BeanPostProcessorChecker : Bean 'rabbitConnectionFactory' of type [org.springframework.amqp.rabbit.connection.CachingConnectionFactory] is not eligible for getting processed by all BeanPostProcessors (for example: not eligible for auto-proxying)
2019-02-27 22:49:54.438  INFO [bootstrap,,,] [paascloud-provider-uac,,,,] 12788 --- [           main] trationDelegate$BeanPostProcessorChecker : Bean 'rabbitSender' of type [zipkin2.reporter.amqp.AutoValue_RabbitMQSender] is not eligible for getting processed by all BeanPostProcessors (for example: not eligible for auto-proxying)
2019-02-27 22:49:54.455  INFO [bootstrap,,,] [paascloud-provider-uac,,,,] 12788 --- [           main] trationDelegate$BeanPostProcessorChecker : Bean 'reporter' of type [zipkin2.reporter.AsyncReporter$BoundedAsyncReporter] is not eligible for getting processed by all BeanPostProcessors (for example: not eligible for auto-proxying)
2019-02-27 22:49:54.467  INFO [bootstrap,,,] [paascloud-provider-uac,,,,] 12788 --- [           main] trationDelegate$BeanPostProcessorChecker : Bean 'org.springframework.boot.autoconfigure.web.ServerPropertiesAutoConfiguration' of type [org.springframework.boot.autoconfigure.web.ServerPropertiesAutoConfiguration$$EnhancerBySpringCGLIB$$b64dd20a] is not eligible for getting processed by all BeanPostProcessors (for example: not eligible for auto-proxying)
2019-02-27 22:49:54.478  INFO [bootstrap,,,] [paascloud-provider-uac,,,,] 12788 --- [           main] trationDelegate$BeanPostProcessorChecker : Bean 'serverProperties' of type [org.springframework.boot.autoconfigure.web.ServerProperties] is not eligible for getting processed by all BeanPostProcessors (for example: not eligible for auto-proxying)
2019-02-27 22:49:54.489  INFO [bootstrap,,,] [paascloud-provider-uac,,,,] 12788 --- [           main] trationDelegate$BeanPostProcessorChecker : Bean 'org.springframework.cloud.sleuth.zipkin2.ZipkinAutoConfiguration$DefaultEndpointLocatorConfiguration' of type [org.springframework.cloud.sleuth.zipkin2.ZipkinAutoConfiguration$DefaultEndpointLocatorConfiguration$$EnhancerBySpringCGLIB$$52b708cd] is not eligible for getting processed by all BeanPostProcessors (for example: not eligible for auto-proxying)
2019-02-27 22:49:54.742  INFO [bootstrap,,,] [paascloud-provider-uac,,,,] 12788 --- [           main] trationDelegate$BeanPostProcessorChecker : Bean 'zipkinEndpointLocator' of type [org.springframework.cloud.sleuth.zipkin2.DefaultEndpointLocator] is not eligible for getting processed by all BeanPostProcessors (for example: not eligible for auto-proxying)
2019-02-27 22:49:54.747  INFO [bootstrap,,,] [paascloud-provider-uac,,,,] 12788 --- [           main] trationDelegate$BeanPostProcessorChecker : Bean 'zipkinSpanListener' of type [org.springframework.cloud.sleuth.zipkin2.ZipkinSpanReporter] is not eligible for getting processed by all BeanPostProcessors (for example: not eligible for auto-proxying)
2019-02-27 22:49:54.754  INFO [bootstrap,,,] [paascloud-provider-uac,,,,] 12788 --- [           main] trationDelegate$BeanPostProcessorChecker : Bean 'spring.sleuth.keys-org.springframework.cloud.sleuth.TraceKeys' of type [org.springframework.cloud.sleuth.TraceKeys] is not eligible for getting processed by all BeanPostProcessors (for example: not eligible for auto-proxying)
2019-02-27 22:49:54.759  INFO [bootstrap,,,] [paascloud-provider-uac,,,,] 12788 --- [           main] trationDelegate$BeanPostProcessorChecker : Bean 'sleuthTracer' of type [org.springframework.cloud.sleuth.trace.DefaultTracer] is not eligible for getting processed by all BeanPostProcessors (for example: not eligible for auto-proxying)
2019-02-27 22:49:54.766  INFO [bootstrap,,,] [paascloud-provider-uac,,,,] 12788 --- [           main] trationDelegate$BeanPostProcessorChecker : Bean 'org.springframework.cloud.sleuth.instrument.web.TraceHttpAutoConfiguration' of type [org.springframework.cloud.sleuth.instrument.web.TraceHttpAutoConfiguration$$EnhancerBySpringCGLIB$$e6765f89] is not eligible for getting processed by all BeanPostProcessors (for example: not eligible for auto-proxying)
2019-02-27 22:49:54.772  INFO [bootstrap,,,] [paascloud-provider-uac,,,,] 12788 --- [           main] trationDelegate$BeanPostProcessorChecker : Bean 'httpSpanInjector' of type [org.springframework.cloud.sleuth.instrument.web.ZipkinHttpSpanInjector] is not eligible for getting processed by all BeanPostProcessors (for example: not eligible for auto-proxying)
2019-02-27 22:49:54.781  INFO [bootstrap,,,] [paascloud-provider-uac,,,,] 12788 --- [           main] trationDelegate$BeanPostProcessorChecker : Bean 'httpTraceKeysInjector' of type [org.springframework.cloud.sleuth.instrument.web.HttpTraceKeysInjector] is not eligible for getting processed by all BeanPostProcessors (for example: not eligible for auto-proxying)
2019-02-27 22:49:54.786  INFO [bootstrap,,,] [paascloud-provider-uac,,,,] 12788 --- [           main] trationDelegate$BeanPostProcessorChecker : Bean 'defaultErrorParser' of type [org.springframework.cloud.sleuth.ExceptionMessageErrorParser] is not eligible for getting processed by all BeanPostProcessors (for example: not eligible for auto-proxying)
2019-02-27 22:49:54.788  INFO [bootstrap,,,] [paascloud-provider-uac,,,,] 12788 --- [           main] trationDelegate$BeanPostProcessorChecker : Bean 'traceRestTemplateInterceptor' of type [org.springframework.cloud.sleuth.instrument.web.client.TraceRestTemplateInterceptor] is not eligible for getting processed by all BeanPostProcessors (for example: not eligible for auto-proxying)
2019-02-27 22:49:54.791  INFO [bootstrap,,,] [paascloud-provider-uac,,,,] 12788 --- [           main] trationDelegate$BeanPostProcessorChecker : Bean 'org.springframework.cloud.sleuth.instrument.web.client.TraceWebClientAutoConfiguration$TraceInterceptorConfiguration' of type [org.springframework.cloud.sleuth.instrument.web.client.TraceWebClientAutoConfiguration$TraceInterceptorConfiguration$$EnhancerBySpringCGLIB$$aa6867eb] is not eligible for getting processed by all BeanPostProcessors (for example: not eligible for auto-proxying)
2019-02-27 22:49:54.869  INFO [bootstrap,,,] [paascloud-provider-uac,,,,] 12788 --- [           main] c.p.core.interceptor.SqlLogInterceptor   : [鎵撳嵃SQL鎷︽埅鍣ㄥ垱寤篯noticeTime=5.0绉�
2019-02-27 22:49:55.493  INFO [bootstrap,,,] [paascloud-provider-uac,,,,] 12788 --- [           main] s.c.a.AnnotationConfigApplicationContext : Refreshing org.springframework.context.annotation.AnnotationConfigApplicationContext@31e36b7: startup date [Wed Feb 27 22:49:55 CST 2019]; parent: org.springframework.web.context.support.GenericWebApplicationContext@4ccb9af4
2019-02-27 22:49:55.501  INFO [bootstrap,,,] [paascloud-provider-uac,,,,] 12788 --- [           main] f.a.AutowiredAnnotationBeanPostProcessor : JSR-330 'javax.inject.Inject' annotation found and supported for autowiring
2019-02-27 22:49:55.981  INFO [bootstrap,,,] [paascloud-provider-uac,,,,] 12788 --- [           main] o.s.b.t.m.w.SpringBootMockServletContext : jolokia: No access restrictor found, access to any MBean is allowed
2019-02-27 22:49:56.747  INFO [bootstrap,,,] [paascloud-provider-uac,,,,] 12788 --- [           main] o.s.w.s.v.f.FreeMarkerConfigurer         : ClassTemplateLoader for Spring macros added to FreeMarker configuration
2019-02-27 22:49:57.041  INFO [bootstrap,,,] [paascloud-provider-uac,,,,] 12788 --- [           main] s.c.a.AnnotationConfigApplicationContext : Refreshing org.springframework.context.annotation.AnnotationConfigApplicationContext@31419990: startup date [Wed Feb 27 22:49:57 CST 2019]; parent: org.springframework.web.context.support.GenericWebApplicationContext@4ccb9af4
2019-02-27 22:49:57.063  INFO [bootstrap,,,] [paascloud-provider-uac,,,,] 12788 --- [           main] f.a.AutowiredAnnotationBeanPostProcessor : JSR-330 'javax.inject.Inject' annotation found and supported for autowiring
2019-02-27 22:49:57.306  WARN [bootstrap,,,] [paascloud-provider-uac,,,,] 12788 --- [           main] o.s.s.o.p.t.s.JwtAccessTokenConverter    : Unable to create an RSA verifier from verifierKey (ignoreable if using MAC)
2019-02-27 22:49:57.563  INFO [bootstrap,,,] [paascloud-provider-uac,,,,] 12788 --- [           main] s.c.a.AnnotationConfigApplicationContext : Refreshing org.springframework.context.annotation.AnnotationConfigApplicationContext@62f9e228: startup date [Wed Feb 27 22:49:57 CST 2019]; parent: org.springframework.web.context.support.GenericWebApplicationContext@4ccb9af4
2019-02-27 22:49:57.575  INFO [bootstrap,,,] [paascloud-provider-uac,,,,] 12788 --- [           main] f.a.AutowiredAnnotationBeanPostProcessor : JSR-330 'javax.inject.Inject' annotation found and supported for autowiring
2019-02-27 22:49:57.799  INFO [bootstrap,,,] [paascloud-provider-uac,,,,] 12788 --- [           main] s.c.a.AnnotationConfigApplicationContext : Refreshing org.springframework.context.annotation.AnnotationConfigApplicationContext@553f50d4: startup date [Wed Feb 27 22:49:57 CST 2019]; parent: org.springframework.web.context.support.GenericWebApplicationContext@4ccb9af4
2019-02-27 22:49:57.810  INFO [bootstrap,,,] [paascloud-provider-uac,,,,] 12788 --- [           main] f.a.AutowiredAnnotationBeanPostProcessor : JSR-330 'javax.inject.Inject' annotation found and supported for autowiring
2019-02-27 22:49:58.558  INFO [bootstrap,,,] [paascloud-provider-uac,,,,] 12788 --- [           main] s.w.s.m.m.a.RequestMappingHandlerMapping : Mapped "{[/auth/activeUser/{activeUserToken}],methods=[GET]}" onto public com.paascloud.wrapper.Wrapper com.paascloud.provider.web.admin.AuthRestController.activeUser(java.lang.String)
2019-02-27 22:49:58.559  INFO [bootstrap,,,] [paascloud-provider-uac,,,,] 12788 --- [           main] s.w.s.m.m.a.RequestMappingHandlerMapping : Mapped "{[/auth/submitResetPwdPhone],methods=[POST]}" onto public com.paascloud.wrapper.Wrapper<java.lang.String> com.paascloud.provider.web.admin.AuthRestController.submitResetPwdPhone(java.lang.String,javax.servlet.http.HttpServletResponse)
2019-02-27 22:49:58.559  INFO [bootstrap,,,] [paascloud-provider-uac,,,,] 12788 --- [           main] s.w.s.m.m.a.RequestMappingHandlerMapping : Mapped "{[/auth/submitResetPwdEmail],methods=[POST]}" onto public com.paascloud.wrapper.Wrapper<java.lang.String> com.paascloud.provider.web.admin.AuthRestController.submitResetPwdEmail(java.lang.String)
2019-02-27 22:49:58.560  INFO [bootstrap,,,] [paascloud-provider-uac,,,,] 12788 --- [           main] s.w.s.m.m.a.RequestMappingHandlerMapping : Mapped "{[/auth/resetLoginPwd],methods=[POST]}" onto public com.paascloud.wrapper.Wrapper<java.lang.Boolean> com.paascloud.provider.web.admin.AuthRestController.checkResetSmsCode(com.paascloud.provider.model.dto.user.ResetLoginPwdDto)
2019-02-27 22:49:58.560  INFO [bootstrap,,,] [paascloud-provider-uac,,,,] 12788 --- [           main] s.w.s.m.m.a.RequestMappingHandlerMapping : Mapped "{[/auth/saveLog],methods=[POST]}" onto public java.lang.Integer com.paascloud.provider.web.admin.AuthRestController.saveLog(com.paascloud.core.annotation.OperationLogDto)
2019-02-27 22:49:58.560  INFO [bootstrap,,,] [paascloud-provider-uac,,,,] 12788 --- [           main] s.w.s.m.m.a.RequestMappingHandlerMapping : Mapped "{[/auth/callback/qq],methods=[POST]}" onto public void com.paascloud.provider.web.admin.AuthRestController.callbackQQ(javax.servlet.http.HttpServletRequest)
2019-02-27 22:49:58.560  INFO [bootstrap,,,] [paascloud-provider-uac,,,,] 12788 --- [           main] s.w.s.m.m.a.RequestMappingHandlerMapping : Mapped "{[/auth/register],methods=[POST]}" onto public com.paascloud.wrapper.Wrapper com.paascloud.provider.web.admin.AuthRestController.registerUser(com.paascloud.provider.model.dto.user.UserRegisterDto)
2019-02-27 22:49:58.560  INFO [bootstrap,,,] [paascloud-provider-uac,,,,] 12788 --- [           main] s.w.s.m.m.a.RequestMappingHandlerMapping : Mapped "{[/auth/checkPhoneActive/{mobileNo}],methods=[POST]}" onto public com.paascloud.wrapper.Wrapper<java.lang.Boolean> com.paascloud.provider.web.admin.AuthRestController.checkPhoneActive(java.lang.String)
2019-02-27 22:49:58.560  INFO [bootstrap,,,] [paascloud-provider-uac,,,,] 12788 --- [           main] s.w.s.m.m.a.RequestMappingHandlerMapping : Mapped "{[/auth/checkValid],methods=[POST]}" onto public com.paascloud.wrapper.Wrapper com.paascloud.provider.web.admin.AuthRestController.checkValid(com.paascloud.base.dto.CheckValidDto)
2019-02-27 22:49:58.561  INFO [bootstrap,,,] [paascloud-provider-uac,,,,] 12788 --- [           main] s.w.s.m.m.a.RequestMappingHandlerMapping : Mapped "{[/auth/checkEmailActive/{email:.+}],methods=[POST]}" onto public com.paascloud.wrapper.Wrapper<java.lang.Boolean> com.paascloud.provider.web.admin.AuthRestController.checkEmailActive(java.lang.String)
2019-02-27 22:49:58.561  INFO [bootstrap,,,] [paascloud-provider-uac,,,,] 12788 --- [           main] s.w.s.m.m.a.RequestMappingHandlerMapping : Mapped "{[/action/checkActionCode],methods=[POST],produces=[application/json;charset=UTF-8]}" onto public com.paascloud.wrapper.Wrapper<java.lang.Boolean> com.paascloud.provider.web.admin.UacActionCommonController.checkActionCode(com.paascloud.provider.model.dto.action.UacActionCheckCodeDto)
2019-02-27 22:49:58.562  INFO [bootstrap,,,] [paascloud-provider-uac,,,,] 12788 --- [           main] s.w.s.m.m.a.RequestMappingHandlerMapping : Mapped "{[/action/checkUrl],methods=[POST],produces=[application/json;charset=UTF-8]}" onto public com.paascloud.wrapper.Wrapper<java.lang.Boolean> com.paascloud.provider.web.admin.UacActionCommonController.checkActionUrl(com.paascloud.provider.model.dto.action.UacActionCheckUrlDto)
2019-02-27 22:49:58.563  INFO [bootstrap,,,] [paascloud-provider-uac,,,,] 12788 --- [           main] s.w.s.m.m.a.RequestMappingHandlerMapping : Mapped "{[/action/save],methods=[POST],produces=[application/json;charset=UTF-8]}" onto public com.paascloud.wrapper.Wrapper com.paascloud.provider.web.admin.UacActionMainController.save(com.paascloud.provider.model.domain.UacAction)
2019-02-27 22:49:58.563  INFO [bootstrap,,,] [paascloud-provider-uac,,,,] 12788 --- [           main] s.w.s.m.m.a.RequestMappingHandlerMapping : Mapped "{[/action/batchDeleteByIdList],methods=[POST],produces=[application/json;charset=UTF-8]}" onto public com.paascloud.wrapper.Wrapper com.paascloud.provider.web.admin.UacActionMainController.batchDeleteByIdList(java.util.List<java.lang.Long>)
2019-02-27 22:49:58.564  INFO [bootstrap,,,] [paascloud-provider-uac,,,,] 12788 --- [           main] s.w.s.m.m.a.RequestMappingHandlerMapping : Mapped "{[/action/modifyStatus],methods=[POST],produces=[application/json;charset=UTF-8]}" onto public com.paascloud.wrapper.Wrapper com.paascloud.provider.web.admin.UacActionMainController.modifyActionStatus(com.paascloud.provider.model.dto.base.ModifyStatusDto)
2019-02-27 22:49:58.564  INFO [bootstrap,,,] [paascloud-provider-uac,,,,] 12788 --- [           main] s.w.s.m.m.a.RequestMappingHandlerMapping : Mapped "{[/action/queryListWithPage],methods=[POST],produces=[application/json;charset=UTF-8]}" onto public com.paascloud.wrapper.Wrapper com.paascloud.provider.web.admin.UacActionMainController.queryUacActionListWithPage(com.paascloud.provider.model.dto.action.ActionMainQueryDto)
2019-02-27 22:49:58.564  INFO [bootstrap,,,] [paascloud-provider-uac,,,,] 12788 --- [           main] s.w.s.m.m.a.RequestMappingHandlerMapping : Mapped "{[/action/deleteActionById/{id}],methods=[POST],produces=[application/json;charset=UTF-8]}" onto public com.paascloud.wrapper.Wrapper com.paascloud.provider.web.admin.UacActionMainController.deleteUacActionById(java.lang.Long)
2019-02-27 22:49:58.565  INFO [bootstrap,,,] [paascloud-provider-uac,,,,] 12788 --- [           main] s.w.s.m.m.a.RequestMappingHandlerMapping : Mapped "{[/role/bindMenu],methods=[POST],produces=[application/json;charset=UTF-8]}" onto public com.paascloud.wrapper.Wrapper com.paascloud.provider.web.admin.UacGrantAuth4RoleController.bindMenu(com.paascloud.provider.model.dto.role.RoleBindMenuDto)
2019-02-27 22:49:58.566  INFO [bootstrap,,,] [paascloud-provider-uac,,,,] 12788 --- [           main] s.w.s.m.m.a.RequestMappingHandlerMapping : Mapped "{[/role/bindAction],methods=[POST],produces=[application/json;charset=UTF-8]}" onto public com.paascloud.wrapper.Wrapper com.paascloud.provider.web.admin.UacGrantAuth4RoleController.bindAction(com.paascloud.provider.model.dto.role.RoleBindActionDto)
2019-02-27 22:49:58.567  INFO [bootstrap,,,] [paascloud-provider-uac,,,,] 12788 --- [           main] s.w.s.m.m.a.RequestMappingHandlerMapping : Mapped "{[/group/bindUser],methods=[POST],produces=[application/json;charset=UTF-8]}" onto public com.paascloud.wrapper.Wrapper com.paascloud.provider.web.admin.UacGroupBindUserController.bindUser4Role(com.paascloud.provider.model.dto.group.GroupBindUserReqDto)
2019-02-27 22:49:58.567  INFO [bootstrap,,,] [paascloud-provider-uac,,,,] 12788 --- [           main] s.w.s.m.m.a.RequestMappingHandlerMapping : Mapped "{[/group/getBindUser/{groupId}],methods=[POST],produces=[application/json;charset=UTF-8]}" onto public com.paascloud.wrapper.Wrapper<com.paascloud.provider.model.dto.group.GroupBindUserDto> com.paascloud.provider.web.admin.UacGroupBindUserController.getGroupBindUserPageInfo(java.lang.Long)
2019-02-27 22:49:58.569  INFO [bootstrap,,,] [paascloud-provider-uac,,,,] 12788 --- [           main] s.w.s.m.m.a.RequestMappingHandlerMapping : Mapped "{[/group/checkGroupName],methods=[POST],produces=[application/json;charset=UTF-8]}" onto public com.paascloud.wrapper.Wrapper<java.lang.Boolean> com.paascloud.provider.web.admin.UacGroupCommonController.checkGroupName(com.paascloud.provider.model.dto.group.CheckGroupNameDto)
2019-02-27 22:49:58.570  INFO [bootstrap,,,] [paascloud-provider-uac,,,,] 12788 --- [           main] s.w.s.m.m.a.RequestMappingHandlerMapping : Mapped "{[/group/checkGroupCode],methods=[POST],produces=[application/json;charset=UTF-8]}" onto public com.paascloud.wrapper.Wrapper<java.lang.Boolean> com.paascloud.provider.web.admin.UacGroupCommonController.checkGroupCode(com.paascloud.provider.model.dto.group.CheckGroupCodeDto)
2019-02-27 22:49:58.570  INFO [bootstrap,,,] [paascloud-provider-uac,,,,] 12788 --- [           main] s.w.s.m.m.a.RequestMappingHandlerMapping : Mapped "{[/group/queryGroupType],methods=[POST],produces=[application/json;charset=UTF-8]}" onto public com.paascloud.wrapper.Wrapper<java.util.List<java.util.Map<java.lang.String, java.lang.String>>> com.paascloud.provider.web.admin.UacGroupCommonController.queryGroupType()
2019-02-27 22:49:58.570  INFO [bootstrap,,,] [paascloud-provider-uac,,,,] 12788 --- [           main] s.w.s.m.m.a.RequestMappingHandlerMapping : Mapped "{[/group/getGroupTree],methods=[POST],produces=[application/json;charset=UTF-8]}" onto public com.paascloud.wrapper.Wrapper<java.util.List<com.paascloud.provider.model.vo.GroupZtreeVo>> com.paascloud.provider.web.admin.UacGroupCommonController.getGroupTreeById()
2019-02-27 22:49:58.570  INFO [bootstrap,,,] [paascloud-provider-uac,,,,] 12788 --- [           main] s.w.s.m.m.a.RequestMappingHandlerMapping : Mapped "{[/group/getGroupTree/{groupId}],methods=[POST],produces=[application/json;charset=UTF-8]}" onto public com.paascloud.wrapper.Wrapper<java.util.List<com.paascloud.provider.model.vo.GroupZtreeVo>> com.paascloud.provider.web.admin.UacGroupCommonController.getGroupTreeById(java.lang.Long)
2019-02-27 22:49:58.572  INFO [bootstrap,,,] [paascloud-provider-uac,,,,] 12788 --- [           main] s.w.s.m.m.a.RequestMappingHandlerMapping : Mapped "{[/group/getTree],methods=[POST],produces=[application/json;charset=UTF-8]}" onto public com.paascloud.wrapper.Wrapper<java.util.List<com.paascloud.provider.model.vo.MenuVo>> com.paascloud.provider.web.admin.UacGroupMainController.getTree()
2019-02-27 22:49:58.572  INFO [bootstrap,,,] [paascloud-provider-uac,,,,] 12788 --- [           main] s.w.s.m.m.a.RequestMappingHandlerMapping : Mapped "{[/group/queryById/{id}],methods=[POST],produces=[application/json;charset=UTF-8]}" onto public com.paascloud.wrapper.Wrapper<com.paascloud.provider.model.domain.UacGroup> com.paascloud.provider.web.admin.UacGroupMainController.getEditGroupPageInfo(java.lang.Long)
2019-02-27 22:49:58.573  INFO [bootstrap,,,] [paascloud-provider-uac,,,,] 12788 --- [           main] s.w.s.m.m.a.RequestMappingHandlerMapping : Mapped "{[/group/modifyStatus],methods=[POST],produces=[application/json;charset=UTF-8]}" onto public com.paascloud.wrapper.Wrapper com.paascloud.provider.web.admin.UacGroupMainController.modifyGroupStatus(com.paascloud.provider.model.dto.user.IdStatusDto)
2019-02-27 22:49:58.573  INFO [bootstrap,,,] [paascloud-provider-uac,,,,] 12788 --- [           main] s.w.s.m.m.a.RequestMappingHandlerMapping : Mapped "{[/group/save],methods=[POST],produces=[application/json;charset=UTF-8]}" onto public com.paascloud.wrapper.Wrapper com.paascloud.provider.web.admin.UacGroupMainController.editGroup(com.paascloud.provider.model.domain.UacGroup)
2019-02-27 22:49:58.574  INFO [bootstrap,,,] [paascloud-provider-uac,,,,] 12788 --- [           main] s.w.s.m.m.a.RequestMappingHandlerMapping : Mapped "{[/group/deleteById/{id}],methods=[POST],produces=[application/json;charset=UTF-8]}" onto public com.paascloud.wrapper.Wrapper com.paascloud.provider.web.admin.UacGroupMainController.deleteGroupById(java.lang.Long)
2019-02-27 22:49:58.575  INFO [bootstrap,,,] [paascloud-provider-uac,,,,] 12788 --- [           main] s.w.s.m.m.a.RequestMappingHandlerMapping : Mapped "{[/log/queryListWithPage],methods=[POST],produces=[application/json;charset=UTF-8]}" onto public com.paascloud.wrapper.Wrapper com.paascloud.provider.web.admin.UacLogMainController.queryLogListWithPage(com.paascloud.provider.model.dto.log.UacLogMainDto)
2019-02-27 22:49:58.576  INFO [bootstrap,,,] [paascloud-provider-uac,,,,] 12788 --- [           main] s.w.s.m.m.a.RequestMappingHandlerMapping : Mapped "{[/menu/checkMenuCode],methods=[POST],produces=[application/json;charset=UTF-8]}" onto public com.paascloud.wrapper.Wrapper<java.lang.Boolean> com.paascloud.provider.web.admin.UacMenuCommonController.checkUacMenuActionCode(com.paascloud.provider.model.dto.menu.UacMenuCheckCodeDto)
2019-02-27 22:49:58.577  INFO [bootstrap,,,] [paascloud-provider-uac,,,,] 12788 --- [           main] s.w.s.m.m.a.RequestMappingHandlerMapping : Mapped "{[/menu/checkMenuUrl],methods=[POST],produces=[application/json;charset=UTF-8]}" onto public com.paascloud.wrapper.Wrapper<java.lang.Boolean> com.paascloud.provider.web.admin.UacMenuCommonController.checkUacMenuUrl(com.paascloud.provider.model.dto.menu.UacMenuCheckUrlDto)
2019-02-27 22:49:58.577  INFO [bootstrap,,,] [paascloud-provider-uac,,,,] 12788 --- [           main] s.w.s.m.m.a.RequestMappingHandlerMapping : Mapped "{[/menu/checkMenuName],methods=[POST],produces=[application/json;charset=UTF-8]}" onto public com.paascloud.wrapper.Wrapper<java.lang.Boolean> com.paascloud.provider.web.admin.UacMenuCommonController.checkUacMenuName(com.paascloud.provider.model.dto.menu.UacMenuCheckNameDto)
2019-02-27 22:49:58.578  INFO [bootstrap,,,] [paascloud-provider-uac,,,,] 12788 --- [           main] s.w.s.m.m.a.RequestMappingHandlerMapping : Mapped "{[/menu/deleteById/{id}],methods=[POST],produces=[application/json;charset=UTF-8]}" onto public com.paascloud.wrapper.Wrapper<java.lang.Integer> com.paascloud.provider.web.admin.UacMenuMainController.deleteUacMenuById(java.lang.Long)
2019-02-27 22:49:58.579  INFO [bootstrap,,,] [paascloud-provider-uac,,,,] 12788 --- [           main] s.w.s.m.m.a.RequestMappingHandlerMapping : Mapped "{[/menu/modifyStatus],methods=[POST],produces=[application/json;charset=UTF-8]}" onto public com.paascloud.wrapper.Wrapper com.paascloud.provider.web.admin.UacMenuMainController.updateUacMenuStatusById(com.paascloud.provider.model.dto.menu.UacMenuStatusDto)
2019-02-27 22:49:58.579  INFO [bootstrap,,,] [paascloud-provider-uac,,,,] 12788 --- [           main] s.w.s.m.m.a.RequestMappingHandlerMapping : Mapped "{[/menu/getTree],methods=[POST],produces=[application/json;charset=UTF-8]}" onto public com.paascloud.wrapper.Wrapper<java.util.List<com.paascloud.provider.model.vo.MenuVo>> com.paascloud.provider.web.admin.UacMenuMainController.queryMenuTreeList()
2019-02-27 22:49:58.579  INFO [bootstrap,,,] [paascloud-provider-uac,,,,] 12788 --- [           main] s.w.s.m.m.a.RequestMappingHandlerMapping : Mapped "{[/menu/queryById/{id}],methods=[POST],produces=[application/json;charset=UTF-8]}" onto public com.paascloud.wrapper.Wrapper<com.paascloud.provider.model.vo.ViewMenuVo> com.paascloud.provider.web.admin.UacMenuMainController.queryMenuVoById(java.lang.Long)
2019-02-27 22:49:58.580  INFO [bootstrap,,,] [paascloud-provider-uac,,,,] 12788 --- [           main] s.w.s.m.m.a.RequestMappingHandlerMapping : Mapped "{[/menu/save],methods=[POST],produces=[application/json;charset=UTF-8]}" onto public com.paascloud.wrapper.Wrapper com.paascloud.provider.web.admin.UacMenuMainController.saveMenu(com.paascloud.provider.model.dto.menu.UacEditMenuDto)
2019-02-27 22:49:58.580  INFO [bootstrap,,,] [paascloud-provider-uac,,,,] 12788 --- [           main] s.w.s.m.m.a.RequestMappingHandlerMapping : Mapped "{[/role/bindUser],methods=[POST],produces=[application/json;charset=UTF-8]}" onto public com.paascloud.wrapper.Wrapper com.paascloud.provider.web.admin.UacRoleBindUserController.bindUser(com.paascloud.provider.model.dto.role.RoleBindUserReqDto)
2019-02-27 22:49:58.581  INFO [bootstrap,,,] [paascloud-provider-uac,,,,] 12788 --- [           main] s.w.s.m.m.a.RequestMappingHandlerMapping : Mapped "{[/role/getBindUser/{roleId}],methods=[POST],produces=[application/json;charset=UTF-8]}" onto public com.paascloud.wrapper.Wrapper<com.paascloud.provider.model.dto.role.RoleBindUserDto> com.paascloud.provider.web.admin.UacRoleBindUserController.getBindUser(java.lang.Long)
2019-02-27 22:49:58.582  INFO [bootstrap,,,] [paascloud-provider-uac,,,,] 12788 --- [           main] s.w.s.m.m.a.RequestMappingHandlerMapping : Mapped "{[/role/getMenuTreeByRoleId/{roleId}],methods=[POST],produces=[application/json;charset=UTF-8]}" onto public com.paascloud.wrapper.Wrapper<com.paascloud.provider.model.vo.BindAuthVo> com.paascloud.provider.web.admin.UacRoleCommonController.getMenuTreeByRoleId(java.lang.Long)
2019-02-27 22:49:58.583  INFO [bootstrap,,,] [paascloud-provider-uac,,,,] 12788 --- [           main] s.w.s.m.m.a.RequestMappingHandlerMapping : Mapped "{[/role/getActionTreeByRoleId/{roleId}],methods=[POST],produces=[application/json;charset=UTF-8]}" onto public com.paascloud.wrapper.Wrapper<com.paascloud.provider.model.vo.BindAuthVo> com.paascloud.provider.web.admin.UacRoleCommonController.getActionTreeByRoleId(java.lang.Long)
2019-02-27 22:49:58.583  INFO [bootstrap,,,] [paascloud-provider-uac,,,,] 12788 --- [           main] s.w.s.m.m.a.RequestMappingHandlerMapping : Mapped "{[/role/queryRoleInfoById/{id}],methods=[POST],produces=[application/json;charset=UTF-8]}" onto public com.paascloud.wrapper.Wrapper<com.paascloud.provider.model.domain.UacRole> com.paascloud.provider.web.admin.UacRoleCommonController.queryRoleInfo(java.lang.Long)
2019-02-27 22:49:58.583  INFO [bootstrap,,,] [paascloud-provider-uac,,,,] 12788 --- [           main] s.w.s.m.m.a.RequestMappingHandlerMapping : Mapped "{[/role/checkRoleCode],methods=[POST],produces=[application/json;charset=UTF-8]}" onto public com.paascloud.wrapper.Wrapper<java.lang.Boolean> com.paascloud.provider.web.admin.UacRoleCommonController.checkUacRoleCode(com.paascloud.provider.model.dto.role.CheckRoleCodeDto)
2019-02-27 22:49:58.584  INFO [bootstrap,,,] [paascloud-provider-uac,,,,] 12788 --- [           main] s.w.s.m.m.a.RequestMappingHandlerMapping : Mapped "{[/role/save],methods=[POST],produces=[application/json;charset=UTF-8]}" onto public com.paascloud.wrapper.Wrapper com.paascloud.provider.web.admin.UacRoleMainController.save(com.paascloud.provider.model.domain.UacRole)
2019-02-27 22:49:58.585  INFO [bootstrap,,,] [paascloud-provider-uac,,,,] 12788 --- [           main] s.w.s.m.m.a.RequestMappingHandlerMapping : Mapped "{[/role/batchDeleteByIdList],methods=[POST],produces=[application/json;charset=UTF-8]}" onto public com.paascloud.wrapper.Wrapper com.paascloud.provider.web.admin.UacRoleMainController.batchDeleteByIdList(java.util.List<java.lang.Long>)
2019-02-27 22:49:58.585  INFO [bootstrap,,,] [paascloud-provider-uac,,,,] 12788 --- [           main] s.w.s.m.m.a.RequestMappingHandlerMapping : Mapped "{[/role/deleteRoleById/{id}],methods=[POST],produces=[application/json;charset=UTF-8]}" onto public com.paascloud.wrapper.Wrapper com.paascloud.provider.web.admin.UacRoleMainController.deleteUacRoleById(java.lang.Long)
2019-02-27 22:49:58.585  INFO [bootstrap,,,] [paascloud-provider-uac,,,,] 12788 --- [           main] s.w.s.m.m.a.RequestMappingHandlerMapping : Mapped "{[/role/modifyRoleStatusById],methods=[POST],produces=[application/json;charset=UTF-8]}" onto public com.paascloud.wrapper.Wrapper com.paascloud.provider.web.admin.UacRoleMainController.modifyUacRoleStatusById(com.paascloud.provider.model.dto.base.ModifyStatusDto)
2019-02-27 22:49:58.586  INFO [bootstrap,,,] [paascloud-provider-uac,,,,] 12788 --- [           main] s.w.s.m.m.a.RequestMappingHandlerMapping : Mapped "{[/role/queryRoleListWithPage],methods=[POST],produces=[application/json;charset=UTF-8]}" onto public com.paascloud.wrapper.Wrapper<com.github.pagehelper.PageInfo<com.paascloud.provider.model.vo.RoleVo>> com.paascloud.provider.web.admin.UacRoleMainController.queryUacRoleListWithPage(com.paascloud.provider.model.domain.UacRole)
2019-02-27 22:49:58.587  INFO [bootstrap,,,] [paascloud-provider-uac,,,,] 12788 --- [           main] s.w.s.m.m.a.RequestMappingHandlerMapping : Mapped "{[/token/queryListWithPage],methods=[POST],produces=[application/json;charset=UTF-8]}" onto public com.paascloud.wrapper.Wrapper com.paascloud.provider.web.admin.UacTokenMainController.queryUacActionListWithPage(com.paascloud.provider.model.dto.token.TokenMainQueryDto)
2019-02-27 22:49:58.588  INFO [bootstrap,,,] [paascloud-provider-uac,,,,] 12788 --- [           main] s.w.s.m.m.a.RequestMappingHandlerMapping : Mapped "{[/user/modifyUserEmail/{email}/{emailCode}],methods=[POST],produces=[application/json;charset=UTF-8]}" onto public com.paascloud.wrapper.Wrapper<java.lang.Integer> com.paascloud.provider.web.admin.UacUserCommonController.modifyUserEmail(java.lang.String,java.lang.String)
2019-02-27 22:49:58.589  INFO [bootstrap,,,] [paascloud-provider-uac,,,,] 12788 --- [           main] s.w.s.m.m.a.RequestMappingHandlerMapping : Mapped "{[/user/checkEmail],methods=[POST],produces=[application/json;charset=UTF-8]}" onto public com.paascloud.wrapper.Wrapper<java.lang.Boolean> com.paascloud.provider.web.admin.UacUserCommonController.checkEmail(com.paascloud.provider.model.dto.user.CheckEmailDto)
2019-02-27 22:49:58.589  INFO [bootstrap,,,] [paascloud-provider-uac,,,,] 12788 --- [           main] s.w.s.m.m.a.RequestMappingHandlerMapping : Mapped "{[/user/getOwnAuthTree],methods=[POST],produces=[application/json;charset=UTF-8]}" onto public com.paascloud.wrapper.Wrapper<java.util.List<com.paascloud.provider.model.vo.MenuVo>> com.paascloud.provider.web.admin.UacUserCommonController.getOwnAuthTree()
2019-02-27 22:49:58.590  INFO [bootstrap,,,] [paascloud-provider-uac,,,,] 12788 --- [           main] s.w.s.m.m.a.RequestMappingHandlerMapping : Mapped "{[/user/checkLoginName],methods=[POST],produces=[application/json;charset=UTF-8]}" onto public com.paascloud.wrapper.Wrapper<java.lang.Boolean> com.paascloud.provider.web.admin.UacUserCommonController.checkLoginName(com.paascloud.provider.model.dto.user.CheckLoginNameDto)
2019-02-27 22:49:58.590  INFO [bootstrap,,,] [paascloud-provider-uac,,,,] 12788 --- [           main] s.w.s.m.m.a.RequestMappingHandlerMapping : Mapped "{[/user/checkNewPassword],methods=[POST],produces=[application/json;charset=UTF-8]}" onto public com.paascloud.wrapper.Wrapper<java.lang.Boolean> com.paascloud.provider.web.admin.UacUserCommonController.checkNewPassword(com.paascloud.provider.model.dto.user.CheckNewPasswordDto)
2019-02-27 22:49:58.590  INFO [bootstrap,,,] [paascloud-provider-uac,,,,] 12788 --- [           main] s.w.s.m.m.a.RequestMappingHandlerMapping : Mapped "{[/user/checkUserPhone],methods=[POST],produces=[application/json;charset=UTF-8]}" onto public com.paascloud.wrapper.Wrapper<java.lang.Boolean> com.paascloud.provider.web.admin.UacUserCommonController.checkUserPhone(com.paascloud.provider.model.dto.user.CheckUserPhoneDto)
2019-02-27 22:49:58.591  INFO [bootstrap,,,] [paascloud-provider-uac,,,,] 12788 --- [           main] s.w.s.m.m.a.RequestMappingHandlerMapping : Mapped "{[/user/checkUserName],methods=[POST],produces=[application/json;charset=UTF-8]}" onto public com.paascloud.wrapper.Wrapper<java.lang.Boolean> com.paascloud.provider.web.admin.UacUserCommonController.checkUserName(com.paascloud.provider.model.dto.user.CheckUserNameDto)
2019-02-27 22:49:58.591  INFO [bootstrap,,,] [paascloud-provider-uac,,,,] 12788 --- [           main] s.w.s.m.m.a.RequestMappingHandlerMapping : Mapped "{[/user/queryUserInfo/{loginName}],methods=[POST],produces=[application/json;charset=UTF-8]}" onto public com.paascloud.wrapper.Wrapper<com.paascloud.provider.model.vo.UserVo> com.paascloud.provider.web.admin.UacUserCommonController.queryUserInfo(java.lang.String)
2019-02-27 22:49:58.594  INFO [bootstrap,,,] [paascloud-provider-uac,,,,] 12788 --- [           main] s.w.s.m.m.a.RequestMappingHandlerMapping : Mapped "{[/user/loginAfter/{applicationId}],methods=[POST],produces=[application/json;charset=UTF-8]}" onto public com.paascloud.wrapper.Wrapper<com.paascloud.provider.model.dto.user.LoginRespDto> com.paascloud.provider.web.admin.UacUserLoginController.loginAfter(java.lang.Long)
2019-02-27 22:49:58.594  INFO [bootstrap,,,] [paascloud-provider-uac,,,,] 12788 --- [           main] s.w.s.m.m.a.RequestMappingHandlerMapping : Mapped "{[/user/logout],methods=[POST],produces=[application/json;charset=UTF-8]}" onto public com.paascloud.wrapper.Wrapper com.paascloud.provider.web.admin.UacUserLoginController.loginAfter(java.lang.String)
2019-02-27 22:49:58.594  INFO [bootstrap,,,] [paascloud-provider-uac,,,,] 12788 --- [           main] s.w.s.m.m.a.RequestMappingHandlerMapping : Mapped "{[/auth/user/refreshToken],methods=[GET],produces=[application/json;charset=UTF-8]}" onto public com.paascloud.wrapper.Wrapper<java.lang.String> com.paascloud.provider.web.admin.UacUserLoginController.refreshToken(javax.servlet.http.HttpServletRequest,java.lang.String,java.lang.String)
2019-02-27 22:49:58.595  INFO [bootstrap,,,] [paascloud-provider-uac,,,,] 12788 --- [           main] s.w.s.m.m.a.RequestMappingHandlerMapping : Mapped "{[/user/queryListWithPage],methods=[POST],produces=[application/json;charset=UTF-8]}" onto public com.paascloud.wrapper.Wrapper<com.github.pagehelper.PageInfo> com.paascloud.provider.web.admin.UacUserMainController.queryUserListWithPage(com.paascloud.provider.model.domain.UacUser)
2019-02-27 22:49:58.596  INFO [bootstrap,,,] [paascloud-provider-uac,,,,] 12788 --- [           main] s.w.s.m.m.a.RequestMappingHandlerMapping : Mapped "{[/user/resetLoginPwd/{userId}],methods=[POST],produces=[application/json;charset=UTF-8]}" onto public com.paascloud.wrapper.Wrapper<com.paascloud.provider.model.domain.UacUser> com.paascloud.provider.web.admin.UacUserMainController.resetLoginPwd(java.lang.Long)
2019-02-27 22:49:58.596  INFO [bootstrap,,,] [paascloud-provider-uac,,,,] 12788 --- [           main] s.w.s.m.m.a.RequestMappingHandlerMapping : Mapped "{[/user/bindRole],methods=[POST],produces=[application/json;charset=UTF-8]}" onto public com.paascloud.wrapper.Wrapper<java.lang.Integer> com.paascloud.provider.web.admin.UacUserMainController.bindUserRoles(com.paascloud.provider.model.dto.user.BindUserRolesDto)
2019-02-27 22:49:58.596  INFO [bootstrap,,,] [paascloud-provider-uac,,,,] 12788 --- [           main] s.w.s.m.m.a.RequestMappingHandlerMapping : Mapped "{[/user/bindUserMenus],methods=[POST],produces=[application/json;charset=UTF-8]}" onto public com.paascloud.wrapper.Wrapper<java.lang.Integer> com.paascloud.provider.web.admin.UacUserMainController.bindUserMenus(com.paascloud.provider.model.dto.user.BindUserMenusDto)
2019-02-27 22:49:58.596  INFO [bootstrap,,,] [paascloud-provider-uac,,,,] 12788 --- [           main] s.w.s.m.m.a.RequestMappingHandlerMapping : Mapped "{[/user/deleteUserById/{userId}],methods=[POST],produces=[application/json;charset=UTF-8]}" onto public com.paascloud.wrapper.Wrapper<java.lang.Integer> com.paascloud.provider.web.admin.UacUserMainController.deleteUserById(java.lang.Long)
2019-02-27 22:49:58.596  INFO [bootstrap,,,] [paascloud-provider-uac,,,,] 12788 --- [           main] s.w.s.m.m.a.RequestMappingHandlerMapping : Mapped "{[/user/modifyUserStatusById],methods=[POST],produces=[application/json;charset=UTF-8]}" onto public com.paascloud.wrapper.Wrapper<java.lang.Integer> com.paascloud.provider.web.admin.UacUserMainController.modifyUserStatusById(com.paascloud.provider.model.dto.user.ModifyUserStatusDto)
2019-02-27 22:49:58.597  INFO [bootstrap,,,] [paascloud-provider-uac,,,,] 12788 --- [           main] s.w.s.m.m.a.RequestMappingHandlerMapping : Mapped "{[/user/queryUserMenuDtoData],methods=[POST],produces=[application/json;charset=UTF-8]}" onto public com.paascloud.wrapper.Wrapper<java.util.List<com.paascloud.provider.model.dto.menu.UserMenuDto>> com.paascloud.provider.web.admin.UacUserMainController.queryUserMenuDtoData()
2019-02-27 22:49:58.597  INFO [bootstrap,,,] [paascloud-provider-uac,,,,] 12788 --- [           main] s.w.s.m.m.a.RequestMappingHandlerMapping : Mapped "{[/user/user],methods=[GET],produces=[application/json;charset=UTF-8]}" onto public com.paascloud.security.core.SecurityUser com.paascloud.provider.web.admin.UacUserMainController.user()
2019-02-27 22:49:58.597  INFO [bootstrap,,,] [paascloud-provider-uac,,,,] 12788 --- [           main] s.w.s.m.m.a.RequestMappingHandlerMapping : Mapped "{[/user/queryUserLogListWithPage],methods=[POST],produces=[application/json;charset=UTF-8]}" onto public com.paascloud.wrapper.Wrapper<com.github.pagehelper.PageInfo<com.paascloud.provider.model.domain.UacLog>> com.paascloud.provider.web.admin.UacUserMainController.queryUserLogListWithPage(com.paascloud.provider.model.domain.UacLog)
2019-02-27 22:49:58.597  INFO [bootstrap,,,] [paascloud-provider-uac,,,,] 12788 --- [           main] s.w.s.m.m.a.RequestMappingHandlerMapping : Mapped "{[/user/getUacUserById/{userId}],methods=[POST],produces=[application/json;charset=UTF-8]}" onto public com.paascloud.wrapper.Wrapper<com.paascloud.provider.model.domain.UacUser> com.paascloud.provider.web.admin.UacUserMainController.getUacUserById(java.lang.Long)
2019-02-27 22:49:58.598  INFO [bootstrap,,,] [paascloud-provider-uac,,,,] 12788 --- [           main] s.w.s.m.m.a.RequestMappingHandlerMapping : Mapped "{[/user/save],methods=[POST],produces=[application/json;charset=UTF-8]}" onto public com.paascloud.wrapper.Wrapper<java.lang.Integer> com.paascloud.provider.web.admin.UacUserMainController.addUacUser(com.paascloud.provider.model.domain.UacUser)
2019-02-27 22:49:58.598  INFO [bootstrap,,,] [paascloud-provider-uac,,,,] 12788 --- [           main] s.w.s.m.m.a.RequestMappingHandlerMapping : Mapped "{[/user/getBindRole/{userId}],methods=[POST],produces=[application/json;charset=UTF-8]}" onto public com.paascloud.wrapper.Wrapper<com.paascloud.provider.model.vo.UserBindRoleVo> com.paascloud.provider.web.admin.UacUserMainController.getBindRole(java.lang.Long)
2019-02-27 22:49:58.599  INFO [bootstrap,,,] [paascloud-provider-uac,,,,] 12788 --- [           main] s.w.s.m.m.a.RequestMappingHandlerMapping : Mapped "{[/user/modifyUserPwd],methods=[POST],produces=[application/json;charset=UTF-8]}" onto public com.paascloud.wrapper.Wrapper<java.lang.Integer> com.paascloud.provider.web.admin.UacUserPasswordController.modifyUserPwd(com.paascloud.provider.model.dto.user.UserModifyPwdDto)
2019-02-27 22:49:58.599  INFO [bootstrap,,,] [paascloud-provider-uac,,,,] 12788 --- [           main] s.w.s.m.m.a.RequestMappingHandlerMapping : Mapped "{[/user/registerUser],methods=[POST],produces=[application/json;charset=UTF-8]}" onto public com.paascloud.wrapper.Wrapper com.paascloud.provider.web.admin.UacUserPasswordController.registerUser(com.paascloud.provider.model.dto.user.UserRegisterDto)
2019-02-27 22:49:58.601  INFO [bootstrap,,,] [paascloud-provider-uac,,,,] 12788 --- [           main] s.w.s.m.m.a.RequestMappingHandlerMapping : Mapped "{[/email/checkRestEmailCode],methods=[POST],produces=[application/json;charset=UTF-8]}" onto public com.paascloud.wrapper.Wrapper com.paascloud.provider.web.mall.EmailController.checkRestEmailCode(com.paascloud.provider.model.dto.email.SendEmailMessage)
2019-02-27 22:49:58.602  INFO [bootstrap,,,] [paascloud-provider-uac,,,,] 12788 --- [           main] s.w.s.m.m.a.RequestMappingHandlerMapping : Mapped "{[/email/sendRestEmailCode],methods=[POST],produces=[application/json;charset=UTF-8]}" onto public com.paascloud.wrapper.Wrapper<java.lang.String> com.paascloud.provider.web.mall.EmailController.sendRestEmailCode(com.paascloud.provider.model.dto.email.SendEmailMessage)
2019-02-27 22:49:58.603  INFO [bootstrap,,,] [paascloud-provider-uac,,,,] 12788 --- [           main] s.w.s.m.m.a.RequestMappingHandlerMapping : Mapped "{[/auth/category/getProductCategoryDtoByPid/{pid}],methods=[GET],produces=[application/json;charset=UTF-8]}" onto public com.paascloud.wrapper.Wrapper<java.util.List<com.paascloud.provider.model.dto.ProductCategoryDto>> com.paascloud.provider.web.mall.MallAuthRestController.getProductCategoryDtoByPid(java.lang.Long)
2019-02-27 22:49:58.604  INFO [bootstrap,,,] [paascloud-provider-uac,,,,] 12788 --- [           main] s.w.s.m.m.a.RequestMappingHandlerMapping : Mapped "{[/auth/product/queryProductDetail/{productId}],methods=[GET],produces=[application/json;charset=UTF-8]}" onto public com.paascloud.wrapper.Wrapper<com.paascloud.provider.model.vo.ProductDetailVo> com.paascloud.provider.web.mall.MallAuthRestController.queryProductDetail(java.lang.Long)
2019-02-27 22:49:58.604  INFO [bootstrap,,,] [paascloud-provider-uac,,,,] 12788 --- [           main] s.w.s.m.m.a.RequestMappingHandlerMapping : Mapped "{[/auth/product/queryProductList],methods=[POST],produces=[application/json;charset=UTF-8]}" onto public com.paascloud.wrapper.Wrapper<com.github.pagehelper.PageInfo> com.paascloud.provider.web.mall.MallAuthRestController.queryProductList(com.paascloud.provider.model.dto.ProductReqDto)
2019-02-27 22:49:58.606  INFO [bootstrap,,,] [paascloud-provider-uac,,,,] 12788 --- [           main] s.w.s.m.m.a.RequestMappingHandlerMapping : Mapped "{[/cart/selectAllProduct],methods=[POST],produces=[application/json;charset=UTF-8]}" onto public com.paascloud.wrapper.Wrapper com.paascloud.provider.web.mall.MallCartController.selectAll()
2019-02-27 22:49:58.607  INFO [bootstrap,,,] [paascloud-provider-uac,,,,] 12788 --- [           main] s.w.s.m.m.a.RequestMappingHandlerMapping : Mapped "{[/cart/selectProduct/{productId}],methods=[POST],produces=[application/json;charset=UTF-8]}" onto public com.paascloud.wrapper.Wrapper com.paascloud.provider.web.mall.MallCartController.select(java.lang.Long)
2019-02-27 22:49:58.607  INFO [bootstrap,,,] [paascloud-provider-uac,,,,] 12788 --- [           main] s.w.s.m.m.a.RequestMappingHandlerMapping : Mapped "{[/cart/deleteProduct/{productIds}],methods=[POST],produces=[application/json;charset=UTF-8]}" onto public com.paascloud.wrapper.Wrapper com.paascloud.provider.web.mall.MallCartController.deleteProduct(java.lang.String)
2019-02-27 22:49:58.607  INFO [bootstrap,,,] [paascloud-provider-uac,,,,] 12788 --- [           main] s.w.s.m.m.a.RequestMappingHandlerMapping : Mapped "{[/cart/unSelectProduct/{productId}],methods=[POST],produces=[application/json;charset=UTF-8]}" onto public com.paascloud.wrapper.Wrapper com.paascloud.provider.web.mall.MallCartController.unSelect(java.lang.Long)
2019-02-27 22:49:58.607  INFO [bootstrap,,,] [paascloud-provider-uac,,,,] 12788 --- [           main] s.w.s.m.m.a.RequestMappingHandlerMapping : Mapped "{[/cart/mergeUserCart],methods=[POST],produces=[application/json;charset=UTF-8]}" onto public com.paascloud.wrapper.Wrapper<com.paascloud.provider.model.vo.CartVo> com.paascloud.provider.web.mall.MallCartController.mergeUserCart(com.paascloud.provider.model.dto.omc.CartListQuery)
2019-02-27 22:49:58.608  INFO [bootstrap,,,] [paascloud-provider-uac,,,,] 12788 --- [           main] s.w.s.m.m.a.RequestMappingHandlerMapping : Mapped "{[/cart/unSelectAllProduct],methods=[POST],produces=[application/json;charset=UTF-8]}" onto public com.paascloud.wrapper.Wrapper com.paascloud.provider.web.mall.MallCartController.unSelectAll()
2019-02-27 22:49:58.608  INFO [bootstrap,,,] [paascloud-provider-uac,,,,] 12788 --- [           main] s.w.s.m.m.a.RequestMappingHandlerMapping : Mapped "{[/cart/addProduct/{productId}/{count}],methods=[POST],produces=[application/json;charset=UTF-8]}" onto public com.paascloud.wrapper.Wrapper com.paascloud.provider.web.mall.MallCartController.addProduct(java.lang.Long,java.lang.Integer)
2019-02-27 22:49:58.608  INFO [bootstrap,,,] [paascloud-provider-uac,,,,] 12788 --- [           main] s.w.s.m.m.a.RequestMappingHandlerMapping : Mapped "{[/cart/updateProduct/{productId}/{count}],methods=[POST],produces=[application/json;charset=UTF-8]}" onto public com.paascloud.wrapper.Wrapper com.paascloud.provider.web.mall.MallCartController.updateProduct(java.lang.Long,java.lang.Integer)
2019-02-27 22:49:58.611  INFO [bootstrap,,,] [paascloud-provider-uac,,,,] 12788 --- [           main] s.w.s.m.m.a.RequestMappingHandlerMapping : Mapped "{[/user/updateInformation],methods=[POST],produces=[application/json;charset=UTF-8]}" onto public com.paascloud.wrapper.Wrapper<com.paascloud.provider.model.dto.user.UserInfoDto> com.paascloud.provider.web.mall.MallUserController.updateInformation(com.paascloud.provider.model.dto.user.UserInfoDto)
2019-02-27 22:49:58.611  INFO [bootstrap,,,] [paascloud-provider-uac,,,,] 12788 --- [           main] s.w.s.m.m.a.RequestMappingHandlerMapping : Mapped "{[/user/getInformation],methods=[POST],produces=[application/json;charset=UTF-8]}" onto public com.paascloud.wrapper.Wrapper<com.paascloud.provider.model.dto.user.UserInfoDto> com.paascloud.provider.web.mall.MallUserController.getInformation()
2019-02-27 22:49:58.612  INFO [bootstrap,,,] [paascloud-provider-uac,,,,] 12788 --- [           main] s.w.s.m.m.a.RequestMappingHandlerMapping : Mapped "{[/api/uac/message/queryMessageListWithPage],methods=[POST]}" onto public com.paascloud.wrapper.Wrapper<com.github.pagehelper.PageInfo<com.paascloud.base.dto.MqMessageVo>> com.paascloud.provider.web.rpc.UacMqMessageFeignClient.queryMessageListWithPage(com.paascloud.base.dto.MessageQueryDto)
2019-02-27 22:49:58.614  INFO [bootstrap,,,] [paascloud-provider-uac,,,,] 12788 --- [           main] s.w.s.m.m.a.RequestMappingHandlerMapping : Mapped "{[/api/uac/message/queryMessageKeyList],methods=[POST]}" onto public com.paascloud.wrapper.Wrapper<java.util.List<java.lang.String>> com.paascloud.provider.web.rpc.UacMqMessageFeignClient.queryMessageKeyList(java.util.List<java.lang.String>)
2019-02-27 22:49:58.614  INFO [bootstrap,,,] [paascloud-provider-uac,,,,] 12788 --- [           main] s.w.s.m.m.a.RequestMappingHandlerMapping : Mapped "{[/api/uac/token/updateTokenOffLine],methods=[POST]}" onto public com.paascloud.wrapper.Wrapper<java.lang.Integer> com.paascloud.provider.web.rpc.UacUserTokenFeignClient.updateTokenOffLine()
2019-02-27 22:49:58.615  INFO [bootstrap,,,] [paascloud-provider-uac,,,,] 12788 --- [           main] s.w.s.m.m.a.RequestMappingHandlerMapping : Mapped "{[/social/user],methods=[GET]}" onto public com.paascloud.security.core.social.support.SocialUserInfo com.paascloud.security.app.AppSecurityController.getSocialUserInfo(javax.servlet.http.HttpServletRequest)
2019-02-27 22:49:58.615  INFO [bootstrap,,,] [paascloud-provider-uac,,,,] 12788 --- [           main] s.w.s.m.m.a.RequestMappingHandlerMapping : Mapped "{[/auth/code/{type}],methods=[POST]}" onto public void com.paascloud.security.core.validate.code.ValidateCodeController.createCode(javax.servlet.http.HttpServletRequest,javax.servlet.http.HttpServletResponse,java.lang.String) throws java.lang.Exception
2019-02-27 22:49:58.615  INFO [bootstrap,,,] [paascloud-provider-uac,,,,] 12788 --- [           main] s.w.s.m.m.a.RequestMappingHandlerMapping : Mapped "{[/auth/code/{type}],methods=[GET]}" onto public java.lang.Object com.paascloud.security.core.validate.code.ValidateCodeController.checkCode(javax.servlet.http.HttpServletRequest,javax.servlet.http.HttpServletResponse,java.lang.String)
2019-02-27 22:49:58.616  INFO [bootstrap,,,] [paascloud-provider-uac,,,,] 12788 --- [           main] s.w.s.m.m.a.RequestMappingHandlerMapping : Mapped "{[/v2/api-docs],methods=[GET],produces=[application/json || application/hal+json]}" onto public org.springframework.http.ResponseEntity<springfox.documentation.spring.web.json.Json> springfox.documentation.swagger2.web.Swagger2Controller.getDocumentation(java.lang.String,javax.servlet.http.HttpServletRequest)
2019-02-27 22:49:58.616  INFO [bootstrap,,,] [paascloud-provider-uac,,,,] 12788 --- [           main] s.w.s.m.m.a.RequestMappingHandlerMapping : Mapped "{[/swagger-resources]}" onto org.springframework.http.ResponseEntity<java.util.List<springfox.documentation.swagger.web.SwaggerResource>> springfox.documentation.swagger.web.ApiResourceController.swaggerResources()
2019-02-27 22:49:58.617  INFO [bootstrap,,,] [paascloud-provider-uac,,,,] 12788 --- [           main] s.w.s.m.m.a.RequestMappingHandlerMapping : Mapped "{[/swagger-resources/configuration/ui]}" onto org.springframework.http.ResponseEntity<springfox.documentation.swagger.web.UiConfiguration> springfox.documentation.swagger.web.ApiResourceController.uiConfiguration()
2019-02-27 22:49:58.617  INFO [bootstrap,,,] [paascloud-provider-uac,,,,] 12788 --- [           main] s.w.s.m.m.a.RequestMappingHandlerMapping : Mapped "{[/swagger-resources/configuration/security]}" onto org.springframework.http.ResponseEntity<springfox.documentation.swagger.web.SecurityConfiguration> springfox.documentation.swagger.web.ApiResourceController.securityConfiguration()
2019-02-27 22:49:58.618  INFO [bootstrap,,,] [paascloud-provider-uac,,,,] 12788 --- [           main] s.w.s.m.m.a.RequestMappingHandlerMapping : Mapped "{[/error]}" onto public org.springframework.http.ResponseEntity<java.util.Map<java.lang.String, java.lang.Object>> org.springframework.boot.autoconfigure.web.BasicErrorController.error(javax.servlet.http.HttpServletRequest)
2019-02-27 22:49:58.618  INFO [bootstrap,,,] [paascloud-provider-uac,,,,] 12788 --- [           main] s.w.s.m.m.a.RequestMappingHandlerMapping : Mapped "{[/error],produces=[text/html]}" onto public org.springframework.web.servlet.ModelAndView org.springframework.boot.autoconfigure.web.BasicErrorController.errorHtml(javax.servlet.http.HttpServletRequest,javax.servlet.http.HttpServletResponse)
2019-02-27 22:49:58.621  INFO [bootstrap,,,] [paascloud-provider-uac,,,,] 12788 --- [           main] s.w.s.m.m.a.RequestMappingHandlerMapping : Mapped "{[/connect/{providerId}],methods=[POST]}" onto public org.springframework.web.servlet.view.RedirectView org.springframework.social.connect.web.ConnectController.connect(java.lang.String,org.springframework.web.context.request.NativeWebRequest)
2019-02-27 22:49:58.621  INFO [bootstrap,,,] [paascloud-provider-uac,,,,] 12788 --- [           main] s.w.s.m.m.a.RequestMappingHandlerMapping : Mapped "{[/connect],methods=[GET]}" onto public java.lang.String org.springframework.social.connect.web.ConnectController.connectionStatus(org.springframework.web.context.request.NativeWebRequest,org.springframework.ui.Model)
2019-02-27 22:49:58.621  INFO [bootstrap,,,] [paascloud-provider-uac,,,,] 12788 --- [           main] s.w.s.m.m.a.RequestMappingHandlerMapping : Mapped "{[/connect/{providerId}],methods=[GET]}" onto public java.lang.String org.springframework.social.connect.web.ConnectController.connectionStatus(java.lang.String,org.springframework.web.context.request.NativeWebRequest,org.springframework.ui.Model)
2019-02-27 22:49:58.621  INFO [bootstrap,,,] [paascloud-provider-uac,,,,] 12788 --- [           main] s.w.s.m.m.a.RequestMappingHandlerMapping : Mapped "{[/connect/{providerId}/{providerUserId}],methods=[DELETE]}" onto public org.springframework.web.servlet.view.RedirectView org.springframework.social.connect.web.ConnectController.removeConnection(java.lang.String,java.lang.String,org.springframework.web.context.request.NativeWebRequest)
2019-02-27 22:49:58.622  INFO [bootstrap,,,] [paascloud-provider-uac,,,,] 12788 --- [           main] s.w.s.m.m.a.RequestMappingHandlerMapping : Mapped "{[/connect/{providerId}],methods=[GET],params=[oauth_token]}" onto public org.springframework.web.servlet.view.RedirectView org.springframework.social.connect.web.ConnectController.oauth1Callback(java.lang.String,org.springframework.web.context.request.NativeWebRequest)
2019-02-27 22:49:58.622  INFO [bootstrap,,,] [paascloud-provider-uac,,,,] 12788 --- [           main] s.w.s.m.m.a.RequestMappingHandlerMapping : Mapped "{[/connect/{providerId}],methods=[GET],params=[code]}" onto public org.springframework.web.servlet.view.RedirectView org.springframework.social.connect.web.ConnectController.oauth2Callback(java.lang.String,org.springframework.web.context.request.NativeWebRequest)
2019-02-27 22:49:58.622  INFO [bootstrap,,,] [paascloud-provider-uac,,,,] 12788 --- [           main] s.w.s.m.m.a.RequestMappingHandlerMapping : Mapped "{[/connect/{providerId}],methods=[GET],params=[error]}" onto public org.springframework.web.servlet.view.RedirectView org.springframework.social.connect.web.ConnectController.oauth2ErrorCallback(java.lang.String,java.lang.String,java.lang.String,java.lang.String,org.springframework.web.context.request.NativeWebRequest)
2019-02-27 22:49:58.622  INFO [bootstrap,,,] [paascloud-provider-uac,,,,] 12788 --- [           main] s.w.s.m.m.a.RequestMappingHandlerMapping : Mapped "{[/connect/{providerId}],methods=[DELETE]}" onto public org.springframework.web.servlet.view.RedirectView org.springframework.social.connect.web.ConnectController.removeConnections(java.lang.String,org.springframework.web.context.request.NativeWebRequest)
2019-02-27 22:49:58.658  INFO [bootstrap,,,] [paascloud-provider-uac,,,,] 12788 --- [           main] .s.o.p.e.FrameworkEndpointHandlerMapping : Mapped "{[/oauth/authorize],methods=[POST],params=[user_oauth_approval]}" onto public org.springframework.web.servlet.View org.springframework.security.oauth2.provider.endpoint.AuthorizationEndpoint.approveOrDeny(java.util.Map<java.lang.String, java.lang.String>,java.util.Map<java.lang.String, ?>,org.springframework.web.bind.support.SessionStatus,java.security.Principal)
2019-02-27 22:49:58.658  INFO [bootstrap,,,] [paascloud-provider-uac,,,,] 12788 --- [           main] .s.o.p.e.FrameworkEndpointHandlerMapping : Mapped "{[/oauth/authorize]}" onto public org.springframework.web.servlet.ModelAndView org.springframework.security.oauth2.provider.endpoint.AuthorizationEndpoint.authorize(java.util.Map<java.lang.String, java.lang.Object>,java.util.Map<java.lang.String, java.lang.String>,org.springframework.web.bind.support.SessionStatus,java.security.Principal)
2019-02-27 22:49:58.658  INFO [bootstrap,,,] [paascloud-provider-uac,,,,] 12788 --- [           main] .s.o.p.e.FrameworkEndpointHandlerMapping : Mapped "{[/oauth/token],methods=[POST]}" onto public org.springframework.http.ResponseEntity<org.springframework.security.oauth2.common.OAuth2AccessToken> org.springframework.security.oauth2.provider.endpoint.TokenEndpoint.postAccessToken(java.security.Principal,java.util.Map<java.lang.String, java.lang.String>) throws org.springframework.web.HttpRequestMethodNotSupportedException
2019-02-27 22:49:58.659  INFO [bootstrap,,,] [paascloud-provider-uac,,,,] 12788 --- [           main] .s.o.p.e.FrameworkEndpointHandlerMapping : Mapped "{[/oauth/token],methods=[GET]}" onto public org.springframework.http.ResponseEntity<org.springframework.security.oauth2.common.OAuth2AccessToken> org.springframework.security.oauth2.provider.endpoint.TokenEndpoint.getAccessToken(java.security.Principal,java.util.Map<java.lang.String, java.lang.String>) throws org.springframework.web.HttpRequestMethodNotSupportedException
2019-02-27 22:49:58.659  INFO [bootstrap,,,] [paascloud-provider-uac,,,,] 12788 --- [           main] .s.o.p.e.FrameworkEndpointHandlerMapping : Mapped "{[/oauth/check_token]}" onto public java.util.Map<java.lang.String, ?> org.springframework.security.oauth2.provider.endpoint.CheckTokenEndpoint.checkToken(java.lang.String)
2019-02-27 22:49:58.659  INFO [bootstrap,,,] [paascloud-provider-uac,,,,] 12788 --- [           main] .s.o.p.e.FrameworkEndpointHandlerMapping : Mapped "{[/oauth/confirm_access]}" onto public org.springframework.web.servlet.ModelAndView org.springframework.security.oauth2.provider.endpoint.WhitelabelApprovalEndpoint.getAccessConfirmation(java.util.Map<java.lang.String, java.lang.Object>,javax.servlet.http.HttpServletRequest) throws java.lang.Exception
2019-02-27 22:49:58.659  INFO [bootstrap,,,] [paascloud-provider-uac,,,,] 12788 --- [           main] .s.o.p.e.FrameworkEndpointHandlerMapping : Mapped "{[/oauth/error]}" onto public org.springframework.web.servlet.ModelAndView org.springframework.security.oauth2.provider.endpoint.WhitelabelErrorEndpoint.handleError(javax.servlet.http.HttpServletRequest)
2019-02-27 22:49:58.662  INFO [bootstrap,,,] [paascloud-provider-uac,,,,] 12788 --- [           main] .s.o.p.e.FrameworkEndpointHandlerMapping : Mapped "{[/oauth/token_key],methods=[GET]}" onto public java.util.Map<java.lang.String, java.lang.String> org.springframework.security.oauth2.provider.endpoint.TokenKeyEndpoint.getKey(java.security.Principal)
2019-02-27 22:50:00.039  INFO [bootstrap,,,] [paascloud-provider-uac,,,,] 12788 --- [           main] o.s.cloud.commons.util.InetUtils         : Cannot determine local hostname
2019-02-27 22:50:01.351  INFO [bootstrap,,,] [paascloud-provider-uac,,,,] 12788 --- [           main] o.s.cloud.commons.util.InetUtils         : Cannot determine local hostname
2019-02-27 22:50:02.264  INFO [bootstrap,,,] [paascloud-provider-uac,,,,] 12788 --- [           main] com.alibaba.druid.pool.DruidDataSource   : {dataSource-3} inited
2019-02-27 22:50:02.342  INFO [bootstrap,,,] [paascloud-provider-uac,,,,] 12788 --- [           main] liquibase                                : Successfully acquired change log lock
2019-02-27 22:50:02.393  INFO [bootstrap,,,] [paascloud-provider-uac,,,,] 12788 --- [           main] liquibase                                : Reading from paascloud_uac.DATABASECHANGELOG
2019-02-27 22:50:02.467  INFO [bootstrap,,,] [paascloud-provider-uac,,,,] 12788 --- [           main] liquibase                                : Successfully released change log lock
2019-02-27 22:50:02.567  INFO [bootstrap,,,] [paascloud-provider-uac,,,,] 12788 --- [           main] o.s.b.a.e.mvc.EndpointHandlerMapping     : Mapped "{[/heapdump || /heapdump.json],methods=[GET],produces=[application/octet-stream]}" onto public void org.springframework.boot.actuate.endpoint.mvc.HeapdumpMvcEndpoint.invoke(boolean,javax.servlet.http.HttpServletRequest,javax.servlet.http.HttpServletResponse) throws java.io.IOException,javax.servlet.ServletException
2019-02-27 22:50:02.567  INFO [bootstrap,,,] [paascloud-provider-uac,,,,] 12788 --- [           main] o.s.b.a.e.mvc.EndpointHandlerMapping     : Mapped "{[/archaius || /archaius.json],methods=[GET],produces=[application/vnd.spring-boot.actuator.v1+json || application/json]}" onto public java.lang.Object org.springframework.boot.actuate.endpoint.mvc.EndpointMvcAdapter.invoke()
2019-02-27 22:50:02.568  INFO [bootstrap,,,] [paascloud-provider-uac,,,,] 12788 --- [           main] o.s.b.a.e.mvc.EndpointHandlerMapping     : Mapped "{[/service-registry/instance-status],methods=[POST]}" onto public org.springframework.http.ResponseEntity<?> org.springframework.cloud.client.serviceregistry.endpoint.ServiceRegistryEndpoint.setStatus(java.lang.String)
2019-02-27 22:50:02.568  INFO [bootstrap,,,] [paascloud-provider-uac,,,,] 12788 --- [           main] o.s.b.a.e.mvc.EndpointHandlerMapping     : Mapped "{[/service-registry/instance-status],methods=[GET]}" onto public org.springframework.http.ResponseEntity org.springframework.cloud.client.serviceregistry.endpoint.ServiceRegistryEndpoint.getStatus()
2019-02-27 22:50:02.568  INFO [bootstrap,,,] [paascloud-provider-uac,,,,] 12788 --- [           main] o.s.b.a.e.mvc.EndpointHandlerMapping     : Mapped "{[/features || /features.json],methods=[GET],produces=[application/vnd.spring-boot.actuator.v1+json || application/json]}" onto public java.lang.Object org.springframework.boot.actuate.endpoint.mvc.EndpointMvcAdapter.invoke()
2019-02-27 22:50:02.569  INFO [bootstrap,,,] [paascloud-provider-uac,,,,] 12788 --- [           main] o.s.b.a.e.mvc.EndpointHandlerMapping     : Mapped "{[/metrics/{name:.*}],methods=[GET],produces=[application/vnd.spring-boot.actuator.v1+json || application/json]}" onto public java.lang.Object org.springframework.boot.actuate.endpoint.mvc.MetricsMvcEndpoint.value(java.lang.String)
2019-02-27 22:50:02.570  INFO [bootstrap,,,] [paascloud-provider-uac,,,,] 12788 --- [           main] o.s.b.a.e.mvc.EndpointHandlerMapping     : Mapped "{[/metrics || /metrics.json],methods=[GET],produces=[application/vnd.spring-boot.actuator.v1+json || application/json]}" onto public java.lang.Object org.springframework.boot.actuate.endpoint.mvc.EndpointMvcAdapter.invoke()
2019-02-27 22:50:02.570  INFO [bootstrap,,,] [paascloud-provider-uac,,,,] 12788 --- [           main] o.s.b.a.e.mvc.EndpointHandlerMapping     : Mapped "{[/autoconfig || /autoconfig.json],methods=[GET],produces=[application/vnd.spring-boot.actuator.v1+json || application/json]}" onto public java.lang.Object org.springframework.boot.actuate.endpoint.mvc.EndpointMvcAdapter.invoke()
2019-02-27 22:50:02.571  INFO [bootstrap,,,] [paascloud-provider-uac,,,,] 12788 --- [           main] o.s.b.a.e.mvc.EndpointHandlerMapping     : Mapped "{[/mappings || /mappings.json],methods=[GET],produces=[application/vnd.spring-boot.actuator.v1+json || application/json]}" onto public java.lang.Object org.springframework.boot.actuate.endpoint.mvc.EndpointMvcAdapter.invoke()
2019-02-27 22:50:02.571  INFO [bootstrap,,,] [paascloud-provider-uac,,,,] 12788 --- [           main] o.s.b.a.e.mvc.EndpointHandlerMapping     : Mapped "{[/trace || /trace.json],methods=[GET],produces=[application/vnd.spring-boot.actuator.v1+json || application/json]}" onto public java.lang.Object org.springframework.boot.actuate.endpoint.mvc.EndpointMvcAdapter.invoke()
2019-02-27 22:50:02.572  INFO [bootstrap,,,] [paascloud-provider-uac,,,,] 12788 --- [           main] o.s.b.a.e.mvc.EndpointHandlerMapping     : Mapped "{[/hystrix.stream/**]}" onto public org.springframework.web.servlet.ModelAndView org.springframework.cloud.netflix.endpoint.ServletWrappingEndpoint.handle(javax.servlet.http.HttpServletRequest,javax.servlet.http.HttpServletResponse) throws java.lang.Exception
2019-02-27 22:50:02.572  INFO [bootstrap,,,] [paascloud-provider-uac,,,,] 12788 --- [           main] o.s.b.a.e.mvc.EndpointHandlerMapping     : Mapped "{[/configprops || /configprops.json],methods=[GET],produces=[application/vnd.spring-boot.actuator.v1+json || application/json]}" onto public java.lang.Object org.springframework.boot.actuate.endpoint.mvc.EndpointMvcAdapter.invoke()
2019-02-27 22:50:02.573  INFO [bootstrap,,,] [paascloud-provider-uac,,,,] 12788 --- [           main] o.s.b.a.e.mvc.EndpointHandlerMapping     : Mapped "{[/dump || /dump.json],methods=[GET],produces=[application/vnd.spring-boot.actuator.v1+json || application/json]}" onto public java.lang.Object org.springframework.boot.actuate.endpoint.mvc.EndpointMvcAdapter.invoke()
2019-02-27 22:50:02.573  INFO [bootstrap,,,] [paascloud-provider-uac,,,,] 12788 --- [           main] o.s.b.a.e.mvc.EndpointHandlerMapping     : Mapped "{[/env],methods=[POST]}" onto public java.lang.Object org.springframework.cloud.context.environment.EnvironmentManagerMvcEndpoint.value(java.util.Map<java.lang.String, java.lang.String>)
2019-02-27 22:50:02.574  INFO [bootstrap,,,] [paascloud-provider-uac,,,,] 12788 --- [           main] o.s.b.a.e.mvc.EndpointHandlerMapping     : Mapped "{[/env/reset],methods=[POST]}" onto public java.util.Map<java.lang.String, java.lang.Object> org.springframework.cloud.context.environment.EnvironmentManagerMvcEndpoint.reset()
2019-02-27 22:50:02.574  INFO [bootstrap,,,] [paascloud-provider-uac,,,,] 12788 --- [           main] o.s.b.a.e.mvc.EndpointHandlerMapping     : Mapped "{[/loggers/{name:.*}],methods=[GET],produces=[application/vnd.spring-boot.actuator.v1+json || application/json]}" onto public java.lang.Object org.springframework.boot.actuate.endpoint.mvc.LoggersMvcEndpoint.get(java.lang.String)
2019-02-27 22:50:02.575  INFO [bootstrap,,,] [paascloud-provider-uac,,,,] 12788 --- [           main] o.s.b.a.e.mvc.EndpointHandlerMapping     : Mapped "{[/loggers/{name:.*}],methods=[POST],consumes=[application/vnd.spring-boot.actuator.v1+json || application/json],produces=[application/vnd.spring-boot.actuator.v1+json || application/json]}" onto public java.lang.Object org.springframework.boot.actuate.endpoint.mvc.LoggersMvcEndpoint.set(java.lang.String,java.util.Map<java.lang.String, java.lang.String>)
2019-02-27 22:50:02.575  INFO [bootstrap,,,] [paascloud-provider-uac,,,,] 12788 --- [           main] o.s.b.a.e.mvc.EndpointHandlerMapping     : Mapped "{[/loggers || /loggers.json],methods=[GET],produces=[application/vnd.spring-boot.actuator.v1+json || application/json]}" onto public java.lang.Object org.springframework.boot.actuate.endpoint.mvc.EndpointMvcAdapter.invoke()
2019-02-27 22:50:02.576  INFO [bootstrap,,,] [paascloud-provider-uac,,,,] 12788 --- [           main] o.s.b.a.e.mvc.EndpointHandlerMapping     : Mapped "{[/auditevents || /auditevents.json],methods=[GET],produces=[application/vnd.spring-boot.actuator.v1+json || application/json]}" onto public org.springframework.http.ResponseEntity<?> org.springframework.boot.actuate.endpoint.mvc.AuditEventsMvcEndpoint.findByPrincipalAndAfterAndType(java.lang.String,java.util.Date,java.lang.String)
2019-02-27 22:50:02.577  INFO [bootstrap,,,] [paascloud-provider-uac,,,,] 12788 --- [           main] o.s.b.a.e.mvc.EndpointHandlerMapping     : Mapped "{[/liquibase || /liquibase.json],methods=[GET],produces=[application/vnd.spring-boot.actuator.v1+json || application/json]}" onto public java.lang.Object org.springframework.boot.actuate.endpoint.mvc.EndpointMvcAdapter.invoke()
2019-02-27 22:50:02.577  INFO [bootstrap,,,] [paascloud-provider-uac,,,,] 12788 --- [           main] o.s.b.a.e.mvc.EndpointHandlerMapping     : Mapped "{[/env/{name:.*}],methods=[GET],produces=[application/vnd.spring-boot.actuator.v1+json || application/json]}" onto public java.lang.Object org.springframework.boot.actuate.endpoint.mvc.EnvironmentMvcEndpoint.value(java.lang.String)
2019-02-27 22:50:02.577  INFO [bootstrap,,,] [paascloud-provider-uac,,,,] 12788 --- [           main] o.s.b.a.e.mvc.EndpointHandlerMapping     : Mapped "{[/env || /env.json],methods=[GET],produces=[application/vnd.spring-boot.actuator.v1+json || application/json]}" onto public java.lang.Object org.springframework.boot.actuate.endpoint.mvc.EndpointMvcAdapter.invoke()
2019-02-27 22:50:02.578  INFO [bootstrap,,,] [paascloud-provider-uac,,,,] 12788 --- [           main] o.s.b.a.e.mvc.EndpointHandlerMapping     : Mapped "{[/health || /health.json],methods=[GET],produces=[application/vnd.spring-boot.actuator.v1+json || application/json]}" onto public java.lang.Object org.springframework.boot.actuate.endpoint.mvc.HealthMvcEndpoint.invoke(javax.servlet.http.HttpServletRequest,java.security.Principal)
2019-02-27 22:50:02.578  INFO [bootstrap,,,] [paascloud-provider-uac,,,,] 12788 --- [           main] o.s.b.a.e.mvc.EndpointHandlerMapping     : Mapped "{[/refresh || /refresh.json],methods=[POST]}" onto public java.lang.Object org.springframework.cloud.endpoint.GenericPostableMvcEndpoint.invoke()
2019-02-27 22:50:02.578  INFO [bootstrap,,,] [paascloud-provider-uac,,,,] 12788 --- [           main] o.s.b.a.e.mvc.EndpointHandlerMapping     : Mapped "{[/info || /info.json],methods=[GET],produces=[application/vnd.spring-boot.actuator.v1+json || application/json]}" onto public java.lang.Object org.springframework.boot.actuate.endpoint.mvc.EndpointMvcAdapter.invoke()
2019-02-27 22:50:02.579  INFO [bootstrap,,,] [paascloud-provider-uac,,,,] 12788 --- [           main] o.s.b.a.e.mvc.EndpointHandlerMapping     : Mapped "{[/beans || /beans.json],methods=[GET],produces=[application/vnd.spring-boot.actuator.v1+json || application/json]}" onto public java.lang.Object org.springframework.boot.actuate.endpoint.mvc.EndpointMvcAdapter.invoke()
2019-02-27 22:50:02.580  INFO [bootstrap,,,] [paascloud-provider-uac,,,,] 12788 --- [           main] o.s.b.a.e.mvc.EndpointHandlerMapping     : Mapped "{[/jolokia/**]}" onto public org.springframework.web.servlet.ModelAndView org.springframework.boot.actuate.endpoint.mvc.JolokiaMvcEndpoint.handle(javax.servlet.http.HttpServletRequest,javax.servlet.http.HttpServletResponse) throws java.lang.Exception
2019-02-27 22:50:02.924  INFO [bootstrap,,,] [paascloud-provider-uac,,,,] 12788 --- [           main] c.p.p.config.AliyunMqConfiguration       : RocketMq UacPushConsumer topic = TPC_TOPIC, tags=DELETE_CONSUMER_MESSAGE||DELETE_PRODUCER_MESSAGE
2019-02-27 22:50:03.603  INFO [bootstrap,,,] [paascloud-provider-uac,,,,] 12788 --- [           main] o.s.w.s.handler.SimpleUrlHandlerMapping  : Mapped URL path [/**] onto handler of type [class org.springframework.web.servlet.resource.ResourceHttpRequestHandler]
2019-02-27 22:50:03.667  INFO [bootstrap,,,] [paascloud-provider-uac,,,,] 12788 --- [           main] s.w.s.m.m.a.RequestMappingHandlerAdapter : Looking for @ControllerAdvice: org.springframework.web.context.support.GenericWebApplicationContext@4ccb9af4: startup date [Wed Feb 27 22:49:51 CST 2019]; parent: org.springframework.context.annotation.AnnotationConfigApplicationContext@422ca9ec
2019-02-27 22:50:03.703  INFO [bootstrap,,,] [paascloud-provider-uac,,,,] 12788 --- [           main] .m.m.a.ExceptionHandlerExceptionResolver : Detected @ExceptionHandler methods in globalExceptionHandler
2019-02-27 22:50:04.214  WARN [bootstrap,,,] [paascloud-provider-uac,,,,] 12788 --- [           main] c.n.c.sources.URLConfigurationSource     : No URLs will be polled as dynamic configuration sources.
2019-02-27 22:50:04.215  INFO [bootstrap,,,] [paascloud-provider-uac,,,,] 12788 --- [           main] c.n.c.sources.URLConfigurationSource     : To enable URLs as dynamic configuration sources, define System property archaius.configurationSource.additionalUrls or make config.properties available on classpath.
2019-02-27 22:50:05.308  INFO [bootstrap,,,] [paascloud-provider-uac,,,,] 12788 --- [           main] o.s.s.web.DefaultSecurityFilterChain     : Creating filter chain: OrRequestMatcher [requestMatchers=[Ant [pattern='/css/**'], Ant [pattern='/js/**'], Ant [pattern='/images/**'], Ant [pattern='/webjars/**'], Ant [pattern='/**/favicon.ico'], Ant [pattern='/error']]], []
2019-02-27 22:50:05.308  INFO [bootstrap,,,] [paascloud-provider-uac,,,,] 12788 --- [           main] o.s.s.web.DefaultSecurityFilterChain     : Creating filter chain: org.springframework.boot.actuate.autoconfigure.ManagementWebSecurityAutoConfiguration$LazyEndpointPathRequestMatcher@42ba1ec, []
2019-02-27 22:50:05.432  INFO [bootstrap,,,] [paascloud-provider-uac,,,,] 12788 --- [           main] o.s.s.web.DefaultSecurityFilterChain     : Creating filter chain: OrRequestMatcher [requestMatchers=[Ant [pattern='/oauth/token'], Ant [pattern='/oauth/token_key'], Ant [pattern='/oauth/check_token']]], [org.springframework.security.web.context.request.async.WebAsyncManagerIntegrationFilter@243f4a3d, org.springframework.security.web.context.SecurityContextPersistenceFilter@56aa4bbc, org.springframework.security.web.header.HeaderWriterFilter@45f5415f, org.springframework.security.web.authentication.logout.LogoutFilter@75d69528, org.springframework.security.oauth2.provider.client.ClientCredentialsTokenEndpointFilter@7c0d4d00, org.springframework.security.web.authentication.www.BasicAuthenticationFilter@45b344fc, org.springframework.security.web.savedrequest.RequestCacheAwareFilter@36f2506, org.springframework.security.web.servletapi.SecurityContextHolderAwareRequestFilter@6a2ecf79, org.springframework.security.web.authentication.AnonymousAuthenticationFilter@44175b1c, org.springframework.security.web.session.SessionManagementFilter@2781dd04, org.springframework.security.web.access.ExceptionTranslationFilter@169aab9e, org.springframework.security.web.access.intercept.FilterSecurityInterceptor@64c864f8]
2019-02-27 22:50:05.485  INFO [bootstrap,,,] [paascloud-provider-uac,,,,] 12788 --- [           main] o.s.s.web.DefaultSecurityFilterChain     : Creating filter chain: org.springframework.security.oauth2.config.annotation.web.configuration.ResourceServerConfiguration$NotOAuthRequestMatcher@4422f20d, [org.springframework.security.web.context.request.async.WebAsyncManagerIntegrationFilter@6aeb8144, org.springframework.security.web.context.SecurityContextPersistenceFilter@269b16b8, org.springframework.security.web.header.HeaderWriterFilter@1529f46d, org.springframework.security.web.authentication.logout.LogoutFilter@69ba98c5, org.springframework.security.oauth2.provider.authentication.OAuth2AuthenticationProcessingFilter@5ce3343f, com.paascloud.security.core.validate.code.ValidateCodeFilter@62bfb3ec, org.springframework.social.security.SocialAuthenticationFilter@4bbf892d, org.springframework.security.web.authentication.UsernamePasswordAuthenticationFilter@cf7a424, com.paascloud.security.core.authentication.mobile.SmsCodeAuthenticationFilter@333f0d46, com.paascloud.security.app.authentication.openid.OpenIdAuthenticationFilter@55a4a82b, org.springframework.security.web.savedrequest.RequestCacheAwareFilter@137e50c0, org.springframework.security.web.servletapi.SecurityContextHolderAwareRequestFilter@49ae445e, org.springframework.security.web.authentication.AnonymousAuthenticationFilter@6c59a08, org.springframework.security.web.session.SessionManagementFilter@707a19cf, org.springframework.security.web.access.ExceptionTranslationFilter@1f054aa9, org.springframework.security.web.access.intercept.FilterSecurityInterceptor@3d8b7ed4]
2019-02-27 22:50:05.497  INFO [bootstrap,,,] [paascloud-provider-uac,,,,] 12788 --- [           main] o.s.s.web.DefaultSecurityFilterChain     : Creating filter chain: OrRequestMatcher [requestMatchers=[Ant [pattern='/**']]], [org.springframework.security.web.context.request.async.WebAsyncManagerIntegrationFilter@134060ce, org.springframework.security.web.context.SecurityContextPersistenceFilter@5017a542, org.springframework.security.web.header.HeaderWriterFilter@4d6dabf6, org.springframework.security.web.authentication.logout.LogoutFilter@7448fa86, org.springframework.security.web.authentication.www.BasicAuthenticationFilter@19186cf8, org.springframework.security.web.savedrequest.RequestCacheAwareFilter@55ad5c9e, org.springframework.security.web.servletapi.SecurityContextHolderAwareRequestFilter@75bf6fc6, org.springframework.security.web.authentication.AnonymousAuthenticationFilter@33443e63, org.springframework.security.web.session.SessionManagementFilter@509a2d8a, org.springframework.security.web.access.ExceptionTranslationFilter@5fdb4c82, org.springframework.security.web.access.intercept.FilterSecurityInterceptor@412b93d0]
2019-02-27 22:50:06.162  INFO [bootstrap,,,] [paascloud-provider-uac,,,,] 12788 --- [           main] com.netflix.discovery.DiscoveryClient    : Shutting down DiscoveryClient ...
2019-02-27 22:50:06.239  INFO [bootstrap,,,] [paascloud-provider-uac,,,,] 12788 --- [           main] com.netflix.discovery.DiscoveryClient    : Completed shut down of DiscoveryClient
2019-02-27 22:50:06.437  INFO [bootstrap,,,] [paascloud-provider-uac,,,,] 12788 --- [           main] o.s.s.c.ThreadPoolTaskScheduler          : Initializing ExecutorService 
2019-02-27 22:50:06.769  INFO [bootstrap,,,] [paascloud-provider-uac,,,,] 12788 --- [           main] o.s.c.support.DefaultLifecycleProcessor  : Starting beans in phase 0
2019-02-27 22:50:06.769  INFO [bootstrap,,,] [paascloud-provider-uac,,,,] 12788 --- [           main] o.s.c.support.DefaultLifecycleProcessor  : Starting beans in phase 2147483647
2019-02-27 22:50:06.769  INFO [bootstrap,,,] [paascloud-provider-uac,,,,] 12788 --- [           main] d.s.w.p.DocumentationPluginsBootstrapper : Context refreshed
2019-02-27 22:50:06.772  INFO [bootstrap,,,] [paascloud-provider-uac,,,,] 12788 --- [           main] d.s.w.p.DocumentationPluginsBootstrapper : Found 1 custom documentation plugin(s)
2019-02-27 22:50:06.783  INFO [bootstrap,,,] [paascloud-provider-uac,,,,] 12788 --- [           main] s.d.s.w.s.ApiListingReferenceScanner     : Scanning for api listing references
2019-02-27 22:50:07.051  INFO [bootstrap,,,] [paascloud-provider-uac,,,,] 12788 --- [           main] .d.s.w.r.o.CachingOperationNameGenerator : Generating unique operation named: getGroupTreeByIdUsingPOST_1
2019-02-27 22:50:07.213  INFO [bootstrap,,,] [paascloud-provider-uac,,,,] 12788 --- [           main] .d.s.w.r.o.CachingOperationNameGenerator : Generating unique operation named: batchDeleteByIdListUsingPOST_1
2019-02-27 22:50:07.242  INFO [bootstrap,,,] [paascloud-provider-uac,,,,] 12788 --- [           main] .d.s.w.r.o.CachingOperationNameGenerator : Generating unique operation named: saveUsingPOST_1
2019-02-27 22:50:07.246  INFO [bootstrap,,,] [paascloud-provider-uac,,,,] 12788 --- [           main] .d.s.w.r.o.CachingOperationNameGenerator : Generating unique operation named: queryUacActionListWithPageUsingPOST_1
2019-02-27 22:50:07.320  INFO [bootstrap,,,] [paascloud-provider-uac,,,,] 12788 --- [           main] .d.s.w.r.o.CachingOperationNameGenerator : Generating unique operation named: loginAfterUsingPOST_1
2019-02-27 22:50:07.455  INFO [bootstrap,,,] [paascloud-provider-uac,,,,] 12788 --- [           main] .d.s.w.r.o.CachingOperationNameGenerator : Generating unique operation named: registerUserUsingPOST_1
2019-02-27 22:50:07.459  INFO [bootstrap,,,] [paascloud-provider-uac,,,,] 12788 --- [           main] ration$HystrixMetricsPollerConfiguration : Starting poller
2019-02-27 22:50:07.480  INFO [bootstrap,,,] [paascloud-provider-uac,,,,] 12788 --- [           main] c.p.provider.config.RedisInitRunner      : >>>>>>>>>>>>>>>鏈嶅姟鍚姩鎵ц锛屾墽琛屽姞杞芥暟鎹瓑鎿嶄綔 11111111 <<<<<<<<<<<<<
2019-02-27 22:50:07.482  INFO [bootstrap,,,] [paascloud-provider-uac,,,,] 12788 --- [           main] c.p.core.config.ZookeeperInitRunner      : ###ZookeeperInitRunner锛宨nit. HostAddress=192.168.144.1, applicationName=paascloud-provider-uac
2019-02-27 22:50:07.482  INFO [bootstrap,,,] [paascloud-provider-uac,,,,] 12788 --- [           main] o.a.c.f.imps.CuratorFrameworkImpl        : Starting
2019-02-27 22:50:07.482  INFO [bootstrap,,,] [paascloud-provider-uac,,,,] 12788 --- [           main] org.apache.zookeeper.ZooKeeper           : Initiating client connection, connectString=paascloud-provider-zk:2181 sessionTimeout=60000 watcher=org.apache.curator.ConnectionState@7f8f4e0d
2019-02-27 22:50:07.488  INFO [bootstrap,,,] [paascloud-provider-uac,,,,] 12788 --- [cloud.net:2181)] org.apache.zookeeper.ClientCnxn          : Opening socket connection to server dev-login.paascloud.net/127.0.0.1:2181. Will not attempt to authenticate using SASL (unknown error)
2019-02-27 22:50:07.925  INFO [bootstrap,,,] [paascloud-provider-uac,,,,] 12788 --- [task-executor-1] RocketmqClient                           : the consumer [CID_UAC] start beginning. messageModel=CLUSTERING, isUnitMode=false
2019-02-27 22:50:08.165  INFO [bootstrap,,,] [paascloud-provider-uac,,,,] 12788 --- [task-executor-1] RocketmqRemoting                         : name server address updated. NEW : [paascloud-mq-rocket:9876] , OLD: null
2019-02-27 22:50:08.165  INFO [bootstrap,,,] [paascloud-provider-uac,,,,] 12788 --- [task-executor-1] RocketmqClient                           : user specified name server address: paascloud-mq-rocket:9876
2019-02-27 22:50:08.369  INFO [bootstrap,,,] [paascloud-provider-uac,,,,] 12788 --- [task-executor-1] RocketmqClient                           : created a new client Instance, FactoryIndex: 2 ClinetID: 192.168.124.11@12788 ClientConfig [namesrvAddr=paascloud-mq-rocket:9876, clientIP=192.168.124.11, instanceName=12788, clientCallbackExecutorThreads=4, pollNameServerInterval=30000, heartbeatBrokerInterval=30000, persistConsumerOffsetInterval=5000, unitMode=false, unitName=null, vipChannelEnabled=true] V4_1_0_SNAPSHOT, serializeType=JSON
2019-02-27 22:50:08.370  INFO [bootstrap,,,] [paascloud-provider-uac,,,,] 12788 --- [task-executor-1] RocketmqClient                           : Created new MQClientInstance for clientId:[192.168.124.11@12788]
2019-02-27 22:50:08.371  INFO [bootstrap,,,] [paascloud-provider-uac,,,,] 12788 --- [task-executor-1] RocketmqClient                           : the producer [CLIENT_INNER_PRODUCER] start OK. sendMessageWithVIPChannel=true
2019-02-27 22:50:08.372  INFO [bootstrap,,,] [paascloud-provider-uac,,,,] 12788 --- [task-executor-1] RocketmqClient                           : the client factory [192.168.124.11@12788] start OK
2019-02-27 22:50:08.372  INFO [bootstrap,,,] [paascloud-provider-uac,,,,] 12788 --- [task-executor-1] RocketmqClient                           : the consumer [CID_UAC] start OK.
2019-02-27 22:50:08.372  INFO [bootstrap,,,] [paascloud-provider-uac,,,,] 12788 --- [task-executor-1] RocketmqRemoting                         : new name server is chosen. OLD: null , NEW: paascloud-mq-rocket:9876. namesrvIndex = 959
2019-02-27 22:50:08.376  INFO [bootstrap,,,] [paascloud-provider-uac,,,,] 12788 --- [task-executor-1] RocketmqRemoting                         : createChannel: begin to connect remote host[paascloud-mq-rocket:9876] asynchronously
2019-02-27 22:50:08.381  INFO [bootstrap,,,] [paascloud-provider-uac,,,,] 12788 --- [lMessageService] RocketmqClient                           : PullMessageService service started
2019-02-27 22:50:08.382  INFO [bootstrap,,,] [paascloud-provider-uac,,,,] 12788 --- [ebalanceService] RocketmqClient                           : RebalanceService service started
2019-02-27 22:50:08.383  INFO [bootstrap,,,] [paascloud-provider-uac,,,,] 12788 --- [tWorkerThread_1] RocketmqRemoting                         : NETTY CLIENT PIPELINE: CONNECT  UNKNOWN => aascloud-mq-rocket/127.0.0.1:9876
2019-02-27 22:50:08.386  INFO [bootstrap,,,] [paascloud-provider-uac,,,,] 12788 --- [task-executor-1] RocketmqRemoting                         : createChannel: connect remote host[paascloud-mq-rocket:9876] success, DefaultChannelPromise@71a80043(success)
2019-02-27 22:50:08.394  WARN [bootstrap,,,] [paascloud-provider-uac,,,,] 12788 --- [task-executor-1] RocketmqClient                           : get Topic [TPC_TOPIC] RouteInfoFromNameServer is not exist value
2019-02-27 22:50:08.394  WARN [bootstrap,,,] [paascloud-provider-uac,,,,] 12788 --- [task-executor-1] RocketmqClient                           : updateTopicRouteInfoFromNameServer Exception

org.apache.rocketmq.client.exception.MQClientException: CODE: 17  DESC: No topic route info in name server for the topic: TPC_TOPIC
See http://rocketmq.apache.org/docs/faq/ for further details.
	at org.apache.rocketmq.client.impl.MQClientAPIImpl.getTopicRouteInfoFromNameServer(MQClientAPIImpl.java:1232)
	at org.apache.rocketmq.client.impl.factory.MQClientInstance.updateTopicRouteInfoFromNameServer(MQClientInstance.java:603)
	at org.apache.rocketmq.client.impl.factory.MQClientInstance.updateTopicRouteInfoFromNameServer(MQClientInstance.java:491)
	at org.apache.rocketmq.client.impl.consumer.DefaultMQPushConsumerImpl.updateTopicSubscribeInfoWhenSubscriptionChanged(DefaultMQPushConsumerImpl.java:803)
	at org.apache.rocketmq.client.impl.consumer.DefaultMQPushConsumerImpl.start(DefaultMQPushConsumerImpl.java:619)
	at org.apache.rocketmq.client.consumer.DefaultMQPushConsumer.start(DefaultMQPushConsumer.java:456)
	at com.paascloud.provider.config.AliyunMqConfiguration.lambda$defaultMQPushConsumer$0(AliyunMqConfiguration.java:78)
	at com.paascloud.core.config.ExceptionHandlingAsyncTaskExecutor.lambda$createWrappedRunnable$2(ExceptionHandlingAsyncTaskExecutor.java:76)
	at java.util.concurrent.ThreadPoolExecutor.runWorker(ThreadPoolExecutor.java:1142)
	at java.util.concurrent.ThreadPoolExecutor$Worker.run(ThreadPoolExecutor.java:617)
	at java.lang.Thread.run(Thread.java:745)

2019-02-27 22:50:08.400  INFO [bootstrap,,,] [paascloud-provider-uac,,,,] 12788 --- [task-executor-1] RocketmqClient                           : the topic[%RETRY%CID_UAC] route info changed, old[null] ,new[TopicRouteData [orderTopicConf=null, queueDatas=[QueueData [brokerName=SC-201706010027, readQueueNums=1, writeQueueNums=1, perm=6, topicSynFlag=0]], brokerDatas=[BrokerData [brokerName=SC-201706010027, brokerAddrs={0=192.168.124.11:10911}]], filterServerTable={}]]
2019-02-27 22:50:08.401  INFO [bootstrap,,,] [paascloud-provider-uac,,,,] 12788 --- [task-executor-1] RocketmqClient                           : topicRouteTable.put. Topic = %RETRY%CID_UAC, TopicRouteData[TopicRouteData [orderTopicConf=null, queueDatas=[QueueData [brokerName=SC-201706010027, readQueueNums=1, writeQueueNums=1, perm=6, topicSynFlag=0]], brokerDatas=[BrokerData [brokerName=SC-201706010027, brokerAddrs={0=192.168.124.11:10911}]], filterServerTable={}]]
2019-02-27 22:50:08.403  INFO [bootstrap,,,] [paascloud-provider-uac,,,,] 12788 --- [task-executor-1] RocketmqRemoting                         : createChannel: begin to connect remote host[192.168.124.11:10911] asynchronously
2019-02-27 22:50:08.410  INFO [bootstrap,,,] [paascloud-provider-uac,,,,] 12788 --- [tWorkerThread_2] RocketmqRemoting                         : NETTY CLIENT PIPELINE: CONNECT  UNKNOWN => 192.168.124.11:10911
2019-02-27 22:50:08.412  INFO [bootstrap,,,] [paascloud-provider-uac,,,,] 12788 --- [task-executor-1] RocketmqRemoting                         : createChannel: connect remote host[192.168.124.11:10911] success, DefaultChannelPromise@1b2d32cd(success)
2019-02-27 22:50:08.418  INFO [bootstrap,,,] [paascloud-provider-uac,,,,] 12788 --- [task-executor-1] RocketmqClient                           : send heart beat to broker[SC-201706010027 0 192.168.124.11:10911] success
2019-02-27 22:50:08.418  INFO [bootstrap,,,] [paascloud-provider-uac,,,,] 12788 --- [task-executor-1] RocketmqClient                           : HeartbeatData [clientID=192.168.124.11@12788, producerDataSet=[ProducerData [groupName=CLIENT_INNER_PRODUCER]], consumerDataSet=[ConsumerData [groupName=CID_UAC, consumeType=CONSUME_PASSIVELY, messageModel=CLUSTERING, consumeFromWhere=CONSUME_FROM_LAST_OFFSET, unitMode=false, subscriptionDataSet=[SubscriptionData [classFilterMode=false, topic=%RETRY%CID_UAC, subString=*, tagsSet=[], codeSet=[], subVersion=1551279007926, expressionType=null], SubscriptionData [classFilterMode=false, topic=TPC_TOPIC, subString=DELETE_CONSUMER_MESSAGE||DELETE_PRODUCER_MESSAGE, tagsSet=[DELETE_CONSUMER_MESSAGE, DELETE_PRODUCER_MESSAGE], codeSet=[272065714, -1452059570], subVersion=1551279002924, expressionType=null]]]]]
2019-02-27 22:50:08.418  INFO [bootstrap,,,] [paascloud-provider-uac,,,,] 12788 --- [task-executor-1] c.p.p.config.AliyunMqConfiguration       : RocketMq UacPushConsumer OK.
2019-02-27 22:50:08.419  INFO [bootstrap,,,] [paascloud-provider-uac,,,,] 12788 --- [ublicExecutor_1] RocketmqClient                           : receive broker's notification[192.168.124.11:10911], the consumer group: CID_UAC changed, rebalance immediately
2019-02-27 22:50:08.441  WARN [bootstrap,,,] [paascloud-provider-uac,,,,] 12788 --- [ScheduledThread] RocketmqClient                           : get Topic [TPC_TOPIC] RouteInfoFromNameServer is not exist value
2019-02-27 22:50:08.442  WARN [bootstrap,,,] [paascloud-provider-uac,,,,] 12788 --- [ScheduledThread] RocketmqClient                           : updateTopicRouteInfoFromNameServer Exception

org.apache.rocketmq.client.exception.MQClientException: CODE: 17  DESC: No topic route info in name server for the topic: TPC_TOPIC
See http://rocketmq.apache.org/docs/faq/ for further details.
	at org.apache.rocketmq.client.impl.MQClientAPIImpl.getTopicRouteInfoFromNameServer(MQClientAPIImpl.java:1232)
	at org.apache.rocketmq.client.impl.factory.MQClientInstance.updateTopicRouteInfoFromNameServer(MQClientInstance.java:603)
	at org.apache.rocketmq.client.impl.factory.MQClientInstance.updateTopicRouteInfoFromNameServer(MQClientInstance.java:491)
	at org.apache.rocketmq.client.impl.factory.MQClientInstance.updateTopicRouteInfoFromNameServer(MQClientInstance.java:360)
	at org.apache.rocketmq.client.impl.factory.MQClientInstance$3.run(MQClientInstance.java:277)
	at java.util.concurrent.Executors$RunnableAdapter.call(Executors.java:511)
	at java.util.concurrent.FutureTask.runAndReset(FutureTask.java:308)
	at java.util.concurrent.ScheduledThreadPoolExecutor$ScheduledFutureTask.access$301(ScheduledThreadPoolExecutor.java:180)
	at java.util.concurrent.ScheduledThreadPoolExecutor$ScheduledFutureTask.run(ScheduledThreadPoolExecutor.java:294)
	at java.util.concurrent.ThreadPoolExecutor.runWorker(ThreadPoolExecutor.java:1142)
	at java.util.concurrent.ThreadPoolExecutor$Worker.run(ThreadPoolExecutor.java:617)
	at java.lang.Thread.run(Thread.java:745)

2019-02-27 22:50:08.458  INFO [bootstrap,,,] [paascloud-provider-uac,,,,] 12788 --- [ScheduledThread] RocketmqClient                           : the topic[TBW102] route info changed, old[null] ,new[TopicRouteData [orderTopicConf=null, queueDatas=[QueueData [brokerName=SC-201706010027, readQueueNums=8, writeQueueNums=8, perm=7, topicSynFlag=0]], brokerDatas=[BrokerData [brokerName=SC-201706010027, brokerAddrs={0=192.168.124.11:10911}]], filterServerTable={}]]
2019-02-27 22:50:08.458  INFO [bootstrap,,,] [paascloud-provider-uac,,,,] 12788 --- [ScheduledThread] RocketmqClient                           : updateTopicPublishInfo prev is not null, TopicPublishInfo [orderTopic=false, messageQueueList=[], sendWhichQueue=ThreadLocalIndex{threadLocalIndex=null}, haveTopicRouterInfo=false]
2019-02-27 22:50:08.458  INFO [bootstrap,,,] [paascloud-provider-uac,,,,] 12788 --- [ScheduledThread] RocketmqClient                           : topicRouteTable.put. Topic = TBW102, TopicRouteData[TopicRouteData [orderTopicConf=null, queueDatas=[QueueData [brokerName=SC-201706010027, readQueueNums=8, writeQueueNums=8, perm=7, topicSynFlag=0]], brokerDatas=[BrokerData [brokerName=SC-201706010027, brokerAddrs={0=192.168.124.11:10911}]], filterServerTable={}]]
2019-02-27 22:50:08.464  WARN [bootstrap,,,] [paascloud-provider-uac,,,,] 12788 --- [ebalanceService] RocketmqClient                           : get Topic [TPC_TOPIC] RouteInfoFromNameServer is not exist value
2019-02-27 22:50:08.464  WARN [bootstrap,,,] [paascloud-provider-uac,,,,] 12788 --- [ebalanceService] RocketmqClient                           : updateTopicRouteInfoFromNameServer Exception

org.apache.rocketmq.client.exception.MQClientException: CODE: 17  DESC: No topic route info in name server for the topic: TPC_TOPIC
See http://rocketmq.apache.org/docs/faq/ for further details.
	at org.apache.rocketmq.client.impl.MQClientAPIImpl.getTopicRouteInfoFromNameServer(MQClientAPIImpl.java:1232)
	at org.apache.rocketmq.client.impl.factory.MQClientInstance.updateTopicRouteInfoFromNameServer(MQClientInstance.java:603)
	at org.apache.rocketmq.client.impl.factory.MQClientInstance.updateTopicRouteInfoFromNameServer(MQClientInstance.java:491)
	at org.apache.rocketmq.client.impl.factory.MQClientInstance.findConsumerIdList(MQClientInstance.java:1051)
	at org.apache.rocketmq.client.impl.consumer.RebalanceImpl.rebalanceByTopic(RebalanceImpl.java:261)
	at org.apache.rocketmq.client.impl.consumer.RebalanceImpl.doRebalance(RebalanceImpl.java:224)
	at org.apache.rocketmq.client.impl.consumer.DefaultMQPushConsumerImpl.doRebalance(DefaultMQPushConsumerImpl.java:946)
	at org.apache.rocketmq.client.impl.factory.MQClientInstance.doRebalance(MQClientInstance.java:952)
	at org.apache.rocketmq.client.impl.consumer.RebalanceService.run(RebalanceService.java:44)
	at java.lang.Thread.run(Thread.java:745)

2019-02-27 22:50:08.464  WARN [bootstrap,,,] [paascloud-provider-uac,,,,] 12788 --- [ebalanceService] RocketmqClient                           : doRebalance, CID_UAC, but the topic[TPC_TOPIC] not exist.
2019-02-27 22:50:08.465  WARN [bootstrap,,,] [paascloud-provider-uac,,,,] 12788 --- [ebalanceService] RocketmqClient                           : doRebalance, CID_UAC TPC_TOPIC, get consumer id list failed
2019-02-27 22:50:08.465  INFO [bootstrap,,,] [paascloud-provider-uac,,,,] 12788 --- [ebalanceService] RocketmqRemoting                         : createChannel: begin to connect remote host[192.168.124.11:10909] asynchronously
2019-02-27 22:50:08.466  INFO [bootstrap,,,] [paascloud-provider-uac,,,,] 12788 --- [tWorkerThread_3] RocketmqRemoting                         : NETTY CLIENT PIPELINE: CONNECT  UNKNOWN => 192.168.124.11:10909
2019-02-27 22:50:08.467  INFO [bootstrap,,,] [paascloud-provider-uac,,,,] 12788 --- [ebalanceService] RocketmqRemoting                         : createChannel: connect remote host[192.168.124.11:10909] success, DefaultChannelPromise@b3b50f1(success)
2019-02-27 22:50:08.471  INFO [bootstrap,,,] [paascloud-provider-uac,,,,] 12788 --- [ebalanceService] RocketmqClient                           : remove unnecessary messageQueue offset. group=CID_UAC, mq=MessageQueue [topic=%RETRY%CID_UAC, brokerName=SC-201706010027, queueId=0], offsetTableSize=0
2019-02-27 22:50:08.484  INFO [bootstrap,,,] [paascloud-provider-uac,,,,] 12788 --- [ebalanceService] RocketmqClient                           : doRebalance, CID_UAC, add a new mq, MessageQueue [topic=%RETRY%CID_UAC, brokerName=SC-201706010027, queueId=0]
2019-02-27 22:50:08.484  INFO [bootstrap,,,] [paascloud-provider-uac,,,,] 12788 --- [ebalanceService] RocketmqClient                           : doRebalance, CID_UAC, add a new pull request PullRequest [consumerGroup=CID_UAC, messageQueue=MessageQueue [topic=%RETRY%CID_UAC, brokerName=SC-201706010027, queueId=0], nextOffset=0]
2019-02-27 22:50:08.484  INFO [bootstrap,,,] [paascloud-provider-uac,,,,] 12788 --- [ebalanceService] RocketmqClient                           : rebalanced result changed. allocateMessageQueueStrategyName=AVG, group=CID_UAC, topic=%RETRY%CID_UAC, clientId=192.168.124.11@12788, mqAllSize=1, cidAllSize=1, rebalanceResultSize=1, rebalanceResultSet=[MessageQueue [topic=%RETRY%CID_UAC, brokerName=SC-201706010027, queueId=0]]
2019-02-27 22:50:08.485  INFO [bootstrap,,,] [paascloud-provider-uac,,,,] 12788 --- [ebalanceService] RocketmqClient                           : %RETRY%CID_UAC Rebalance changed, also update version: 1551279007926, 1551279008485
2019-02-27 22:50:08.493  WARN [bootstrap,,,] [paascloud-provider-uac,,,,] 12788 --- [cloud.net:2181)] org.apache.zookeeper.ClientCnxn          : Session 0x0 for server null, unexpected error, closing socket connection and attempting reconnect

java.net.ConnectException: Connection refused: no further information
	at sun.nio.ch.SocketChannelImpl.checkConnect(Native Method)
	at sun.nio.ch.SocketChannelImpl.finishConnect(SocketChannelImpl.java:717)
	at org.apache.zookeeper.ClientCnxnSocketNIO.doTransport(ClientCnxnSocketNIO.java:361)
	at org.apache.zookeeper.ClientCnxn$SendThread.run(ClientCnxn.java:1081)

2019-02-27 22:50:08.511  WARN [bootstrap,,,] [paascloud-provider-uac,,,,] 12788 --- [ebalanceService] RocketmqClient                           : get Topic [TPC_TOPIC] RouteInfoFromNameServer is not exist value
2019-02-27 22:50:08.511  WARN [bootstrap,,,] [paascloud-provider-uac,,,,] 12788 --- [ebalanceService] RocketmqClient                           : updateTopicRouteInfoFromNameServer Exception

org.apache.rocketmq.client.exception.MQClientException: CODE: 17  DESC: No topic route info in name server for the topic: TPC_TOPIC
See http://rocketmq.apache.org/docs/faq/ for further details.
	at org.apache.rocketmq.client.impl.MQClientAPIImpl.getTopicRouteInfoFromNameServer(MQClientAPIImpl.java:1232)
	at org.apache.rocketmq.client.impl.factory.MQClientInstance.updateTopicRouteInfoFromNameServer(MQClientInstance.java:603)
	at org.apache.rocketmq.client.impl.factory.MQClientInstance.updateTopicRouteInfoFromNameServer(MQClientInstance.java:491)
	at org.apache.rocketmq.client.impl.factory.MQClientInstance.findConsumerIdList(MQClientInstance.java:1051)
	at org.apache.rocketmq.client.impl.consumer.RebalanceImpl.rebalanceByTopic(RebalanceImpl.java:261)
	at org.apache.rocketmq.client.impl.consumer.RebalanceImpl.doRebalance(RebalanceImpl.java:224)
	at org.apache.rocketmq.client.impl.consumer.DefaultMQPushConsumerImpl.doRebalance(DefaultMQPushConsumerImpl.java:946)
	at org.apache.rocketmq.client.impl.factory.MQClientInstance.doRebalance(MQClientInstance.java:952)
	at org.apache.rocketmq.client.impl.consumer.RebalanceService.run(RebalanceService.java:44)
	at java.lang.Thread.run(Thread.java:745)

2019-02-27 22:50:08.512  WARN [bootstrap,,,] [paascloud-provider-uac,,,,] 12788 --- [ebalanceService] RocketmqClient                           : doRebalance, CID_UAC, but the topic[TPC_TOPIC] not exist.
2019-02-27 22:50:08.512  WARN [bootstrap,,,] [paascloud-provider-uac,,,,] 12788 --- [ebalanceService] RocketmqClient                           : doRebalance, CID_UAC TPC_TOPIC, get consumer id list failed
2019-02-27 22:50:09.603  INFO [bootstrap,,,] [paascloud-provider-uac,,,,] 12788 --- [cloud.net:2181)] org.apache.zookeeper.ClientCnxn          : Opening socket connection to server dev-login.paascloud.net/127.0.0.1:2181. Will not attempt to authenticate using SASL (unknown error)
2019-02-27 22:50:10.610  WARN [bootstrap,,,] [paascloud-provider-uac,,,,] 12788 --- [cloud.net:2181)] org.apache.zookeeper.ClientCnxn          : Session 0x0 for server null, unexpected error, closing socket connection and attempting reconnect

java.net.ConnectException: Connection refused: no further information
	at sun.nio.ch.SocketChannelImpl.checkConnect(Native Method)
	at sun.nio.ch.SocketChannelImpl.finishConnect(SocketChannelImpl.java:717)
	at org.apache.zookeeper.ClientCnxnSocketNIO.doTransport(ClientCnxnSocketNIO.java:361)
	at org.apache.zookeeper.ClientCnxn$SendThread.run(ClientCnxn.java:1081)

2019-02-27 22:50:11.711  INFO [bootstrap,,,] [paascloud-provider-uac,,,,] 12788 --- [cloud.net:2181)] org.apache.zookeeper.ClientCnxn          : Opening socket connection to server dev-login.paascloud.net/127.0.0.1:2181. Will not attempt to authenticate using SASL (unknown error)
2019-02-27 22:50:12.713  WARN [bootstrap,,,] [paascloud-provider-uac,,,,] 12788 --- [cloud.net:2181)] org.apache.zookeeper.ClientCnxn          : Session 0x0 for server null, unexpected error, closing socket connection and attempting reconnect

java.net.ConnectException: Connection refused: no further information
	at sun.nio.ch.SocketChannelImpl.checkConnect(Native Method)
	at sun.nio.ch.SocketChannelImpl.finishConnect(SocketChannelImpl.java:717)
	at org.apache.zookeeper.ClientCnxnSocketNIO.doTransport(ClientCnxnSocketNIO.java:361)
	at org.apache.zookeeper.ClientCnxn$SendThread.run(ClientCnxn.java:1081)

2019-02-27 22:50:13.815  INFO [bootstrap,,,] [paascloud-provider-uac,,,,] 12788 --- [cloud.net:2181)] org.apache.zookeeper.ClientCnxn          : Opening socket connection to server dev-login.paascloud.net/127.0.0.1:2181. Will not attempt to authenticate using SASL (unknown error)
2019-02-27 22:50:14.817  WARN [bootstrap,,,] [paascloud-provider-uac,,,,] 12788 --- [cloud.net:2181)] org.apache.zookeeper.ClientCnxn          : Session 0x0 for server null, unexpected error, closing socket connection and attempting reconnect

java.net.ConnectException: Connection refused: no further information
	at sun.nio.ch.SocketChannelImpl.checkConnect(Native Method)
	at sun.nio.ch.SocketChannelImpl.finishConnect(SocketChannelImpl.java:717)
	at org.apache.zookeeper.ClientCnxnSocketNIO.doTransport(ClientCnxnSocketNIO.java:361)
	at org.apache.zookeeper.ClientCnxn$SendThread.run(ClientCnxn.java:1081)

2019-02-27 22:50:15.918  INFO [bootstrap,,,] [paascloud-provider-uac,,,,] 12788 --- [cloud.net:2181)] org.apache.zookeeper.ClientCnxn          : Opening socket connection to server dev-login.paascloud.net/127.0.0.1:2181. Will not attempt to authenticate using SASL (unknown error)
2019-02-27 22:50:16.486  INFO [bootstrap,,,] [paascloud-provider-uac,,,,] 12788 --- [tor-Framework-0] o.a.c.f.imps.CuratorFrameworkImpl        : backgroundOperationsLoop exiting
2019-02-27 22:50:17.020  INFO [bootstrap,,,] [paascloud-provider-uac,,,,] 12788 --- [           main] org.apache.zookeeper.ZooKeeper           : Session: 0x0 closed
2019-02-27 22:50:17.020  INFO [bootstrap,,,] [paascloud-provider-uac,,,,] 12788 --- [ain-EventThread] org.apache.zookeeper.ClientCnxn          : EventThread shut down
2019-02-27 22:50:17.024  INFO [bootstrap,,,] [paascloud-provider-uac,,,,] 12788 --- [           main] utoConfigurationReportLoggingInitializer : 

Error starting ApplicationContext. To display the auto-configuration report re-run your application with 'debug' enabled.
2019-02-27 22:50:17.031 ERROR [bootstrap,,,] [paascloud-provider-uac,,,,] 12788 --- [           main] o.s.boot.SpringApplication               : Application startup failed

java.lang.IllegalStateException: Failed to execute CommandLineRunner
	at org.springframework.boot.SpringApplication.callRunner(SpringApplication.java:735)
	at org.springframework.boot.SpringApplication.callRunners(SpringApplication.java:716)
	at org.springframework.boot.SpringApplication.afterRefresh(SpringApplication.java:703)
	at org.springframework.boot.SpringApplication.run(SpringApplication.java:304)
	at org.springframework.boot.test.context.SpringBootContextLoader.loadContext(SpringBootContextLoader.java:121)
	at org.springframework.test.context.cache.DefaultCacheAwareContextLoaderDelegate.loadContextInternal(DefaultCacheAwareContextLoaderDelegate.java:98)
	at org.springframework.test.context.cache.DefaultCacheAwareContextLoaderDelegate.loadContext(DefaultCacheAwareContextLoaderDelegate.java:116)
	at org.springframework.test.context.support.DefaultTestContext.getApplicationContext(DefaultTestContext.java:83)
	at org.springframework.test.context.web.ServletTestExecutionListener.setUpRequestContextIfNecessary(ServletTestExecutionListener.java:189)
	at org.springframework.test.context.web.ServletTestExecutionListener.prepareTestInstance(ServletTestExecutionListener.java:131)
	at org.springframework.test.context.TestContextManager.prepareTestInstance(TestContextManager.java:230)
	at org.springframework.test.context.junit4.SpringJUnit4ClassRunner.createTest(SpringJUnit4ClassRunner.java:228)
	at org.springframework.test.context.junit4.SpringJUnit4ClassRunner$1.runReflectiveCall(SpringJUnit4ClassRunner.java:287)
	at org.junit.internal.runners.model.ReflectiveCallable.run(ReflectiveCallable.java:12)
	at org.springframework.test.context.junit4.SpringJUnit4ClassRunner.methodBlock(SpringJUnit4ClassRunner.java:289)
	at org.springframework.test.context.junit4.SpringJUnit4ClassRunner.runChild(SpringJUnit4ClassRunner.java:247)
	at org.springframework.test.context.junit4.SpringJUnit4ClassRunner.runChild(SpringJUnit4ClassRunner.java:94)
	at org.junit.runners.ParentRunner$3.run(ParentRunner.java:290)
	at org.junit.runners.ParentRunner$1.schedule(ParentRunner.java:71)
	at org.junit.runners.ParentRunner.runChildren(ParentRunner.java:288)
	at org.junit.runners.ParentRunner.access$000(ParentRunner.java:58)
	at org.junit.runners.ParentRunner$2.evaluate(ParentRunner.java:268)
	at org.springframework.test.context.junit4.statements.RunBeforeTestClassCallbacks.evaluate(RunBeforeTestClassCallbacks.java:61)
	at org.springframework.test.context.junit4.statements.RunAfterTestClassCallbacks.evaluate(RunAfterTestClassCallbacks.java:70)
	at org.junit.runners.ParentRunner.run(ParentRunner.java:363)
	at org.springframework.test.context.junit4.SpringJUnit4ClassRunner.run(SpringJUnit4ClassRunner.java:191)
	at org.apache.maven.surefire.junit4.JUnit4Provider.execute(JUnit4Provider.java:283)
	at org.apache.maven.surefire.junit4.JUnit4Provider.executeWithRerun(JUnit4Provider.java:173)
	at org.apache.maven.surefire.junit4.JUnit4Provider.executeTestSet(JUnit4Provider.java:153)
	at org.apache.maven.surefire.junit4.JUnit4Provider.invoke(JUnit4Provider.java:128)
	at org.apache.maven.surefire.booter.ForkedBooter.invokeProviderInSameClassLoader(ForkedBooter.java:203)
	at org.apache.maven.surefire.booter.ForkedBooter.runSuitesInProcess(ForkedBooter.java:155)
	at org.apache.maven.surefire.booter.ForkedBooter.main(ForkedBooter.java:103)
Caused by: com.paascloud.core.registry.exception.RegException: org.apache.zookeeper.KeeperException$OperationTimeoutException: KeeperErrorCode = OperationTimeout
	at com.paascloud.core.registry.exception.RegExceptionHandler.handleException(RegExceptionHandler.java:35)
	at com.paascloud.core.registry.zookeeper.ZookeeperRegistryCenter.init(ZookeeperRegistryCenter.java:105)
	at com.paascloud.core.registry.RegistryCenterFactory.createCoordinatorRegistryCenter(RegistryCenterFactory.java:44)
	at com.paascloud.core.registry.RegistryCenterFactory.startup(RegistryCenterFactory.java:57)
	at com.paascloud.core.config.ZookeeperInitRunner.run(ZookeeperInitRunner.java:50)
	at org.springframework.boot.SpringApplication.callRunner(SpringApplication.java:732)
	... 32 common frames omitted
Caused by: org.apache.zookeeper.KeeperException$OperationTimeoutException: KeeperErrorCode = OperationTimeout
	at com.paascloud.core.registry.zookeeper.ZookeeperRegistryCenter.init(ZookeeperRegistryCenter.java:99)
	... 36 common frames omitted

2019-02-27 22:50:17.031  INFO [bootstrap,,,] [paascloud-provider-uac,,,,] 12788 --- [           main] o.s.w.c.s.GenericWebApplicationContext   : Closing org.springframework.web.context.support.GenericWebApplicationContext@4ccb9af4: startup date [Wed Feb 27 22:49:51 CST 2019]; parent: org.springframework.context.annotation.AnnotationConfigApplicationContext@422ca9ec
2019-02-27 22:50:17.036  INFO [bootstrap,,,] [paascloud-provider-uac,,,,] 12788 --- [           main] o.s.c.n.eureka.InstanceInfoFactory       : Setting initial instance status as: STARTING
2019-02-27 22:50:17.041  INFO [bootstrap,,,] [paascloud-provider-uac,,,,] 12788 --- [           main] o.s.c.n.e.s.EurekaServiceRegistry        : Unregistering application paascloud-provider-uac with eureka with status DOWN
2019-02-27 22:50:17.044  INFO [bootstrap,,,] [paascloud-provider-uac,,,,] 12788 --- [           main] o.s.c.support.DefaultLifecycleProcessor  : Stopping beans in phase 2147483647
2019-02-27 22:50:17.045  INFO [bootstrap,,,] [paascloud-provider-uac,,,,] 12788 --- [           main] o.s.c.support.DefaultLifecycleProcessor  : Stopping beans in phase 0
2019-02-27 22:50:17.047  INFO [bootstrap,,,] [paascloud-provider-uac,,,,] 12788 --- [           main] RocketmqClient                           : [persistAll] Group: CID_UAC ClientId: 192.168.124.11@12788 updateConsumeOffsetToBroker MessageQueue [topic=%RETRY%CID_UAC, brokerName=SC-201706010027, queueId=0] 0
2019-02-27 22:50:17.685  INFO [bootstrap,,,] [paascloud-provider-uac,,,,] 12788 --- [           main] RocketmqClient                           : unregister client[Producer: null Consumer: CID_UAC] from broker[SC-201706010027 0 192.168.124.11:10911] success
2019-02-27 22:50:17.744  INFO [bootstrap,,,] [paascloud-provider-uac,,,,] 12788 --- [           main] RocketmqClient                           : unregister client[Producer: CLIENT_INNER_PRODUCER Consumer: null] from broker[SC-201706010027 0 192.168.124.11:10911] success
2019-02-27 22:50:17.744  INFO [bootstrap,,,] [paascloud-provider-uac,,,,] 12788 --- [           main] RocketmqClient                           : the producer [CLIENT_INNER_PRODUCER] shutdown OK
2019-02-27 22:50:17.744  INFO [bootstrap,,,] [paascloud-provider-uac,,,,] 12788 --- [           main] RocketmqCommon                           : shutdown thread PullMessageService interrupt true
2019-02-27 22:50:17.744  INFO [bootstrap,,,] [paascloud-provider-uac,,,,] 12788 --- [lMessageService] RocketmqClient                           : PullMessageService service end
2019-02-27 22:50:17.745  INFO [bootstrap,,,] [paascloud-provider-uac,,,,] 12788 --- [           main] RocketmqCommon                           : join thread PullMessageService eclipse time(ms) 0 90000
2019-02-27 22:50:17.745  INFO [bootstrap,,,] [paascloud-provider-uac,,,,] 12788 --- [           main] RocketmqRemoting                         : closeChannel: begin close the channel[192.168.124.11:10909] Found: true
2019-02-27 22:50:17.745  INFO [bootstrap,,,] [paascloud-provider-uac,,,,] 12788 --- [           main] RocketmqRemoting                         : closeChannel: the channel[192.168.124.11:10909] was removed from channel table
2019-02-27 22:50:17.746  INFO [bootstrap,,,] [paascloud-provider-uac,,,,] 12788 --- [           main] RocketmqRemoting                         : closeChannel: begin close the channel[192.168.124.11:10911] Found: true
2019-02-27 22:50:17.746  INFO [bootstrap,,,] [paascloud-provider-uac,,,,] 12788 --- [tWorkerThread_3] RocketmqRemoting                         : NETTY CLIENT PIPELINE: CLOSE 192.168.124.11:10909
2019-02-27 22:50:17.746  INFO [bootstrap,,,] [paascloud-provider-uac,,,,] 12788 --- [           main] RocketmqRemoting                         : closeChannel: the channel[192.168.124.11:10911] was removed from channel table
2019-02-27 22:50:17.746  INFO [bootstrap,,,] [paascloud-provider-uac,,,,] 12788 --- [           main] RocketmqRemoting                         : closeChannel: begin close the channel[127.0.0.1:9876] Found: false
2019-02-27 22:50:17.746  INFO [bootstrap,,,] [paascloud-provider-uac,,,,] 12788 --- [tWorkerThread_2] RocketmqRemoting                         : NETTY CLIENT PIPELINE: CLOSE 192.168.124.11:10911
2019-02-27 22:50:17.746  INFO [bootstrap,,,] [paascloud-provider-uac,,,,] 12788 --- [           main] RocketmqRemoting                         : closeChannel: the channel[127.0.0.1:9876] has been removed from the channel table before
2019-02-27 22:50:17.746  INFO [bootstrap,,,] [paascloud-provider-uac,,,,] 12788 --- [tWorkerThread_1] RocketmqRemoting                         : NETTY CLIENT PIPELINE: CLOSE 127.0.0.1:9876
2019-02-27 22:50:17.746  INFO [bootstrap,,,] [paascloud-provider-uac,,,,] 12788 --- [tWorkerThread_3] RocketmqRemoting                         : eventCloseChannel: the channel[null] has been removed from the channel table before
2019-02-27 22:50:17.746  INFO [bootstrap,,,] [paascloud-provider-uac,,,,] 12788 --- [           main] RocketmqRemoting                         : shutdown thread NettyEventExecutor interrupt false
2019-02-27 22:50:17.746  INFO [bootstrap,,,] [paascloud-provider-uac,,,,] 12788 --- [           main] RocketmqRemoting                         : join thread NettyEventExecutor eclipse time(ms) 0 90000
2019-02-27 22:50:17.747  INFO [bootstrap,,,] [paascloud-provider-uac,,,,] 12788 --- [lientSelector_1] RocketmqRemoting                         : closeChannel: close the connection to remote address[192.168.124.11:10909] result: true
2019-02-27 22:50:17.747  INFO [bootstrap,,,] [paascloud-provider-uac,,,,] 12788 --- [tWorkerThread_2] RocketmqRemoting                         : eventCloseChannel: the channel[null] has been removed from the channel table before
2019-02-27 22:50:17.747  INFO [bootstrap,,,] [paascloud-provider-uac,,,,] 12788 --- [lientSelector_1] RocketmqRemoting                         : closeChannel: close the connection to remote address[192.168.124.11:10911] result: true
2019-02-27 22:50:17.747  INFO [bootstrap,,,] [paascloud-provider-uac,,,,] 12788 --- [           main] RocketmqCommon                           : shutdown thread RebalanceService interrupt false
2019-02-27 22:50:17.749  INFO [bootstrap,,,] [paascloud-provider-uac,,,,] 12788 --- [ebalanceService] RocketmqClient                           : RebalanceService service end
2019-02-27 22:50:17.749  INFO [bootstrap,,,] [paascloud-provider-uac,,,,] 12788 --- [tWorkerThread_1] RocketmqRemoting                         : eventCloseChannel: the channel[null] has been removed from the channel table before
2019-02-27 22:50:17.749  INFO [bootstrap,,,] [paascloud-provider-uac,,,,] 12788 --- [           main] RocketmqCommon                           : join thread RebalanceService eclipse time(ms) 1 90000
2019-02-27 22:50:17.750  INFO [bootstrap,,,] [paascloud-provider-uac,,,,] 12788 --- [           main] RocketmqClient                           : the client factory [192.168.124.11@12788] shutdown OK
2019-02-27 22:50:17.750  INFO [bootstrap,,,] [paascloud-provider-uac,,,,] 12788 --- [           main] RocketmqClient                           : the consumer [CID_UAC] shutdown OK
2019-02-27 22:50:17.758  INFO [bootstrap,,,] [paascloud-provider-uac,,,,] 12788 --- [           main] com.netflix.discovery.DiscoveryClient    : Initializing Eureka in region us-east-1
2019-02-27 22:50:17.762  INFO [bootstrap,,,] [paascloud-provider-uac,,,,] 12788 --- [           main] c.n.d.provider.DiscoveryJerseyProvider   : Using JSON encoding codec LegacyJacksonJson
2019-02-27 22:50:17.762  INFO [bootstrap,,,] [paascloud-provider-uac,,,,] 12788 --- [           main] c.n.d.provider.DiscoveryJerseyProvider   : Using JSON decoding codec LegacyJacksonJson
2019-02-27 22:50:17.762  INFO [bootstrap,,,] [paascloud-provider-uac,,,,] 12788 --- [           main] c.n.d.provider.DiscoveryJerseyProvider   : Using XML encoding codec XStreamXml
2019-02-27 22:50:17.762  INFO [bootstrap,,,] [paascloud-provider-uac,,,,] 12788 --- [           main] c.n.d.provider.DiscoveryJerseyProvider   : Using XML decoding codec XStreamXml
2019-02-27 22:50:17.822  INFO [bootstrap,,,] [paascloud-provider-uac,,,,] 12788 --- [           main] c.n.d.s.r.aws.ConfigClusterResolver      : Resolving eureka endpoints via configuration
2019-02-27 22:50:17.823  INFO [bootstrap,,,] [paascloud-provider-uac,,,,] 12788 --- [           main] com.netflix.discovery.DiscoveryClient    : Disable delta property : false
2019-02-27 22:50:17.824  INFO [bootstrap,,,] [paascloud-provider-uac,,,,] 12788 --- [           main] com.netflix.discovery.DiscoveryClient    : Single vip registry refresh property : null
2019-02-27 22:50:17.824  INFO [bootstrap,,,] [paascloud-provider-uac,,,,] 12788 --- [           main] com.netflix.discovery.DiscoveryClient    : Force full registry fetch : false
2019-02-27 22:50:17.824  INFO [bootstrap,,,] [paascloud-provider-uac,,,,] 12788 --- [           main] com.netflix.discovery.DiscoveryClient    : Application is null : false
2019-02-27 22:50:17.825  INFO [bootstrap,,,] [paascloud-provider-uac,,,,] 12788 --- [           main] com.netflix.discovery.DiscoveryClient    : Registered Applications size is zero : true
2019-02-27 22:50:17.825  INFO [bootstrap,,,] [paascloud-provider-uac,,,,] 12788 --- [           main] com.netflix.discovery.DiscoveryClient    : Application version is -1: true
2019-02-27 22:50:17.825  INFO [bootstrap,,,] [paascloud-provider-uac,,,,] 12788 --- [           main] com.netflix.discovery.DiscoveryClient    : Getting all instance registry info from the eureka server
2019-02-27 22:50:17.848  INFO [bootstrap,,,] [paascloud-provider-uac,,,,] 12788 --- [lientSelector_1] RocketmqRemoting                         : closeChannel: close the connection to remote address[127.0.0.1:9876] result: true
2019-02-27 22:50:17.936  INFO [bootstrap,,,] [paascloud-provider-uac,,,,] 12788 --- [           main] com.netflix.discovery.DiscoveryClient    : The response status is 200
2019-02-27 22:50:17.937  INFO [bootstrap,,,] [paascloud-provider-uac,,,,] 12788 --- [           main] com.netflix.discovery.DiscoveryClient    : Starting heartbeat executor: renew interval is: 30
2019-02-27 22:50:17.937  INFO [bootstrap,,,] [paascloud-provider-uac,,,,] 12788 --- [           main] c.n.discovery.InstanceInfoReplicator     : InstanceInfoReplicator onDemand update allowed rate per min is 4
2019-02-27 22:50:17.938  INFO [bootstrap,,,] [paascloud-provider-uac,,,,] 12788 --- [           main] com.netflix.discovery.DiscoveryClient    : Discovery Client initialized at timestamp 1551279017938 with initial instances count: 1
2019-02-27 22:50:17.958  INFO [bootstrap,,,] [paascloud-provider-uac,,,,] 12788 --- [           main] com.netflix.discovery.DiscoveryClient    : Shutting down DiscoveryClient ...
2019-02-27 22:50:17.958  INFO [bootstrap,,,] [paascloud-provider-uac,,,,] 12788 --- [           main] com.netflix.discovery.DiscoveryClient    : Unregistering ...
2019-02-27 22:50:18.273  INFO [bootstrap,,,] [paascloud-provider-uac,,,,] 12788 --- [           main] com.netflix.discovery.DiscoveryClient    : DiscoveryClient_PAASCLOUD-PROVIDER-UAC/paascloud-provider-uac:192.168.144.1:-1 - deregister  status: 404
2019-02-27 22:50:18.277  INFO [bootstrap,,,] [paascloud-provider-uac,,,,] 12788 --- [           main] com.netflix.discovery.DiscoveryClient    : Completed shut down of DiscoveryClient
2019-02-27 22:50:18.279  INFO [bootstrap,,,] [paascloud-provider-uac,,,,] 12788 --- [           main] s.c.a.AnnotationConfigApplicationContext : Closing org.springframework.context.annotation.AnnotationConfigApplicationContext@62f9e228: startup date [Wed Feb 27 22:49:57 CST 2019]; parent: org.springframework.web.context.support.GenericWebApplicationContext@4ccb9af4
2019-02-27 22:50:18.280  WARN [bootstrap,,,] [paascloud-provider-uac,,,,] 12788 --- [           main] s.c.a.AnnotationConfigApplicationContext : Exception thrown from ApplicationListener handling ContextClosedEvent

org.springframework.beans.factory.BeanCreationNotAllowedException: Error creating bean with name 'eurekaAutoServiceRegistration': Singleton bean creation not allowed while singletons of this factory are in destruction (Do not request a bean from a BeanFactory in a destroy method implementation!)
	at org.springframework.beans.factory.support.DefaultSingletonBeanRegistry.getSingleton(DefaultSingletonBeanRegistry.java:216)
	at org.springframework.beans.factory.support.AbstractBeanFactory.doGetBean(AbstractBeanFactory.java:308)
	at org.springframework.beans.factory.support.AbstractBeanFactory.getBean(AbstractBeanFactory.java:197)
	at org.springframework.context.support.AbstractApplicationContext.getBean(AbstractApplicationContext.java:1081)
	at org.springframework.context.event.ApplicationListenerMethodAdapter.getTargetBean(ApplicationListenerMethodAdapter.java:280)
	at org.springframework.context.event.ApplicationListenerMethodAdapter.doInvoke(ApplicationListenerMethodAdapter.java:250)
	at org.springframework.context.event.ApplicationListenerMethodAdapter.processEvent(ApplicationListenerMethodAdapter.java:174)
	at org.springframework.context.event.ApplicationListenerMethodAdapter.onApplicationEvent(ApplicationListenerMethodAdapter.java:137)
	at org.springframework.context.event.SimpleApplicationEventMulticaster.invokeListener(SimpleApplicationEventMulticaster.java:167)
	at org.springframework.context.event.SimpleApplicationEventMulticaster.multicastEvent(SimpleApplicationEventMulticaster.java:139)
	at org.springframework.context.support.AbstractApplicationContext.publishEvent(AbstractApplicationContext.java:383)
	at org.springframework.context.support.AbstractApplicationContext.publishEvent(AbstractApplicationContext.java:389)
	at org.springframework.context.support.AbstractApplicationContext.publishEvent(AbstractApplicationContext.java:337)
	at org.springframework.context.support.AbstractApplicationContext.doClose(AbstractApplicationContext.java:994)
	at org.springframework.context.support.AbstractApplicationContext.close(AbstractApplicationContext.java:961)
	at org.springframework.cloud.context.named.NamedContextFactory.destroy(NamedContextFactory.java:76)
	at org.springframework.beans.factory.support.DisposableBeanAdapter.destroy(DisposableBeanAdapter.java:272)
	at org.springframework.beans.factory.support.DefaultSingletonBeanRegistry.destroyBean(DefaultSingletonBeanRegistry.java:583)
	at org.springframework.beans.factory.support.DefaultSingletonBeanRegistry.destroySingleton(DefaultSingletonBeanRegistry.java:555)
	at org.springframework.beans.factory.support.DefaultListableBeanFactory.destroySingleton(DefaultListableBeanFactory.java:961)
	at org.springframework.beans.factory.support.DefaultSingletonBeanRegistry.destroySingletons(DefaultSingletonBeanRegistry.java:516)
	at org.springframework.beans.factory.support.DefaultListableBeanFactory.destroySingletons(DefaultListableBeanFactory.java:968)
	at org.springframework.context.support.AbstractApplicationContext.destroyBeans(AbstractApplicationContext.java:1033)
	at org.springframework.context.support.AbstractApplicationContext.doClose(AbstractApplicationContext.java:1009)
	at org.springframework.context.support.AbstractApplicationContext.close(AbstractApplicationContext.java:961)
	at org.springframework.boot.SpringApplication.handleRunFailure(SpringApplication.java:750)
	at org.springframework.boot.SpringApplication.run(SpringApplication.java:314)
	at org.springframework.boot.test.context.SpringBootContextLoader.loadContext(SpringBootContextLoader.java:121)
	at org.springframework.test.context.cache.DefaultCacheAwareContextLoaderDelegate.loadContextInternal(DefaultCacheAwareContextLoaderDelegate.java:98)
	at org.springframework.test.context.cache.DefaultCacheAwareContextLoaderDelegate.loadContext(DefaultCacheAwareContextLoaderDelegate.java:116)
	at org.springframework.test.context.support.DefaultTestContext.getApplicationContext(DefaultTestContext.java:83)
	at org.springframework.test.context.web.ServletTestExecutionListener.setUpRequestContextIfNecessary(ServletTestExecutionListener.java:189)
	at org.springframework.test.context.web.ServletTestExecutionListener.prepareTestInstance(ServletTestExecutionListener.java:131)
	at org.springframework.test.context.TestContextManager.prepareTestInstance(TestContextManager.java:230)
	at org.springframework.test.context.junit4.SpringJUnit4ClassRunner.createTest(SpringJUnit4ClassRunner.java:228)
	at org.springframework.test.context.junit4.SpringJUnit4ClassRunner$1.runReflectiveCall(SpringJUnit4ClassRunner.java:287)
	at org.junit.internal.runners.model.ReflectiveCallable.run(ReflectiveCallable.java:12)
	at org.springframework.test.context.junit4.SpringJUnit4ClassRunner.methodBlock(SpringJUnit4ClassRunner.java:289)
	at org.springframework.test.context.junit4.SpringJUnit4ClassRunner.runChild(SpringJUnit4ClassRunner.java:247)
	at org.springframework.test.context.junit4.SpringJUnit4ClassRunner.runChild(SpringJUnit4ClassRunner.java:94)
	at org.junit.runners.ParentRunner$3.run(ParentRunner.java:290)
	at org.junit.runners.ParentRunner$1.schedule(ParentRunner.java:71)
	at org.junit.runners.ParentRunner.runChildren(ParentRunner.java:288)
	at org.junit.runners.ParentRunner.access$000(ParentRunner.java:58)
	at org.junit.runners.ParentRunner$2.evaluate(ParentRunner.java:268)
	at org.springframework.test.context.junit4.statements.RunBeforeTestClassCallbacks.evaluate(RunBeforeTestClassCallbacks.java:61)
	at org.springframework.test.context.junit4.statements.RunAfterTestClassCallbacks.evaluate(RunAfterTestClassCallbacks.java:70)
	at org.junit.runners.ParentRunner.run(ParentRunner.java:363)
	at org.springframework.test.context.junit4.SpringJUnit4ClassRunner.run(SpringJUnit4ClassRunner.java:191)
	at org.apache.maven.surefire.junit4.JUnit4Provider.execute(JUnit4Provider.java:283)
	at org.apache.maven.surefire.junit4.JUnit4Provider.executeWithRerun(JUnit4Provider.java:173)
	at org.apache.maven.surefire.junit4.JUnit4Provider.executeTestSet(JUnit4Provider.java:153)
	at org.apache.maven.surefire.junit4.JUnit4Provider.invoke(JUnit4Provider.java:128)
	at org.apache.maven.surefire.booter.ForkedBooter.invokeProviderInSameClassLoader(ForkedBooter.java:203)
	at org.apache.maven.surefire.booter.ForkedBooter.runSuitesInProcess(ForkedBooter.java:155)
	at org.apache.maven.surefire.booter.ForkedBooter.main(ForkedBooter.java:103)

2019-02-27 22:50:18.281  INFO [bootstrap,,,] [paascloud-provider-uac,,,,] 12788 --- [           main] s.c.a.AnnotationConfigApplicationContext : Closing org.springframework.context.annotation.AnnotationConfigApplicationContext@553f50d4: startup date [Wed Feb 27 22:49:57 CST 2019]; parent: org.springframework.web.context.support.GenericWebApplicationContext@4ccb9af4
2019-02-27 22:50:18.281  WARN [bootstrap,,,] [paascloud-provider-uac,,,,] 12788 --- [           main] s.c.a.AnnotationConfigApplicationContext : Exception thrown from ApplicationListener handling ContextClosedEvent

org.springframework.beans.factory.BeanCreationNotAllowedException: Error creating bean with name 'eurekaAutoServiceRegistration': Singleton bean creation not allowed while singletons of this factory are in destruction (Do not request a bean from a BeanFactory in a destroy method implementation!)
	at org.springframework.beans.factory.support.DefaultSingletonBeanRegistry.getSingleton(DefaultSingletonBeanRegistry.java:216)
	at org.springframework.beans.factory.support.AbstractBeanFactory.doGetBean(AbstractBeanFactory.java:308)
	at org.springframework.beans.factory.support.AbstractBeanFactory.getBean(AbstractBeanFactory.java:197)
	at org.springframework.context.support.AbstractApplicationContext.getBean(AbstractApplicationContext.java:1081)
	at org.springframework.context.event.ApplicationListenerMethodAdapter.getTargetBean(ApplicationListenerMethodAdapter.java:280)
	at org.springframework.context.event.ApplicationListenerMethodAdapter.doInvoke(ApplicationListenerMethodAdapter.java:250)
	at org.springframework.context.event.ApplicationListenerMethodAdapter.processEvent(ApplicationListenerMethodAdapter.java:174)
	at org.springframework.context.event.ApplicationListenerMethodAdapter.onApplicationEvent(ApplicationListenerMethodAdapter.java:137)
	at org.springframework.context.event.SimpleApplicationEventMulticaster.invokeListener(SimpleApplicationEventMulticaster.java:167)
	at org.springframework.context.event.SimpleApplicationEventMulticaster.multicastEvent(SimpleApplicationEventMulticaster.java:139)
	at org.springframework.context.support.AbstractApplicationContext.publishEvent(AbstractApplicationContext.java:383)
	at org.springframework.context.support.AbstractApplicationContext.publishEvent(AbstractApplicationContext.java:389)
	at org.springframework.context.support.AbstractApplicationContext.publishEvent(AbstractApplicationContext.java:337)
	at org.springframework.context.support.AbstractApplicationContext.doClose(AbstractApplicationContext.java:994)
	at org.springframework.context.support.AbstractApplicationContext.close(AbstractApplicationContext.java:961)
	at org.springframework.cloud.context.named.NamedContextFactory.destroy(NamedContextFactory.java:76)
	at org.springframework.beans.factory.support.DisposableBeanAdapter.destroy(DisposableBeanAdapter.java:272)
	at org.springframework.beans.factory.support.DefaultSingletonBeanRegistry.destroyBean(DefaultSingletonBeanRegistry.java:583)
	at org.springframework.beans.factory.support.DefaultSingletonBeanRegistry.destroySingleton(DefaultSingletonBeanRegistry.java:555)
	at org.springframework.beans.factory.support.DefaultListableBeanFactory.destroySingleton(DefaultListableBeanFactory.java:961)
	at org.springframework.beans.factory.support.DefaultSingletonBeanRegistry.destroySingletons(DefaultSingletonBeanRegistry.java:516)
	at org.springframework.beans.factory.support.DefaultListableBeanFactory.destroySingletons(DefaultListableBeanFactory.java:968)
	at org.springframework.context.support.AbstractApplicationContext.destroyBeans(AbstractApplicationContext.java:1033)
	at org.springframework.context.support.AbstractApplicationContext.doClose(AbstractApplicationContext.java:1009)
	at org.springframework.context.support.AbstractApplicationContext.close(AbstractApplicationContext.java:961)
	at org.springframework.boot.SpringApplication.handleRunFailure(SpringApplication.java:750)
	at org.springframework.boot.SpringApplication.run(SpringApplication.java:314)
	at org.springframework.boot.test.context.SpringBootContextLoader.loadContext(SpringBootContextLoader.java:121)
	at org.springframework.test.context.cache.DefaultCacheAwareContextLoaderDelegate.loadContextInternal(DefaultCacheAwareContextLoaderDelegate.java:98)
	at org.springframework.test.context.cache.DefaultCacheAwareContextLoaderDelegate.loadContext(DefaultCacheAwareContextLoaderDelegate.java:116)
	at org.springframework.test.context.support.DefaultTestContext.getApplicationContext(DefaultTestContext.java:83)
	at org.springframework.test.context.web.ServletTestExecutionListener.setUpRequestContextIfNecessary(ServletTestExecutionListener.java:189)
	at org.springframework.test.context.web.ServletTestExecutionListener.prepareTestInstance(ServletTestExecutionListener.java:131)
	at org.springframework.test.context.TestContextManager.prepareTestInstance(TestContextManager.java:230)
	at org.springframework.test.context.junit4.SpringJUnit4ClassRunner.createTest(SpringJUnit4ClassRunner.java:228)
	at org.springframework.test.context.junit4.SpringJUnit4ClassRunner$1.runReflectiveCall(SpringJUnit4ClassRunner.java:287)
	at org.junit.internal.runners.model.ReflectiveCallable.run(ReflectiveCallable.java:12)
	at org.springframework.test.context.junit4.SpringJUnit4ClassRunner.methodBlock(SpringJUnit4ClassRunner.java:289)
	at org.springframework.test.context.junit4.SpringJUnit4ClassRunner.runChild(SpringJUnit4ClassRunner.java:247)
	at org.springframework.test.context.junit4.SpringJUnit4ClassRunner.runChild(SpringJUnit4ClassRunner.java:94)
	at org.junit.runners.ParentRunner$3.run(ParentRunner.java:290)
	at org.junit.runners.ParentRunner$1.schedule(ParentRunner.java:71)
	at org.junit.runners.ParentRunner.runChildren(ParentRunner.java:288)
	at org.junit.runners.ParentRunner.access$000(ParentRunner.java:58)
	at org.junit.runners.ParentRunner$2.evaluate(ParentRunner.java:268)
	at org.springframework.test.context.junit4.statements.RunBeforeTestClassCallbacks.evaluate(RunBeforeTestClassCallbacks.java:61)
	at org.springframework.test.context.junit4.statements.RunAfterTestClassCallbacks.evaluate(RunAfterTestClassCallbacks.java:70)
	at org.junit.runners.ParentRunner.run(ParentRunner.java:363)
	at org.springframework.test.context.junit4.SpringJUnit4ClassRunner.run(SpringJUnit4ClassRunner.java:191)
	at org.apache.maven.surefire.junit4.JUnit4Provider.execute(JUnit4Provider.java:283)
	at org.apache.maven.surefire.junit4.JUnit4Provider.executeWithRerun(JUnit4Provider.java:173)
	at org.apache.maven.surefire.junit4.JUnit4Provider.executeTestSet(JUnit4Provider.java:153)
	at org.apache.maven.surefire.junit4.JUnit4Provider.invoke(JUnit4Provider.java:128)
	at org.apache.maven.surefire.booter.ForkedBooter.invokeProviderInSameClassLoader(ForkedBooter.java:203)
	at org.apache.maven.surefire.booter.ForkedBooter.runSuitesInProcess(ForkedBooter.java:155)
	at org.apache.maven.surefire.booter.ForkedBooter.main(ForkedBooter.java:103)

2019-02-27 22:50:18.282  INFO [bootstrap,,,] [paascloud-provider-uac,,,,] 12788 --- [           main] s.c.a.AnnotationConfigApplicationContext : Closing org.springframework.context.annotation.AnnotationConfigApplicationContext@31e36b7: startup date [Wed Feb 27 22:49:55 CST 2019]; parent: org.springframework.web.context.support.GenericWebApplicationContext@4ccb9af4
2019-02-27 22:50:18.282  WARN [bootstrap,,,] [paascloud-provider-uac,,,,] 12788 --- [           main] s.c.a.AnnotationConfigApplicationContext : Exception thrown from ApplicationListener handling ContextClosedEvent

org.springframework.beans.factory.BeanCreationNotAllowedException: Error creating bean with name 'eurekaAutoServiceRegistration': Singleton bean creation not allowed while singletons of this factory are in destruction (Do not request a bean from a BeanFactory in a destroy method implementation!)
	at org.springframework.beans.factory.support.DefaultSingletonBeanRegistry.getSingleton(DefaultSingletonBeanRegistry.java:216)
	at org.springframework.beans.factory.support.AbstractBeanFactory.doGetBean(AbstractBeanFactory.java:308)
	at org.springframework.beans.factory.support.AbstractBeanFactory.getBean(AbstractBeanFactory.java:197)
	at org.springframework.context.support.AbstractApplicationContext.getBean(AbstractApplicationContext.java:1081)
	at org.springframework.context.event.ApplicationListenerMethodAdapter.getTargetBean(ApplicationListenerMethodAdapter.java:280)
	at org.springframework.context.event.ApplicationListenerMethodAdapter.doInvoke(ApplicationListenerMethodAdapter.java:250)
	at org.springframework.context.event.ApplicationListenerMethodAdapter.processEvent(ApplicationListenerMethodAdapter.java:174)
	at org.springframework.context.event.ApplicationListenerMethodAdapter.onApplicationEvent(ApplicationListenerMethodAdapter.java:137)
	at org.springframework.context.event.SimpleApplicationEventMulticaster.invokeListener(SimpleApplicationEventMulticaster.java:167)
	at org.springframework.context.event.SimpleApplicationEventMulticaster.multicastEvent(SimpleApplicationEventMulticaster.java:139)
	at org.springframework.context.support.AbstractApplicationContext.publishEvent(AbstractApplicationContext.java:383)
	at org.springframework.context.support.AbstractApplicationContext.publishEvent(AbstractApplicationContext.java:389)
	at org.springframework.context.support.AbstractApplicationContext.publishEvent(AbstractApplicationContext.java:337)
	at org.springframework.context.support.AbstractApplicationContext.doClose(AbstractApplicationContext.java:994)
	at org.springframework.context.support.AbstractApplicationContext.close(AbstractApplicationContext.java:961)
	at org.springframework.cloud.context.named.NamedContextFactory.destroy(NamedContextFactory.java:76)
	at org.springframework.beans.factory.support.DisposableBeanAdapter.destroy(DisposableBeanAdapter.java:272)
	at org.springframework.beans.factory.support.DefaultSingletonBeanRegistry.destroyBean(DefaultSingletonBeanRegistry.java:583)
	at org.springframework.beans.factory.support.DefaultSingletonBeanRegistry.destroySingleton(DefaultSingletonBeanRegistry.java:555)
	at org.springframework.beans.factory.support.DefaultListableBeanFactory.destroySingleton(DefaultListableBeanFactory.java:961)
	at org.springframework.beans.factory.support.DefaultSingletonBeanRegistry.destroySingletons(DefaultSingletonBeanRegistry.java:516)
	at org.springframework.beans.factory.support.DefaultListableBeanFactory.destroySingletons(DefaultListableBeanFactory.java:968)
	at org.springframework.context.support.AbstractApplicationContext.destroyBeans(AbstractApplicationContext.java:1033)
	at org.springframework.context.support.AbstractApplicationContext.doClose(AbstractApplicationContext.java:1009)
	at org.springframework.context.support.AbstractApplicationContext.close(AbstractApplicationContext.java:961)
	at org.springframework.boot.SpringApplication.handleRunFailure(SpringApplication.java:750)
	at org.springframework.boot.SpringApplication.run(SpringApplication.java:314)
	at org.springframework.boot.test.context.SpringBootContextLoader.loadContext(SpringBootContextLoader.java:121)
	at org.springframework.test.context.cache.DefaultCacheAwareContextLoaderDelegate.loadContextInternal(DefaultCacheAwareContextLoaderDelegate.java:98)
	at org.springframework.test.context.cache.DefaultCacheAwareContextLoaderDelegate.loadContext(DefaultCacheAwareContextLoaderDelegate.java:116)
	at org.springframework.test.context.support.DefaultTestContext.getApplicationContext(DefaultTestContext.java:83)
	at org.springframework.test.context.web.ServletTestExecutionListener.setUpRequestContextIfNecessary(ServletTestExecutionListener.java:189)
	at org.springframework.test.context.web.ServletTestExecutionListener.prepareTestInstance(ServletTestExecutionListener.java:131)
	at org.springframework.test.context.TestContextManager.prepareTestInstance(TestContextManager.java:230)
	at org.springframework.test.context.junit4.SpringJUnit4ClassRunner.createTest(SpringJUnit4ClassRunner.java:228)
	at org.springframework.test.context.junit4.SpringJUnit4ClassRunner$1.runReflectiveCall(SpringJUnit4ClassRunner.java:287)
	at org.junit.internal.runners.model.ReflectiveCallable.run(ReflectiveCallable.java:12)
	at org.springframework.test.context.junit4.SpringJUnit4ClassRunner.methodBlock(SpringJUnit4ClassRunner.java:289)
	at org.springframework.test.context.junit4.SpringJUnit4ClassRunner.runChild(SpringJUnit4ClassRunner.java:247)
	at org.springframework.test.context.junit4.SpringJUnit4ClassRunner.runChild(SpringJUnit4ClassRunner.java:94)
	at org.junit.runners.ParentRunner$3.run(ParentRunner.java:290)
	at org.junit.runners.ParentRunner$1.schedule(ParentRunner.java:71)
	at org.junit.runners.ParentRunner.runChildren(ParentRunner.java:288)
	at org.junit.runners.ParentRunner.access$000(ParentRunner.java:58)
	at org.junit.runners.ParentRunner$2.evaluate(ParentRunner.java:268)
	at org.springframework.test.context.junit4.statements.RunBeforeTestClassCallbacks.evaluate(RunBeforeTestClassCallbacks.java:61)
	at org.springframework.test.context.junit4.statements.RunAfterTestClassCallbacks.evaluate(RunAfterTestClassCallbacks.java:70)
	at org.junit.runners.ParentRunner.run(ParentRunner.java:363)
	at org.springframework.test.context.junit4.SpringJUnit4ClassRunner.run(SpringJUnit4ClassRunner.java:191)
	at org.apache.maven.surefire.junit4.JUnit4Provider.execute(JUnit4Provider.java:283)
	at org.apache.maven.surefire.junit4.JUnit4Provider.executeWithRerun(JUnit4Provider.java:173)
	at org.apache.maven.surefire.junit4.JUnit4Provider.executeTestSet(JUnit4Provider.java:153)
	at org.apache.maven.surefire.junit4.JUnit4Provider.invoke(JUnit4Provider.java:128)
	at org.apache.maven.surefire.booter.ForkedBooter.invokeProviderInSameClassLoader(ForkedBooter.java:203)
	at org.apache.maven.surefire.booter.ForkedBooter.runSuitesInProcess(ForkedBooter.java:155)
	at org.apache.maven.surefire.booter.ForkedBooter.main(ForkedBooter.java:103)

2019-02-27 22:50:18.283  INFO [bootstrap,,,] [paascloud-provider-uac,,,,] 12788 --- [           main] s.c.a.AnnotationConfigApplicationContext : Closing org.springframework.context.annotation.AnnotationConfigApplicationContext@31419990: startup date [Wed Feb 27 22:49:57 CST 2019]; parent: org.springframework.web.context.support.GenericWebApplicationContext@4ccb9af4
2019-02-27 22:50:18.283  WARN [bootstrap,,,] [paascloud-provider-uac,,,,] 12788 --- [           main] s.c.a.AnnotationConfigApplicationContext : Exception thrown from ApplicationListener handling ContextClosedEvent

org.springframework.beans.factory.BeanCreationNotAllowedException: Error creating bean with name 'eurekaAutoServiceRegistration': Singleton bean creation not allowed while singletons of this factory are in destruction (Do not request a bean from a BeanFactory in a destroy method implementation!)
	at org.springframework.beans.factory.support.DefaultSingletonBeanRegistry.getSingleton(DefaultSingletonBeanRegistry.java:216)
	at org.springframework.beans.factory.support.AbstractBeanFactory.doGetBean(AbstractBeanFactory.java:308)
	at org.springframework.beans.factory.support.AbstractBeanFactory.getBean(AbstractBeanFactory.java:197)
	at org.springframework.context.support.AbstractApplicationContext.getBean(AbstractApplicationContext.java:1081)
	at org.springframework.context.event.ApplicationListenerMethodAdapter.getTargetBean(ApplicationListenerMethodAdapter.java:280)
	at org.springframework.context.event.ApplicationListenerMethodAdapter.doInvoke(ApplicationListenerMethodAdapter.java:250)
	at org.springframework.context.event.ApplicationListenerMethodAdapter.processEvent(ApplicationListenerMethodAdapter.java:174)
	at org.springframework.context.event.ApplicationListenerMethodAdapter.onApplicationEvent(ApplicationListenerMethodAdapter.java:137)
	at org.springframework.context.event.SimpleApplicationEventMulticaster.invokeListener(SimpleApplicationEventMulticaster.java:167)
	at org.springframework.context.event.SimpleApplicationEventMulticaster.multicastEvent(SimpleApplicationEventMulticaster.java:139)
	at org.springframework.context.support.AbstractApplicationContext.publishEvent(AbstractApplicationContext.java:383)
	at org.springframework.context.support.AbstractApplicationContext.publishEvent(AbstractApplicationContext.java:389)
	at org.springframework.context.support.AbstractApplicationContext.publishEvent(AbstractApplicationContext.java:337)
	at org.springframework.context.support.AbstractApplicationContext.doClose(AbstractApplicationContext.java:994)
	at org.springframework.context.support.AbstractApplicationContext.close(AbstractApplicationContext.java:961)
	at org.springframework.cloud.context.named.NamedContextFactory.destroy(NamedContextFactory.java:76)
	at org.springframework.beans.factory.support.DisposableBeanAdapter.destroy(DisposableBeanAdapter.java:272)
	at org.springframework.beans.factory.support.DefaultSingletonBeanRegistry.destroyBean(DefaultSingletonBeanRegistry.java:583)
	at org.springframework.beans.factory.support.DefaultSingletonBeanRegistry.destroySingleton(DefaultSingletonBeanRegistry.java:555)
	at org.springframework.beans.factory.support.DefaultListableBeanFactory.destroySingleton(DefaultListableBeanFactory.java:961)
	at org.springframework.beans.factory.support.DefaultSingletonBeanRegistry.destroySingletons(DefaultSingletonBeanRegistry.java:516)
	at org.springframework.beans.factory.support.DefaultListableBeanFactory.destroySingletons(DefaultListableBeanFactory.java:968)
	at org.springframework.context.support.AbstractApplicationContext.destroyBeans(AbstractApplicationContext.java:1033)
	at org.springframework.context.support.AbstractApplicationContext.doClose(AbstractApplicationContext.java:1009)
	at org.springframework.context.support.AbstractApplicationContext.close(AbstractApplicationContext.java:961)
	at org.springframework.boot.SpringApplication.handleRunFailure(SpringApplication.java:750)
	at org.springframework.boot.SpringApplication.run(SpringApplication.java:314)
	at org.springframework.boot.test.context.SpringBootContextLoader.loadContext(SpringBootContextLoader.java:121)
	at org.springframework.test.context.cache.DefaultCacheAwareContextLoaderDelegate.loadContextInternal(DefaultCacheAwareContextLoaderDelegate.java:98)
	at org.springframework.test.context.cache.DefaultCacheAwareContextLoaderDelegate.loadContext(DefaultCacheAwareContextLoaderDelegate.java:116)
	at org.springframework.test.context.support.DefaultTestContext.getApplicationContext(DefaultTestContext.java:83)
	at org.springframework.test.context.web.ServletTestExecutionListener.setUpRequestContextIfNecessary(ServletTestExecutionListener.java:189)
	at org.springframework.test.context.web.ServletTestExecutionListener.prepareTestInstance(ServletTestExecutionListener.java:131)
	at org.springframework.test.context.TestContextManager.prepareTestInstance(TestContextManager.java:230)
	at org.springframework.test.context.junit4.SpringJUnit4ClassRunner.createTest(SpringJUnit4ClassRunner.java:228)
	at org.springframework.test.context.junit4.SpringJUnit4ClassRunner$1.runReflectiveCall(SpringJUnit4ClassRunner.java:287)
	at org.junit.internal.runners.model.ReflectiveCallable.run(ReflectiveCallable.java:12)
	at org.springframework.test.context.junit4.SpringJUnit4ClassRunner.methodBlock(SpringJUnit4ClassRunner.java:289)
	at org.springframework.test.context.junit4.SpringJUnit4ClassRunner.runChild(SpringJUnit4ClassRunner.java:247)
	at org.springframework.test.context.junit4.SpringJUnit4ClassRunner.runChild(SpringJUnit4ClassRunner.java:94)
	at org.junit.runners.ParentRunner$3.run(ParentRunner.java:290)
	at org.junit.runners.ParentRunner$1.schedule(ParentRunner.java:71)
	at org.junit.runners.ParentRunner.runChildren(ParentRunner.java:288)
	at org.junit.runners.ParentRunner.access$000(ParentRunner.java:58)
	at org.junit.runners.ParentRunner$2.evaluate(ParentRunner.java:268)
	at org.springframework.test.context.junit4.statements.RunBeforeTestClassCallbacks.evaluate(RunBeforeTestClassCallbacks.java:61)
	at org.springframework.test.context.junit4.statements.RunAfterTestClassCallbacks.evaluate(RunAfterTestClassCallbacks.java:70)
	at org.junit.runners.ParentRunner.run(ParentRunner.java:363)
	at org.springframework.test.context.junit4.SpringJUnit4ClassRunner.run(SpringJUnit4ClassRunner.java:191)
	at org.apache.maven.surefire.junit4.JUnit4Provider.execute(JUnit4Provider.java:283)
	at org.apache.maven.surefire.junit4.JUnit4Provider.executeWithRerun(JUnit4Provider.java:173)
	at org.apache.maven.surefire.junit4.JUnit4Provider.executeTestSet(JUnit4Provider.java:153)
	at org.apache.maven.surefire.junit4.JUnit4Provider.invoke(JUnit4Provider.java:128)
	at org.apache.maven.surefire.booter.ForkedBooter.invokeProviderInSameClassLoader(ForkedBooter.java:203)
	at org.apache.maven.surefire.booter.ForkedBooter.runSuitesInProcess(ForkedBooter.java:155)
	at org.apache.maven.surefire.booter.ForkedBooter.main(ForkedBooter.java:103)

2019-02-27 22:50:18.294  INFO [bootstrap,,,] [paascloud-provider-uac,,,,] 12788 --- [           main] com.alibaba.druid.pool.DruidDataSource   : {dataSource-3} closed
2019-02-27 22:50:18.574  INFO [bootstrap,,,] [paascloud-provider-uac,,,,] 12788 --- [           main] o.s.s.concurrent.ThreadPoolTaskExecutor  : Shutting down ExecutorService
2019-02-27 22:50:18.575 ERROR [bootstrap,,,] [paascloud-provider-uac,,,,] 12788 --- [           main] o.s.test.context.TestContextManager      : Caught exception while allowing TestExecutionListener [org.springframework.test.context.web.ServletTestExecutionListener@4260f222] to prepare test instance [com.paascloud.provider.UacMenuServiceTest@4a83cdb]

java.lang.IllegalStateException: Failed to load ApplicationContext
	at org.springframework.test.context.cache.DefaultCacheAwareContextLoaderDelegate.loadContext(DefaultCacheAwareContextLoaderDelegate.java:124)
	at org.springframework.test.context.support.DefaultTestContext.getApplicationContext(DefaultTestContext.java:83)
	at org.springframework.test.context.web.ServletTestExecutionListener.setUpRequestContextIfNecessary(ServletTestExecutionListener.java:189)
	at org.springframework.test.context.web.ServletTestExecutionListener.prepareTestInstance(ServletTestExecutionListener.java:131)
	at org.springframework.test.context.TestContextManager.prepareTestInstance(TestContextManager.java:230)
	at org.springframework.test.context.junit4.SpringJUnit4ClassRunner.createTest(SpringJUnit4ClassRunner.java:228)
	at org.springframework.test.context.junit4.SpringJUnit4ClassRunner$1.runReflectiveCall(SpringJUnit4ClassRunner.java:287)
	at org.junit.internal.runners.model.ReflectiveCallable.run(ReflectiveCallable.java:12)
	at org.springframework.test.context.junit4.SpringJUnit4ClassRunner.methodBlock(SpringJUnit4ClassRunner.java:289)
	at org.springframework.test.context.junit4.SpringJUnit4ClassRunner.runChild(SpringJUnit4ClassRunner.java:247)
	at org.springframework.test.context.junit4.SpringJUnit4ClassRunner.runChild(SpringJUnit4ClassRunner.java:94)
	at org.junit.runners.ParentRunner$3.run(ParentRunner.java:290)
	at org.junit.runners.ParentRunner$1.schedule(ParentRunner.java:71)
	at org.junit.runners.ParentRunner.runChildren(ParentRunner.java:288)
	at org.junit.runners.ParentRunner.access$000(ParentRunner.java:58)
	at org.junit.runners.ParentRunner$2.evaluate(ParentRunner.java:268)
	at org.springframework.test.context.junit4.statements.RunBeforeTestClassCallbacks.evaluate(RunBeforeTestClassCallbacks.java:61)
	at org.springframework.test.context.junit4.statements.RunAfterTestClassCallbacks.evaluate(RunAfterTestClassCallbacks.java:70)
	at org.junit.runners.ParentRunner.run(ParentRunner.java:363)
	at org.springframework.test.context.junit4.SpringJUnit4ClassRunner.run(SpringJUnit4ClassRunner.java:191)
	at org.apache.maven.surefire.junit4.JUnit4Provider.execute(JUnit4Provider.java:283)
	at org.apache.maven.surefire.junit4.JUnit4Provider.executeWithRerun(JUnit4Provider.java:173)
	at org.apache.maven.surefire.junit4.JUnit4Provider.executeTestSet(JUnit4Provider.java:153)
	at org.apache.maven.surefire.junit4.JUnit4Provider.invoke(JUnit4Provider.java:128)
	at org.apache.maven.surefire.booter.ForkedBooter.invokeProviderInSameClassLoader(ForkedBooter.java:203)
	at org.apache.maven.surefire.booter.ForkedBooter.runSuitesInProcess(ForkedBooter.java:155)
	at org.apache.maven.surefire.booter.ForkedBooter.main(ForkedBooter.java:103)
Caused by: java.lang.IllegalStateException: Failed to execute CommandLineRunner
	at org.springframework.boot.SpringApplication.callRunner(SpringApplication.java:735)
	at org.springframework.boot.SpringApplication.callRunners(SpringApplication.java:716)
	at org.springframework.boot.SpringApplication.afterRefresh(SpringApplication.java:703)
	at org.springframework.boot.SpringApplication.run(SpringApplication.java:304)
	at org.springframework.boot.test.context.SpringBootContextLoader.loadContext(SpringBootContextLoader.java:121)
	at org.springframework.test.context.cache.DefaultCacheAwareContextLoaderDelegate.loadContextInternal(DefaultCacheAwareContextLoaderDelegate.java:98)
	at org.springframework.test.context.cache.DefaultCacheAwareContextLoaderDelegate.loadContext(DefaultCacheAwareContextLoaderDelegate.java:116)
	... 26 common frames omitted
Caused by: com.paascloud.core.registry.exception.RegException: org.apache.zookeeper.KeeperException$OperationTimeoutException: KeeperErrorCode = OperationTimeout
	at com.paascloud.core.registry.exception.RegExceptionHandler.handleException(RegExceptionHandler.java:35)
	at com.paascloud.core.registry.zookeeper.ZookeeperRegistryCenter.init(ZookeeperRegistryCenter.java:105)
	at com.paascloud.core.registry.RegistryCenterFactory.createCoordinatorRegistryCenter(RegistryCenterFactory.java:44)
	at com.paascloud.core.registry.RegistryCenterFactory.startup(RegistryCenterFactory.java:57)
	at com.paascloud.core.config.ZookeeperInitRunner.run(ZookeeperInitRunner.java:50)
	at org.springframework.boot.SpringApplication.callRunner(SpringApplication.java:732)
	... 32 common frames omitted
Caused by: org.apache.zookeeper.KeeperException$OperationTimeoutException: KeeperErrorCode = OperationTimeout
	at com.paascloud.core.registry.zookeeper.ZookeeperRegistryCenter.init(ZookeeperRegistryCenter.java:99)
	... 36 common frames omitted

]]></system-out>
  </testcase>
</testsuite>